<Invoice xsi:schemaLocation="urn:oasis:names:specification:ubl:schema:xsd:Invoice-2 UBL-Invoice-2.1.xsd" xmlns="urn:oasis:names:specification:ubl:schema:xsd:Invoice-2" xmlns:cac="urn:oasis:names:specification:ubl:schema:xsd:CommonAggregateComponents-2" xmlns:cbc="urn:oasis:names:specification:ubl:schema:xsd:CommonBasicComponents-2" xmlns:ds="http://www.w3.org/2000/09/xmldsig#" xmlns:ext="urn:oasis:names:specification:ubl:schema:xsd:CommonExtensionComponents-2" xmlns:ns8="urn:oasis:names:specification:ubl:schema:xsd:ApplicationResponse-2" xmlns:xades="http://uri.etsi.org/01903/v1.3.2#" xmlns:xsi="http://www.w3.org/2001/XMLSchema-instance">
<cbc:UBLVersionID>2.1</cbc:UBLVersionID><cbc:CustomizationID>TR1.2</cbc:CustomizationID><cbc:ProfileID>EARSIVFATURA</cbc:ProfileID><cbc:ID>X012020120125260</cbc:ID><cbc:CopyIndicator>false</cbc:CopyIndicator><cbc:UUID>14735629-0d47-414a-a232-0570e1f16d53</cbc:UUID><cbc:IssueDate>2020-03-12</cbc:IssueDate><cbc:IssueTime>01:21:35</cbc:IssueTime><cbc:InvoiceTypeCode>SATIS</cbc:InvoiceTypeCode><cbc:Note>e-irsaliye yerine ge√ßer</cbc:Note><cbc:DocumentCurrencyCode>TRY</cbc:DocumentCurrencyCode><cbc:LineCountNumeric>2</cbc:LineCountNumeric><cac:AdditionalDocumentReference><cbc:ID>14735629-0d47-414a-a232-0570e1f16d53</cbc:ID><cbc:IssueDate>2020-03-12</cbc:IssueDate><cbc:DocumentType>XSLT</cbc:DocumentType><cac:Attachment><cbc:EmbeddedDocumentBinaryObject characterSetCode="UTF-8" encodingCode="Base64" filename="X012020120125260.xslt" mimeCode="application/xml">PD94bWwgdmVyc2lvbj0iMS4wIiBlbmNvZGluZz0iVVRGLTgiPz4NCjx4c2w6c3R5bGVzaGVldCB2ZXJzaW9uPSIyLjAiIHhtbG5zOnhzbD0iaHR0cDovL3d3dy53My5vcmcvMTk5OS9YU0wvVHJhbnNmb3JtIg0KCXhtbG5zOmNhYz0idXJuOm9hc2lzOm5hbWVzOnNwZWNpZmljYXRpb246dWJsOnNjaGVtYTp4c2Q6Q29tbW9uQWdncmVnYXRlQ29tcG9uZW50cy0yIg0KCXhtbG5zOmNiYz0idXJuOm9hc2lzOm5hbWVzOnNwZWNpZmljYXRpb246dWJsOnNjaGVtYTp4c2Q6Q29tbW9uQmFzaWNDb21wb25lbnRzLTIiDQoJeG1sbnM6Y2N0cz0idXJuOnVuOnVuZWNlOnVuY2VmYWN0OmRvY3VtZW50YXRpb246MiINCgl4bWxuczpjbG01NDIxNz0idXJuOnVuOnVuZWNlOnVuY2VmYWN0OmNvZGVsaXN0OnNwZWNpZmljYXRpb246NTQyMTc6MjAwMSINCgl4bWxuczpjbG01NjM5PSJ1cm46dW46dW5lY2U6dW5jZWZhY3Q6Y29kZWxpc3Q6c3BlY2lmaWNhdGlvbjo1NjM5OjE5ODgiDQoJeG1sbnM6Y2xtNjY0MTE9InVybjp1bjp1bmVjZTp1bmNlZmFjdDpjb2RlbGlzdDpzcGVjaWZpY2F0aW9uOjY2NDExOjIwMDEiDQoJeG1sbnM6Y2xtSUFOQU1JTUVNZWRpYVR5cGU9InVybjp1bjp1bmVjZTp1bmNlZmFjdDpjb2RlbGlzdDpzcGVjaWZpY2F0aW9uOklBTkFNSU1FTWVkaWFUeXBlOjIwMDMiDQoJeG1sbnM6Zm49Imh0dHA6Ly93d3cudzMub3JnLzIwMDUveHBhdGgtZnVuY3Rpb25zIiB4bWxuczpsaW5rPSJodHRwOi8vd3d3Lnhicmwub3JnLzIwMDMvbGlua2Jhc2UiDQoJeG1sbnM6bjE9InVybjpvYXNpczpuYW1lczpzcGVjaWZpY2F0aW9uOnVibDpzY2hlbWE6eHNkOkludm9pY2UtMiINCgl4bWxuczpxZHQ9InVybjpvYXNpczpuYW1lczpzcGVjaWZpY2F0aW9uOnVibDpzY2hlbWE6eHNkOlF1YWxpZmllZERhdGF0eXBlcy0yIg0KCXhtbG5zOnVkdD0idXJuOnVuOnVuZWNlOnVuY2VmYWN0OmRhdGE6c3BlY2lmaWNhdGlvbjpVbnF1YWxpZmllZERhdGFUeXBlc1NjaGVtYU1vZHVsZToyIg0KCXhtbG5zOnhicmxkaT0iaHR0cDovL3hicmwub3JnLzIwMDYveGJybGRpIiB4bWxuczp4YnJsaT0iaHR0cDovL3d3dy54YnJsLm9yZy8yMDAzL2luc3RhbmNlIg0KCXhtbG5zOnhkdD0iaHR0cDovL3d3dy53My5vcmcvMjAwNS94cGF0aC1kYXRhdHlwZXMiIHhtbG5zOnhsaW5rPSJodHRwOi8vd3d3LnczLm9yZy8xOTk5L3hsaW5rIg0KCXhtbG5zOnhzPSJodHRwOi8vd3d3LnczLm9yZy8yMDAxL1hNTFNjaGVtYSIgeG1sbnM6eHNkPSJodHRwOi8vd3d3LnczLm9yZy8yMDAxL1hNTFNjaGVtYSINCgl4bWxuczpsY2w9Imh0dHA6Ly93d3cuZWZhdHVyYS5nb3YudHIvbG9jYWwiDQoJeG1sbnM6eHNpPSJodHRwOi8vd3d3LnczLm9yZy8yMDAxL1hNTFNjaGVtYS1pbnN0YW5jZSINCglleGNsdWRlLXJlc3VsdC1wcmVmaXhlcz0iY2FjIGNiYyBjY3RzIGNsbTU0MjE3IGNsbTU2MzkgY2xtNjY0MTEgY2xtSUFOQU1JTUVNZWRpYVR5cGUgZm4gbGluayBuMSBxZHQgdWR0IHhicmxkaSB4YnJsaSB4ZHQgeGxpbmsgeHMgeHNkIHhzaSBsY2wiPg0KCTx4c2w6Y2hhcmFjdGVyLW1hcCBuYW1lPSJhIj4NCgkJPHhzbDpvdXRwdXQtY2hhcmFjdGVyIGNoYXJhY3Rlcj0iJiMzODsiIHN0cmluZz0iJmFtcDsiIC8+DQoJCTx4c2w6b3V0cHV0LWNoYXJhY3RlciBjaGFyYWN0ZXI9IiYjMzQ7IiBzdHJpbmc9IiZxdW90OyIgLz4NCgkJPHhzbDpvdXRwdXQtY2hhcmFjdGVyIGNoYXJhY3Rlcj0iJiM2MDsiIHN0cmluZz0iJmx0OyIgLz4NCgkJPHhzbDpvdXRwdXQtY2hhcmFjdGVyIGNoYXJhY3Rlcj0iJiM2MjsiIHN0cmluZz0iJmd0OyIvPg0KCQk8eHNsOm91dHB1dC1jaGFyYWN0ZXIgY2hhcmFjdGVyPSImIzM5OyIgc3RyaW5nPSImYXBvczsiLz4NCgkJPHhzbDpvdXRwdXQtY2hhcmFjdGVyIGNoYXJhY3Rlcj0iJiMxMjg7IiBzdHJpbmc9IiIvPg0KCQk8eHNsOm91dHB1dC1jaGFyYWN0ZXIgY2hhcmFjdGVyPSImIzEyOTsiIHN0cmluZz0iIi8+DQoJCTx4c2w6b3V0cHV0LWNoYXJhY3RlciBjaGFyYWN0ZXI9IiYjMTMwOyIgc3RyaW5nPSIiLz4NCgkJPHhzbDpvdXRwdXQtY2hhcmFjdGVyIGNoYXJhY3Rlcj0iJiMxMzE7IiBzdHJpbmc9IiIvPg0KCQk8eHNsOm91dHB1dC1jaGFyYWN0ZXIgY2hhcmFjdGVyPSImIzEzMjsiIHN0cmluZz0iIi8+DQoJCTx4c2w6b3V0cHV0LWNoYXJhY3RlciBjaGFyYWN0ZXI9IiYjMTMzOyIgc3RyaW5nPSIiLz4NCgkJPHhzbDpvdXRwdXQtY2hhcmFjdGVyIGNoYXJhY3Rlcj0iJiMxMzQ7IiBzdHJpbmc9IiIvPg0KCQk8eHNsOm91dHB1dC1jaGFyYWN0ZXIgY2hhcmFjdGVyPSImIzEzNTsiIHN0cmluZz0iIi8+DQoJCTx4c2w6b3V0cHV0LWNoYXJhY3RlciBjaGFyYWN0ZXI9IiYjMTM2OyIgc3RyaW5nPSIiLz4NCgkJPHhzbDpvdXRwdXQtY2hhcmFjdGVyIGNoYXJhY3Rlcj0iJiMxMzc7IiBzdHJpbmc9IiIvPg0KCQk8eHNsOm91dHB1dC1jaGFyYWN0ZXIgY2hhcmFjdGVyPSImIzEzODsiIHN0cmluZz0iIi8+DQoJCTx4c2w6b3V0cHV0LWNoYXJhY3RlciBjaGFyYWN0ZXI9IiYjMTM5OyIgc3RyaW5nPSIiLz4NCgkJPHhzbDpvdXRwdXQtY2hhcmFjdGVyIGNoYXJhY3Rlcj0iJiMxNDA7IiBzdHJpbmc9IiIvPg0KCQk8eHNsOm91dHB1dC1jaGFyYWN0ZXIgY2hhcmFjdGVyPSImIzE0MTsiIHN0cmluZz0iIi8+DQoJCTx4c2w6b3V0cHV0LWNoYXJhY3RlciBjaGFyYWN0ZXI9IiYjMTQyOyIgc3RyaW5nPSIiLz4NCgkJPHhzbDpvdXRwdXQtY2hhcmFjdGVyIGNoYXJhY3Rlcj0iJiMxNDM7IiBzdHJpbmc9IiIvPg0KCQk8eHNsOm91dHB1dC1jaGFyYWN0ZXIgY2hhcmFjdGVyPSImIzE0NDsiIHN0cmluZz0iIi8+DQoJCTx4c2w6b3V0cHV0LWNoYXJhY3RlciBjaGFyYWN0ZXI9IiYjMTQ1OyIgc3RyaW5nPSIiLz4NCgkJPHhzbDpvdXRwdXQtY2hhcmFjdGVyIGNoYXJhY3Rlcj0iJiMxNDY7IiBzdHJpbmc9IiIvPg0KCQk8eHNsOm91dHB1dC1jaGFyYWN0ZXIgY2hhcmFjdGVyPSImIzE0NzsiIHN0cmluZz0iIi8+DQoJCTx4c2w6b3V0cHV0LWNoYXJhY3RlciBjaGFyYWN0ZXI9IiYjMTQ4OyIgc3RyaW5nPSIiLz4NCgkJPHhzbDpvdXRwdXQtY2hhcmFjdGVyIGNoYXJhY3Rlcj0iJiMxNDk7IiBzdHJpbmc9IiIvPg0KCQk8eHNsOm91dHB1dC1jaGFyYWN0ZXIgY2hhcmFjdGVyPSImIzE1MDsiIHN0cmluZz0iIi8+DQoJCTx4c2w6b3V0cHV0LWNoYXJhY3RlciBjaGFyYWN0ZXI9IiYjMTUxOyIgc3RyaW5nPSIiLz4NCgkJPHhzbDpvdXRwdXQtY2hhcmFjdGVyIGNoYXJhY3Rlcj0iJiMxNTI7IiBzdHJpbmc9IiIvPg0KCQk8eHNsOm91dHB1dC1jaGFyYWN0ZXIgY2hhcmFjdGVyPSImIzE1MzsiIHN0cmluZz0iIi8+DQoJCTx4c2w6b3V0cHV0LWNoYXJhY3RlciBjaGFyYWN0ZXI9IiYjMTU0OyIgc3RyaW5nPSIiLz4NCgkJPHhzbDpvdXRwdXQtY2hhcmFjdGVyIGNoYXJhY3Rlcj0iJiMxNTU7IiBzdHJpbmc9IiIvPg0KCQk8eHNsOm91dHB1dC1jaGFyYWN0ZXIgY2hhcmFjdGVyPSImIzE1NjsiIHN0cmluZz0iIi8+DQoJCTx4c2w6b3V0cHV0LWNoYXJhY3RlciBjaGFyYWN0ZXI9IiYjMTU3OyIgc3RyaW5nPSIiLz4NCgkJPHhzbDpvdXRwdXQtY2hhcmFjdGVyIGNoYXJhY3Rlcj0iJiMxNTg7IiBzdHJpbmc9IiIvPg0KCQk8eHNsOm91dHB1dC1jaGFyYWN0ZXIgY2hhcmFjdGVyPSImIzE1OTsiIHN0cmluZz0iIi8+DQoJPC94c2w6Y2hhcmFjdGVyLW1hcD4NCgk8eHNsOmRlY2ltYWwtZm9ybWF0IG5hbWU9ImV1cm9wZWFuIiBkZWNpbWFsLXNlcGFyYXRvcj0iLCIgZ3JvdXBpbmctc2VwYXJhdG9yPSIuIiBOYU49IiIgLz4NCgk8eHNsOm91dHB1dCB2ZXJzaW9uPSI0LjAiIG1ldGhvZD0iaHRtbCIgaW5kZW50PSJ5ZXMiIGVuY29kaW5nPSJVVEYtOCIgZG9jdHlwZS1wdWJsaWM9Ii0vL1czQy8vRFREIEhUTUwgNC4wMSBUcmFuc2l0aW9uYWwvL0VOIiBkb2N0eXBlLXN5c3RlbT0iaHR0cDovL3d3dy53My5vcmcvVFIvaHRtbDQvbG9vc2UuZHRkIiB1c2UtY2hhcmFjdGVyLW1hcHM9ImEiLz4NCgk8eHNsOnBhcmFtIG5hbWU9IlNWX091dHB1dEZvcm1hdCIgc2VsZWN0PSInSFRNTCciIC8+DQoJPHhzbDp2YXJpYWJsZSBuYW1lPSJYTUwiIHNlbGVjdD0iLyIgLz4NCgk8eHNsOnZhcmlhYmxlIG5hbWU9Imlza29udG9Db3VudCIgc2VsZWN0ID0gImNvdW50KG4xOkludm9pY2UvY2FjOkludm9pY2VMaW5lL2NhYzpBbGxvd2FuY2VDaGFyZ2UpIiAvPg0KCTx4c2w6dmFyaWFibGUgbmFtZT0iaXJzYWxpeWVDb3VudCIgc2VsZWN0ID0gImNvdW50KG4xOkludm9pY2UvY2FjOkRlc3BhdGNoRG9jdW1lbnRSZWZlcmVuY2UpIiAvPg0KCTx4c2w6dmFyaWFibGUgbmFtZT0iaWFkZUNvdW50IiBzZWxlY3QgPSAiY291bnQobjE6SW52b2ljZS9jYWM6QmlsbGluZ1JlZmVyZW5jZSkiIC8+DQoJPHhzbDp2YXJpYWJsZSBuYW1lPSJlYXJjaGl2ZUNoZWNrQ291bnQiIHNlbGVjdCA9ICJjb3VudChuMTpJbnZvaWNlL2NhYzpBZGRpdGlvbmFsRG9jdW1lbnRSZWZlcmVuY2VbY2JjOkRvY3VtZW50VHlwZUNvZGUgPSAnU2VuZGluZ1R5cGUnXSkiIC8+DQoJPHhzbDp0ZW1wbGF0ZSBtYXRjaD0iLyI+DQoJCTxodG1sPg0KCQkJPGhlYWQ+DQoJCQkJPHRpdGxlIC8+DQoJCQkJPHN0eWxlIHR5cGU9InRleHQvY3NzIj4NCgkJCQkJYm9keSB7DQoJCQkJCSAgICBiYWNrZ3JvdW5kLWNvbG9yOiAjRkZGRkZGOw0KCQkJCQkgICAgZm9udC1mYW1pbHk6ICdUYWhvbWEnLCAiVGltZXMgTmV3IFJvbWFuIiwgVGltZXMsIHNlcmlmOw0KCQkJCQkgICAgZm9udC1zaXplOiAxMXB4Ow0KCQkJCQkgICAgY29sb3I6ICM2NjY2NjY7DQoJCQkJCX0NCgkJCQkJaDEsIGgyIHsNCgkJCQkJICAgIHBhZGRpbmctYm90dG9tOiAzcHg7DQoJCQkJCSAgICBwYWRkaW5nLXRvcDogM3B4Ow0KCQkJCQkgICAgbWFyZ2luLWJvdHRvbTogNXB4Ow0KCQkJCQkgICAgdGV4dC10cmFuc2Zvcm06IHVwcGVyY2FzZTsNCgkJCQkJICAgIGZvbnQtZmFtaWx5OiBBcmlhbCwgSGVsdmV0aWNhLCBzYW5zLXNlcmlmOw0KCQkJCQl9DQoJCQkJCWgxIHsNCgkJCQkJICAgIGZvbnQtc2l6ZTogMS40ZW07DQoJCQkJCSAgICB0ZXh0LXRyYW5zZm9ybTpub25lOw0KCQkJCQl9DQoJCQkJCWgyIHsNCgkJCQkJICAgIGZvbnQtc2l6ZTogMWVtOw0KCQkJCQkgICAgY29sb3I6IGJyb3duOw0KCQkJCQl9DQoJCQkJCWgzIHsNCgkJCQkJICAgIGZvbnQtc2l6ZTogMWVtOw0KCQkJCQkgICAgY29sb3I6ICMzMzMzMzM7DQoJCQkJCSAgICB0ZXh0LWFsaWduOiBqdXN0aWZ5Ow0KCQkJCQkgICAgbWFyZ2luOiAwOw0KCQkJCQkgICAgcGFkZGluZzogMDsNCgkJCQkJfQ0KCQkJCQloNCB7DQoJCQkJCSAgICBmb250LXNpemU6IDEuMWVtOw0KCQkJCQkgICAgZm9udC1zdHlsZTogYm9sZDsNCgkJCQkJICAgIGZvbnQtZmFtaWx5OiBBcmlhbCwgSGVsdmV0aWNhLCBzYW5zLXNlcmlmOw0KCQkJCQkgICAgY29sb3I6ICMwMDAwMDA7DQoJCQkJCSAgICBtYXJnaW46IDA7DQoJCQkJCSAgICBwYWRkaW5nOiAwOw0KCQkJCQl9DQoJCQkJCWhyIHsNCgkJCQkJICAgIGhlaWdodDoycHg7DQoJCQkJCSAgICBjb2xvcjogIzAwMDAwMDsNCgkJCQkJICAgIGJhY2tncm91bmQtY29sb3I6ICMwMDAwMDA7DQoJCQkJCSAgICBib3JkZXItYm90dG9tOiAxcHggc29saWQgIzAwMDAwMDsNCgkJCQkJfQ0KCQkJCQlwLCB1bCwgb2wgew0KCQkJCQkgICAgbWFyZ2luLXRvcDogMS41ZW07DQoJCQkJCX0NCgkJCQkJdWwsIG9sIHsNCgkJCQkJICAgIG1hcmdpbi1sZWZ0OiAzZW07DQoJCQkJCX0NCgkJCQkJYmxvY2txdW90ZSB7DQoJCQkJCSAgICBtYXJnaW4tbGVmdDogM2VtOw0KCQkJCQkgICAgbWFyZ2luLXJpZ2h0OiAzZW07DQoJCQkJCSAgICBmb250LXN0eWxlOiBpdGFsaWM7DQoJCQkJCX0NCgkJCQkJYSB7DQoJCQkJCSAgICB0ZXh0LWRlY29yYXRpb246IG5vbmU7DQoJCQkJCSAgICBjb2xvcjogIzcwQTMwMDsNCgkJCQkJfQ0KCQkJCQlhOmhvdmVyIHsNCgkJCQkJICAgIGJvcmRlcjogbm9uZTsNCgkJCQkJICAgIGNvbG9yOiAjNzBBMzAwOw0KCQkJCQl9DQoJCQkJCSNkZXNwYXRjaFRhYmxlIHsNCgkJCQkJICAgIGJvcmRlci1jb2xsYXBzZTpjb2xsYXBzZTsNCgkJCQkJICAgIGZvbnQtc2l6ZToxMXB4Ow0KCQkJCQkgICAgZmxvYXQ6cmlnaHQ7DQoJCQkJCSAgICBib3JkZXItY29sb3I6Z3JheTsNCgkJCQkJfQ0KCQkJCQkjZXR0blRhYmxlIHsNCgkJCQkJICAgIGJvcmRlci1jb2xsYXBzZTpjb2xsYXBzZTsNCgkJCQkJICAgIGZvbnQtc2l6ZToxMXB4Ow0KCQkJCQkgICAgYm9yZGVyLWNvbG9yOmdyYXk7DQoJCQkJCX0NCgkJCQkJI2N1c3RvbWVyUGFydHlUYWJsZSB7DQoJCQkJCSAgICBib3JkZXItd2lkdGg6IDBweDsNCgkJCQkJICAgIGJvcmRlci1zcGFjaW5nOjsNCgkJCQkJICAgIGJvcmRlci1zdHlsZTogaW5zZXQ7DQoJCQkJCSAgICBib3JkZXItY29sb3I6IGdyYXk7DQoJCQkJCSAgICBib3JkZXItY29sbGFwc2U6IGNvbGxhcHNlOw0KCQkJCQkgICAgYmFja2dyb3VuZC1jb2xvcjoNCgkJCQkJfQ0KCQkJCQkjY3VzdG9tZXJJRFRhYmxlIHsNCgkJCQkJICAgIGJvcmRlci13aWR0aDogMnB4Ow0KCQkJCQkgICAgYm9yZGVyLXNwYWNpbmc6Ow0KCQkJCQkgICAgYm9yZGVyLXN0eWxlOiBpbnNldDsNCgkJCQkJICAgIGJvcmRlci1jb2xvcjogZ3JheTsNCgkJCQkJICAgIGJvcmRlci1jb2xsYXBzZTogY29sbGFwc2U7DQoJCQkJCSAgICBiYWNrZ3JvdW5kLWNvbG9yOg0KCQkJCQl9DQoJCQkJCSNjdXN0b21lcklEVGFibGVUZCB7DQoJCQkJCSAgICBib3JkZXItd2lkdGg6IDJweDsNCgkJCQkJICAgIGJvcmRlci1zcGFjaW5nOjsNCgkJCQkJICAgIGJvcmRlci1zdHlsZTogaW5zZXQ7DQoJCQkJCSAgICBib3JkZXItY29sb3I6IGdyYXk7DQoJCQkJCSAgICBib3JkZXItY29sbGFwc2U6IGNvbGxhcHNlOw0KCQkJCQkgICAgYmFja2dyb3VuZC1jb2xvcjoNCgkJCQkJfQ0KCQkJCQkjbGluZVRhYmxlIHsNCgkJCQkJICAgIGJvcmRlci13aWR0aDoycHg7DQoJCQkJCSAgICBib3JkZXItc3BhY2luZzo7DQoJCQkJCSAgICBib3JkZXItc3R5bGU6IGluc2V0Ow0KCQkJCQkgICAgYm9yZGVyLWNvbG9yOiBibGFjazsNCgkJCQkJICAgIGJvcmRlci1jb2xsYXBzZTogY29sbGFwc2U7DQoJCQkJCSAgICBiYWNrZ3JvdW5kLWNvbG9yOjsNCgkJCQkJfQ0KCQkJCQkjbGluZVRhYmxlVGQgew0KCQkJCQkgICAgYm9yZGVyLXdpZHRoOiAxcHg7DQoJCQkJCSAgICBwYWRkaW5nOiAxcHg7DQoJCQkJCSAgICBib3JkZXItc3R5bGU6IGluc2V0Ow0KCQkJCQkgICAgYm9yZGVyLWNvbG9yOiBibGFjazsNCgkJCQkJICAgIGJhY2tncm91bmQtY29sb3I6IHdoaXRlOw0KCQkJCQl9DQoJCQkJCSNsaW5lVGFibGVUciB7DQoJCQkJCSAgICBib3JkZXItd2lkdGg6IDFweDsNCgkJCQkJICAgIHBhZGRpbmc6IDBweDsNCgkJCQkJICAgIGJvcmRlci1zdHlsZTogaW5zZXQ7DQoJCQkJCSAgICBib3JkZXItY29sb3I6IGJsYWNrOw0KCQkJCQkgICAgYmFja2dyb3VuZC1jb2xvcjogd2hpdGU7DQoJCQkJCSAgICAtbW96LWJvcmRlci1yYWRpdXM6Ow0KCQkJCQl9DQoJCQkJCSNsaW5lVGFibGVEdW1teVRkIHsNCgkJCQkJICAgIGJvcmRlci13aWR0aDogMXB4Ow0KCQkJCQkgICAgYm9yZGVyLWNvbG9yOndoaXRlOw0KCQkJCQkgICAgcGFkZGluZzogMXB4Ow0KCQkJCQkgICAgYm9yZGVyLXN0eWxlOiBpbnNldDsNCgkJCQkJICAgIGJvcmRlci1jb2xvcjogYmxhY2s7DQoJCQkJCSAgICBiYWNrZ3JvdW5kLWNvbG9yOiB3aGl0ZTsNCgkJCQkJfQ0KCQkJCQkjbGluZVRhYmxlQnVkZ2V0VGQgew0KCQkJCQkgICAgYm9yZGVyLXdpZHRoOiAycHg7DQoJCQkJCSAgICBib3JkZXItc3BhY2luZzowcHg7DQoJCQkJCSAgICBwYWRkaW5nOiAxcHg7DQoJCQkJCSAgICBib3JkZXItc3R5bGU6IGluc2V0Ow0KCQkJCQkgICAgYm9yZGVyLWNvbG9yOiBibGFjazsNCgkJCQkJICAgIGJhY2tncm91bmQtY29sb3I6IHdoaXRlOw0KCQkJCQkgICAgLW1vei1ib3JkZXItcmFkaXVzOjsNCgkJCQkJfQ0KCQkJCQkjbm90ZXNUYWJsZSB7DQoJCQkJCSAgICBib3JkZXItd2lkdGg6IDJweDsNCgkJCQkJICAgIGJvcmRlci1zcGFjaW5nOjsNCgkJCQkJICAgIGJvcmRlci1zdHlsZTogaW5zZXQ7DQoJCQkJCSAgICBib3JkZXItY29sb3I6IGJsYWNrOw0KCQkJCQkgICAgYm9yZGVyLWNvbGxhcHNlOiBjb2xsYXBzZTsNCgkJCQkJICAgIGJhY2tncm91bmQtY29sb3I6DQoJCQkJCX0NCgkJCQkJI25vdGVzVGFibGVUZCB7DQoJCQkJCSAgICBib3JkZXItd2lkdGg6IDBweDsNCgkJCQkJICAgIGJvcmRlci1zcGFjaW5nOjsNCgkJCQkJICAgIGJvcmRlci1zdHlsZTogaW5zZXQ7DQoJCQkJCSAgICBib3JkZXItY29sb3I6IGJsYWNrOw0KCQkJCQkgICAgYm9yZGVyLWNvbGxhcHNlOiBjb2xsYXBzZTsNCgkJCQkJICAgIGJhY2tncm91bmQtY29sb3I6DQoJCQkJCX0NCgkJCQkJdGFibGUgew0KCQkJCQkgICAgYm9yZGVyLXNwYWNpbmc6MHB4Ow0KCQkJCQl9DQoJCQkJCSNidWRnZXRDb250YWluZXJUYWJsZSB7DQoJCQkJCSAgICBib3JkZXItd2lkdGg6IDBweDsNCgkJCQkJICAgIGJvcmRlci1zcGFjaW5nOiAwcHg7DQoJCQkJCSAgICBib3JkZXItc3R5bGU6IGluc2V0Ow0KCQkJCQkgICAgYm9yZGVyLWNvbG9yOiBibGFjazsNCgkJCQkJICAgIGJvcmRlci1jb2xsYXBzZTogY29sbGFwc2U7DQoJCQkJCSAgICBiYWNrZ3JvdW5kLWNvbG9yOjsNCgkJCQkJfQ0KCQkJCQl0ZCB7DQoJCQkJCSAgICBib3JkZXItY29sb3I6Z3JheTsNCgkJCQkJfTwvc3R5bGU+DQoJCQkJPHRpdGxlPkUtQXLFn2l2IEZhdHVyYTwvdGl0bGU+DQoJCQk8L2hlYWQ+DQoJCQk8Ym9keSBzdHlsZT0ibWFyZ2luLWxlZnQ9MC42aW47IG1hcmdpbi1yaWdodD0wLjZpbjsgbWFyZ2luLXRvcD0wLjc5aW47IG1hcmdpbi1ib3R0b209MC43OWluIj4NCgkJCQk8eHNsOmZvci1lYWNoIHNlbGVjdD0iJFhNTCI+DQoJCQkJCTx0YWJsZSBib3JkZXI9IjAiIGNlbGxzcGFjaW5nPSIwcHgiIHdpZHRoPSI4MDAiIGNlbGxwYWRkaW5nPSIwcHgiPg0KCQkJCQkJPHRyIHdpZHRoPSI5MDAiIGhlaWdodD0iMTgwIiBib3JkZXI9IjAiPg0KCQkJCQkJCTx0ZCA+DQoNCg0KDQoJCQkJCQkJCTx0YWJsZSBhbGlnbj0iY2VudGVyIiBib3JkZXI9IjAiIHdpZHRoPSIxMDAlIj4NCgkJCQkJCQkJCTx0Ym9keT4NCgkJCQkJCQkJCQk8aHIgLz4NCgkJCQkJCQkJCQk8dHIgYWxpZ249ImxlZnQiPg0KCQkJCQkJCQkJCQk8eHNsOmZvci1lYWNoIHNlbGVjdD0ibjE6SW52b2ljZSI+DQoJCQkJCQkJCQkJCQk8eHNsOmZvci1lYWNoIHNlbGVjdD0iY2FjOkFjY291bnRpbmdTdXBwbGllclBhcnR5Ij4NCgkJCQkJCQkJCQkJCQk8eHNsOmZvci1lYWNoIHNlbGVjdD0iY2FjOlBhcnR5Ij4NCgkJCQkJCQkJCQkJCQkJPHRkIGFsaWduPSJsZWZ0Ij4NCgkJCQkJCQkJCQkJCQkJCTx4c2w6aWYgdGVzdD0iY2FjOlBhcnR5TmFtZSI+DQoJCQkJCQkJCQkJCQkJCQkJPHhzbDp2YWx1ZS1vZiBzZWxlY3Q9ImNhYzpQYXJ0eU5hbWUvY2JjOk5hbWUiIC8+DQoJCQkJCQkJCQkJCQkJCQkJPGJyIC8+DQoJCQkJCQkJCQkJCQkJCQk8L3hzbDppZj4NCgkJCQkJCQkJCQkJCQkJCTx4c2w6Zm9yLWVhY2ggc2VsZWN0PSJjYWM6UGVyc29uIj4NCgkJCQkJCQkJCQkJCQkJCQk8eHNsOmZvci1lYWNoIHNlbGVjdD0iY2JjOlRpdGxlIj4NCgkJCQkJCQkJCQkJCQkJCQkJPHhzbDphcHBseS10ZW1wbGF0ZXMgLz4NCgkJCQkJCQkJCQkJCQkJCQkJPHNwYW4+DQoJCQkJCQkJCQkJCQkJCQkJCQk8eHNsOnRleHQ+JiMxNjA7PC94c2w6dGV4dD4NCgkJCQkJCQkJCQkJCQkJCQkJPC9zcGFuPg0KCQkJCQkJCQkJCQkJCQkJCTwveHNsOmZvci1lYWNoPg0KCQkJCQkJCQkJCQkJCQkJCTx4c2w6Zm9yLWVhY2ggc2VsZWN0PSJjYmM6Rmlyc3ROYW1lIj4NCgkJCQkJCQkJCQkJCQkJCQkJPHhzbDphcHBseS10ZW1wbGF0ZXMgLz4NCgkJCQkJCQkJCQkJCQkJCQkJPHNwYW4+DQoJCQkJCQkJCQkJCQkJCQkJCQk8eHNsOnRleHQ+JiMxNjA7PC94c2w6dGV4dD4NCgkJCQkJCQkJCQkJCQkJCQkJPC9zcGFuPg0KCQkJCQkJCQkJCQkJCQkJCTwveHNsOmZvci1lYWNoPg0KCQkJCQkJCQkJCQkJCQkJCTx4c2w6Zm9yLWVhY2ggc2VsZWN0PSJjYmM6TWlkZGxlTmFtZSI+DQoJCQkJCQkJCQkJCQkJCQkJCTx4c2w6YXBwbHktdGVtcGxhdGVzIC8+DQoJCQkJCQkJCQkJCQkJCQkJCTxzcGFuPg0KCQkJCQkJCQkJCQkJCQkJCQkJPHhzbDp0ZXh0PiYjMTYwOzwveHNsOnRleHQ+DQoJCQkJCQkJCQkJCQkJCQkJCTwvc3Bhbj4NCgkJCQkJCQkJCQkJCQkJCQk8L3hzbDpmb3ItZWFjaD4NCgkJCQkJCQkJCQkJCQkJCQk8eHNsOmZvci1lYWNoIHNlbGVjdD0iY2JjOkZhbWlseU5hbWUiPg0KCQkJCQkJCQkJCQkJCQkJCQk8eHNsOmFwcGx5LXRlbXBsYXRlcyAvPg0KCQkJCQkJCQkJCQkJCQkJCQk8c3Bhbj4NCgkJCQkJCQkJCQkJCQkJCQkJCTx4c2w6dGV4dD4mIzE2MDs8L3hzbDp0ZXh0Pg0KCQkJCQkJCQkJCQkJCQkJCQk8L3NwYW4+DQoJCQkJCQkJCQkJCQkJCQkJPC94c2w6Zm9yLWVhY2g+DQoJCQkJCQkJCQkJCQkJCQkJPHhzbDpmb3ItZWFjaCBzZWxlY3Q9ImNiYzpOYW1lU3VmZml4Ij4NCgkJCQkJCQkJCQkJCQkJCQkJPHhzbDphcHBseS10ZW1wbGF0ZXMgLz4NCgkJCQkJCQkJCQkJCQkJCQk8L3hzbDpmb3ItZWFjaD4NCgkJCQkJCQkJCQkJCQkJCTwveHNsOmZvci1lYWNoPg0KCQkJCQkJCQkJCQkJCQk8L3RkPg0KCQkJCQkJCQkJCQkJCTwveHNsOmZvci1lYWNoPg0KCQkJCQkJCQkJCQkJPC94c2w6Zm9yLWVhY2g+DQoJCQkJCQkJCQkJCTwveHNsOmZvci1lYWNoPg0KCQkJCQkJCQkJCTwvdHI+DQoJCQkJCQkJCQkJPHRyIGFsaWduPSJsZWZ0Ij4NCgkJCQkJCQkJCQkJPHhzbDpmb3ItZWFjaCBzZWxlY3Q9Im4xOkludm9pY2UiPg0KCQkJCQkJCQkJCQkJPHhzbDpmb3ItZWFjaCBzZWxlY3Q9ImNhYzpBY2NvdW50aW5nU3VwcGxpZXJQYXJ0eSI+DQoJCQkJCQkJCQkJCQkJPHhzbDpmb3ItZWFjaCBzZWxlY3Q9ImNhYzpQYXJ0eSI+DQoJCQkJCQkJCQkJCQkJCTx0ZCBhbGlnbj0ibGVmdCI+DQoJCQkJCQkJCQkJCQkJCQk8eHNsOmZvci1lYWNoIHNlbGVjdD0iY2FjOlBvc3RhbEFkZHJlc3MiPg0KCQkJCQkJCQkJCQkJCQkJCTx4c2w6Zm9yLWVhY2ggc2VsZWN0PSJjYmM6U3RyZWV0TmFtZSI+DQoJCQkJCQkJCQkJCQkJCQkJCTx4c2w6aWYgdGVzdD0iLy9uMTpJbnZvaWNlL2NhYzpBY2NvdW50aW5nU3VwcGxpZXJQYXJ0eS9jYWM6UGFydHkvY2FjOlBvc3RhbEFkZHJlc3MvY2JjOlN0cmVldE5hbWUhPScnIj4NCgkJCQkJCQkJCQkJCQkJCQkJCTx4c2w6YXBwbHktdGVtcGxhdGVzIC8+DQoJCQkJCQkJCQkJCQkJCQkJCQk8c3Bhbj4NCgkJCQkJCQkJCQkJCQkJCQkJCQk8eHNsOnRleHQ+JiMxNjA7PC94c2w6dGV4dD4NCgkJCQkJCQkJCQkJCQkJCQkJCTwvc3Bhbj4NCgkJCQkJCQkJCQkJCQkJCQkJPC94c2w6aWY+DQoJCQkJCQkJCQkJCQkJCQkJPC94c2w6Zm9yLWVhY2g+DQoJCQkJCQkJCQkJCQkJCQkJPHhzbDpmb3ItZWFjaCBzZWxlY3Q9ImNiYzpCdWlsZGluZ05hbWUiPg0KCQkJCQkJCQkJCQkJCQkJCQk8eHNsOmFwcGx5LXRlbXBsYXRlcyAvPg0KCQkJCQkJCQkJCQkJCQkJCTwveHNsOmZvci1lYWNoPg0KCQkJCQkJCQkJCQkJCQkJCTx4c2w6aWYgdGVzdD0iLy9uMTpJbnZvaWNlL2NhYzpBY2NvdW50aW5nU3VwcGxpZXJQYXJ0eS9jYWM6UGFydHkvY2FjOlBvc3RhbEFkZHJlc3MvY2JjOkJ1aWxkaW5nTnVtYmVyIT0nJyI+DQoJCQkJCQkJCQkJCQkJCQkJCTxzcGFuPg0KCQkJCQkJCQkJCQkJCQkJCQkJPHhzbDp0ZXh0Pk5vOjwveHNsOnRleHQ+DQoJCQkJCQkJCQkJCQkJCQkJCTwvc3Bhbj4NCgkJCQkJCQkJCQkJCQkJCQkJPHhzbDpmb3ItZWFjaCBzZWxlY3Q9ImNiYzpCdWlsZGluZ051bWJlciI+DQoJCQkJCQkJCQkJCQkJCQkJCQk8eHNsOmFwcGx5LXRlbXBsYXRlcyAvPg0KCQkJCQkJCQkJCQkJCQkJCQk8L3hzbDpmb3ItZWFjaD4NCgkJCQkJCQkJCQkJCQkJCQkJPHNwYW4+DQoJCQkJCQkJCQkJCQkJCQkJCQk8eHNsOnRleHQ+JiMxNjA7PC94c2w6dGV4dD4NCgkJCQkJCQkJCQkJCQkJCQkJPC9zcGFuPg0KCQkJCQkJCQkJCQkJCQkJCTwveHNsOmlmPg0KCQkJCQkJCQkJCQkJCQkJCTxiciAvPg0KCQkJCQkJCQkJCQkJCQkJCTx4c2w6Zm9yLWVhY2ggc2VsZWN0PSJjYmM6UG9zdGFsWm9uZSI+DQoJCQkJCQkJCQkJCQkJCQkJCTx4c2w6YXBwbHktdGVtcGxhdGVzIC8+DQoJCQkJCQkJCQkJCQkJCQkJCTxzcGFuPg0KCQkJCQkJCQkJCQkJCQkJCQkJPHhzbDp0ZXh0PiYjMTYwOzwveHNsOnRleHQ+DQoJCQkJCQkJCQkJCQkJCQkJCTwvc3Bhbj4NCgkJCQkJCQkJCQkJCQkJCQk8L3hzbDpmb3ItZWFjaD4NCgkJCQkJCQkJCQkJCQkJCQk8eHNsOmZvci1lYWNoIHNlbGVjdD0iY2JjOkNpdHlTdWJkaXZpc2lvbk5hbWUiPg0KCQkJCQkJCQkJCQkJCQkJCQk8eHNsOmlmIHRlc3Q9Ii8vbjE6SW52b2ljZS9jYWM6QWNjb3VudGluZ1N1cHBsaWVyUGFydHkvY2FjOlBhcnR5L2NhYzpQb3N0YWxBZGRyZXNzL2NiYzpDaXR5U3ViZGl2aXNpb25OYW1lIT0nJyI+DQoJCQkJCQkJCQkJCQkJCQkJCQk8eHNsOmFwcGx5LXRlbXBsYXRlcyAvPg0KCQkJCQkJCQkJCQkJCQkJCQk8L3hzbDppZj4NCgkJCQkJCQkJCQkJCQkJCQk8L3hzbDpmb3ItZWFjaD4NCgkJCQkJCQkJCQkJCQkJCQk8c3Bhbj4NCgkJCQkJCQkJCQkJCQkJCQkJPHhzbDp0ZXh0Pi8gPC94c2w6dGV4dD4NCgkJCQkJCQkJCQkJCQkJCQk8L3NwYW4+DQoJCQkJCQkJCQkJCQkJCQkJPHhzbDpmb3ItZWFjaCBzZWxlY3Q9ImNiYzpDaXR5TmFtZSI+DQoJCQkJCQkJCQkJCQkJCQkJCTx4c2w6aWYgdGVzdD0iLy9uMTpJbnZvaWNlL2NhYzpBY2NvdW50aW5nU3VwcGxpZXJQYXJ0eS9jYWM6UGFydHkvY2FjOlBvc3RhbEFkZHJlc3MvY2JjOkNpdHlOYW1lIT0nJyI+DQoJCQkJCQkJCQkJCQkJCQkJCQk8eHNsOmFwcGx5LXRlbXBsYXRlcyAvPg0KCQkJCQkJCQkJCQkJCQkJCQkJPHNwYW4+DQoJCQkJCQkJCQkJCQkJCQkJCQkJPHhzbDp0ZXh0PiYjMTYwOzwveHNsOnRleHQ+DQoJCQkJCQkJCQkJCQkJCQkJCQk8L3NwYW4+DQoJCQkJCQkJCQkJCQkJCQkJCTwveHNsOmlmPg0KCQkJCQkJCQkJCQkJCQkJCTwveHNsOmZvci1lYWNoPg0KCQkJCQkJCQkJCQkJCQkJPC94c2w6Zm9yLWVhY2g+DQoJCQkJCQkJCQkJCQkJCTwvdGQ+DQoJCQkJCQkJCQkJCQkJPC94c2w6Zm9yLWVhY2g+DQoJCQkJCQkJCQkJCQk8L3hzbDpmb3ItZWFjaD4NCgkJCQkJCQkJCQkJPC94c2w6Zm9yLWVhY2g+DQoJCQkJCQkJCQkJPC90cj4NCgkJCQkJCQkJCQk8eHNsOmlmIHRlc3Q9Ii8vbjE6SW52b2ljZS9jYWM6QWNjb3VudGluZ1N1cHBsaWVyUGFydHkvY2FjOlBhcnR5L2NhYzpDb250YWN0L2NiYzpUZWxlcGhvbmUgb3IgLy9uMTpJbnZvaWNlL2NhYzpBY2NvdW50aW5nU3VwcGxpZXJQYXJ0eS9jYWM6UGFydHkvY2FjOkNvbnRhY3QvY2JjOlRlbGVmYXgiPg0KCQkJCQkJCQkJCQk8dHIgYWxpZ249ImxlZnQiPg0KCQkJCQkJCQkJCQkJPHhzbDpmb3ItZWFjaCBzZWxlY3Q9Im4xOkludm9pY2UiPg0KCQkJCQkJCQkJCQkJCTx4c2w6Zm9yLWVhY2ggc2VsZWN0PSJjYWM6QWNjb3VudGluZ1N1cHBsaWVyUGFydHkiPg0KCQkJCQkJCQkJCQkJCQk8eHNsOmZvci1lYWNoIHNlbGVjdD0iY2FjOlBhcnR5Ij4NCgkJCQkJCQkJCQkJCQkJCTx0ZCBhbGlnbj0ibGVmdCI+DQoJCQkJCQkJCQkJCQkJCQkJPHhzbDpmb3ItZWFjaCBzZWxlY3Q9ImNhYzpDb250YWN0Ij4NCgkJCQkJCQkJCQkJCQkJCQkJPHhzbDppZiB0ZXN0PSIvL24xOkludm9pY2UvY2FjOkFjY291bnRpbmdTdXBwbGllclBhcnR5L2NhYzpQYXJ0eS9jYWM6Q29udGFjdC9jYmM6VGVsZXBob25lIT0nJyI+DQoJCQkJCQkJCQkJCQkJCQkJCQk8c3Bhbj4NCgkJCQkJCQkJCQkJCQkJCQkJCQk8eHNsOnRleHQ+VGVsOiA8L3hzbDp0ZXh0Pg0KCQkJCQkJCQkJCQkJCQkJCQkJPC9zcGFuPg0KCQkJCQkJCQkJCQkJCQkJCQkJPHhzbDpmb3ItZWFjaCBzZWxlY3Q9ImNiYzpUZWxlcGhvbmUiPg0KCQkJCQkJCQkJCQkJCQkJCQkJCTx4c2w6YXBwbHktdGVtcGxhdGVzIC8+DQoJCQkJCQkJCQkJCQkJCQkJCQk8L3hzbDpmb3ItZWFjaD4NCgkJCQkJCQkJCQkJCQkJCQkJPC94c2w6aWY+DQoJCQkJCQkJCQkJCQkJCQkJCTx4c2w6aWYgdGVzdD0iLy9uMTpJbnZvaWNlL2NhYzpBY2NvdW50aW5nU3VwcGxpZXJQYXJ0eS9jYWM6UGFydHkvY2FjOkNvbnRhY3QvY2JjOlRlbGVmYXghPScnIj4NCgkJCQkJCQkJCQkJCQkJCQkJCTxzcGFuPg0KCQkJCQkJCQkJCQkJCQkJCQkJCTx4c2w6dGV4dD4gRmF4OiA8L3hzbDp0ZXh0Pg0KCQkJCQkJCQkJCQkJCQkJCQkJPC9zcGFuPg0KCQkJCQkJCQkJCQkJCQkJCQkJPHhzbDpmb3ItZWFjaCBzZWxlY3Q9ImNiYzpUZWxlZmF4Ij4NCgkJCQkJCQkJCQkJCQkJCQkJCQk8eHNsOmFwcGx5LXRlbXBsYXRlcyAvPg0KCQkJCQkJCQkJCQkJCQkJCQkJPC94c2w6Zm9yLWVhY2g+DQoJCQkJCQkJCQkJCQkJCQkJCTwveHNsOmlmPg0KCQkJCQkJCQkJCQkJCQkJCQk8c3Bhbj4NCgkJCQkJCQkJCQkJCQkJCQkJCTx4c2w6dGV4dD4mIzE2MDs8L3hzbDp0ZXh0Pg0KCQkJCQkJCQkJCQkJCQkJCQk8L3NwYW4+DQoJCQkJCQkJCQkJCQkJCQkJPC94c2w6Zm9yLWVhY2g+DQoJCQkJCQkJCQkJCQkJCQk8L3RkPg0KCQkJCQkJCQkJCQkJCQk8L3hzbDpmb3ItZWFjaD4NCgkJCQkJCQkJCQkJCQk8L3hzbDpmb3ItZWFjaD4NCgkJCQkJCQkJCQkJCTwveHNsOmZvci1lYWNoPg0KCQkJCQkJCQkJCQk8L3RyPg0KCQkJCQkJCQkJCTwveHNsOmlmPg0KCQkJCQkJCQkJCTx4c2w6Zm9yLWVhY2ggc2VsZWN0PSIvL24xOkludm9pY2UvY2FjOkFjY291bnRpbmdTdXBwbGllclBhcnR5L2NhYzpQYXJ0eS9jYmM6V2Vic2l0ZVVSSSI+DQoJCQkJCQkJCQkJCTx4c2w6aWYgdGVzdD0iLy9uMTpJbnZvaWNlL2NhYzpBY2NvdW50aW5nU3VwcGxpZXJQYXJ0eS9jYWM6UGFydHkvY2JjOldlYnNpdGVVUkkhPScnIj4NCgkJCQkJCQkJCQkJCTx0ciBhbGlnbj0ibGVmdCI+DQoJCQkJCQkJCQkJCQkJPHRkPg0KCQkJCQkJCQkJCQkJCQk8eHNsOnRleHQ+V2ViIFNpdGVzaTogPC94c2w6dGV4dD4NCgkJCQkJCQkJCQkJCQkJPHhzbDp2YWx1ZS1vZiBzZWxlY3Q9Ii4iIC8+DQoJCQkJCQkJCQkJCQkJPC90ZD4NCgkJCQkJCQkJCQkJCTwvdHI+DQoJCQkJCQkJCQkJCTwveHNsOmlmPg0KCQkJCQkJCQkJCTwveHNsOmZvci1lYWNoPg0KCQkJCQkJCQkJCTx4c2w6Zm9yLWVhY2ggc2VsZWN0PSIvL24xOkludm9pY2UvY2FjOkFjY291bnRpbmdTdXBwbGllclBhcnR5L2NhYzpQYXJ0eS9jYWM6Q29udGFjdC9jYmM6RWxlY3Ryb25pY01haWwiPg0KCQkJCQkJCQkJCQk8eHNsOmlmIHRlc3Q9Ii8vbjE6SW52b2ljZS9jYWM6QWNjb3VudGluZ1N1cHBsaWVyUGFydHkvY2FjOlBhcnR5L2NhYzpDb250YWN0L2NiYzpFbGVjdHJvbmljTWFpbCE9JyciPg0KCQkJCQkJCQkJCQkJPHRyIGFsaWduPSJsZWZ0Ij4NCgkJCQkJCQkJCQkJCQk8dGQ+DQoJCQkJCQkJCQkJCQkJCTx4c2w6dGV4dD5FLVBvc3RhOiA8L3hzbDp0ZXh0Pg0KCQkJCQkJCQkJCQkJCQk8eHNsOnZhbHVlLW9mIHNlbGVjdD0iLiIgLz4NCgkJCQkJCQkJCQkJCQk8L3RkPg0KCQkJCQkJCQkJCQkJPC90cj4NCgkJCQkJCQkJCQkJPC94c2w6aWY+DQoJCQkJCQkJCQkJPC94c2w6Zm9yLWVhY2g+DQoJCQkJCQkJCQkJPHRyIGFsaWduPSJsZWZ0Ij4NCgkJCQkJCQkJCQkJPHhzbDpmb3ItZWFjaCBzZWxlY3Q9Im4xOkludm9pY2UiPg0KCQkJCQkJCQkJCQkJPHhzbDpmb3ItZWFjaCBzZWxlY3Q9ImNhYzpBY2NvdW50aW5nU3VwcGxpZXJQYXJ0eSI+DQoJCQkJCQkJCQkJCQkJPHhzbDpmb3ItZWFjaCBzZWxlY3Q9ImNhYzpQYXJ0eSI+DQoJCQkJCQkJCQkJCQkJCTx0ZCBhbGlnbj0ibGVmdCI+DQoJCQkJCQkJCQkJCQkJCQk8c3Bhbj4NCgkJCQkJCQkJCQkJCQkJCQk8eHNsOnRleHQ+VmVyZ2kgRGFpcmVzaTogPC94c2w6dGV4dD4NCgkJCQkJCQkJCQkJCQkJCTwvc3Bhbj4NCgkJCQkJCQkJCQkJCQkJCTx4c2w6Zm9yLWVhY2ggc2VsZWN0PSJjYWM6UGFydHlUYXhTY2hlbWUiPg0KCQkJCQkJCQkJCQkJCQkJCTx4c2w6Zm9yLWVhY2ggc2VsZWN0PSJjYWM6VGF4U2NoZW1lIj4NCgkJCQkJCQkJCQkJCQkJCQkJPHhzbDpmb3ItZWFjaCBzZWxlY3Q9ImNiYzpOYW1lIj4NCgkJCQkJCQkJCQkJCQkJCQkJCTx4c2w6YXBwbHktdGVtcGxhdGVzIC8+DQoJCQkJCQkJCQkJCQkJCQkJCTwveHNsOmZvci1lYWNoPg0KCQkJCQkJCQkJCQkJCQkJCTwveHNsOmZvci1lYWNoPg0KCQkJCQkJCQkJCQkJCQkJCTxzcGFuPg0KCQkJCQkJCQkJCQkJCQkJCQk8eHNsOnRleHQ+JiMxNjA7IDwveHNsOnRleHQ+DQoJCQkJCQkJCQkJCQkJCQkJPC9zcGFuPg0KCQkJCQkJCQkJCQkJCQkJPC94c2w6Zm9yLWVhY2g+DQoJCQkJCQkJCQkJCQkJCTwvdGQ+DQoJCQkJCQkJCQkJCQkJPC94c2w6Zm9yLWVhY2g+DQoJCQkJCQkJCQkJCQk8L3hzbDpmb3ItZWFjaD4NCgkJCQkJCQkJCQkJPC94c2w6Zm9yLWVhY2g+DQoJCQkJCQkJCQkJPC90cj4NCgkJCQkJCQkJCQk8eHNsOmZvci1lYWNoIHNlbGVjdD0iLy9uMTpJbnZvaWNlL2NhYzpBY2NvdW50aW5nU3VwcGxpZXJQYXJ0eS9jYWM6UGFydHkvY2FjOlBhcnR5SWRlbnRpZmljYXRpb24iPg0KCQkJCQkJCQkJCQk8dHIgYWxpZ249ImxlZnQiPg0KCQkJCQkJCQkJCQkJPHRkPg0KCQkJCQkJCQkJCQkJCTx4c2w6dmFsdWUtb2Ygc2VsZWN0PSJjYmM6SUQvQHNjaGVtZUlEIiAvPg0KCQkJCQkJCQkJCQkJCTx4c2w6dGV4dD46IDwveHNsOnRleHQ+DQoJCQkJCQkJCQkJCQkJPHhzbDp2YWx1ZS1vZiBzZWxlY3Q9ImNiYzpJRCIgLz4NCgkJCQkJCQkJCQkJCTwvdGQ+DQoJCQkJCQkJCQkJCTwvdHI+DQoJCQkJCQkJCQkJPC94c2w6Zm9yLWVhY2g+DQoJCQkJCQkJCQk8L3Rib2R5PjU0DQoJCQkJCQkJCTwvdGFibGU+DQoJCQkJCQkJCTxociAvPg0KDQoNCgkJCQkJCQk8L3RkPg0KDQoJCQkJCQkJPHRkIHdpZHRoPSIyNSUiIGFsaWduPSJjZW50ZXIiIHZhbGlnbj0ibWlkZGxlIj4NCg0KDQoNCgkJCQkJCQkJPGltZyBzdHlsZT0id2lkdGg6OTFweDsiIGFsaWduPSJtaWRkbGUiIGFsdD0iR2liIExvZ28iIHNyYz0iZGF0YTppbWFnZS9qcGVnO2Jhc2U2NCwvOWovNEFBUVNrWkpSZ0FCQVFFQVlBQmdBQUQvMndCREFBTUNBZ01DQWdNREF3TUVBd01FQlFnRkJRUUVCUW9IQndZSURBb01EQXNLQ3dzTkRoSVFEUTRSRGdzTEVCWVFFUk1VRlJVVkRBOFhHQllVR0JJVUZSVC8yd0JEQVFNRUJBVUVCUWtGQlFrVURRc05GQlFVRkJRVUZCUVVGQlFVRkJRVUZCUVVGQlFVRkJRVUZCUVVGQlFVRkJRVUZCUVVGQlFVRkJRVUZCUVVGQlFVRkJUL3dBQVJDQUJtQUdrREFTSUFBaEVCQXhFQi84UUFId0FBQVFVQkFRRUJBUUVBQUFBQUFBQUFBQUVDQXdRRkJnY0lDUW9MLzhRQXRSQUFBZ0VEQXdJRUF3VUZCQVFBQUFGOUFRSURBQVFSQlJJaE1VRUdFMUZoQnlKeEZES0JrYUVJSTBLeHdSVlMwZkFrTTJKeWdna0tGaGNZR1JvbEppY29LU28wTlRZM09EazZRMFJGUmtkSVNVcFRWRlZXVjFoWldtTmtaV1puYUdscWMzUjFkbmQ0ZVhxRGhJV0doNGlKaXBLVGxKV1dsNWlabXFLanBLV21wNmlwcXJLenRMVzJ0N2k1dXNMRHhNWEd4OGpKeXRMVDFOWFcxOWpaMnVIaTQrVGw1dWZvNmVyeDh2UDA5ZmIzK1BuNi84UUFId0VBQXdFQkFRRUJBUUVCQVFBQUFBQUFBQUVDQXdRRkJnY0lDUW9MLzhRQXRSRUFBZ0VDQkFRREJBY0ZCQVFBQVFKM0FBRUNBeEVFQlNFeEJoSkJVUWRoY1JNaU1vRUlGRUtSb2JIQkNTTXpVdkFWWW5MUkNoWWtOT0VsOFJjWUdSb21KeWdwS2pVMk56ZzVPa05FUlVaSFNFbEtVMVJWVmxkWVdWcGpaR1ZtWjJocGFuTjBkWFozZUhsNmdvT0VoWWFIaUltS2twT1VsWmFYbUptYW9xT2twYWFucUttcXNyTzB0YmEzdUxtNndzUEV4Y2JIeU1uSzB0UFUxZGJYMk5uYTR1UGs1ZWJuNk9ucTh2UDA5ZmIzK1BuNi85b0FEQU1CQUFJUkF4RUFQd0Q5VTZLS1NnQmE1M3hsOFFmRHZ3L3NCZDYvcTF0cHNiSEVhU3YrOGxiKzZpRDVuUHNvSnJoUEZYeFl2L0VYaVJ2Q0hnSjdOdFM4MDIxM3IxOHcreVdNbTBzMGNhNUJ1SndvTGVXcHdBQ1dJcnl2KzN0RzhQUnZxUGhxejFUeFI0MG1rV1VlS3RXdFZ1cHIyMVdYeXJxV3hRRnRvaGZhSGpWRktxUzJ4OGM5dFBET1h4L2QvbjIvUHlNWlZPeDYrbnhJOFcrTE5QbnV2RFBoSTZUWkp5dW9lTDVHc1ZaUnlYV0JWYVRHT2ZuQ1Z5VW1zZU1OVzhXUWVIYjM0czZicE9xM0JWWXJmUS9EWmVKbWFJekxHTGlZdkdaREVwY0xrTVZHN2JpdWgxVHdocmZ4bytEK21OZlhVM2hqeGFiYVZWdXZzenhKbDFlR1RmYnN3WXhTeGt0NWI0WmR5bkN1dUIwTm44R1BEMW40eXQvRkVRdUlkVmppaGpsOGlUeTQ1MmlpTVNNNEEzSENIRzNkdE9GeUNWQkZLVk9tbW52cjB2cXZOMy9Dd1diUG03NG5lT3ZGdnc3OFUrTE5KYngzNG0xQzYwelQ0N25UeEg5aWorMzNCTUFlTGFiY2hBb3VZMnprL0tIT01MbXUvcy9FSGpuVHRXMHJTYmY0cFc4K3JYOXFsekZhK0kvREpGdklUQ1ptalM1aDhwV1lJck1lcEFVbkhCQTlXOFRmQmZ3ZjR1MW4rMXRVMGtYR29iNUpETjV6Z2xudGpiTWNad1AzUnh4M0FicU0xaTZyK3p2NGF2TG5VYnZUNTc3UjcrOHRyaTNGeGJ5QmpFMDFzdHMwaTd3VHVFYUxqbkFJNmNuTzMxaWpLS1RWbmJYUmJrK3prbXprZkIvN1FuakNUU0xMVWRkOEEzR3I2WmRXVU9vTHFQaE5tdVNzRXdZeHUxdklxeWNoU2NJWE9NY2NpdlZ2QXZ4UThMZkVxMWVidzlyRnZmdkVjVDJvYlpjVzdmM1pJbXc2SDJZQ3ZKTHpSdkVmZzN4eFo2TjRTRWwzcldvYWhQZTNVa2tFOGVuMlZpdG9MYTBFcjhMSXNhaEc4cFRsNUZPTm8zTXRQUmJmUlBqNzRodW1rME84OE1hL1l4TkpwM2pEVEpHZ3ZwQWppTXRLQkdFQWNuY0lTMG9JeUdDc3BVUk9sQ1M1a3JMeS9WZjVmY0VaU1doOUpVVjRoNFgrTVdxZUNQRVNlRWZpTFBaM0QvYVJZMmZpelR5QmEzTXhVTXNOekdDZnNzNVZsSVZqdGJjTnA3VjdkMUZjTTZjcWIxTm95VWhhS0tLektFcnpMNGlheHFmaXJVWmZDSGgrOU9sUkpINXV1YTZyQUhUN2NqT3lNbmp6bkFPQ2Z1cmxqMnJxdkgzaXhmQnZoZTYxQlU4KzhPMkN6dCs4OXc1MnhSajZzUlhnUGpTUFhmQzk5b1dnVFhGNTRYdWIyNGtYVVBFdXFJdHpvT3ErZkgrOGluaVZ1SGFZcEVnY3hNRnlWYy9jYnN3OVBtZk45Mytmbll5bkxvTnZkWXRyeTQwYnd4NEZLNmg0TW5XYXdzcmZ3eTJMeTJ2MUVVcTNsek82L3VTQ1pEemtPdTRuekRJcUQzWHdKOFA3ZnduWk5MZEMzdTlZdVoydnJ1NGhpS1EvYW5SVm1raGpKYnlSSVZMTUZPQ3pzZjRqV2Q4Sy9oYkg0RVM5MUc5ZU82OFE2a1M5MU1peGxZRkx2SjluaWRZa1pvbGVTUXI1bVd3MkNlQmowQ2l0VlQ5eUczNWpqSHF4R1lLQ1R3SytSUDJuZjJqcFBNdVBESGhpOWUyV0ZzWGVvd1NGRzNEQjJJdzVHTzVyMFQ5cWI0eUh3RDRjR2k2Yk50MW5VVUkzS2VZWXVoYjZub0svT1R4ZDRpYVozdDRuSkdmbWJQSk5mS1pqamZaL3VvYjlUOXM0RjRVV09rc3h4a2J3WHdwN1B6ZmwyT2t2UGpCNG5XWnNlTmRid0QyMUdYLzRxc0srK08zakJwMHRyUHhiNGd1TGlRN1VWZFFtSkpQYkc2dk9OUnZIM0xEQ0drbmtPMVVVWkpKN1Y5ai9BTEsvN0w4V2oyNDhUK0o0bCsyaFBOUG0vZHRrSFA1NHJ4c05HdmlaV1VtbDZuNmx4QmlzbzRmb2MwcUVKVGZ3cmxqcS91T2svWmw4QitPZFExU3oxenhkNHQ4UlNZSWtpMDVkUmxNZkkvNWFBdHo5Syt1dkVIaHkrZndscjZlRVdzZEE4UzZoQ3pSNmkxcXBCbkk0a2t3UG1QWDVqbkhYRGREOHg2dCsyaDRhK0huaXExMDYzMEI1OUU4enlwTlFXUUJ1RGpjRnh5UHhyNjcwWFZyVFhkTHRyK3lrV2ExdUkxbGpkZWhVaklOZlY0T3BUUzVhVXIyMzZuODZjUjRmTWZhd3hXUG8relUxN3FTU1Z1MWx0ODlUNVk4RC9EclJORjFmV0xieHJHMmthQkxiTllQcGV0UlJ6YWhxSm5kWkpMaTZuaGtZU1F4eitaNWR3OGFFR1EvT0JnSDB2NGQ2L3Evd3I4WVcvd0FOL0ZkM05xV25YU3MvaGp4QmNITDNFU2pKczUyN3pvT1EzOGFqUFVHcC9qeDhJOUw4VFcwL2lnMlZ0ZVhsbkFyWFZwZjNUMjluZFJSQ1RhWjJWSGZaR3MwN0ZZd0RJckZHSlg1YTUzUlBDdXZmR0w0Vlh1bmVNOVIrdytQTHFLRFdiSlk3aUUvMlhPby9jeVF4S29raVZaRktzSDNFa09OeHlRUG81VFZhSFBKNlBSK1Q3cjlmNnQ4UGJsZGtmUXRMWEJmQlA0aVMvRXY0ZjJXcDNzQXN0Y3Qza3NkV3N1OXZlUk1VbFFqc01qY1A5bGxOZDdYbHlpNFNjWHVqb1R1cm84UStLbmpheHQvaTFvRmxxSG15YWI0ZHQxMWVlRzNqTWtrOTNQS0xXeWhWTzdNOGo3ZmNkdXRlbUo0cWgxRHhXTkFoaWllZUcxVzh2WXJobVNXRkhKOGxrVW9Wa0JaSEJJYjVTbzY1cjU0MVB4SjRkbitKM3hHLzRTcTN1NU5NMWZYTExRVXVyUHpCSlltMHNYdTBtVXhBdUdXWlZ3VjVET0QyTmV2L0FBZjAzdzdjTnFHdWFSNHIxTHhwZVNySFp5Nmxxc3F2SkZHaFoxaFVMSEdBTXlFbjVkeHlNazRHTyt0VFVZSnRQUkwwMXQrdC93QURHRW0yZWwxVTFUVUlkSjArNXZiaHRrRnZHMGp0NkFESnEzWGluN1cvaTV2QzN3aHZvWW4yWEdwT3RvblBPQ2N0K2xlVFZtcWNITjlEMTh2d2tzZmk2V0Zqdk5wZmVmRG54dStKVng0ejhVYXJyazBoUG55R08zVW43c1FKQ2dmaC9PdkI3KzdLcThybm5yWFMrTUwzekxsWVFmbFVWeWk2Zk5yMnIyV2xXdzNUWFV5eEtCNms0cjgrcVNsV3FYZTdQN2F3dEdqbG1DVVlxMFlyOEVlM2ZzaC9CdHZIWGlSdkVtbzJ4bHRiZC9MdFVjZkt6OTIvQ3Z0bjlvNlIvaDMrejdxejJnTWJ5N0lKR1VjaFdiQi9TdUU4RC9FRHdUK3pocE9tK0g5UnRyeVc4dDdTTjMreXhCbEJaYzg4OWU5YXZqVDlxLzRYL0Vud25xUGgvVTdQVkRaWGtSamJkQUFWOUNPZW82MTlWVFZHaFFkRlRTbGI4VCtiOFc4MHpiT0tlWnp3MDUwVkpOV1RhNVUraCtkUGo3eEEyc1hFRU1HWE9OcXFCeVNUWDZ4L3N4aTh0dmhYb1ZuZkZqUEJhSXJidW80NlY4Sy9DSHdMOE5mRVh4Z3R0TjB1NDFUVnIzTHlXNjNkdXF4SUZCSkp3ZVQrRmZwUjROMEpkRDB1T0pSamlveXVpNGMwMjczT3Z4Q3phT0xxVXNKR200cU92dkt6MThqZklCR0R5SytjOUY4SzZkOEUvaWFiODZkcmwxcDhsejloanZsanRyVFNyRmJxV1BCUHorZGN5czNrb3o0YmxNbkdDMWZSdGVDZkh2U3RHVHhwb3VzWFZ6Zld1cFJSTERiVDZacEZuZFhFTWdjc0NrMTBHamhjZzhmS0dJWGc5QlgxV0dmdk9IUm40dFBhNWY4QUQ2LzhJRCswOXIra3FQTDB2eHJwaWF4QW5SUmUyMjJLZkE5WGphSmo3cVQzcjJ5dkJ2aXRZdjRYOFYvQTdWV3U3eStudGRkT21TM1YrVSswU1IzVnU2SHpOaXF1ZDZ4ZEFCeDByM2lwcmFxTXU2L0xUOGtnaDFSNGo4QmJHMHVQR1h4VmE1Z1NXK3N2R054UERJNmd0RUpMU0ZjcWUyVjNENkUxN2ZYaVh3N2YvaEhmMm1QaWxvam5ZbXJXZW5hOWJML2VBUTI4dVBvMGE1LzNoWHIybjYxWWF0TmN4V1Y3QmR5V3IrVk9zTWdZeFA4QTNXeDBQc2FXSStOZWkvSkRwcDh1blF2VjhnZnQ5NjBZNC9DZW1Cc0JtbW5LL1FLdjlhK3Y2K0gvQVBnb052ajhWK0VaRC9xMnRaMS9IY3RlTG1EdGhwVzh2elB2K0JxYXFaL2gxTCs4L3dEeVZueFZyVXhsMUNadmV1dS9aajBIL2hKUGpocFFkTjhkb1RjSFBUSTZWeFdvZjhmVTMxTmUwZnNLV2EzWHhlMUZtSEtXb3grTFlyNUxCeFVzUkZQdWYwcHhiV2xoOGtyeWovTGI3OUQxVDRyZnN3L0VUeFo0MjFMV29OWnMwdDd5WE1NT0crU1BvbzZlbGZNZXZmMmo0ZnVOUXNwNW81bnRaR2hhVkJ3eEJ3Y1YrdjhBcXpRYVg0Y3VieVVLRnQ3ZHBOeDdZWE5ma0w0K3ZQdEVOMWRNQUpMcVpwVCtKSnIwc3p3OU9qWngzWjhMNGY1empjMFZXbGlHblRwcUtqWkpkLzBSNkQrdzNaeTZoOFlyeS9BSk5yYmtCdmRqakg1VitwOWlDdHJIbnJpdnpyLzRKM2FDWnJ6WE5SWmVKSjBqVnZZQWsxK2pNUzdZMUh0WHM1YkhsdzhmTS9LZU9jUjlZenVyL2RzdnVRK3ZtcjQ0ZkRXR3o4YzNHdlM2bk1MVFc0cmhKNFY4RFQ2OTVBYUMyZ2tieklUaUw1YmVNcnZVbkprNnI4bytsYXgvRW5pN1J2QjlyQmM2MXFkdHBkdk5LSUk1YnFRSXJPUVNGeWUrQWZ5cjJxVlowWmN5L3I3MHo4LzltNnZ1eFYyZUwvR1RSTGJRL0Rmd3JzTFNXV1paUEd1bFRvMHdJYzVuOHgrRDh3QUdjQnVRQmpQRmZRRmVLL0ZpWmZFbnhzK0VPZ3dzc3NkdmQzZXZ6N1RuQ1F3R09NL1F2TVB4RmUwMWRYNElOOVUzK0xNNC9GSThLK1BySDRlL0VEd0I4VFZVclkyZDAyaGEzSU9pV1YwVkN5dC9zeHpMR3g5aVQycWg4T2ZEc0h3dCtMbHhaWDkvb3VtTHF6VGYyZEhGSWZ0V3Fvem1UZktNWTNJVGdFa2s1WURBNHIyenhqNFUwN3h6NFYxYnc5cTBJbjAzVXJhUzFualBkV1Vna2VoSFVIc1FLK1pmREdtM2VwSlA0TzhSV2MycS9FcndDaWpUbCswaTJPdWFlSkZhM244dzlnVVVPTTlWSVAzcXlxeDlyU1U0L0ZEOHYrQi9rZWxnYXlwem5RcU8wS2l0MDM2YjZmMHo2eXI1Qi80S0lhSEpKNFg4TWF6R3VWdGJxU0dSdlFPb3grb3IzbjRPK1A3bnhucGx6QmZYZHZxbW8yTWpSWGQ3cDhSUzBFdTRrd3hsamx5Z0tnc09DUjJQRlozN1RuZ00vRVQ0TStJTk5qajMzVWNQMmkzSCsybnpEK1JyenNWSDIrSGtsMVI3M0QrSS9zak82RldydEdTVDlIcCtUUHljMUpmOUlZampjTTE2L3dEc082dEhwZnh5ZTJrNjNsc3lMOVFRYThhdXJwZHV5VDVaRU8xZ2ZhdGY0VCtMbDhFL0ZudzNySWt4RkZkb3N2UDhESEIvblh4V0ZuN092R1Q3bjlYY1I0WDY5bE5lakRWdUx0K1orckg3UTJ2ZjJCOEUvRU55RzJ2SmErU24xWWdmMXI4by9pQmNiSUk0ODlCbXYwSi9iTzhZMjhId2IwaUFTZ0pxVnhHd1lIZ3FvM2Y0VitiZmpqVklyeTRieW5ETGpBcjFNMm56VmxGZEVmbjNodmhYaDhycVY1TDRwUDhBQkpmNW4zcC93VDE4UC9aUGg3RmRrYzNVN3lrbjhoWDJuWHp2K3h2NGYvc1g0VjZER1UyTjlsUmp4M0l6L1d2b2l2cE1OSGtveFhrZmdXZVYvck9ZMTZ2ZVQvTUsrWi9pejRqOFlhdDhVckR3eU5GczllOE0zTjFDWkxhODB3M05vOExOc2Y4QTBnTGlPVk5oYmFjLzZ3OWhtdlRQalA4QUVheThNNmJGb3NQaU1lSHRmMUZsUzB1L3NodVZnWXVvVnBWeHdqTVFtVGo3MWVaNnhCcVB3LzhBRHErRk5DdGJleitLUGp1VW00Z3NMbVNXMXN4eUo3NVZiN2loU1d3TVpZZ1pOYkttOFJOVW91M2Q5alBEU2pnYVR4VldLZk5wRk5maXY4MWZYdG96cS9nOWp4OThXUEhQajlRSDBxMzJlRzlHZnMwVUJ6Y3lMNmhwc0wvMnlyMjJzSHdKNE0wLzRlK0Q5SjhPYVVteXgwNkJZSTg5V3h5enQ2c3hKWSs1TmI5ZFZhYW5OdU8yeTlFZUpCT0sxM0N2TC9qVDhJWnZIMGVuYTk0ZHZsMEx4N29UTkxwR3E0K1U1Ky9CTUJ5OExqZ2p0bkk5L1VLS2lFNVU1S1VSeWlwS3pQbm40UTZyb254RThjUGM2cU5ROEovRUh3OUY1Rjc0VDg4UlFRWlltU2VKRkdKWXBTUWQrVDBIUTllKzhQZkZtMDhYZUxkYzAyQ0tQL2hIOU9JdFgxYVNSUkhOZEVETUs1T1NRQ2M4RVo0ejJwM3hZK0NXamZGSmJPL2FhNDBQeFJwcDM2YjRoMDF0bDFhdHp4bm82SFBLTmtIOWE4QytJMEd1NlBwMFdrL0ZyUXJoN09DYVNhRHg5NFJzaE5BWGVNeG1XOHRkcE1iN1NQbXdRQ09DTUN0SlVWVjk3RDc5WS81ZC93QXp0b1Y0U2x5WXh1MXJLVy9MOHY2NnZjNXY0aS9zRzZCNGsxNjgxdlI5YnZFdE5RbGE0V08yRWJSTHVPU0ZPT2xjZVA4QWducmJlWXAvdHZVeGcvOEFQTlA4SytnL0FmaVBYRnVaTG53SnEraCtLdmg5cCtteUpZNmRwVndrc3hhT0pCREc2bjUwa0w3OTJUakFHUUNhNjZUNHdhdjRjMWZ3M292aUR3bkovYVdweHhOUFBaeVl0NFdlUUpzVm5BM3N1Y3NvT1FCd0RYaVN3ZENMZlBUcy9RKzRqeEJuYWlvWWZGODhiYWFyYTNXL1ZMYzg1OGRmc3VQOFN2QVBoclI5VjhRNm12OEFZY0hreHNpSm1iZ0FNK1IxQUdPSzhWbC80SjYyc2x3R090YWt5aHM0TWFjL3BYMWZaL3RDV0dzSW4ySFNidURacmtHanpMY1JxMmZNM1lkU3JZeDh1YzVQVWNWQjhYL0huanZ3eDQ4MGpUUEMvaDQ2cHAwMEMzTXNpMnNrbThyTWl2RDVnRzJObVFzVkxFREl5VFZUdytIbjc3amM1OExuR2VZYi9ZNFZ1UmF1emFTN3Y3N25hZkNyd3Y4QThJajRadGJKdmxXM2lXTU0zSENqSDlLd2ZFZngrMFd6OFozUGdpMGtlMzhVT3BXMSsxUjRoa2RrRFJsVG41Z3hPQjArNjNURmNoNDRqOFN6WGZpaVB4NTRvMHZ3MTRBdWJkNG9FbnVraG1EYmtlSjFaQXJkbVZsTDgrK2E1endCckd1NjdwT242ZDhNOUQrMzNsdGFHeGsrSW5pRzFhQzM4amVXMndLdzN6aFNSZ0RDOGNrVjZOT2pWcXIzVnl4WFYvMS9YWStibjlWb1hxVnArMG05bEh1MWU3ZHRiYk5maVdwTld2ZkFNZWxheDQ1c292RXZ4WHVubWg4UDZOWmJmdFpqa3dmS25NWjJNaUhMYnlOcWpvYzgxNmw4SXZoYmUrRjdqVVBGUGlxN1RWdkhXdEJUZTNVWS9kV2tRNVcxdDg4aUpUMzZzY2s5Z0xmd3grRFdtL0R1NHU5V3VMdTQ4UStMZFFBRi9yK29IZFBOaitCQjBpakhaRndQWEo1cjBPdWk4S1VQWlVmbStyLzRINTlleTh5dFdxWXFwN1dycDJTMlhra0ZGRkZZR1lVVVVVQUZOWlF5bFdBS25nZzBVVUFlVmVML0FObUg0ZCtMdFFmVS93Q3hQN0MxbHVUcW1nelBZWEJQcXpSRUJqN3NEV0V2d0I4YzZIeDRkK05uaU9HRmZ1dzY3WjIrcGdmOENZSTUvRmpSUlhSSEVWRlpYdXZQWDh6TjA0NzJIcDhPZmpVdjdyL2hhbWcrWG5QbWY4SW91OC83V1BQeG1ubjRGK085Wk9OZitOR3ZTUkhyRm9kaGI2Y0Qvd0FDdzdma3dvb3JXV0ltbG9sLzRESC9BQ0Z5SjcvbXpZOE0vc3krQWZEOSttcFhXbHkrSmRYUTdsMUh4RmNQZnpLM3F2bUVxcDkxQXIxUkZXTlFxcUZWUmdLQmdBVVVWeXpxVHFPODNjdFJVZGtPb29vcUNnb29vb0EvLzlrPSIgLz4NCg0KDQoJCQkJCQkJCTxoMSBhbGlnbj0iY2VudGVyIj4NCgkJCQkJCQkJCTxzcGFuIHN0eWxlPSJmb250LXdlaWdodDpib2xkOyAiPg0KCQkJCQkJCQkJCTx4c2w6dGV4dD5FLUFyxZ9pdiBGYXR1cmE8L3hzbDp0ZXh0Pg0KCQkJCQkJCQkJPC9zcGFuPg0KCQkJCQkJCQk8L2gxPg0KDQoNCg0KCQkJCQkJCQk8YnIvPg0KDQoNCg0KCQkJCQkJCQk8ZGl2IGNsYXNzPSJpbWdCb3giIHZhbGlnbj0ibWlkZGxlIiA+DQoJCQkJCQkJCQk8aW1nIHN0eWxlPSJ3aWR0aDoxNDBweDtoZWlnaHQ6MTEwcHg7IiBhbGlnbj0ibWlkZGxlIiBhbHQ9IkltemEgTG9nbyIgc3JjPSJkYXRhOmltYWdlL2pwZWc7YmFzZTY0LC85ai80QUFRU2taSlJnQUJBUUVBZUFCNEFBRC80UkRvUlhocFpnQUFUVTBBS2dBQUFBZ0FCQUU3QUFJQUFBQUtBQUFJU29kcEFBUUFBQUFCQUFBSVZKeWRBQUVBQUFBVUFBQVF6T29jQUFjQUFBZ01BQUFBUGdBQUFBQWM2Z0FBQUFnQUFBQUFBQUFBQUFBQUFBQUFBQUFBQUFBQUFBQUFBQUFBQUFBQUFBQUFBQUFBQUFBQUFBQUFBQUFBQUFBQUFBQUFBQUFBQUFBQUFBQUFBQUFBQUFBQUFBQUFBQUFBQUFBQUFBQUFBQUFBQUFBQUFBQUFBQUFBQUFBQUFBQUFBQUFBQUFBQUFBQUFBQUFBQUFBQUFBQUFBQUFBQUFBQUFBQUFBQUFBQUFBQUFBQUFBQUFBQUFBQUFBQUFBQUFBQUFBQUFBQUFBQUFBQUFBQUFBQUFBQUFBQUFBQUFBQUFBQUFBQUFBQUFBQUFBQUFBQUFBQUFBQUFBQUFBQUFBQUFBQUFBQUFBQUFBQUFBQUFBQUFBQUFBQUFBQUFBQUFBQUFBQUFBQUFBQUFBQUFBQUFBQUFBQUFBQUFBQUFBQUFBQUFBQUFBQUFBQUFBQUFBQUFBQUFBQUFBQUFBQUFBQUFBQUFBQUFBQUFBQUFBQUFBQUFBQUFBQUFBQUFBQUFBQUFBQUFBQUFBQUFBQUFBQUFBQUFBQUFBQUFBQUFBQUFBQUFBQUFBQUFBQUFBQUFBQUFBQUFBQUFBQUFBQUFBQUFBQUFBQUFBQUFBQUFBQUFBQUFBQUFBQUFBQUFBQUFBQUFBQUFBQUFBQUFBQUFBQUFBQUFBQUFBQUFBQUFBQUFBQUFBQUFBQUFBQUFBQUFBQUFBQUFBQUFBQUFBQUFBQUFBQUFBQUFBQUFBQUFBQUFBQUFBQUFBQUFBQUFBQUFBQUFBQUFBQUFBQUFBQUFBQUFBQUFBQUFBQUFBQUFBQUFBQUFBQUFBQUFBQUFBQUFBQUFBQUFBQUFBQUFBQUFBQUFBQUFBQUFBQUFBQUFBQUFBQUFBQUFBQUFBQUFBQUFBQUFBQUFBQUFBQUFBQUFBQUFBQUFBQUFBQUFBQUFBQUFBQUFBQUFBQUFBQUFBQUFBQUFBQUFBQUFBQUFBQUFBQUFBQUFBQUFBQUFBQUFBQUFBQUFBQUFBQUFBQUFBQUFBQUFBQUFBQUFBQUFBQUFBQUFBQUFBQUFBQUFBQUFBQUFBQUFBQUFBQUFBQUFBQUFBQUFBQUFBQUFBQUFBQUFBQUFBQUFBQUFBQUFBQUFBQUFBQUFBQUFBQUFBQUFBQUFBQUFBQUFBQUFBQUFBQUFBQUFBQUFBQUFBQUFBQUFBQUFBQUFBQUFBQUFBQUFBQUFBQUFBQUFBQUFBQUFBQUFBQUFBQUFBQUFBQUFBQUFBQUFBQUFBQUFBQUFBQUFBQUFBQUFBQUFBQUFBQUFBQUFBQUFBQUFBQUFBQUFBQUFBQUFBQUFBQUFBQUFBQUFBQUFBQUFBQUFBQUFBQUFBQUFBQUFBQUFBQUFBQUFBQUFBQUFBQUFBQUFBQUFBQUFBQUFBQUFBQUFBQUFBQUFBQUFBQUFBQUFBQUFBQUFBQUFBQUFBQUFBQUFBQUFBQUFBQUFBQUFBQUFBQUFBQUFBQUFBQUFBQUFBQUFBQUFBQUFBQUFBQUFBQUFBQUFBQUFBQUFBQUFBQUFBQUFBQUFBQUFBQUFBQUFBQUFBQUFBQUFBQUFBQUFBQUFBQUFBQUFBQUFBQUFBQUFBQUFBQUFBQUFBQUFBQUFBQUFBQUFBQUFBQUFBQUFBQUFBQUFBQUFBQUFBQUFBQUFBQUFBQUFBQUFBQUFBQUFBQUFBQUFBQUFBQUFBQUFBQUFBQUFBQUFBQUFBQUFBQUFBQUFBQUFBQUFBQUFBQUFBQUFBQUFBQUFBQUFBQUFBQUFBQUFBQUFBQUFBQUFBQUFBQUFBQUFBQUFBQUFBQUFBQUFBQUFBQUFBQUFBQUFBQUFBQUFBQUFBQUFBQUFBQUFBQUFBQUFBQUFBQUFBQUFBQUFBQUFBQUFBQUFBQUFBQUFBQUFBQUFBQUFBQUFBQUFBQUFBQUFBQUFBQUFBQUFBQUFBQUFBQUFBQUFBQUFBQUFBQUFBQUFBQUFBQUFBQUFBQUFBQUFBQUFBQUFBQUFBQUFBQUFBQUFBQUFBQUFBQUFBQUFBQUFBQUFBQUFBQUFBQUFBQUFBQUFBQUFBQUFBQUFBQUFBQUFBQUFBQUFBQUFBQUFBQUFBQUFBQUFBQUFBQUFBQUFBQUFBQUFBQUFBQUFBQUFBQUFBQUFBQUFBQUFBQUFBQUFBQUFBQUFBQUFBQUFBQUFBQUFBQUFBQUFBQUFBQUFBQUFBQUFBQUFBQUFBQUFBQUFBQUFBQUFBQUFBQUFBQUFBQUFBQUFBQUFBQUFBQUFBQUFBQUFBQUFBQUFBQUFBQUFBQUFBQUFBQUFBQUFBQUFBQUFBQUFBQUFBQUFBQUFBQUFBQUFBQUFBQUFBQUFBQUFBQUFBQUFBQUFBQUFBQUFBQUFBQUFBQUFBQUFBQUFBQUFBQUFBQUFBQUFBQUFBQUFBQUFBQUFBQUFBQUFBQUFBQUFBQUFBQUFBQUFBQUFBQUFBQUFBQUFBQUFBQUFBQUFBQUFBQUFBQUFBQUFBQUFBQUFBQUFBQUFBQUFBQUFBQUFBQUFBQUFBQUFBQUFBQUFBQUFBQUFBQUFBQUFBQUFBQUFBQUFBQUFBQUFBQUFBQUFBQUFBQUFBQUFBQUFBQUFBQUFBQUFBQUFBQUFBQUFBQUFBQUFBQUFBQUFBQUFBQUFBQUFBQUFBQUFBQUFBQUFBQUFBQUFBQUFBQUFBQUFBQUFBQUFBQUFBQUFBQUFBQUFBQUFBQUFBQUFBQUFBQUFBQUFBQUFBQUFBQUFBQUFBQUFBQUFBQUFBQUFBQUFBQUFBQUFBQUFBQUFBQUFBQUFBQUFBQUFBQUFBQUFBQUFBQUFBQUFBQUFBQUFBQUFBQUFBQUFBQUFBQUFBQUFBQUFBQUFBQUFBQUFBQUFBQUFBQUFBQUFBQUFBQUFBQUFBQUFBQUFBQUFBQUFBQUFBQUFBQUFBQUFBQUFBQUFBQUFBQUFBQUFBQUFBQUFBQUFBQUFBQUFBQUFBQUFBQUFBQUFBQUFBQUFBQUFBQUFBQUFBQUFBQUFBQUFBQUFBQUFBQUFBQUFBQUFBQUFBQUFBQUFBQUFBQUFBQUFBQUFBQUFBQUFBQUFBQUFBQUFBQUFBQUFBQUFBQUFBQUFBQUFBQUFBQUFBQUFBQUFBQUFBQUFBQUFBQUFBQUFBQUFBQUFBQUFBQUFBQUFBQUFBQUFBQUFBQUFBQUFBQUFBQUFBQUFBQUFBQUFBQUFBQUFBQUFBQUFBQUFBQUFBQUFBQUFBQUFBQUFBQUFBQUFBQUFBQUFBQUFBQUFBQUFBQUFBQUFBQUFBQUFBQUFBQUFBQUFBQUFBQUFBQUFBQUFBQUFBQUFBQUFBQUFBQUFBQUFBQUFBQUFBQUFBQUFBQUFBQUFBQUFBQUFBQUFBQUFBQUFBQUFBQUFBQUFBQUFBQUFBQUFBQUFBQUFBQUFBQUFBQUFBQUFBQUFBQUFBQUFBQUFBQUFBQUFBQUFBQUFBQUFBQUFBQUFBQUFBQUFBQUFBQUFBQUFBQUFBQUFBQUFBQUFBQUFBQUFBQUFBQUFBQUFBQUFBQUFBQUFBQUFBQUFBQUFBQUFBQUFBQUFBQUFBQUFBQUFBQUFBQUFBQUFBQUFBQUFBQUFBQUFBQUFBQUFBQUFBQUFBQUFBQUFBQUFHMWxiR2x6TG1KaGJBQUFCWkFEQUFJQUFBQVVBQUFRb3BBRUFBSUFBQUFVQUFBUXRwS1JBQUlBQUFBRE9UZ0FBSktTQUFJQUFBQURPVGdBQU9vY0FBY0FBQWdNQUFBSWxnQUFBQUFjNmdBQUFBZ0FBQUFBQUFBQUFBQUFBQUFBQUFBQUFBQUFBQUFBQUFBQUFBQUFBQUFBQUFBQUFBQUFBQUFBQUFBQUFBQUFBQUFBQUFBQUFBQUFBQUFBQUFBQUFBQUFBQUFBQUFBQUFBQUFBQUFBQUFBQUFBQUFBQUFBQUFBQUFBQUFBQUFBQUFBQUFBQUFBQUFBQUFBQUFBQUFBQUFBQUFBQUFBQUFBQUFBQUFBQUFBQUFBQUFBQUFBQUFBQUFBQUFBQUFBQUFBQUFBQUFBQUFBQUFBQUFBQUFBQUFBQUFBQUFBQUFBQUFBQUFBQUFBQUFBQUFBQUFBQUFBQUFBQUFBQUFBQUFBQUFBQUFBQUFBQUFBQUFBQUFBQUFBQUFBQUFBQUFBQUFBQUFBQUFBQUFBQUFBQUFBQUFBQUFBQUFBQUFBQUFBQUFBQUFBQUFBQUFBQUFBQUFBQUFBQUFBQUFBQUFBQUFBQUFBQUFBQUFBQUFBQUFBQUFBQUFBQUFBQUFBQUFBQUFBQUFBQUFBQUFBQUFBQUFBQUFBQUFBQUFBQUFBQUFBQUFBQUFBQUFBQUFBQUFBQUFBQUFBQUFBQUFBQUFBQUFBQUFBQUFBQUFBQUFBQUFBQUFBQUFBQUFBQUFBQUFBQUFBQUFBQUFBQUFBQUFBQUFBQUFBQUFBQUFBQUFBQUFBQUFBQUFBQUFBQUFBQUFBQUFBQUFBQUFBQUFBQUFBQUFBQUFBQUFBQUFBQUFBQUFBQUFBQUFBQUFBQUFBQUFBQUFBQUFBQUFBQUFBQUFBQUFBQUFBQUFBQUFBQUFBQUFBQUFBQUFBQUFBQUFBQUFBQUFBQUFBQUFBQUFBQUFBQUFBQUFBQUFBQUFBQUFBQUFBQUFBQUFBQUFBQUFBQUFBQUFBQUFBQUFBQUFBQUFBQUFBQUFBQUFBQUFBQUFBQUFBQUFBQUFBQUFBQUFBQUFBQUFBQUFBQUFBQUFBQUFBQUFBQUFBQUFBQUFBQUFBQUFBQUFBQUFBQUFBQUFBQUFBQUFBQUFBQUFBQUFBQUFBQUFBQUFBQUFBQUFBQUFBQUFBQUFBQUFBQUFBQUFBQUFBQUFBQUFBQUFBQUFBQUFBQUFBQUFBQUFBQUFBQUFBQUFBQUFBQUFBQUFBQUFBQUFBQUFBQUFBQUFBQUFBQUFBQUFBQUFBQUFBQUFBQUFBQUFBQUFBQUFBQUFBQUFBQUFBQUFBQUFBQUFBQUFBQUFBQUFBQUFBQUFBQUFBQUFBQUFBQUFBQUFBQUFBQUFBQUFBQUFBQUFBQUFBQUFBQUFBQUFBQUFBQUFBQUFBQUFBQUFBQUFBQUFBQUFBQUFBQUFBQUFBQUFBQUFBQUFBQUFBQUFBQUFBQUFBQUFBQUFBQUFBQUFBQUFBQUFBQUFBQUFBQUFBQUFBQUFBQUFBQUFBQUFBQUFBQUFBQUFBQUFBQUFBQUFBQUFBQUFBQUFBQUFBQUFBQUFBQUFBQUFBQUFBQUFBQUFBQUFBQUFBQUFBQUFBQUFBQUFBQUFBQUFBQUFBQUFBQUFBQUFBQUFBQUFBQUFBQUFBQUFBQUFBQUFBQUFBQUFBQUFBQUFBQUFBQUFBQUFBQUFBQUFBQUFBQUFBQUFBQUFBQUFBQUFBQUFBQUFBQUFBQUFBQUFBQUFBQUFBQUFBQUFBQUFBQUFBQUFBQUFBQUFBQUFBQUFBQUFBQUFBQUFBQUFBQUFBQUFBQUFBQUFBQUFBQUFBQUFBQUFBQUFBQUFBQUFBQUFBQUFBQUFBQUFBQUFBQUFBQUFBQUFBQUFBQUFBQUFBQUFBQUFBQUFBQUFBQUFBQUFBQUFBQUFBQUFBQUFBQUFBQUFBQUFBQUFBQUFBQUFBQUFBQUFBQUFBQUFBQUFBQUFBQUFBQUFBQUFBQUFBQUFBQUFBQUFBQUFBQUFBQUFBQUFBQUFBQUFBQUFBQUFBQUFBQUFBQUFBQUFBQUFBQUFBQUFBQUFBQUFBQUFBQUFBQUFBQUFBQUFBQUFBQUFBQUFBQUFBQUFBQUFBQUFBQUFBQUFBQUFBQUFBQUFBQUFBQUFBQUFBQUFBQUFBQUFBQUFBQUFBQUFBQUFBQUFBQUFBQUFBQUFBQUFBQUFBQUFBQUFBQUFBQUFBQUFBQUFBQUFBQUFBQUFBQUFBQUFBQUFBQUFBQUFBQUFBQUFBQUFBQUFBQUFBQUFBQUFBQUFBQUFBQUFBQUFBQUFBQUFBQUFBQUFBQUFBQUFBQUFBQUFBQUFBQUFBQUFBQUFBQUFBQUFBQUFBQUFBQUFBQUFBQUFBQUFBQUFBQUFBQUFBQUFBQUFBQUFBQUFBQUFBQUFBQUFBQUFBQUFBQUFBQUFBQUFBQUFBQUFBQUFBQUFBQUFBQUFBQUFBQUFBQUFBQUFBQUFBQUFBQUFBQUFBQUFBQUFBQUFBQUFBQUFBQUFBQUFBQUFBQUFBQUFBQUFBQUFBQUFBQUFBQUFBQUFBQUFBQUFBQUFBQUFBQUFBQUFBQUFBQUFBQUFBQUFBQUFBQUFBQUFBQUFBQUFBQUFBQUFBQUFBQUFBQUFBQUFBQUFBQUFBQUFBQUFBQUFBQUFBQUFBQUFBQUFBQUFBQUFBQUFBQUFBQUFBQUFBQUFBQUFBQUFBQUFBQUFBQUFBQUFBQUFBQUFBQUFBQUFBQUFBQUFBQUFBQUFBQUFBQUFBQUFBQUFBQUFBQUFBQUFBQUFBQUFBQUFBQUFBQUFBQUFBQUFBQUFBQUFBQUFBQUFBQUFBQUFBQUFBQUFBQUFBQUFBQUFBQUFBQUFBQUFBQUFBQUFBQUFBQUFBQUFBQUFBQUFBQUFBQUFBQUFBQUFBQUFBQUFBQUFBQUFBQUFBQUFBQUFBQUFBQUFBQUFBQUFBQUFBQUFBQUFBQUFBQUFBQUFBQUFBQUFBQUFBQUFBQUFBQUFBQUFBQUFBQUFBQUFBQUFBQUFBQUFBQUFBQUFBQUFBQUFBQUFBQUFBQUFBQUFBQUFBQUFBQUFBQUFBQUFBQUFBQUFBQUFBQUFBQUFBQUFBQUFBQUFBQUFBQUFBQUFBQUFBQUFBQUFBQUFBQUFBQUFBQUFBQUFBQUFBQUFBQUFBQUFBQUFBQUFBQUFBQUFBQUFBQUFBQUFBQUFBQUFBQUFBQUFBQUFBQUFBQUFBQUFBQUFBQUFBQUFBQUFBQUFBQUFBQUFBQUFBQUFBQUFBQUFBQUFBQUFBQUFBQUFBQUFBQUFBQUFBQUFBQUFBQUFBQUFBQUFBQUFBQUFBQUFBQUFBQUFBQUFBQUFBQUFBQUFBQUFBQUFBQUFBQUFBQUFBQUFBQUFBQUFBQUFBQUFBQUFBQUFBQUFBQUFBQUFBQUFBQUFBQUFBQUFBQUFBQUFBQUFBQUFBQUFBQUFBQUFBQUFBQUFBQUFBQUFBQUFBQUFBQUFBQUFBQUFBQUFBQUFBQUFBQUFBQUFBQUFBQUFBQUFBQUFBQUFBQUFBQUFBQUFBQUFBQUFBQUFBQUFBQUFBQUFBQUFBQUFBQUFBQUFBQUFBQUFBQUFBQUFBQUFBQUFBQUFBQUFBQUFBQUFBQUFBQUFBQUFBQUFBQUFBQUFBQUFBQUFBQUFBQUFBQUFBQUFBQUFBQUFBQUFBQUFBQUFBQUFBQUFBQUFBQUFBQUFBQUFBREl3TWpBNk1ERTZNRFFnTVRFNk5ERTZNVElBTWpBeU1Eb3dNVG93TkNBeE1UbzBNVG94TWdBQUFHMEFaUUJzQUdrQWN3QXVBR0lBWVFCc0FBQUEvK0VMSEdoMGRIQTZMeTl1Y3k1aFpHOWlaUzVqYjIwdmVHRndMekV1TUM4QVBEOTRjR0ZqYTJWMElHSmxaMmx1UFNmdnU3OG5JR2xrUFNkWE5VMHdUWEJEWldocFNIcHlaVk42VGxSamVtdGpPV1FuUHo0TkNqeDRPbmh0Y0cxbGRHRWdlRzFzYm5NNmVEMGlZV1J2WW1VNmJuTTZiV1YwWVM4aVBqeHlaR1k2VWtSR0lIaHRiRzV6T25Ka1pqMGlhSFIwY0RvdkwzZDNkeTUzTXk1dmNtY3ZNVGs1T1M4d01pOHlNaTF5WkdZdGMzbHVkR0Y0TFc1ekl5SStQSEprWmpwRVpYTmpjbWx3ZEdsdmJpQnlaR1k2WVdKdmRYUTlJblYxYVdRNlptRm1OV0prWkRVdFltRXpaQzB4TVdSaExXRmtNekV0WkRNelpEYzFNVGd5WmpGaUlpQjRiV3h1Y3pwa1l6MGlhSFIwY0RvdkwzQjFjbXd1YjNKbkwyUmpMMlZzWlcxbGJuUnpMekV1TVM4aUx6NDhjbVJtT2tSbGMyTnlhWEIwYVc5dUlISmtaanBoWW05MWREMGlkWFZwWkRwbVlXWTFZbVJrTlMxaVlUTmtMVEV4WkdFdFlXUXpNUzFrTXpOa056VXhPREptTVdJaUlIaHRiRzV6T25odGNEMGlhSFIwY0RvdkwyNXpMbUZrYjJKbExtTnZiUzk0WVhBdk1TNHdMeUkrUEhodGNEcERjbVZoZEdWRVlYUmxQakl3TWpBdE1ERXRNRFJVTVRFNk5ERTZNVEl1T1RnMFBDOTRiWEE2UTNKbFlYUmxSR0YwWlQ0OEwzSmtaanBFWlhOamNtbHdkR2x2Ymo0OGNtUm1Pa1JsYzJOeWFYQjBhVzl1SUhKa1pqcGhZbTkxZEQwaWRYVnBaRHBtWVdZMVltUmtOUzFpWVROa0xURXhaR0V0WVdRek1TMWtNek5rTnpVeE9ESm1NV0lpSUhodGJHNXpPbVJqUFNKb2RIUndPaTh2Y0hWeWJDNXZjbWN2WkdNdlpXeGxiV1Z1ZEhNdk1TNHhMeUkrUEdSak9tTnlaV0YwYjNJK1BISmtaanBUWlhFZ2VHMXNibk02Y21SbVBTSm9kSFJ3T2k4dmQzZDNMbmN6TG05eVp5OHhPVGs1THpBeUx6SXlMWEprWmkxemVXNTBZWGd0Ym5NaklqNDhjbVJtT214cFBtMWxiR2x6TG1KaGJEd3ZjbVJtT214cFBqd3ZjbVJtT2xObGNUNE5DZ2tKQ1R3dlpHTTZZM0psWVhSdmNqNDhMM0prWmpwRVpYTmpjbWx3ZEdsdmJqNDhMM0prWmpwU1JFWStQQzk0T25odGNHMWxkR0UrRFFvZ0lDQWdJQ0FnSUNBZ0lDQWdJQ0FnSUNBZ0lDQWdJQ0FnSUNBZ0lDQWdJQ0FnSUNBZ0lDQWdJQ0FnSUNBZ0lDQWdJQ0FnSUNBZ0lDQWdJQ0FnSUNBZ0lDQWdJQ0FnSUNBZ0lDQWdJQ0FnSUNBZ0lDQWdJQ0FnSUNBZ0lDQWdJQ0FnSUNBZ0NpQWdJQ0FnSUNBZ0lDQWdJQ0FnSUNBZ0lDQWdJQ0FnSUNBZ0lDQWdJQ0FnSUNBZ0lDQWdJQ0FnSUNBZ0lDQWdJQ0FnSUNBZ0lDQWdJQ0FnSUNBZ0lDQWdJQ0FnSUNBZ0lDQWdJQ0FnSUNBZ0lDQWdJQ0FnSUNBZ0lDQWdJQ0FnSUNBZ0lDQUtJQ0FnSUNBZ0lDQWdJQ0FnSUNBZ0lDQWdJQ0FnSUNBZ0lDQWdJQ0FnSUNBZ0lDQWdJQ0FnSUNBZ0lDQWdJQ0FnSUNBZ0lDQWdJQ0FnSUNBZ0lDQWdJQ0FnSUNBZ0lDQWdJQ0FnSUNBZ0lDQWdJQ0FnSUNBZ0lDQWdJQ0FnSUNBZ0lDQWdJQW9nSUNBZ0lDQWdJQ0FnSUNBZ0lDQWdJQ0FnSUNBZ0lDQWdJQ0FnSUNBZ0lDQWdJQ0FnSUNBZ0lDQWdJQ0FnSUNBZ0lDQWdJQ0FnSUNBZ0lDQWdJQ0FnSUNBZ0lDQWdJQ0FnSUNBZ0lDQWdJQ0FnSUNBZ0lDQWdJQ0FnSUNBZ0lDQWdJQ0FnQ2lBZ0lDQWdJQ0FnSUNBZ0lDQWdJQ0FnSUNBZ0lDQWdJQ0FnSUNBZ0lDQWdJQ0FnSUNBZ0lDQWdJQ0FnSUNBZ0lDQWdJQ0FnSUNBZ0lDQWdJQ0FnSUNBZ0lDQWdJQ0FnSUNBZ0lDQWdJQ0FnSUNBZ0lDQWdJQ0FnSUNBZ0lDQWdJQ0FnSUNBS0lDQWdJQ0FnSUNBZ0lDQWdJQ0FnSUNBZ0lDQWdJQ0FnSUNBZ0lDQWdJQ0FnSUNBZ0lDQWdJQ0FnSUNBZ0lDQWdJQ0FnSUNBZ0lDQWdJQ0FnSUNBZ0lDQWdJQ0FnSUNBZ0lDQWdJQ0FnSUNBZ0lDQWdJQ0FnSUNBZ0lDQWdJQ0FnSUNBZ0lBb2dJQ0FnSUNBZ0lDQWdJQ0FnSUNBZ0lDQWdJQ0FnSUNBZ0lDQWdJQ0FnSUNBZ0lDQWdJQ0FnSUNBZ0lDQWdJQ0FnSUNBZ0lDQWdJQ0FnSUNBZ0lDQWdJQ0FnSUNBZ0lDQWdJQ0FnSUNBZ0lDQWdJQ0FnSUNBZ0lDQWdJQ0FnSUNBZ0lDQWdDaUFnSUNBZ0lDQWdJQ0FnSUNBZ0lDQWdJQ0FnSUNBZ0lDQWdJQ0FnSUNBZ0lDQWdJQ0FnSUNBZ0lDQWdJQ0FnSUNBZ0lDQWdJQ0FnSUNBZ0lDQWdJQ0FnSUNBZ0lDQWdJQ0FnSUNBZ0lDQWdJQ0FnSUNBZ0lDQWdJQ0FnSUNBZ0lDQWdJQ0FLSUNBZ0lDQWdJQ0FnSUNBZ0lDQWdJQ0FnSUNBZ0lDQWdJQ0FnSUNBZ0lDQWdJQ0FnSUNBZ0lDQWdJQ0FnSUNBZ0lDQWdJQ0FnSUNBZ0lDQWdJQ0FnSUNBZ0lDQWdJQ0FnSUNBZ0lDQWdJQ0FnSUNBZ0lDQWdJQ0FnSUNBZ0lDQWdJQ0FnSUFvZ0lDQWdJQ0FnSUNBZ0lDQWdJQ0FnSUNBZ0lDQWdJQ0FnSUNBZ0lDQWdJQ0FnSUNBZ0lDQWdJQ0FnSUNBZ0lDQWdJQ0FnSUNBZ0lDQWdJQ0FnSUNBZ0lDQWdJQ0FnSUNBZ0lDQWdJQ0FnSUNBZ0lDQWdJQ0FnSUNBZ0lDQWdJQ0FnSUNBZ0NpQWdJQ0FnSUNBZ0lDQWdJQ0FnSUNBZ0lDQWdJQ0FnSUNBZ0lDQWdJQ0FnSUNBZ0lDQWdJQ0FnSUNBZ0lDQWdJQ0FnSUNBZ0lDQWdJQ0FnSUNBZ0lDQWdJQ0FnSUNBZ0lDQWdJQ0FnSUNBZ0lDQWdJQ0FnSUNBZ0lDQWdJQ0FnSUNBZ0lDQUtJQ0FnSUNBZ0lDQWdJQ0FnSUNBZ0lDQWdJQ0FnSUNBZ0lDQWdJQ0FnSUNBZ0lDQWdJQ0FnSUNBZ0lDQWdJQ0FnSUNBZ0lDQWdJQ0FnSUNBZ0lDQWdJQ0FnSUNBZ0lDQWdJQ0FnSUNBZ0lDQWdJQ0FnSUNBZ0lDQWdJQ0FnSUNBZ0lDQWdJQW9nSUNBZ0lDQWdJQ0FnSUNBZ0lDQWdJQ0FnSUNBZ0lDQWdJQ0FnSUNBZ0lDQWdJQ0FnSUNBZ0lDQWdJQ0FnSUNBZ0lDQWdJQ0FnSUNBZ0lDQWdJQ0FnSUNBZ0lDQWdJQ0FnSUNBZ0lDQWdJQ0FnSUNBZ0lDQWdJQ0FnSUNBZ0lDQWdJQ0FnQ2lBZ0lDQWdJQ0FnSUNBZ0lDQWdJQ0FnSUNBZ0lDQWdJQ0FnSUNBZ0lDQWdJQ0FnSUNBZ0lDQWdJQ0FnSUNBZ0lDQWdJQ0FnSUNBZ0lDQWdJQ0FnSUNBZ0lDQWdJQ0FnSUNBZ0lDQWdJQ0FnSUNBZ0lDQWdJQ0FnSUNBZ0lDQWdJQ0FnSUNBS0lDQWdJQ0FnSUNBZ0lDQWdJQ0FnSUNBZ0lDQWdJQ0FnSUNBZ0lDQWdJQ0FnSUNBZ0lDQWdJQ0FnSUNBZ0lDQWdJQ0FnSUNBZ0lDQWdJQ0FnSUNBZ0lDQWdJQ0FnSUNBZ0lDQWdJQ0FnSUNBZ0lDQWdJQ0FnSUNBZ0lDQWdJQ0FnSUNBZ0lBb2dJQ0FnSUNBZ0lDQWdJQ0FnSUNBZ0lDQWdJQ0FnSUNBZ0lDQWdJQ0FnSUNBZ0lDQWdJQ0FnSUNBZ0lDQWdJQ0FnSUNBZ0lDQWdJQ0FnSUNBZ0lDQWdJQ0FnSUNBZ0lDQWdJQ0FnSUNBZ0lDQWdJQ0FnSUNBZ0lDQWdJQ0FnSUNBZ0lDQWdDaUFnSUNBZ0lDQWdJQ0FnSUNBZ0lDQWdJQ0FnSUNBZ0lDQWdJQ0FnSUNBZ0lDQWdJQ0FnSUNBZ0lDQWdJQ0FnSUNBZ0lDQWdJQ0FnSUNBZ0lDQWdJQ0FnSUNBZ0lDQWdJQ0FnSUNBZ0lDQWdJQ0FnSUNBZ0lDQWdJQ0FnSUNBZ0lDQWdJQ0FLSUNBZ0lDQWdJQ0FnSUNBZ0lDQWdJQ0FnSUNBZ0lDQWdJQ0FnSUNBZ0lDQWdJQ0FnSUNBZ0lDQWdJQ0FnSUNBZ0lDQWdJQ0FnSUNBZ0lDQWdJQ0FnSUNBZ0lDQWdJQ0FnSUNBZ0lDQWdJQ0FnSUNBZ0lDQWdJQ0FnSUNBZ0lDQWdJQ0FnSUFvZ0lDQWdJQ0FnSUNBZ0lDQWdJQ0FnSUNBZ0lDQWdJQ0FnSUNBZ0lDQWdJQ0FnSUNBZ0lDQWdJQ0FnSUNBZ0lDQWdJQ0FnSUNBZ0lDQWdJQ0FnSUNBZ0lDQWdJQ0FnSUNBZ0lDQWdJQ0FnSUNBZ0lDQWdJQ0FnSUNBZ0lDQWdJQ0FnSUNBZ0NpQWdJQ0FnSUNBZ0lDQWdJQ0FnSUNBZ0lDQWdJQ0FnSUNBZ0lDQWdJQ0FnSUNBZ0lDQWdJQ0FnSUNBZ0lDQWdJQ0FnSUNBZ0lDQWdJQ0FnSUNBZ0lDQWdJQ0FnSUNBZ0lDQWdJQ0FnSUNBZ0lDQWdJQ0FnSUNBZ0lDQWdJQ0FnSUNBZ0lDQUtJQ0FnSUNBZ0lDQWdJQ0FnSUNBZ0lDQWdJQ0FnSUNBZ0lDQWdJRHcvZUhCaFkydGxkQ0JsYm1ROUozY25QejcvMndCREFBY0ZCUVlGQkFjR0JRWUlCd2NJQ2hFTENna0pDaFVQRUF3UkdCVWFHUmdWR0JjYkhpY2hHeDBsSFJjWUlpNGlKU2dwS3l3ckdpQXZNeThxTWljcUt5ci8yd0JEQVFjSUNBb0pDaFFMQ3hRcUhCZ2NLaW9xS2lvcUtpb3FLaW9xS2lvcUtpb3FLaW9xS2lvcUtpb3FLaW9xS2lvcUtpb3FLaW9xS2lvcUtpb3FLaW9xS2lyL3dBQVJDQURwQVQ4REFTSUFBaEVCQXhFQi84UUFId0FBQVFVQkFRRUJBUUVBQUFBQUFBQUFBQUVDQXdRRkJnY0lDUW9MLzhRQXRSQUFBZ0VEQXdJRUF3VUZCQVFBQUFGOUFRSURBQVFSQlJJaE1VRUdFMUZoQnlKeEZES0JrYUVJSTBLeHdSVlMwZkFrTTJKeWdna0tGaGNZR1JvbEppY29LU28wTlRZM09EazZRMFJGUmtkSVNVcFRWRlZXVjFoWldtTmtaV1puYUdscWMzUjFkbmQ0ZVhxRGhJV0doNGlKaXBLVGxKV1dsNWlabXFLanBLV21wNmlwcXJLenRMVzJ0N2k1dXNMRHhNWEd4OGpKeXRMVDFOWFcxOWpaMnVIaTQrVGw1dWZvNmVyeDh2UDA5ZmIzK1BuNi84UUFId0VBQXdFQkFRRUJBUUVCQVFBQUFBQUFBQUVDQXdRRkJnY0lDUW9MLzhRQXRSRUFBZ0VDQkFRREJBY0ZCQVFBQVFKM0FBRUNBeEVFQlNFeEJoSkJVUWRoY1JNaU1vRUlGRUtSb2JIQkNTTXpVdkFWWW5MUkNoWWtOT0VsOFJjWUdSb21KeWdwS2pVMk56ZzVPa05FUlVaSFNFbEtVMVJWVmxkWVdWcGpaR1ZtWjJocGFuTjBkWFozZUhsNmdvT0VoWWFIaUltS2twT1VsWmFYbUptYW9xT2twYWFucUttcXNyTzB0YmEzdUxtNndzUEV4Y2JIeU1uSzB0UFUxZGJYMk5uYTR1UGs1ZWJuNk9ucTh2UDA5ZmIzK1BuNi85b0FEQU1CQUFJUkF4RUFQd0Q2Q2kvMXkvV3I5TWwvMUxmU3FGQUU5My9yRitsUWRhdDJuK3JiNjFQUUEyUC9BRlNmN29xTzUvMVA0MVZrL3dCYS93RHZHcExiL1hmaFFCRDlhdDJuK3JiNjFQVlM3LzFnK2xBRnM5RFdiU2o3d3JSb0FwMjMrdUgwcTVVVnovcWZ4cWxRQkpjZjhmRGZoL0ttRHFLdTIvOEF4N3IrUDg2a1AzVFFBVlh1K2kvalZYclZpMDZ0K0ZBRmVyMXYvcUYvSCtkU1ZTdVA5ZTM0ZnlvQXRUZjZsdnBWRE5QaC93QmN2MXEvUUJXdFB2TitGV2FyM2ZSZnhxclFBNS85WTMxTk9oLzF5NDlhdUovcTErZ3BKdjhBVXQ5S0FIMVV1LzhBV2ovZHFDcmRwL3FqL3ZVQVZPdGFDZjZ0Zm9LZFdlL01qZlUwQVdyci9VL2pWT3ByWC9YZmhWeWdDQzAvMVIvM3FtYjdwK2xWYnIvV2ovZHFGZnZqNjBBSm1wN1gvWGZoVnVvYnIvVS9qUUJOVkdmL0FGN2ZXbzZ2UWY2aGFBS2E4c1ByV2hTTjl3L1NzNmdDemVmd2ZqVmFyTm4vQUIvaFZtZ0NGcGtrVW9weVdHQnhVSDJhWDAvV214ZjY1UHJWK2dDdkVSQXBFbkJQUHJUL0FMVEg2L3BVTjMvckYrbFFVQVROQTdzV1VjTWNqbW5SbzBMNzVCZ2RNMVlqL3dCVW4rNktqdWY5VCtOQUMvYVkvWDlLaWxVM0RCb3VRQmcxQjErdFdyVC9BRmJmV2dDRVc4ZzZqajYxWSswUit2NlZLZWhyTit0QUZ1UjFuVFpIeTNXb2ZzMHZwK3RMYmY2NzhLdVVBUUpJc0tCSE9DT3RPKzBSbmpQNlZYdVArUGh2dy9sVVk2aWdDVDdOTDZmclVrUThqSmw0ejBxelZlNzZKOVRRQS83VEg2L3BVTWtiVE9YUVpVOUtnNjFldC84QWozWDhmNTBBUUpFOGJCbkdBdmZOVGZhWS9VL2xUcHY5UzMwcWgxNjBBV1pUOW93SXVkdldvL3MwbnArdFNXbjNuL0NyTkFFSW5SRkNzZVFNSGloNWtrUW9oeXg0SEZWWFA3eHZxYWREL3JsK3RBQy9acGZUOWFsallRS1ZrNEpPZldyRlZMci9BRncvM2FBSnZ0TWZyK2xRR0NSbUxBY0U1SE5RL1N0QlA5V3YwRkFGZU5EQzI2UVlIU3BmdE1mcitsSmRmNm44YXA5ZnJRQllsVXp0dWk1QUdLYUlKRk9TT0J6MXFXMC8xUi8zcW1iN3ArbEFFZjJpUDEvU29ybWVJd014a1ZGWDVtWnpnQWV1VFZmNjE0QiswWjQvbHRFaDhLNlRPeXl5amZkbU04NFBSYUFQb0dGZnRFU3kyN3BMR3d5R1J3UVI5UlZwSlZpUUk1d1IxcjVCOEw2SjhZdkJ1alJhem9kdmZMWU1QTSt6RnQ0WmNkVEdmWVYzbmhYOXBLR2E2K3hlTnRQYXd1QWRyelJxZG9QdXA1RkFIMEdiaU5nUUR5ZU9sVi9zMHZwK3RWTlB2YmJVck8zdmJDWlo3YWRROGNpSElZR3RpZ0N0Ri9vK2ZONDNkS2srMHgrdjZWSGQvd0FINDFXNjlLQUxqUXBHaFpSeU9SelVIMmlUKzkrbFdwZjlTLzBxaFFCYWlVWENscGVTRGdVLzdOSDZmclRiVC9WdDlhbm9BcHRNNk1WVThLY0RpblJ1MDc3Sk9WNjFESi9ybi8zalVsdC9yaDlLQUovczBmcCt0UnlzWUdDeDhBak5XYXFYZitzWDZVQU4rMFNIalA2VlkrelIrbjYxVEhVVm8wQVFTSXNLYm8rRFVQMm1YMS9TcDduL0FGUDQxVG9BdHh4ck1nZHhsajFwMzJlTURnZnJTMi8rb1g4ZjUxSWVob0FwZmFKUFg5S2tpUDJqSWw1MjlLclZadFB2TlFCSjltajlEK2RReVNORTVTTTRVZHNWYnFqY2Y4ZkRmaC9LZ0I2VFBJNFJ6bFR3ZUttK3pSK242MVdoL3dCY3YxcTlRQlhsL2NZOHZqUFdvdnRNdnIrbFMzZlJmeHFyUUJjRUViS0dJNUl5ZWFIaVNOQzZEQkhJNXFSUDlXdjBGSk4vcVcrbEFGWDdSSi9lL1NwWWxFNjdwZVNEaXF0VzdUL1ZIL2VvQWQ5bmo5UDFxQnA1RkpDbmdISFNybFo3L3dDc2I2bWdDYU56TzJ5VGtZelV2MmFQMC9Xb0xYL1hmaFZ5Z0NyS3hnYmJId0NNMDBYRWpFQW5nOGRLVzcvMW8vM2FoWDd3K3RBRlh4UHExajRZOE0zMnNYeENSV3NSZmx1cDdEOFRYeXQ4SzlCdXZpdDhZWnRhMWRXbHRMYVQ3VmNGdVIxK1JQOEFQcFhXL3ROZU8ydXI2MjhGNlhJV0NFUzNtdy9lWS9kVCt0ZXEvQmJ3T3ZnajRlMjBNc1lXL3ZjWEYwMk9ja2NMK0FvQTlCQUNxQUFBQU1BZWxmSEh4dXZyUHhyOFlocDNoZTBTU2FMYmFQSkV2K3ZsenllUFRPTSsxZlJIeG04ZEw0RjhBM0Z4RTRGL2VadDdSYzg3aU9XL0FjMTVKK3pYNEJmVU5SbThaNnNtOUkySzJ1OFozUDhBeE5RQjd4NEo4THgrRlBBK2w2TUNYZXp0d3JzVDFicWYxSnJXKzBTZXY2VmNiN3ArbFoxQUZtTC9BRWpQbTg3ZW5hcFBzMGZwK3RSMm44ZjRWWm9Bb1JmNjVmclYrcXdnTWZ6a2c3ZWFYN1dQN3BvQWJkLzZ3ZlNxOVdTdjJyNWwrWEhITko5a2IrOEtBTEVmK3FUL0FIUlRMbi9VL2pUUHRBakFRcVR0NHpTR1FYQTh0Umc5Y21nQ3Q5S3QybityYjYwejdJMzk0VTROOW0rVWpkbm5pZ0N3ZWhyTjYvV3JYMnBUeHROTit5Ti9lRkFEYmIvWGZoVnlxd2pNQjNzZDNiaWwrMXIvQUhUUUJGY2Y4ZkRmaC9Lb3g5NFZPWVRPZk1Cd0c3R2o3S3cvaUZBRnFxOTMwWDhhUHRZSDhKcENmdFhDL0x0OWFBSzFYcmYvQUk5MS9IK2RRL1pHL3ZDbkNVUUR5eU03ZTRvQWxtLzFMZlNxSFdyUm5FbzhzQWd0eG1tL1pHL3ZDZ0F0T3JmaFZxcXdIMmJsdm0zZWxMOXJYKzZhQUs3OHlOOVRTdy82NWZyVXYyWXY4d1lEZHpTaUF4Zk9TRHQ1b0FzMVV1djlhUDhBZHAvMnNmM1RTRlB0SjNxZHVPTUdnQ3RXZ24rclg2Q3Evd0JrYis4S2Q5cENBS1ZKeHhtZ0IxMS9xZnhxblZrdjlwR3hSdFBYSnBQc2pmM2hRQSswL3dCVWY5NnNqeHI0bnRmQi9nKy8xbThZQmJlTTdGejk5endxajhhMWcvMlliQ04yZWVLK1h2MmtQSGttdTYvYmVFOUtabWd0V0RUS2h6NWtwNEEvQ2dESCtEZmhxNitKdnhhdU5lMWRXbHRMT1Q3WGNzM0laeWZrVDlNL1JUWDErekxIR1dZaFVVWkpQQUFyaC9nLzRKVHdMOFBiT3hkQUwyNC8waTdiSEprWWRQd0dCWFAvQUxRWGo0ZUV2QkIwMnlsMjZscW9NU0JUeWtmOFRmMG9BOFc4ZjYxZWZHajQwUWFScExNMWhieWZaYlVEb0ZCK2VUOGY1QVY5UjZKb2RyNGIwVzEwaXhRSkJheGhCZ2RUamsvaWE4aC9adThDalJ0R2s4VjZuRWZ0ZCtObHNyRDdrV2VXL0UveXIzUXdtWStZRGdOMk5BRUMvZkgxclJxcjltSzhsZ2NjMDc3V1A3cG9BUzcvQUlQeHF0Vmsvd0NsZmQrWGI2MG4yUnY3dy9LZ0NlWC9BRkwvQUVxaDlhbVdaNUdDTWNoamc4VlA5bWo5UDFvQWJhZjZ0dnJVOVZwV01EQlkrQVJuMXFQN1RMNi9wUUEyVC9Xdi92R24yMyt1SDBxWllFZFF6RGxoazgwa2lMQW0rUGcwQVQxVXUvOEFXTDlLYjlvay92ZnBVc1NpNFV0THlRY0NnQ3NPb3JScUw3UEdPUVAxcXY4QWFaUFg5S0FKN24vVS9qVlRyOWFuamRwMzJTY3IxcVg3Tkg2ZnJRQXR2L3FGL0grZFNIb2FxU1NORTVSRGdEcFRmdEVoNHorbEFFWDFxemFmZWI4S2srelIrbjYweVgvUjhlWHhucjNvQXNWU3VQOEFqNGI4UDVVZmFaZlg5S21qaldaQTdqTEhyUUJCRC9ybCt0WHFoZUpJa0xvTUVkT2FnKzBTZXY2VUFTM2ZSUHFhcTlhc3hIN1JrUzg3ZWxTZlpvL1EvblFBOVA4QVZyOUJTVGY2bHZwVll6eUt4VlR3RGpwU3BNOGpoSE9WUEI0b0FoNjFhdFA5VWY4QWVwMzJhUDAvV29wV01EYlkrQVJtZ0MxV2UvOEFyRytwcC8ybVgxL1NweEJHeWhpT1NNbm1nQ0cxL3dCZCtGWEtyeUlJRjNSOEhPS2lOeklQNGgrVkFITi9FenhiYitDdkNONXEwN0R6RmoyUUprWmVRNUFBcjUwK0JQaEc0OGUvRW1meEpxNm1XMHNKUFBrWitSSk1UOHEvaDEvS2o0L2VOWnZHSGplRHc5cGptVzJzWDhzS2g0a2xKd2Z5NlY5RmZDendaRjRHOEJXV21oUUxsMUV0eTJPV2tZYy9sMG9BNnU3dTRiQ3ltdXJwMWpoZ1F1N0hvQUJtdmtCbnUvamg4Y0drSVk2ZEcrQURuRWNDbit2OWE5US9hVytJSDlrYURENFUweVgvQUU3VWh2dU5wNWpoendQcXgvUUd0YjRBK0FZL0MvaEZiNjlpeHFHcEtKSkNSeWlmd3IvV2dEMGl6dEliR3lodGJWQkhGQ2dSRkE0QUF3SzFJUDhBVUxTZlpvL1Q5YWhlVm8zS0ljQWRLQUxUZmRQMHJPK3RUQzRrWWdFOEhqcFUvd0JtajlQMW9BanRQNC93cXpWYVgvUjhlVnh1Njk2aisweSt2NlVBRWNiTElyTXBBQjU0cTE1c2Y5OWZ6b2wvMUxmU3FQWDYwQVQzQU1yZ3gvTUFPMVJlVkovY2I4cXNXbityYjYxUFFCR2tpTEdvWmdDQUFRVFRKMkVrZTFEdU9lZ3F2Si9yWC8zalQ3Yi9BRjM0VUFNOHFUKzQzNVZQQVJFcEVoMmtuak5XS3EzZitzSDBvQW5Nc2VQdmo4NnArVkovY2I4cWFPb3JSb0FxUXFZNU56amFNZDZzZWJIL0FIMS9PbTNQK3AvR3FYMG9BbW1SbmxMSUN5bm9SVEJFK2NsRCtWVzdmL2ozWDhmNTFJZWhvQVo1c2Y4QWZYODZodVAzb1h5L214MXhWZnI5YW50UHZQOEFoUUJGNVVuOXh2eXF6QzZwRUZjaFNPb05UVlN1UDllMzRmeW9Bc1NPcnhzcXNDU09BS3ErVkovY2I4cVdIaVpmclY2Z0N0Qis2TGVaOHVlbWFtODJQKyt2NTFGZDlGL0dxdEFFalJ1WEpDa2duSU9LZEdqTElyTXBBQjVKRldrLzFhL1FVazMrcGI2VUFIbXgvd0I5Znpxdk9ESklER053eGpJcUhyVnEwLzFSL3dCNmdDdjVVbjl4dnlxMnNpQkFDd0JBNTVxU3M5K1pHejZtZ0N6T3drajJ4bmNjOUJYbm54YzhhcDRHOEQzTndHMjMxMHBodFVQWGNlcmZoWGVRdXNUTThoMnFxa3NUMkZmSEh4ZjhZWEh4SCtKSXM5TTNTMjBNdjJXMGpIOFRaeG44VFFCdi9zNStCcFBGUGpXZnhQcXFHU3oweHR5bCtmTnVHNUgxd01rL2g2MTlUNjVyRnBvR2gzZXE2aElJN2UxaU1qayt3NlZqZkRud2hCNEk4RFdHalFnZVlpYjUzQSsvSWVXTmVMZnRMK1BKSjVyYndUcERsMlpoSmViRHl4L2dUK3Y1VUFjZjRHMHU5K00zeG11dGIxU05wTE9LVHo1dTRWUWZrVDlLK3RiV0lXKzBiZkxSVjJnWXdCWEYvQmp3TW5nZjRlMnNFc1lGL2VBWEYyMk9keEhDL2dLN3E2LzFQNDBBUDgyUCsrdjUxVmxSbmxaa1VrSG9SVVZYb1A4QVVMUUJWRWI3Z1NwR0Q2VmI4MlArK3Y1MDV2dW42Vm45ZnJRQll1UDN1M3kvbXhuT08xUStWSi9jYjhxbXMvNC93cXpRQlhOd0pSc0NrRnVNMDM3STM5NFZGRi9yayt0WDZBSzRiN044cmZNVHp4UjlyWCs2YVpkLzZ4ZnBVSFdnQ3diY3lIZUdBM2M0cFJHYmY1Mk9SMDRxZVA4QTFTZjdvcU81L3dCVCtOQURmdFkvdW1rSy9hdm1YNWNjYzFXK3RXN1QvVnQ5YUFHZlpXSE80VTc3V1A3cC9PckI2R3MyZ0N5WkJjRHkxR0QxeWFUN0kzOTRVMjIvMXcrbFhLQUs0bEVBOHNqSlgwbysxS2VOcHFLNC93Q1BodncvbFVZNmlnQ2Y3STM5NFVvSDJibHZtM2VsV2FyM2ZSZnhvQVB0YS8zVFRUQ1p6NWdPQTNZMVg2MWV0LzhBVUwrUDg2QUloQ1l2bkpCQzg0cGZ0WS91bXBadjlTMzBxaDlhQUxKUDJyaGZsMit0SjlrYis4S1cwKzgzNFZab0FyL2FRZzI3U2NjVUdjU2p5d0NDM0dhcnYvckcrcHAwUCt1WDYwQVNmWkcvdkNuQi9zM3lNTnhQUEZXS3FYZit0SCs3UUEvN1d2OEFkTk4rekYvbURBYnVhcjFvSi9xMStnb0E4cCtQUGpCdkJudytsaHRaTVgrcUUyME9PcUxqNW0vTGo4YThyL1pvOEJmMng0am04VmFsRnV0dFBPMjIzRGg1ai9GK0EvVTFsL3RFYTdMNGorTEs2UEMrWXJGVXQwWEl4dmJrbjlhK25mQVBobTI4SStDZE8wbTFDL3VvUVpHSDhia1pKL09nQ2J4cDRvdGZCM2hHL3dCYnZtQVMyakpSYy9mYzhLbytwcjVjK0RlZ1h2eEorTE54NGgxaGZOdDdWemRUczNRdVQ4cS81OUswZjJrZkh6ZUlQRThIaFRTcGQ5bnA3Wm4ySGlXYzhZLzRDT1BxVFh0bndZOEZyNE0rSE50RExIdHZMd2ZhTGc0NXlSd1B3RkFIZC9hbEFBQ0hIYWtML2FSc1ViVDF5YXJacWExLzEzNFVBTyt5Ti9lSDVVNFRDRWJDTTdmU3JGVVovd0RYdFFCTjlxRGNiVHp4VGZzamYzaFVLL2VHUFd0Q2dDc1A5Rys5ODI3MHBmdGEvd0IwMGw1L0IrTlZ1dEFGNlJGV05pcWdFRGdnVlU4eC93QyszNTFha2tSbzJWV0JKSEFCcXI1VW45eHZ5b0FudHdKRUprRzQ1NnR6VTNscC9jWDhxaWdJaVFoL2xPZWhxVHpZL3dDK3Y1MEFWSGRoSXdWbUFCSUFCcDBERjVjT1N3eDBKelRYamRwR0txU0NjZ2dVK0ZTa201d1ZHT3BvQXMrV245eGZ5cXZjSHkzQVE3Ump0eFUvbXgvMzEvT29MZ0dWd1kvbUFIYWdDSVNQbmwyL09ydmxwL2NYOHFwQ0orNk4rVlhQTmovdmo4NkFHVGdKSGxBRk9lbzRyeno0bGZFaC9CRVdtd1dhTGM2aHFOeWtVY1VoT0FwT0MzQjk2OUNuWVNSN1VPNDU2Q3ZtTFh6TjQwL2Ftc05PT1hnMDJkVHNic0l4dlA2aWdENmV0MUVsdWpTS0N4SEpJcDVqVEIrUmZ5cGtMTEhFRmNoU094cDVsang5OGZuUUJUOHgvd0MrMzUxTmJmdkMzbWZOanB1NXFIeXBQN2pmbFUxdis3TEdUNWMrdEFFL2xwL2NYOHFxek15VE1xTVZIWUExWk0wWUdTNmdmV3NPejEvUzlhMVc5dE5Ldkk3cWF6S2lkWXpuWVNPS0FOS0oyYVZRekVnbmtFMWI4dFA3aS9sVldOR1dSV1pTQUQxSXFuY2VMZEF0ZFRUVHA5V3RWdkpHQ3JCNWdMa24yb0EwTGo5MkYyZkxucnQ0cXY1a245OXZ6cWU0L2VoZkwrYkhYRlErVkovY2I4cUFMaXhvVVVsVkpJNU9LYktpckV4VlFDQjFBeFNySWlvQVdBSUhyU1NPcnhzcXNDU09BS0FLbm1QL0FIMi9Pck51QkpHVElOeHpqSjVxdjVVbjl4dnlxV09hSzJVTFBJc2JPMkZEbkJQMG9Bc2VXbjl4ZnlxakxLeWJ5R1lCYzhacTc1c2Y5OWZ6cWpjUk8wY3UxU2NnNDRvQStCdkYrb3ZxZmpUVnI1ajgwMTVJd09mOW80cm9mREh4azhhZUZMT1Mwc05WYWUxZENnaHVoNWdUSXhsU2VRUjlhNUxXVWFMWGI1SEdHVzRrQkhvZHhyMEw0Ui9DSzY4ZDZtbDVxTzYyMGVGZ1pKRHdaZjhBWkZBRjM0TC9BQTYxRHhsNHVqOFFhdWpIVHJlWHpwSlpjL3Y1TTVBSHJ6WDF1ak1DcWhpQU9NWnFHeTBtMDBuVDRMSFNiZFlyV0JBaUpHT0Ivd0RYcXdzYmhobFNNZDhVQVhQTFQrNHY1VkZPQkhIbEJ0T2VvNHFUelkvNzQvT281MkVrZTJNN2pub0tBSzNtUC9mYjg2dHhLcnhLektHSjZraXF2bFNmM0cvS3JVVHFrU3F6QUVkalFBNW8wQ2toRkhIcFZQekgvdnQrZFhHbFFxUUdHY2V0VS9Lay91TitWQUUxdCs4M2VaODJNWTNjNHFmeTAvdUwrVlFXL3dDNjNlWjh1Y1l6VTNteC93Qjlmem9BcHhmNjVQclYrb0RBc1M3d1NTdkl6VFB0Yi8zVm9BTHYvV0w5S3IvU3JLcjlwRzUrQ09PS2Q5a1grODFBRXNmK3FUL2RGTXVmOVQrTlJHNGFQNUFBUXZGQ3lHNFBsc01EcnhRQkIxK3RXclQvQUZiZldqN0l2OTVxYXpmWmp0VG5QUE5BRms5RFdkMTYwWE9yUVdrZSs4bWhnVCs5SzRVZnFhNXpVUGlSNEcweFdOMTRtc3ZsT0NFbERuOUtBT2xqY1JGM2M0Q0lXSjlBQlh6NzhCclVhOThZdkZYaVYvbkVUT2tiRWQzZi9BVm9mRVA5b1hRWU5CdXJId2ZKSmVYdHhHWXhPeTdVakJHQ2ZjMXh2N1BYeEcwWHdmSnF0cDRndVV0ZnRycklremc0eUJnZzRvQStwcmovQUkrRy9EK1ZSRWhQbVk0VWNrbnRVT2o2enBQaVcyTjNwR29RWGlBNFl3T0d3YWwxYlRHdTlGdmJhM2taSlpvSFJHOUNWSUJvQTVUUVBqRDRaOFIrTzdyd3hZWEdab1JpS1pqaEoySDNsWDZmclhXNjNxTnBwVmcxNXFGd2x2YnhBbDVIT0FLK0dMS3gxM3diOFFJSG0wMjdlOHM3b041YW93TXVEMkk2NXIzUnZCM2puNHo2Z2wxNHlrYlE5Q1Fob3JGRDh4K285ZmMwQWNuOFVmajljNng1MmtlRGkxdFpIS1MzWjRlWHQ4dm9LOVQvQUdjdkRaMGY0YmpVN2tadXRWbE16TzNVb09GNS9PdVYrSWY3TlZ0SnB0dlA0REFqdUlFMnl3U3Yvci85cko2R3VaOE5mRFQ0dnJhZjJVMnNYT2o2ZXZ5Rkd1ZUFQWUR0UUIzZnhyK09NSGh1R2J3OTRWbldiVlhHMmU0WGxiWWVnOVcvbFhPZnM4K0RXMVNXNThiYTZYdUxoNUdTMmFVNXlmNG0vcFdaNHovWnp1OVA4TnBlYUJkeTZwcWFFdGRLL1dRZXErOVpuZ0g0emEzNEgwMkh3emQrSFd1aGJrckhHaWxKTWs5eGpubWdENnRTNWhzNEpwN3FWSVlvMTNPN3RnS1ByWGhIeEsvYVJTeWttMHp3S2dubFFsWkw1MXlxL3dDNk8vMXFPYlF2aUg4WHlqNjk1bmh2UUhQRnJ5SGtIdU8vZnJYZEQ0UStHTEx3SmZlSDlOMDZKWkxxRXFidHhtUXYyT2UzUGFnQi93QUgvR3orT1BBTnZkM2o3cjYyYnlMazkyWWRHL0VWMzBQK3VYNjE4bWVBZkhONThGZFoxWFJQRWVtM0VpU09DSTE0K1ljYmhucUNLNnEvK0oveEUrSUc2eThDNkJjNmRiT2RyWFpVN2dQOTQ4RDhLQVBUdmlWOGFOQzhBd1BheFNKZjZ2ajViV05zN0QyTG50WGszd2cxdlh2aVY4VjVkZThRWGJ5eGFmRVhTQldJalJqd0FGL0UxaDZ0K3p4NHYvc2FUVlpycUs5MUp5WGt0bGJMTi93STlUV0Q0VnMvaWQ0YUYzcG5oclNkUXRYdldDU3V0c2QzSEhESHAxb0ErdU5XOFJhUG9VSmwxalU3V3pUSC9MYVVLZnlySVg0MGZEM3pGZ1BpYTAzYmZSc2ZuakZlVGVFLzJkZFc4UVhCMVQ0a2FsUHZrR2ZKV1RkSWZxeDZWMWtIN09YZ2EydnhNOGQ1UEdoLzFUemZLZnJRQjV4cDN3Zy80VGo0cTZ2cUZ0UEhKNGJGMlpoZFFuNVpRM3piVi9PdnBMUzlMczlIMDJHeDAyQllMZUZRcW9veFZyUzdDenNMQ0xUdFB0bzdXMWhYQ1J4TGdDcm4yUmY3elVBRnAvcWovdlZNMzNUOUtyczV0anNUa0hubWsrMU0zQlVjOFVBVit2V3ByWC9YZmhVdjJSUDd6VWpJTGNiMU9UMDVvQXNWUm5QNzlxZjlyZjhBdXJUeENKaDVqRWd0MkZBRlpmdmo2MW8xQjltVlJrTWVPYVo5cmY4QXVyUUF0My9CK05WcXNyL3BXZC9HM3BpbmZaRi92TlFCSkwvcVgrbFVLa2pkbWtVTXhJSjVCTlhQTFQrNHY1VUFSV24rcmI2MVBWVzRQbHVBbnlnaitIaW9mTWsvdnQrZEFCSi9yWC8zalVsdC9ydndxd2lJMGFrcXBKQUpKSFdzRHh2NHAwL3dWNFd1ZFl2eXFpSWZ1MEJ3Wkc3S0tBSnZGbmpMUnZCZWtOcUd1M1FpUUE3SXh5OGg5Rkhldk1QN2YrSTN4S3hONGZ0MThMYUxJUDNkM2NMdW5rWDFVZHF6dkFIaFhVZmlKcTYrTy9IZ2FSR1luVDdHVE8yTk04SEIvd0FtdmRMVkZNV0NvSVhnREhRZWxBSGtjUHdKMHU5Znp2Rld0NnJyVTdFTXhsdUNxNTc0QXJvNFBnVjhPN2VJSVBEc1Q0L2lra2RpZnh6WGZtTk1INUYvS3FmbU9mNDIvT2dEd1Q0KytBL0IzaEg0ZEM1MFRSYld6dnA3cEkwa1RPNERxY2MrZ3JCK0JQd24wYnhKb2MrdWVKYlVYY2J1WTRJV1loUmpxVGlyL3dDMUhxcnpUYUZvNnR1Skx6RWJ1Y241UngrZGUzZkRidzlINGMrSGVrYWVZZ3JyYnE4bVFNN21HVC9PZ0NuNFgrRlhoZnd0cWgxUFE3YTR0Sm40S1IzTGhQOEF2bk5kdWVocW5NeFNabFFsUjJBT0tZSkh6eTdmblFCQ1lZbWszdEVoYis4VkdhdVduVnZ3cWZ5MC91TCtWUTNIN3NMcytYUFhieFFCWXFsY2Y4ZkRmaC9LbWVZLzk5dnpxMUNxdkNyT29ZbnFTTTBBVjRmOWN2MXF3YksxTTNtbTJoTW45OG9NL25TeW9xeE1WVUFnY0VDcXZtUDJkdnpvQW51L3VwK05WYXMyMzd3dDVuelk2YnVhbjh0UDdpL2xRQlRuMGpUcjVvNWIyd3Q3aVJBTnJ5eEJpUHhOV0dpaml0bVdKRlJjZEZHQlZkbmNPUUdZWVBBQnBZblpwVkRNU0NlUVRRQkZWdTEvMVIvM3FsOHRQN2kvbFZhNEpqa0FRN1JqK0hpZ0MzV2Uvd0RyRytwbzh5VCsrMzUxZFdOQ2lrcXBKSEp4UUJYdGY5ZCtGVzZnbkFqanlnQ25QVURGVnZNZisrMzUwQVMzZit0SCs3VUsvZUgxcTFiZ1NSa3lEY2M0eWVha2FOQXB3aTlQU2dCOVEzWCtwL0dxM21PZjQyL09wTGNsNU1PU3d4MFBOQUVGWG9QOVF0Tzh0UDdpL2xWU1ZtV1ZsVmlvSFFBNG9BdU45MC9TczZuaVI5d0JadXZyVjN5MC91TCtWQUVGcC9IK0ZXYXJYUDd2YjVmeTV6bmJ4VUhtUC9mYjg2QUpWaGRHRHRqQ25KNXFiN1RINy9sVHBmOEFVdjhBU3FQWDYwQVR5S2JoZzBmUWNjMDM3Tko3Zm5VdHAvcTIrdFQwQVFyT2lLRmJPVkdEeFhoSGlvU2ZGLzR5UitHN2VRdG9PaGZQZVlQeXl2M0g5SzlWOFk2eXZoL3d2cW1wdi95N3d1eS83M2I5YTVqNEkrR3BORzhJcHFOK3YvRXkxZGpkM0ROMStia0Q4cUFPL2cwLzdOYnh3UVJwSEZHb1JFWGdBRG9Lc1JzTGRTc25VblBGV0txM2Yrc1g2VUFTZmFZenh6K1ZRL1pwUGI4NmlIVWZXck9vWHNXbTZaYzN0d2RzVnZFMHJuMlVab0ErWnZGZGwvd25mN1VWcnBXQTl0cHhRVEZXQkFWQnZiL0RGZlRhM0VTcUZYSUFHQUFPbGVEZkFIU1pkWHYvQUJENDd2MS9lNmpjc2tKSTZBdGs0L1FmaFh0M1dnQ1o0bW1jeUo5MDlNMG4yYVFkUU9QZXJGdi9BTWU2L2ovT3BEME5BRVgybVAzL0FDcU9RL2FNQ1A4QWg2NXF0MTYxWnRQdlArRkFEUHMwbm9QenFWSkZoUUkrY2lwNnBYSC9BQjhOK0g4cUFKbW1TVlNpWnkzQTRxTDdOSjdmblRZZjljdjFxOVFCV2pIMmZKazQzZWxQKzB4K3AvS20zZlJQeHFyUUJNYmQyWXNNWUp5T2Fjc0xSc0hmb3ZYQnF3bityWDZDa20vMUxmU2dCbjJtUDMvS281Rk53MjZQb0JqbW9PdjFxMWFmNm8vNzFBRVgyYVR1QitkVENkRVVLMmNnWVBGVFZudi9BS3hzK3BvQXNTT0oxMlI5YzU1cVA3Tko2RDg2TFgvWGZoVnlnQ3ZHd3QxS3lkU2M4VTQzRWJBZ1p5ZU9sUlhYK3VIKzdVSy9lSDFvQWwrelNlMzUwNk5EQTIrVHBqSEZXcWh1djlUK05BQjlwajlUK1ZSUEUwckYwKzZlbWFnNjFlZy8xQzBBUUMzY1lKeHh6MXFiN1RINy9sVWpmZFAwclA2MEFXSlA5Sng1WDhQWE5NK3pTZWcvT24ybjhmNFZab0FxaTRhVTdDQUEzSEZQK3lKL2VhcThRL2VxZmVyK1I2MEFWbWI3TWRxODU1NXB2MnQvN3EwWFhNZ3h6eFVPRDZVQWNMOFhVKzI2Vm8raUkySDFuVVlvbUdjRGFEdWI5QlhmeFd5YWZheHBEOTJOUWlyNkFERmVkZUtiaU85K09QZzNUR0c3N0xiVFhiRFBBT05vUDg2OUx1ZVllUFdnQ1A3Vy93RGRXbFZmdEkzUHdSeHhWZkI5RFZxMTRqYlByUUFmWlZITzQxNVQ4ZVBFbHpGNE5qOE82Wjgyb2E1TXRzaUlmbTI1NTQvU3ZXYmllSzN0NUpwNUZTT05Tek1Ud0FPOWVIK0RVZjRqZkZLODhYem96YVZwUk52cDRZY00zZHFBUFR2QlBoK0x3MTRQMDdRb2dvRnRDQkl5L3dBVDQrWS9uVy85a1grODFSV3d4Tm50aXJtUjYwQVZXbE1ER05RQ0Y5YVQ3VXg0MmltM0hNN1k5djVWR0FjamlnQzE5a1QrODFOYi9Sc2JlZDNyVm5JOWFyM2ZJWEhOQURQdGIvM1ZwNnhDZGZNWWtGdXdxdGcrbFhMYzRnWFB2L09nQmhoRUtsd1NTdk9EVGZ0Yi93QjFhbW1PWVd4NlZTd2ZTZ0N3cCsxY1B4dDlLZDlrWCs4MU50ZUMyYXM1SHJRQlZOeXlmS0FNTHhRSjJsUGxzQUEzSEZRdUQ1allIYzA2RWZ2bFB2UUJQOWtUKzgxTlp6YkhZdklQUE5XY2oxcXBkY3lqSFB5MEFIMnQvd0M2dFBGc3JqY1NjdHpWYkJQYXI2RWVXdlBZVUFRc2d0eHZVNTdjMHo3Vy93RGRXcGJubUhqbm1xbUQ2VUFXRlFYSTN2d1J4eFR2c3lyeUdQSE5GcnhFYzhmTlV6RWJUejJvQXJmYTIvdXJRcm01T3h1QjE0cURCOUttdGhpWDhLQUpQc2kvM21waG1NSk1hZ0VMNjFheVBXcU0rZk9iRkFFbjJwbTRLam5pbi9aRS92TlZaUWR3NDcxb1pIclFCV2IvQUViR3puZDYwMzdXL3dEZFduWGZPekhQV3ErRDZVQVhwZjhBVXQ5S285ZWxXbW1TUlNpNXkzQTRxTDdOSjdmblFCTGFmNnR2clU5VjQyRnVDc25CUFBGTysweCtwL0tnRHdlZlZ4ZC90ZE5iRnd5MmxsOW5VQTlDVjNuL0FOQ3IzSzIvMTM0VjhtRFdUcG43VjE3ZFNTN1ZmVjNpWm0vdW41Ui9TdnJXTkRDd2QrbnFLQUxWVkx2L0FGZ3o2VXR4cVZyYVFOTmN5ckZHZ3l6dWNBVjROOFN2alhMck44UERIdzRWN3U4bi9kUGR4ak9DVGpDLzQwQVdmaWg0dHZQRmV1US9EendhL21UM1Q3ZFF1WXprUXAzSCtQTmV4K0ZmRGRuNFQ4TjJlajZjdUlyYU1LV3h5N2QyUDFOY1A4Si9oWVBBK2ttNzFIRSt0WGczM016SEpYUE8wR3ZTdnRNZnYrVkFCYy82bjhhcGZTclVrZ25YWkgxNjgxSDltazlCK2RBRmkzLzQ5MS9IK2RTSG9hZ1NSWVVDUG5JNjB2Mm1NOGMvbFFCVTYvV3A3VHEzNFUzN05KN2ZuVDR4OW5KTW44WHBRQlpxbGNmNjl2dy9sVS8ybVAxUDVWRThUVE9aRSs2ZW1hQUk0ZjhBWEw5YXYxVVdKbzJEdmpDKzlUZmFZL2Y4cUFHWGZSZnhxclZtUS9hTUNQOEFoNjVwbjJhVDBINTBBV2svMWEvUVVrMytwYjZVd1RvaWhUbkk0NlVqVEpLcFJNNWJnY1VBVlBwVnUwLzFSLzNxaSt6U2UzNTFKR3d0MUt5Y0VuUEZBRmlzOStaRytwcTE5cGo5VCtWUW0zZG1MREdDY2ptZ0F0ZjlkK0ZYS3F4b1lHM3lkT25GU2ZhWS9mOEFLZ0NLNi8xby93QjJvVisrUHJVOGltNGJkSDBBeHpUUmJ5THlRTURuclFCY3FHNi8xUDQwdjJtUDMvS21TT0oxMlI5YzU1b0FxMWVnL3dCUXRWL3Mwbm9QenFWWlZpUUkrY2pyUUJNMzNEOUt6K3RXemNSc0NCbko0NlZEOW1rOXZ6b0FmWi94L2hWbXEwZitqNTh6amQweFQvdE1mcWZ5b0FyUmY2NVByVitvWGlTTkN5akJBeU9hZyswUy93Qjc5QlFBNjcvMWkvU29LdFJLSjFMUy9NUWNEdFVuMmVMKzcrcG9BK2VQalI4Rjc2ZlUyOFllRFVkN3BpSnJtM1Q3Mi9ydldzR0g5cGZ4VHBtang2WnFmaDIzbHY0RkNOY1NzNkZzY1pLWTYvalgwNjAwaXNWVnVGT0FNQ3FFbWg2VHFWMEpML1RMTzRmcnZrZ1VuODhVQWZKeTNQeFArTU9vQ0ZudUJhc1JuQ0dLQ01mMXI2QitGWHdoMGp3QlovYUh4ZTZxL3dEckxseDkzMlgwRmVoeFdOckJHRWdoV05CMFZCZ0NteXNZR0N4SGFDTSt0QUZvOURXYjlhbCswU2s0TGZvS3MvWjR2N3Y2bWdDdmJmNjc4S3VWQktpd3B1akcwNTY5YWgrMFMvM3YwRkFCY2Y4QUh3MzRmeXFNZFI5YXRSeHJMR0hrR1dQVTVwM2tSZ2NMK3BvQWxxdmQ5RS9Hb3Z0RXY5NzlCVWtKODhuemZteDA3VUFWdXRYcmYvajNYOGY1MGZaNHY3djZtb0pKR2lrS1JuQ2pvTVVBV0p2OVMzMHFoOWFtU1Y1SENPY3Flb3hWajdQRi9kL1UwQVJXbjNuL0FBcXpWZWI5eGp5dmx6MTcxRjlvbC92Zm9LQUdQL3JHK3BwMFArdVg2MVpXQ05sRE11U1JrODBqeEpHaFpCZ2prSE5BRTFWTHYvWEQvZHB2MmlYKzkrZ3FXSlJPcGFVYmlEalBTZ0NyV2duK3JYNkNtL1o0djd2Nm1xN1RTS3hDdHdEam9LQUpyci9VL2pWUHJWaUp6TSsyVTdseG5IU3B2czhYOTM5VFFBeTAvd0JVZjk2cG0rNmZwVmFWakMrMkk3UVJuSFdtQ2VRc0FXNFBYZ1VBUmZXcHJYL1hmaFZqN1BGL2QvVTB5VlJDbTZQNVRuSHJRQlBWR2Y4QTE3VXYyaVgrOStncWVPSkpZdzdqTEhxYzBBVkYrOFByV2pVUmdqVlNRdklIclZmN1JML2UvUVVBU1hmOEg0MVc2MVpoL2Y1ODM1dHZUdFV2MmVMKzcrcG9BV1UvdVcrbFVjSDBwMFgrdVQ2MWZvQWd0ZUl6bjFxZkk5YXEzZjNoOUtyMEFQa0I4MXNmM2pUN2JpWUU4Y1Zhai8xU2Y3b3BseC9xdnhvQWx5UFdxbDF6SU1jOFZCVnUwLzFiZldnQ3FBY2ppdEhJOWFEME5aeDYwQVc3bm1IajFxcGcraHFXMi8xMzRWY29BaWc0Z1VIMy9uVWhJd2VhcDNIK3ViL1Bhb2gxRkFDNFBwVmkxNExaNHF6VmU3KzZ2NDBBV01qMXFsY2N6dGoyL2xVVlhyZi9BSTkxL0grZEFGV0VmdmxKNDVxOWtldE1sLzFUVlFQV2dDMWQ4aGNjMVd3ZlNwN1RxMzRWYW9BYWhIbHJ6MkZObU9ZV3g2VlRrLzFqZldsaC93QmN2MW9BYmcrbFdyWGlJNTlhbnFwZC93Q3NIMEg5YUFMZVI2MW51RDVqWTlUVGEwRS8xYS9RVUFWcmJpWFBUaXJlUjYxRmMvNnI4YXBVQVQzWE1veHo4dFJLUG1HZldyTnAvcWovQUwxVE45MC9TZ0JjajFxRzU1aDQ1NXFvMzNqVXRyL3J2d29BaXdmU3JzQnhDdk5TVlN1UDljYUFMakViVHoyclB3ZlNoZnZENjFvMEFWclRqZm5qcFZuSTlhclhmOFA0L3dCS3JVQWYvOWs9Ii8+PGJyLz4NCgkJCQkJCQkJPC9kaXY+DQoNCgkJCQkJCQk8L3RkPg0KCQkJCQkJCTx0ZCB3aWR0aD0iMzAwIiBhbGlnbj0iY2VudGVyIiB2YWxpZ249Im1pZGRsZSI+DQoJCQkJCQkJCTxpbWcgc3R5bGU9IndpZHRoOjIyMHB4OyIgYWxpZ249InJpZ2h0IiBhbHQ9IkNvbXBhbnkgTG9nbyIgc3JjPSJkYXRhOmltYWdlL2pwZWc7YmFzZTY0LC85ai80QUFRU2taSlJnQUJBUUFBQVFBQkFBRC8vZ0ErUTFKRlFWUlBVam9nWjJRdGFuQmxaeUIyTVM0d0lDaDFjMmx1WnlCSlNrY2dTbEJGUnlCMk5qSXBMQ0JrWldaaGRXeDBJSEYxWVd4cGRIa0svOXNBUXdBSUJnWUhCZ1VJQndjSENRa0lDZ3dVRFF3TEN3d1pFaE1QRkIwYUh4NGRHaHdjSUNRdUp5QWlMQ01jSENnM0tTd3dNVFEwTkI4bk9UMDRNand1TXpReS85c0FRd0VKQ1FrTUN3d1lEUTBZTWlFY0lUSXlNakl5TWpJeU1qSXlNakl5TWpJeU1qSXlNakl5TWpJeU1qSXlNakl5TWpJeU1qSXlNakl5TWpJeU1qSXlNakl5LzhBQUVRZ0JrQUdRQXdFaUFBSVJBUU1SQWYvRUFCOEFBQUVGQVFFQkFRRUJBQUFBQUFBQUFBQUJBZ01FQlFZSENBa0tDLy9FQUxVUUFBSUJBd01DQkFNRkJRUUVBQUFCZlFFQ0F3QUVFUVVTSVRGQkJoTlJZUWNpY1JReWdaR2hDQ05Dc2NFVlV0SHdKRE5pY29JSkNoWVhHQmthSlNZbktDa3FORFUyTnpnNU9rTkVSVVpIU0VsS1UxUlZWbGRZV1ZwalpHVm1aMmhwYW5OMGRYWjNlSGw2ZzRTRmhvZUlpWXFTazVTVmxwZVltWnFpbzZTbHBxZW9xYXF5czdTMXRyZTR1YnJDdzhURnhzZkl5Y3JTMDlUVjF0ZlkyZHJoNHVQazVlYm42T25xOGZMejlQWDI5L2o1K3YvRUFCOEJBQU1CQVFFQkFRRUJBUUVBQUFBQUFBQUJBZ01FQlFZSENBa0tDLy9FQUxVUkFBSUJBZ1FFQXdRSEJRUUVBQUVDZHdBQkFnTVJCQVVoTVFZU1FWRUhZWEVUSWpLQkNCUkNrYUd4d1Frak0xTHdGV0p5MFFvV0pEVGhKZkVYR0JrYUppY29LU28xTmpjNE9UcERSRVZHUjBoSlNsTlVWVlpYV0ZsYVkyUmxabWRvYVdwemRIVjJkM2g1ZW9LRGhJV0doNGlKaXBLVGxKV1dsNWlabXFLanBLV21wNmlwcXJLenRMVzJ0N2k1dXNMRHhNWEd4OGpKeXRMVDFOWFcxOWpaMnVMajVPWG01K2pwNnZMejlQWDI5L2o1K3YvYUFBd0RBUUFDRVFNUkFEOEE5K29vcENjVWdGb3BOMUdhQUZvb3pTWm9BV2lrelJtZ0JhS1ROR2FBRm9wTTBab0FXaWt6Um1nQmFLVE5HYUFGb3BNMFpvQVdpa3pSbWdCYUtUTkdhQUZvcE0wWm9BV2lrelJtZ0JhS1ROR2FBRm9wTTBab0FXaWt6Um1nQmFLVE5HYUFGb3BNMFpvQVdpa3pSbWdCYUtUTkdhQUZvcE0wWm9BV2lrelJtZ0JhS1ROR2FBRm9wTTBab0FXaWlpZ0FwcmRLZFNNTWlnRHkvd0FaZkZPZlE5WmswelRMT0dhU0hBbGxtSkl6NkFEOE9jMXp2L0M2TmQvNThkUC9BTytYL3dEaXE1ang1L3lQZXMvOWZIOUJYYWVGL2hWcG11K0c3TFU1dFF2WTVKMExNaWJNRGtqaksrMWNYTlZuTnFMMlByMWhzdXd1RnAxYThMOHhTLzRYVHJ2L0FENDZmLzN5L3dEOFZSL3d1blhmK2ZIVC93RHZsLzhBNHF1ay93Q0ZKNlAvQU5CVFVQOEF4ei80bWovaFNlai9BUFFVMUQveHovNG1xNUsvY3grczVML0orWnpmL0M2ZGQvNThkUDhBKytYL0FQaXFQK0YwNjcvejQ2Zi9BTjh2L3dERlYwbi9BQXBQUi84QW9LYWgvd0NPZi9FMGY4S1QwZjhBNkNtb2YrT2YvRTBjbGZ1SDFuSmY1UHpPYi80WFRydi9BRDQ2Zi8zeS93RDhWUi93dW5YZitmSFQvd0R2bC84QTRxdWsvd0NGSjZQL0FOQlRVUDhBeHovNG1qL2hTZWovQVBRVTFEL3h6LzRtamtyOXcrczVML3o3L001di9oZE91LzhBUGpwLy9mTC9BUHhWSC9DNmRkLzU4ZFAvQU8rWC93RGlxNlQvQUlVbm8vOEEwRk5RL3dESFAvaWFQK0ZKNlA4QTlCVFVQL0hQL2lhT1N2M0Q2emt2OG41bk4vOEFDNmRkL3dDZkhULysrWC8rS28vNFhUcnYvUGpwL3dEM3kvOEE4VlhTZjhLVDBmOEE2Q21vZitPZi9FMGY4S1QwZi9vS2FoLzQ1LzhBRTBjbGZ1SDFuSmY1UHpPYi93Q0YwNjcvQU0rT24vOEFmTC8vQUJWSC9DNmRkLzU4ZFA4QSsrWC9BUGlxNlQvaFNlai9BUFFVMUQveHovNG1qL2hTZWovOUJUVVAvSFAvQUltamtyOXcrczVML0orWnpmOEF3dW5YZitmSFQvOEF2bC8vQUlxai9oZE91LzhBUGpwLy9mTC9BUHhWZEovd3BQUi8rZ3BxSC9qbi93QVRSL3dwUFIvK2dwcUgvam4vQU1UUnlWKzRmV2NsL3dDZmY1bk4vd0RDNmRkLzU4ZFAvd0MrWC84QWlxUCtGMDY3L3dBK09uLzk4djhBL0ZWMG4vQ2s5SC82Q21vZitPZi9BQk5IL0NrOUgvNkNtb2YrT2Y4QXhOSEpYN2g5WnlYL0FKOS9tYzMvQU1McDEzL254MC8vQUw1Zi93Q0tvLzRYVHJ2L0FENDZmLzN5L3dEOFZYU2Y4S1QwZi9vS2FoLzQ1LzhBRTBmOEtUMGYvb0thaC80NS93REUwY2xmdUgxbkpmNVB6T2IvQU9GMDY3L3o0NmYvQU44di93REZVZjhBQzZkZC93Q2ZIVC8rK1gvK0tycFArRko2UC8wRk5RLzhjLzhBaWFQK0ZKNlAvd0JCVFVQL0FCei9BT0pvNUsvY1ByT1Mvd0FuNW5OLzhMcDEzL254MC84QTc1Zi9BT0tvL3dDRjA2Ny9BTStPbi84QWZMLy9BQlZkSi93cFBSLytncHFIL2puL0FNVFIvd0FLVDBmL0FLQ21vZjhBam4veE5ISlg3aDlaeVgrVDh6bS8rRjA2Ny96NDZmOEE5OHYvQVBGVWY4THAxMy9ueDAvL0FMNWYvd0NLcnBQK0ZKNlAvd0JCVFVQL0FCei9BT0pvL3dDRko2UC9BTkJUVVA4QXh6LzRtamtyOXcrczVML0orWnpmL0M2ZGQvNThkUDhBKytYL0FQaXFQK0YwNjcvejQ2Zi9BTjh2L3dERlYwbi9BQXBQUi84QW9LYWgvd0NPZi9FMGY4S1QwZjhBNkNtb2YrT2YvRTBjbGZ1SDFuSmY1UHpPYi80WFRydi9BRDQ2Zi8zeS93RDhWUi93dW5YZitmSFQvd0R2bC84QTRxdWsvd0NGSjZQL0FOQlRVUDhBeHovNG1qL2hTZWovQVBRVTFEL3h6LzRtamtyOXcrczVML0orWnpmL0FBdW5YZjhBbngwLy92bC8vaXFQK0YwNjcvejQ2ZjhBOTh2L0FQRlYwbi9DazlIL0FPZ3BxSC9qbi94TkgvQ2s5SC82Q21vZitPZi9BQk5ISlg3aDlaeVgrVDh6bS84QWhkT3Uvd0RQanAvL0FIeS8vd0FWUi93dW5YZitmSFQvQVB2bC93RDRxdWsvNFVuby93RDBGTlEvOGMvK0pvLzRVbm8vL1FVMUQveHovd0NKbzVLL2NQck9TL3lmbWMzL0FNTHAxMy9ueDAvL0FMNWYvd0NLby80WFRydi9BRDQ2Zi8zeS93RDhWWFNmOEtUMGYvb0thaC80NS84QUUwZjhLVDBmL29LYWgvNDUvd0RFMGNsZnVIMW5KZjVQek9iL0FPRjA2Ny96NDZmL0FOOHYvd0RGVWY4QUM2ZGQvd0NmSFQvKytYLytLcnBQK0ZKNlAvMEZOUS84Yy84QWlhUCtGSjZQL3dCQlRVUC9BQnovQU9KbzVLL2NQck9TL3dEUHY4em0vd0RoZE91LzgrT24vd0RmTC84QXhWSC9BQXVuWGY4QW54MC8vdmwvL2lxNlQvaFNlai85QlRVUC9IUC9BSW1qL2hTbWovOEFRVTFEL3dBYy93RGlhT1N2M0Q2emt2OEFKK1p6Zi9DNmRkLzU4ZFAvQU8rWC93RGlxUDhBaGRPdS93RFBqcC8vQUh5Ly93QVZYU2Y4S1QwZi9vS2FoLzQ1L3dERTBmOEFDazlIL3dDZ3BxSC9BSTUvOFRSeVYrNGZXY2wvNTkvbWMzL3d1blhmK2ZIVC93RHZsLzhBNHFqL0FJWFRydjhBejQ2Zi93Qjh2LzhBRlYwbi9DazlILzZDbW9mK09mOEF4TkgvQUFwUFIvOEFvS2FoL3dDT2YvRTBjbGZ1SDFuSmY1UHpPYi80WFJydi9QanAvd0QzeS84QThWV3I0ZCtMMTNlNnpCYWFuWlFMRmNPSTFlRElLc1RnWkJKeUt1djhGZEhSU2Y3VXY4QVo1MmYvQUJOZVNhRHo0aDB2UC9QM0QvNkdLbHlxd2tydmMzcDBNc3hkS282RUxPSzh6NnNISXpSU0wwRkxYYWZIaFNIcFMwaDZVQWZNM2p6L0FKSHpXZjhBcjQvb0s5eStIZy80b0xTZit1Ui85Q05lRytQUCtSNzFuL3I0L29LOXorSGYvSWc2VC8xeVAvb1Jya29meFpIMU9iLzhpNmg4dnlPbXhSaWxvcnJQbGhNVVlwYUtBRXhSaWxvb0FURkdLV2lnQk1VWXBhS0FFeFJpbG9vQVRGR0tXaWdCTVVZcGFLQUV4Umlsb29BVEZHS1dpZ0JNVVlwYUtBRXhSaWxvb0FURkdLV2lnQk1VWXBhS0FFeFJpbG9vQVRGR0tXaWdCTVVZcGFLQUV4Umlsb29BVEZHS1dpZ0JNVVlwYUtBRXhSaWxvb0FqbEg3dHUvQnI1WDBIL2tZdEwvNis0djhBME1WOVZTZjZ0dnBYeXBvUC9JeGFYLzE5eGY4QW9Zcmx4SHhSUHBNaC9oVi9UL00rckY2Q2xwRjZENlV0ZFI4MkZJZWxMU0hwUUI4emVQUCtSNzFuL3I0L29LOXorSGYvQUNJT2svOEFYSS8raEd2RFBIbi9BQ1Blcy84QVh4L1FWN244Ty84QWtRZEovd0N1Ui84QVFqWEpRL2l5UHFjMi93Q1JkUStYNUhUMFVVVjFueXdVVVVVQUZGRkZBQlJSUlFBVVVVVUFGRkZGQUJSUlJRQVVVVVVBRkZGRkFCUlJSUUFVVVVVQUZGRkZBQlJSUlFBVVVVVUFGRkZGQUJSUlJRQVVVVVVBRkZGRkFCUlJSUUFVVVVVQUZGRkZBRFpQOVczMHI1VTBIL2tZdEwvNis0di9BRU1WOVZ5ZjZ0dnBYeXBvUC9JeGFYLzE5eGYraHJYTGlQaWo2bjBtUS93YS9vdjFQcXhlZytsTFNMMEgwcGE2ajVzS1J1bExTTjBvQStadkhuL0k5NnovQU5mSDlCWHVmdzcvQU9SQjBuL3JrZjhBMEkxNFo0OC81SHZXZit2aitncjNQNGQvOGlEcFAvWEkvd0RvUnJrb2Z4WkgxT2IvQVBJdW9mTDhqcDZLS0s2ejVZS0tLS0FDaWlpZ0FyTXVQRVdpMms3d1hHcldNTXlIRFJ5WENLeW4zQk5hZGZNL2o0LzhWM3EvL1hmK2dyS3JVOW1ybnBaWmdGamFycHVWcks1OUFmOEFDVmVIditnNXAzL2dVbitOSC9DVStIditnNXAzL2dVbitOZkxlVFJrMXovVzMyUGMvd0JWNC84QVB6OFArQ2ZVbi9DVStIditnNXAzL2dVbitOSC9BQWxQaDcvb09hZC80Rkovalh5M2swWk5IMXQ5Zy8xWGovejgvRC9nbjFKL3dsWGg3L29PYWQvNEZKL2pSL3dsWGg3L0FLRG1uZjhBZ1VuK05mTGVUUmswZlczMkQvVmVQL1B6OFA4QWduMUovd0FKVDRlLzZEbW5mK0JTZjQwZjhKVjRlLzZEbW5mK0JTZjQxOHQ1TkdUUjliZllQOVY0L3dEUHo4UCtDZlVuL0NWZUh2OEFvT2FkL3dDQlNmNDBmOEpWNGUvNkRtbmYrQlNmNDE4dDVOR1RSOWJmWVA4QVZlUC9BRDgvRC9nbjFKL3dsWGg3L29PYWQvNEZKL2pSL3dBSlY0ZS82RG1uZitCU2Y0MTh0NU5HVFI5YmZZUDlWNC84L1B3LzRKOVNmOEpUNGUvNkRtbmYrQlNmNDBmOEpUNGUvd0NnNXAzL0FJRkovalh5M2swWk5IMXQ5Zy8xWGovejgvRC9BSUo5U2Y4QUNVK0h2K2c1cDMvZ1VuK05IL0NVK0h2K2c1cDMvZ1VuK05mTGVUUmswZlczMkQvVmVQOEF6OC9EL2duMUovd2xQaDcvQUtEbW5mOEFnVW4rTkgvQ1UrSHYrZzVwMy9nVW4rTmZMZVRSazBmVzMyRC9BRlhqL3dBL1B3LzRKOVNmOEpUNGUvNkRtbmYrQlNmNDBmOEFDVStIditnNXAzL2dVbitOZkxlVFJrMGZXMzJEL1ZlUC9QejhQK0NmVW4vQ1UrSHYrZzVwMy9nVW4rTkgvQ1UrSHY4QW9PYWQvd0NCU2Y0MTh0NU5HVFI5YmZZUDlWNC84L1B3L3dDQ2ZVbi9BQWxQaDcvb09hZC80RkovalIvd2xQaDcvb09hZC80Rkovalh5M2swWk5IMXQ5Zy8xWGovQU0vUHcvNEo5U2Y4SlQ0ZS93Q2c1cDMvQUlGSi9qUi93bFhoNy9vT2FkLzRGSi9qWHkzazBaTkgxdDlnL3dCVjQvOEFQejhQK0NmVjFscTJuYWtYK3czMXRjN01iL0psVjl1ZW1jSGlydGVQZkJIbVhXL3BCLzdVcjJBREZkZE9mUEhtUG04YmhsaHE4cUtkN0RxS0tLbzVRb29vb0FLS0tLQUd5ZjZ0dnBYeXBvUC9BQ01XbC84QVgzRi82R0srcTVQOVczMHI1VTBIL2tZdEwvNis0djhBME1WeTRqNG8rcDlKa1A4QUNyK2kvVStyRjZENlV0SXZRZlNscnFQbXdwRzZVdEkzU2dENW04ZWY4ajNyUC9YeC9RVjduOE8vK1JCMG4vcmtmL1FqWGhuanova2U5Wi82K1A2Q3ZjL2gzL3lJT2svOWNqLzZFYTVLSDhXUjlUbS8vSXVvZkw4anA2S0tLNno1WUtLS0tBQ2lpaWdBcjVtOGZmOEFJOWF2L3dCZC93Q2dyNlpyNW04ZmY4ajFxLzhBMTMvb0s1Y1Y4S1BvdUd2OTVsNmZxam5LS0tLNEQ3aGJCUlJSU0FLS0tLQUNpaWlnQW9vb29BS0tLS0FDaWlpZ0Fvb29vQUtLS0tBQ2lpaWdBb29vb0FLS0tLQUNpaWltZ1BXL2doL3JkYitrSC9zOWV3VjQvd0RCRC9XNjM5SVAvWjY5Z3IxTVAvRFIrYzUxL3YxVDVma0xSUlJXcDVZVVVVVUFGRkZGQURaUDlXMzByNVUwSC9rWXRMLzYrNHYvQUVNVjlWeWY2dHZwWHlwb1AvSXc2Wi8xOXhmK2hpdVhFZkZIMVBwTWgvaFYvUmZxZlZpOUI5S1drWG9QcFMxMUh6WVVqZEtXa2JwUUI4emVQUDhBa2U5Wi93Q3ZqK2dyM1A0ZC93RElnNlQvQU5jai93Q2hHdkRQSG4vSTk2ei9BTmZIOUJYdWZ3Ny9BT1JCMG4vcmtmOEEwSTF5VVA0c2o2bk4vd0RrWFVQbCtSMDlGRkZkWjhzRkZGRkFCUlJSUUFWOHplUHYrUjYxZi9ydi9RVjlNMTh6ZVB2K1I2MWYvcnYvQUVGY3VLK0ZIMFhEWCs4eTlQMVJ6bEZGRmNCOXd0Z29vb3BBRkZGRkFCUlJSUUFVVVVVQUZGRkZBQlJSUlFBVVVVVUFGRkZGQUJSUlJRQVVVVVVBRkZGRkFCUlJSVFFIcmZ3US93QmJyZjBnL3dEWjY5Z3J4LzRJZjYzVy9wQi83UFhzRmVwaC93Q0dqODV6ci9mcW55L0lXaWlpdFR5d29vb29BS0tLS0FHeWY2dHZwWHlwb1A4QXlNT21mOWZjWC9vYTE5VnlmNnR2cFh5cG9QOEF5TU9sL3dEWDNGLzZHSzVjUjhVZlUra3lIK0RYOUYrcDlXTDBIMHBhUmVnK2xMWFVmTmhTTjBwYVE5S0FQbWJ4NS95UGVzLzlmSDlCWHVmdzcvNUVIU2YrdVIvOUNOZUdlUFArUjcxbi9yNC9vSzl6K0hmL0FDSU9rLzhBWEkvK2hHdVNoL0ZrZlU1di93QWk2aDh2eU9ub29vcnJQbGdvb29vQUtLS0tBQ3ZtYng5L3lQV3Ivd0RYZitncjZacjVtOGZmOGoxcS93RDEzL29LNWNWOEtQb3VHdjhBZVplbjZvNXlpaWl1QSs0V3dVVVVVZ0NpaWlnQW9vb29BS0tLQUNleHBpYlMzQ2lqYWZRL2xSdFBwK2xGbVR6eDdoUlJ0UG9hTnA5RFJZT2VQY0tLTnA5RFJ0UHArbEZtSFBIdUZGRzArbjZVYlQ2R2l6RG5qM0NpamFmUTBiVDZHaXdjOGU0VVViVDZHamFmUTBXRG5qM0NpamFmUTBiVDZHaXdjOGU0VVViVDZHakI5RFJaalU0OXoxdjRILzZ6Vy9wQi93Q3oxN0JYajN3UHo1dXQvU0QvQU5ucjJHdlV3LzhBRFIrZFp5NzQycDh2eUZvb29yVTh3S0tLS0FDaWlpZ0JzbityYjZWOHFhRC9BTWpGcGY4QTE5eGYraGl2cXVUL0FGYmZTdmxUUWY4QWtZdEwvd0N2dUwvME1WeTRqNG8rcDlKa1A4S3Y2TDlUNnNYb1BwUzBpOUI5S1d1bytiQ2ticFMwamRLQVBtYng1L3lQZXMvOWZIOUJYdWZ3Ny81RUhTZit1Ui85Q05lR2VQUCtSNzFuL3I0L29LOXorSGYvQUNJT2svOEFYSS8raEd1U2gvRmtmVTV2L3dBaTZoOHZ5T25vb29yclBsZ29vb29BS0tLS0FDdm1ieDkveVBXci93RFhmK2dyNlpyNW04ZmY4ajFxL3dEMTMvb0s1Y1Y4S1BvdUd2OEFlWmVuNm81eWlpaXVBKzRXd1VVVVVnQ2lpaWdBb29vb0FEMHIyMzRLcXA4TjZoa0Evd0NsL3dEc2kxNGxYdDN3VS81RnZVZit2ei8yUmE2Y0w4WjRmRVArNVAxUjZac1grNlB5bzJML0FIUitWT29yMFQ0RzdHN0YvdWo4cU5pLzNSK1ZPb29DN0c3Ri91ajhxTmkvM1IrVk9vb0M3RzdGL3VqOHFOaS8zUitWT29vQzdHN0YvdWo4cU5pLzNSK1ZPb29DN0c3Ri91ajhxTmkvM1IrVk9vb0M3RzdGL3VqOHFOaS8zUitWT29vQzdHN0YvdWo4cU5pLzNSK1ZPb29DN0VDZ2RBQlMwVVVBRkZGRkFCUlJSUUFVVVVVQU5rLzFiZlN2bFRRZitSaTB2L3I3aS84QVF4WDFYSi9xMitsZkttZy84akZwZi9YM0YvNkd0Y3VJK0tQcWZTWkQvQ3IraS9VK3JGNkQ2VXRJdlFmU2xycVBtd3BHNlV0STNTZ0Q1bThlZjhqM3JQOEExOGYwRmU1L0R2OEE1RUhTZit1Ui93RFFqWGhuanova2U5Wi82K1A2Q3ZjL2gzL3lJT2svOWNqL0FPaEd1U2gvRmtmVTV2OEE4aTZoOHZ5T25vb29yclBsZ29vb29BS0tLS0FDdm1ieDkveVBXci85ZC82Q3ZwbXZtYng5L3dBajFxLy9BRjMvQUtDdVhGZkNqNkxoci9lWmVuNm81eWlpaXVBKzRXd1VVVVVnQ2lpaWdBb29vb0FLOXUrQ24vSXQ2ai8xK2Y4QXNpMTRqWHQzd1UvNUZ2VWYrdnovQU5rV3VuQy94RHcrSWY4QWNuNm85T29vb3IwVDRFS0tLS0FDaWlpZ0Fvb29vQUtLS0tBQ2lpaWdBb29vb0FLS0tLQUNpaWlnQW9vb29BS0tLS0FDaWlpZ0JzbityYjZWOHFhRC93QWpGcGYvQUY5eGYraGl2cXVUL1Z0OUsrVk5CLzVHTFMvK3Z1TC9BTkRGY3VJK0tQcWZTWkQvQUFxL292MVBxeGVnK2xMU0wwSDBwYTZqNXNLUnVsTFNIcFFCOHplUFArUjcxbi9yNC9vSzl6K0hmL0lnNlQvMXlQOEE2RWE4TThlZjhqM3JQL1h4L1FWN244Ty8rUkIwbi9ya2YvUWpYSlEvaXlQcWMzLzVGMUQ1ZmtkUFJSUlhXZkxCUlJSUUFVVVVVQUZmTTNqNy9rZXRYLzY3L3dCQlgwelh6TjQrL3dDUjYxZi9BSzcvQU5CWExpdmhSOUZ3MS92TXZUOVVjNVJSUlhBZmNMWUtLS0tRQlJSUlFBVVVVVUFGZTNmQlEvOEFGTjZoL3dCZmYvc2kxNGpXcnBmaVhXTkVoZUhUZFFtdG8zYmN5cGprK3ZTdHFOUlFsZG5tNXBoSjR2RCt5ZzdPNTlUMFpyNW1Qajd4VWY4QW1OM1A2ZjRVZjhKOTRxLzZEZHorbitGZFgxdUhZK2EvMWF4UDh5L0gvSSttYzBWOHpmOEFDZmVLditnM2MvcC9oUi93bjNpci9vTjNQNmY0VWZXNGRnLzFheFA4eS9IL0FDUHBtaXZtWC9oUGZGWC9BRUc3bjlQOEtYL2hQL0ZYL1FidWYwL3dvK3R3N0IvcTFpZjVsK1ArUjlNNW9yNW0vd0NFKzhWZjlCdTUvVC9Dai9oUHZGWC9BRUc3bjlQOEtQcmNPd2Y2dFluK1pmai9BSkgwelJYek4vd24zaXIvQUtEZHorbitGSC9DZmVLditnM2MvcC9oUjliaDJEL1ZyRS96TDhmOGo2Wm9yNW0vNFQ3eFVmOEFtTjNQNmY0VWY4Sjc0cUgvQURHN245UDhLUHJjT3dmNnRZbitaZmovQUpIMHpSbXZtYi9oUHZGWC9RYnVmMC93by80VDd4Vi8wRzduOVA4QUNqNjNEc0grcldKL21YNC81SDB6bWt5SytaejQrOFZIcnJWemo4UDhLOW4rR21wM3VyZUVJN3EvdUh1SnpLNmwzNmtBOFZwVHJ4cU95T0hIWlJXd2ROVktqVFhrZGxSU0Nsclk4b0tLS0tBQ2lpaWdBb29vb0FiSi9xMitsZkttZy84QUl4YVgvd0JmY1gvb1lyNnJrLzFiZlN2bFRRZitSaTB2L3I3aS93RFF4WExpUGlqNm4wbVEvd0FLdjZMOVQ2c1hvUHBTMGk5QjlLV3VvK2JDa1BTbHBEMG9BK1p2SG4vSTk2ei9BTmZIOUJYdWZ3Ny9BT1JCMG4vcmtmOEEwSTE0WjQ4LzVIdldmK3ZqK2dyM1A0ZC84aURwUC9YSS93RG9ScmtvZnhaSDFPYmY4aTZoOHZ5T25vb29yclBsZ29vb29BS0tLS0FDdm1ieDkveVBXci85ZC82Q3ZwbXZtYng5L3dBajFxLy9BRjMvQUtDdVhGZkNqNkxoci9lWmVuNm81eWlpaXVBKzRXd1VVVVVnQ2lpaWdBb29vb0FLS0tLQUNpaWlnQW9vb29BS0tLS0FDaWlpZ0Fvb29vQUtLS0tBQ2lpaWdBcjZBK0VmL0lqUmY5ZDVQNTE4L3dCZlFQd2ovd0NSR2kvNjd5ZnpycXdueE0rZDRrLzNWZXAzUXBhUVV0ZWdmRGhSUlJRQVVVVVVBRkZGRkFEWlA5VzMwcjVVMEgva1l0TC9BT3Z1TC8wTVY5VnlmNnR2cFh5cG9QOEF5TVdsL3dEWDNGLzZHSzVjUjhVZlUra3lIK0ZYOUYrcDlXTDBIMHBhUmVnK2xMWFVmTmhTSHBTMGg2VUFmTTNqei9rZTlaLzYrUDZDdmMvaDMveUlPay85Y2ovNkVhOE04ZWY4ajNyUC9YeC9RVjduOE8vK1JCMG4vcmtmL1FqWEpRL2l5UHFjMy81RjFENWZrZFBSUlJYV2ZMQlJSUlFBVVVVVUFGZk0zajcvQUpIclYvOEFydjhBMEZmVE5mTTNqNy9rZXRYL0FPdS85QlhMaXZoUjlGdzEvdk12VDlVYzVSUlJYQWZjTFlLS0tLUUJSUlJRQVVVVVVBRkZGRkFCUlJSUUFVVVVVQUZGRkZBQlJSUlFBVVVVVUFGRkZGQUJSUlJRQVY5QWZDUC9BSkVXTC9ydEovT3ZuK3ZvRDRSLzhpTkYvd0JkNVA1MTFZVDRtZk84U2Y3cXZYL003d1VVQ2l2UVBod29vb29BS0tLS0FDaWlpZ0JzbityYjZWOHFhRC95TVdsLzlmY1gvb1lyNnJrLzFiZlN2bFRRZitSaTB2OEE2KzR2L1F4WExpUGlqNm4wbVEvd3Evb3YxUHF4ZWcrbExTTDBIMHBhNmo1c0tROUtXa1BTZ0Q1bThlZjhqM3JQL1h4L1FWN244Ty8rUkIwbi9ya2YvUWpYaG5qei9rZTlaLzYrUDZDdmMvaDMvd0FpRHBQL0FGeVAvb1Jya29meFpIMU9iLzhBSXVvZkw4anA2S0tLNno1WUtLS0tBQ2lpaWdBcjVtOGZmOGoxcS84QTEzL29LK21hK1p2SDMvSTlhdjhBOWQvNkN1WEZmQ2o2TGhyL0FIbVhwK3FPY29vb3JnUHVGc0ZGRkZJQW9vb29BS0tLS0FDaWlrSkE2a1V4U2FpcnNXaWszRCs4S01yNmo4NmZLK3hIdFlkeGFLVEsrb295dnFQem81WDJEMnNPNHRGSnVYMUZHNWZVVWNyN0I3V0hjV2lreVBVVWJsOVJSeXZzSHRZZHhhS1RJOVJSdVgxRkhLK3dlMWgzRm9wTnkrb28zTDZpamxmWVBhdzdpMFVtNWZVVVpIcUtPVjlnOXJEdUxYMEQ4SS8rUkdpLzY3eWZ6cjU5M0w2aXZvSDRSZjhBSWpRLzlkcFA1MTA0Vk5TWjgveEhVakxEUlNmVTdzVXRBb3J2UGlRb29vb0FLS0tLQUNpaWlnQnNuK3JiNlY4cWFEL3lNT21mOWZjWC9vYTE5VnlmNnR2cFh5cG9QL0l4YVgvMTl4ZitoaXVYRWZGSDFQcE1oL2hWL1JmcWZWaTlCOUtXa1hvUHBTMTFIellVaDZVdEllbEFIek40OC81SHZXZit2aitncjNQNGQvOEFJZzZUL3dCY2ovNkVhOE04ZWY4QUk5Nnovd0JmSDlCWHVmdzcvd0NSQjBuL0FLNUgvd0JDTmNsRCtMSStwemIvQUpGMUQ1ZmtkUFJSUlhXZkxCUlJSUUFVVVVVQUZmTTNqNy9rZXRYL0FPdS85Qlgwelh6TjQrLzVIclYvK3UvOUJYTGl2aFI5RncxL3ZNdlQ5VWM1UlJSWEFmY0xZS0tLS1FCUlJSUUFVVVVVQUZlMmZCVkFmRDJva3FQK1B2OEE5a1d2RTY5dStDbi9BQ0xlby84QVg1LzdJdGRPRi9pSGg4US83ay9WSHBZUmY3by9LbDJML2RINVU2aXZSc2ZBamRpLzNSK1ZHeGY3by9LblVVV0hjYnNYKzZQeW8yTC9BSFIrVk9vb3NGMk4yTC9kSDVVYkYvdWo4cWRSUllMc2JzWCs2UHlvMkwvZEg1VTZpaXdYRzdFL3VqOHFOaS8zUitWT29vc0YyTjJML2RINVViRi91ajhxZFJSWUxzWVVVajdvL0tuQUFjQVV0RkFnb29vb0FLS0tLQUNpaWlnQW9vb29BYkovcTIrbGZLbWcvd0RJeGFYL0FOZmNYL29ZcjZyay93QlczMHI1VTBIL0FKR0xTLzhBcjdpLzlERmN1SStLUHFmU1pEL0NyK2kvVStyRjZENlV0SXZRZlNscnFQbXdwRDBwYVJ1bEFIek40OC81SHZXZit2aitncjNQNGQvOGlEcFAvWEkvK2hHdkRQSG4vSTk2ei8xOGYwRmU1L0R2L2tRZEovNjVILzBJMXlVUDRzajZuTi8rUmRRK1g1SFQwVVVWMW55d1VVVVVBRkZGRkFCWHpONCsvd0NSNjFmL0FLNy9BTkJYMHpYek40Ky81SHJWL3dEcnYvUVZ5NHI0VWZSY05mN3pMMC9WSE9VVVVWd0gzQzJDaWlpa0FVVVVVQUZGRkZBQlh0M3dVLzVGdlVmK3Z6LzJSYThScjI3NEtmOEFJdDZqL3dCZm4vc2kxMDRYK0llSHhEL3VUOVVlblVVVVY2SjhDRkZGRkFCUlJSUUFVVVVVQUZGRkZBQlJSUlFBVVVVVUFGRkZGQUJSUlJRQVVVVVVBRkZGRkFCUlJSUUEyVC9WdDlLK1ZOQi81R0xTL3dEcjdpLzlERmZWY24rcmI2VjhxYUQvQU1qRnBmOEExOXhmK2hpdVhFZkZIMVBwTWgvaFYvUmZxZlZpOUI5S1drWG9QcFMxMUh6WVVoNlV0SWVsQUh6TjQ4LzVIdldmK3ZqK2dyM1A0ZC84aURwUC9YSS8raEd2RFBIbi9JOTZ6LzE4ZjBGZTUvRHYva1FkSi82NUgvMEkxeVVQNHNqNm5OditSZFErWDVIVDBVVVYxbnl3VVVVVUFGRkZGQUJYek40Ky93Q1I2MWYvQUs3L0FOQlgwelh6TjQrLzVIclYvd0Rydi9RVnk0cjRVZlJjTmY3ekwwL1ZIT1VVVVZ3SDNDMkNpaWlrQVVVVVVBRkZGRkFCWHQzd1UvNUZ2VWYrdnovMlJhOFJOZTNmQlU0OE9haC8xOS8reUxYVGhmNGg0ZkVQKzVQMVI2ZFJTQTVwYTlFK0JDaWlpZ0Fvb29vQUtLS0tBQ2lpaWdBb29vb0FLS0tLQUNpaWlnQW9vcE4xQUMwVVVVQUZGRkZBQlJSUlFBMlQvVnQ5SytWTkIvNUdMUy8rdnVML0FOREZmVmNuK3JiNlY4cWFEL3lNV2wvOWZjWC9BS0dLNWNSOFVmVStreUgrRlg5RitwOVdMMEgwcGFSZWcrbExYVWZOaFNIcFMwamRLQVBtYng1L3lQZXMvd0RYeC9RVjduOE8vd0RrUWRKLzY1SC9BTkNOZUdlUFArUjcxbi9yNC9vSzl6K0hmL0lnNlQvMXlQOEE2RWE1S0g4V1I5VG0vd0R5THFIeS9JNmVpaWl1cytXQ2lpaWdBb29vb0FLK1p2SDMvSTlhdi8xMy9vSyttYStadkgzL0FDUFdyLzhBWGY4QW9LNWNWOEtQb3VHdjk1bDZmcWpuS0tLSzREN2hiQlJSUlNBS0tLS0FDaWlpZ0FyclBDbmoyLzhBQ1ZsUGEybHJiekxOSjVoTXVjZzRBN0gycms2S3FNbkYzUmhpTVBUeEVQWjFWZEhwZi9DNmRaLzZCdGorYmY0MGY4THExbi9vRzJQL0FJLy9BSTE1cFJXbnQ2bmM0djdGd1A4QXo3WDRucG4vQUF1cld2OEFvRzJQL2ozK05IL0M2dFovNkJ0ai93Q1Avd0NOZVo0b285dlB1SDlpNEgvbjJlbWY4THExci9vRzJQOEE0OS9qUi93dXJXditnYlkvK1BmNDE1bmlqQTlLUGJ6N2gvWXVCLzU5bnBuL0FBdXJXZjhBb0cyUC9qLytOSC9DNnRaLzZCdGovd0NQZjQxNW5SUjdlZmNQN0Z3UC9Qdjh6MHovQUlYVnJYL1FOc2YvQUI3L0FCby80WFZyWC9RTnNmOEF4Ny9Hdk04VVlvOXZQdUg5aTRIL0FKOW5wbi9DNnRhLzZCdGovd0NQZjQwZjhMcTFuL29HMlA4QTQ5L2pYbWVLS1BiejdoL1l1Qi81OW5wbi9DNnRhLzZCdGovNDkvalIvd0FMcTFyL0FLQnRqLzQ5L2pYbWVCNlVZSHBSN2VmY1A3RndQL1BzOU0vNFhWclAvUU5zZi9IL0FQR2ovaGRXcy84QVFOc2Z6Yi9Hdk02S1BiejdoL1l1Qi81OS9tZWwvd0RDNmRhUC9NTnNmL0h2OGE5dFZ0eUFuZ212a2V2cmxBQWkvUVYxNGFvNVg1ajVyUDhBQlVNTTZmc1kydmY5QjlGRkZkSjg4RkZGRkFCUlJSUUEyVC9WdDlLK1ZOQi81R0xTL3dEcjdpLzlERmZWY24rcmI2VjhxYUQvQU1qRnBmOEExOXhmK2hpdVhFZkZIMVBwTWgvaFYvUmZxZlZpOUI5S1drWG9QcFMxMUh6WVVqZEtXa2JwUUI4emVQUCtSNzFuL3I0L29LOXorSGYvQUNJT2svOEFYSS8raEd2RFBIbi9BQ1Blcy84QVh4L1FWN244Ty84QWtRZEovd0N1Ui84QVFqWEpRL2l5UHFjMy93Q1JkUStYNUhUMFVVVjFueXdVVVVVQUZGRkZBQlh6TjQrLzVIclYvd0Rydi9RVjlNMTh6ZVB2K1I2MWYvcnYvUVZ5NHI0VWZSY05mN3pMMC9WSE9VVVVWd0gzQzJDaWlpa0FVVVVVQUZGRkZBQlJSUlFBVVVVVUFGRkZGQUJSUlJRQVVVVVVBRkZGRkFCUlJSUUFVVVVVQUZGRkZBQlgxeW4zRitsZkkzZXZybFB1TDlLN3NKMVBrT0tONmZ6L0FFSDBVVVYySHlnVVVVVUFGRkZGQURaUDlXMzByNVUwSC9rWXRMLzYrNHYvQUVNVjlWeWY2dHZwWHlwb1AvSXhhWC8xOXhmK2hpdVhFZkZIMVBwTWgvaFYvUmZxZlZpOUI5S1drWG9QcFMxMUh6WVVqZEtXa2JwUUI4emVQUDhBa2U5Wi93Q3ZqK2dyM1A0ZC93RElnNlQvQU5jai93Q2hHdkRQSG4vSTk2ei9BTmZIOUJYdWZ3Ny9BT1JCMG4vcmtmOEEwSTF5VVA0c2o2bk4vd0RrWFVQbCtSMDlGRkZkWjhzRkZGRkFCUlJSUUFWOHplUHYrUjYxZi9ydi9RVjlNMTh6ZVB2K1I2MWYvcnYvQUVGY3VLK0ZIMFhEWCs4eTlQMVJ6bEZGRmNCOXd0Z29vb3BBRkZGRkFCUlJSUUFVVVVVQUZGRkZBQlJSUlFBVVVVVUFGRkZGQUJSUlJRQVVVVVVBRkZGRkFCUlJSUUFkNit1VSs0djByNUc3MTljcDl4ZnBYZGcrdnlQa09LTjZmei9RZlJSUlhZZktCUlJSUUFVVVVVQU5rLzFiZlN2bFRRZitSaTB2L3I3aS93RFF4WDFYSi9xMitsZkttZy84akZwZi9YM0Yvd0NoaXVYRWZGSDFQcE1oL2hWL1JmcWZWaTlCOUtXa1hvUHBTMTFIellVamRLV2tQU2dENW04ZWY4ajNyUDhBMThmMEZlNS9EdjhBNUVIU2YrdVIvd0RRalhobmp6L2tlOVovNitQNkN2Yy9oMy95SU9rLzljai9BT2hHdVNoL0ZrZlU1djhBOGk2aDh2eU9ub29vcnJQbGdvb29vQUtLS0tBQ3ZtYng5L3lQV3IvOWQvNkN2cGl2blR4em8ycVQrTmRWbGgwNjdramFiS3VrREVIZ2RDQlhOaVUzRldQb09IWnhoaVpPVHRwK3FPUG9xLzhBMkZySC9RSnZ2L0FkL3dEQ2wvc0xXUDhBb0UzMy9nTy8rRmNQSkxzZlpyRTBiZkd2dk0raXREK3d0WS82Qk45LzREdi9BSVVmMkZySC9RSnZ2L0FkL3dEQ2prbDJENnpSL25YM21mUldoL1lXc2Y4QVFKdnYvQWQvOEtQN0Mxai9BS0JOOS80RHYvaFJ5UzdCOVpvL3pyN3pQb3JRL3NMV1ArZ1RmZjhBZ08vK0ZIOWhheC8wQ2I3L0FNQjMvd0FLT1NYWVByTkgrZGZlWjlGYUg5aGF4LzBDYjcvd0hmOEF3by9zTFdQK2dUZmYrQTcvQU9GSEpMc0gxbWovQURyN3pQb3JRL3NMV1A4QW9FMzMvZ08vK0ZIOWhheC8wQ2I3L3dBQjMvd281SmRnK3MwZjUxOTVuMFZvZjJGckgvUUp2djhBd0hmL0FBby9zTFdQK2dUZmYrQTcvd0NGSEpMc0gxbWovT3Z2TStpdEQrd3RZLzZCTjkvNER2OEE0VWYyRnJIL0FFQ2I3L3dIZi9DamtsMkQ2elIvblgzbWZSV2gvWVdzZjlBbSsvOEFBZC84S1A3QzFqL29FMzMvQUlEdi9oUnlTN0I5Wm8venI3elBvclEvc0xXUCtnVGZmK0E3L3dDRkg5aGF4LzBDYjcvd0hmOEF3bzVKZGcrczBmNTE5NW4wVm9mMkZySC9BRUNiNy93SGYvQ2ord3RZL3dDZ1RmZitBNy80VWNrdXdmV2FQODYrOHo2SzBQN0Mxai9vRTMzL0FJRHYvaFIvWVdzZjlBbSsvd0RBZC84QUNqa2wyRDZ6Ui9uWDNtZlJXaC9ZV3NmOUFtKy84QjMvQU1LUDdDMWovb0UzMy9nTy93RGhSeVM3Qjlaby93QTYrOHorOWZYS2ZkWDZDdmxZYURyR2YrUVRmZjhBZ08vK0ZmVktIS0tmYXV6Q1JhdmMrVTRscXdtNmZJNzcvb1Bvb29yclBsd29vb29BS0tLS0FHeWY2dHZwWHlwb1AvSXhhWC8xOXhmK2hpdnF1VC9WdDlLK1ZOQi81R0hUUCt2dUwvME5hNWNSOFVmVStreUgrRlg5RitwOVdMMEgwcGFSZWcrbExYVWZOaFNIcFMwaDZVQWZNM2p6L2tlOVovNitQNkN2Yy9oMy93QWlEcFAvQUZ5UC9vUnJ3eng1L3dBajNyUC9BRjhmMEZlNS9Edi9BSkVIU2Y4QXJrZi9BRUkxeVVQNHNqNm5OdjhBa1hVUGwrUjA5RkZGZFo4c0ZGRkZBQlJSUlFBVTBxUFFVNmlnQnUxZjdvbzJyL2RGT29vQWJ0WCs2S05xL3dCMFU2aWdCdTFmN29vMnIvZEZPb29BYnRYKzZLTnEvd0IwVTZpZ0J1MWY3b28yci9kRk9vb0FidFgrNktOcS93QjBVNmlnQnUxZjdvbzJyL2RGT29vQWJ0WCs2S05xL3dCMFU2aWdCdTFmN29vMnIvZEZPb29BYnRYKzZLTnEvd0IwVTZpZ0J1MWY3b28yci9kRk9vb0FidFgrNktOcS93QjBVNmlnQnUxZjdvbzJyL2RGT29vQVlZMUp6Z1V2U25VbUtBRm9vb29BS0tLS0FDaWlpZ0JzbityYjZWOHFhRC95TVdsLzlmY1gvb1lyNnJrLzFiZlN2bFRRZitSaTB2OEE2KzR2L1F4WExpUGlqNm4wbVEvd3Evb3YxUHF4ZWcrbExTTDBIMHBhNmo1c0tSdWxMU04wb0ErWnZIbi9BQ1Blcy84QVh4L1FWN244Ty84QWtRZEovd0N1Ui84QVFqWGhuanovQUpIdldmOEFyNC9vSzl6K0hmOEF5SU9rL3dEWEkvOEFvUnJrb2Z4WkgxT2Ivd0RJdW9mTDhqcDZLS0s2ejVZS0tLS0FDaWlpZ0Fvb29vQUtLS0tBQ2lpaWdBb29vb0FLS0tLQUNpaWlnQW9vb29BS0tLS0FDaWlpZ0Fvb29vQUtLS0tBQ2lpaWdBb29vb0FLS0tLQUNpaWlnQW9vb29BS0tLS0FDaWlpZ0JzbityYjZWOHFhRC95TVdsLzlmY1gvQUtHSytxNVA5VzMwcjVVMEgva1l0TC82KzR2L0FFTVZ5NGo0bytwOUprUDhLdjZMOVQ2c1hvUHBTMGk5QjlLV3VvK2JDa2JwUzAxczQ0b0ErWi9IdWY4QWhQTlovd0N2aitncjNMNGVmOGlGcFA4QTF5UC9BS0VhOFQrSXRuUGErT2RTZVpDcXpTQ1dNbitKU0J6K2xVN1B4ajRpMCswanRiVFZaNG9JeGhFWEdBUHlyZ2pQMmRTVno3V3ZncFk3QVVZMDVMUzIvb2ZUOUZmTS93RHduM2lyL29OM1A2ZjRVZjhBQ2ZlS3YrZzNjL3AvaFczMXFQWTh2L1Z6RWZ6eFBwaWl2bWYvQUlUN3hWLzBHN245UDhLUCtFKzhWZjhBUWJ1ZjAvd28rdFI3Qi9xNWlQNTRuMHhSWHpQL0FNSjk0cS82RGR6K24rRkgvQ2ZlS3Y4QW9OM1A2ZjRVZldvOWcvMWN4SDg4VDZZb3I1bi9BT0UrOFZmOUJ1NS9UL0NqL2hQdkZYL1FidWYwL3dBS1ByVWV3ZjZ1WWorZUo5TVVWOHovQVBDZmVLditnM2MvcC9oUi93QUo5NHEvNkRkeituK0ZIMXFQWVA4QVZ6RWZ6eFBwaWl2bWYvaFB2RlgvQUVHN245UDhLUDhBaFB2RlgvUWJ1ZjAvd28rdFI3Qi9xNWlQNTRuMHhSWHpQL3duM2lyL0FLRGR6K24rRkgvQ2ZlS3YrZzNjL3AvaFI5YWoyRC9WekVmenhQcGlpdm1mL2hQdkZYL1FidWYwL3dBS1ArRSs4VmY5QnU1L1QvQ2o2MUhzSCtybUkvbmlmVEZGZk0vL0FBbjNpci9vTjNQNmY0VWY4Sjk0cS82RGR6K24rRkgxcVBZUDlYTVIvUEUrbUtLK1ovOEFoUHZGWC9RYnVmMC93by80VDd4Vi93QkJ1NS9UL0NqNjFIc0grcm1JL25pZlRGRmZNLzhBd24zaXIvb04zUDZmNFVmOEo5NHEvd0NnM2MvcC9oUjlhajJEL1Z6RWZ6eFBwaWl2bWY4QTRUN3hWLzBHN245UDhLUCtFKzhWZjlCdTUvVC9BQW8rdFI3Qi9xNWlQNTRuMHhSWHpQOEE4Sjk0cS82RGR6K24rRkgvQUFuM2lyL29OM1A2ZjRVZldvOWcvd0JYTVIvUEUrbUtLK1ovK0UrOFZmOEFRYnVmMC93by93Q0UrOFZmOUJ1NS9UL0NqNjFIc0grcm1JL25pZlRGRmZNLy9DZmVLdjhBb04zUDZmNFVmOEo5NHEvNkRkeituK0ZIMXFQWVA5WE1SL1BFK21LSytaLytFKzhWZjlCdTUvVC9BQW8vNFQ3eFYvMEc3bjlQOEtQclVld2Y2dVlqK2VKOU1VVjh6LzhBQ2ZlS3YrZzNjL3AvaFIvd24zaXIvb04zUDZmNFVmV285Zy8xY3hIODhUNllvcjVuL3dDRSs4VmY5QnU1L1QvQ2ovaFB2RlgvQUVHN245UDhLUHJVZXdmNnVZaitlSjlNVVY4ei93RENmZUt2K2czYy9wL2hSL3duM2lyL0FLRGR6K24rRkgxcVBZUDlYTVIvUEUrbUtLK1ovd0RoUHZGWC9RYnVmMC93by80VDd4Vi8wRzduOVA4QUNqNjFIc0grcm1JL25pZlRGRmZNL3dEd24zaXIvb04zUDZmNFVmOEFDZmVLditnM2MvcC9oUjlhajJEL0FGY3hIODhUNldrUHlOOUsrVnRDL3dDUmkwdi9BSys0di9ReFdrZkh2aWxoZzYxY2tmaC9oVkh3M0JMYytKOUxpaFJwSEYxRzIxUms0REFrMWpVcXFwS05qMDhCbDA4RFJyT3BKTzY2ZVZ6Nm5Yb0tXa0hRVXRkNThXRkJvb29BbzN1bFdHb2xmdHRuQmNiYzdmTmpEYmM5Y1pGVmg0WTBMSC9JSHNQL0FBSFQvQ3RZak5HS0xJcFZKclJNeWY4QWhHTkMvd0NnTllmK0E2ZjRVZjhBQ01hRi93QkFhdy84QjAvd3JXeFJpbFpkaCsxbjNmM21UL3dqR2hmOUFhdy84QjAvd28vNFJqUXYrZ05ZZitBNmY0VnJZb3hSWmRnOXJQdS92TW4vQUlSalF2OEFvRFdIL2dPbitGSC9BQWpHaGY4QVFHc1AvQWRQOEsxc1VZb3N1d2UxbjNmM21UL3dqR2hmOUFhdy93REFkUDhBQ2ovaEdOQy82QTFoL3dDQTZmNFZyWW94UlpkZzlyUHUvdk1uL2hHTkMvNkExaC80RHAvaFIvd2pHaGY5QWF3LzhCMC93cld4UmlpeTdCN1dmZC9lWlA4QXdqR2hmOUFhdy84QUFkUDhLUDhBaEdOQy93Q2dOWWYrQTZmNFZyWW94UlpkZzlyUHUvdk1uL2hHTkMvNkExaC80RHAvaFIvd2pHaGY5QWF3L3dEQWRQOEFDdGJGR0tMTHNIdFo5Mzk1ay84QUNNYUYvd0JBYXcvOEIwL3dvLzRSalF2K2dOWWYrQTZmNFZyWW94UlpkZzlyUHUvdk1uL2hHTkMvNkExaC93Q0E2ZjRVZjhJeG9YL1FHc1AvQUFIVC9DdGJGR0tMTHNIdFo5Mzk1ay84SXhvWC9RR3NQL0FkUDhLUCtFWTBML29EV0gvZ09uK0ZhMktNVVdYWVBhejd2N3pKL3dDRVkwTC9BS0ExaC80RHAvaFIvd0FJeG9YL0FFQnJEL3dIVC9DdGJGR0tMTHNIdFo5Mzk1ay84SXhvWC9RR3NQOEF3SFQvQUFvLzRSalF2K2dOWWY4QWdPbitGYTJLTVVXWFlQYXo3djd6Si80UmpRditnTllmK0E2ZjRVZjhJeG9YL1FHc1AvQWRQOEsxc1VZb3N1d2UxbjNmM21UL0FNSXhvWC9RR3NQL0FBSFQvQ2ovQUlSalF2OEFvRFdIL2dPbitGYTJLTVVXWFlQYXo3djd6Si80UmpRditnTllmK0E2ZjRVZjhJeG9YL1FHc1A4QXdIVC9BQXJXeFJpaXk3QjdXZmQvZVpQL0FBakdoZjhBUUdzUC9BZFA4S1ArRVkwTC9vRFdIL2dPbitGYTJLTVVXWFlQYXo3djd6Si80UmpRditnTllmOEFnT24rRkgvQ01hRi8wQnJEL3dBQjAvd3JXeFJpaXk3QjdXZmQvZVpQL0NNYUYvMEJyRC93SFQvQ2ovaEdOQy82QTFoLzREcC9oV3RpakZGbDJEMnMrNys4eWY4QWhHTkMvd0NnTllmK0E2ZjRVZjhBQ01hRi93QkFhdy84QjAvd3JXeFJpaXk3QjdXZmQvZVpQL0NNYUYvMEJyRC9BTUIwL3dBS1ArRVkwTC9vRFdIL0FJRHAvaFd0aWpGRmwyRDJzKzcrOHlmK0VZMEwvb0RXSC9nT24rRkgvQ01hRi8wQnJEL3dIVC9DdGJGR0tMTHNIdFo5Mzk1ay93RENNYUYvMEI3RC93QUIwL3dxYTEwYlRiR1V5V21uMjBFaEdOMFVTcWNmVUN0REZHS0xMc0oxSnRXYi9FV2lpaW1TZi8vWiIvPjxici8+DQoNCg0KCQkJCQkJCTwvdGQ+DQoNCg0KDQoNCg0KCQkJCQkJPC90cj4NCgkJCQkJCTx0ciB3aWR0aD0iOTAwIiBoZWlnaHQ9IjE4MCIgYm9yZGVyPSIxIj4NCgkJCQkJCQk8dGQgd2lkdGg9IjMwMCI+DQoNCgkJCQkJCQkJPHRhYmxlIGlkPSJjdXN0b21lclBhcnR5VGFibGUiIGFsaWduPSJsZWZ0IiBib3JkZXI9IjAiIGhlaWdodD0iNTAlIj4NCgkJCQkJCQkJCTx0Ym9keT4NCgkJCQkJCQkJCQk8dHIgc3R5bGU9ImhlaWdodDo3MXB4OyAiPg0KCQkJCQkJCQkJCQk8dGQ+DQoJCQkJCQkJCQkJCQk8aHIgLz4NCgkJCQkJCQkJCQkJCTx0YWJsZSBhbGlnbj0iY2VudGVyIiBib3JkZXI9IjAiPg0KCQkJCQkJCQkJCQkJCTx0Ym9keT4NCgkJCQkJCQkJCQkJCQkJPHRyPg0KCQkJCQkJCQkJCQkJCQkJPHhzbDpmb3ItZWFjaCBzZWxlY3Q9Im4xOkludm9pY2UvY2FjOkFjY291bnRpbmdDdXN0b21lclBhcnR5L2NhYzpQYXJ0eSI+DQoJCQkJCQkJCQkJCQkJCQkJPHRkIHN0eWxlPSJ3aWR0aDo0NjlweDsgIiBhbGlnbj0ibGVmdCI+DQoJCQkJCQkJCQkJCQkJCQkJCTxzcGFuIHN0eWxlPSJmb250LXdlaWdodDpib2xkOyAiPg0KCQkJCQkJCQkJCQkJCQkJCQkJPHhzbDp0ZXh0PlNBWUlOPC94c2w6dGV4dD4NCgkJCQkJCQkJCQkJCQkJCQkJPC9zcGFuPg0KCQkJCQkJCQkJCQkJCQkJCTwvdGQ+DQoJCQkJCQkJCQkJCQkJCQk8L3hzbDpmb3ItZWFjaD4NCgkJCQkJCQkJCQkJCQkJPC90cj4NCgkJCQkJCQkJCQkJCQkJPHRyPg0KCQkJCQkJCQkJCQkJCQkJPHhzbDpjaG9vc2U+DQoJCQkJCQkJCQkJCQkJCQkJPHhzbDp3aGVuIHRlc3Q9Im4xOkludm9pY2UvY2FjOkJ1eWVyQ3VzdG9tZXJQYXJ0eS9jYWM6UGFydHkvY2FjOlBhcnR5SWRlbnRpZmljYXRpb24vY2JjOklEW0BzY2hlbWVJRD0nUEFSVFlUWVBFJyBhbmQgdGV4dCgpPSdUQVhGUkVFJ10iPg0KCQkJCQkJCQkJCQkJCQkJCQk8eHNsOmZvci1lYWNoIHNlbGVjdD0ibjE6SW52b2ljZS9jYWM6QnV5ZXJDdXN0b21lclBhcnR5L2NhYzpQYXJ0eSI+DQoJCQkJCQkJCQkJCQkJCQkJCQk8eHNsOmNhbGwtdGVtcGxhdGUgbmFtZT0iUGFydHlfVGl0bGUiPg0KCQkJCQkJCQkJCQkJCQkJCQkJCTx4c2w6d2l0aC1wYXJhbSBuYW1lPSJQYXJ0eVR5cGUiPlRBWEZSRUU8L3hzbDp3aXRoLXBhcmFtPg0KCQkJCQkJCQkJCQkJCQkJCQkJPC94c2w6Y2FsbC10ZW1wbGF0ZT4NCgkJCQkJCQkJCQkJCQkJCQkJPC94c2w6Zm9yLWVhY2g+DQoJCQkJCQkJCQkJCQkJCQkJPC94c2w6d2hlbj4NCgkJCQkJCQkJCQkJCQkJCQk8eHNsOndoZW4gdGVzdD0ibjE6SW52b2ljZS9jYWM6QnV5ZXJDdXN0b21lclBhcnR5L2NhYzpQYXJ0eS9jYWM6UGFydHlJZGVudGlmaWNhdGlvbi9jYmM6SURbQHNjaGVtZUlEPSdQQVJUWVRZUEUnIGFuZCB0ZXh0KCk9J0VYUE9SVCddIj4NCgkJCQkJCQkJCQkJCQkJCQkJPHhzbDpmb3ItZWFjaCBzZWxlY3Q9Im4xOkludm9pY2UvY2FjOkJ1eWVyQ3VzdG9tZXJQYXJ0eS9jYWM6UGFydHkiPg0KCQkJCQkJCQkJCQkJCQkJCQkJPHhzbDpjYWxsLXRlbXBsYXRlIG5hbWU9IlBhcnR5X1RpdGxlIj4NCgkJCQkJCQkJCQkJCQkJCQkJCQk8eHNsOndpdGgtcGFyYW0gbmFtZT0iUGFydHlUeXBlIj5FWFBPUlQ8L3hzbDp3aXRoLXBhcmFtPg0KCQkJCQkJCQkJCQkJCQkJCQkJPC94c2w6Y2FsbC10ZW1wbGF0ZT4NCgkJCQkJCQkJCQkJCQkJCQkJPC94c2w6Zm9yLWVhY2g+DQoJCQkJCQkJCQkJCQkJCQkJPC94c2w6d2hlbj4NCgkJCQkJCQkJCQkJCQkJCQk8eHNsOm90aGVyd2lzZT4NCgkJCQkJCQkJCQkJCQkJCQkJPHhzbDpmb3ItZWFjaCBzZWxlY3Q9Im4xOkludm9pY2UvY2FjOkFjY291bnRpbmdDdXN0b21lclBhcnR5L2NhYzpQYXJ0eSI+DQoJCQkJCQkJCQkJCQkJCQkJCQk8eHNsOmNhbGwtdGVtcGxhdGUgbmFtZT0iUGFydHlfVGl0bGUiPg0KCQkJCQkJCQkJCQkJCQkJCQkJCTx4c2w6d2l0aC1wYXJhbSBuYW1lPSJQYXJ0eVR5cGUiPk9USEVSPC94c2w6d2l0aC1wYXJhbT4NCgkJCQkJCQkJCQkJCQkJCQkJCTwveHNsOmNhbGwtdGVtcGxhdGU+DQoJCQkJCQkJCQkJCQkJCQkJCTwveHNsOmZvci1lYWNoPg0KCQkJCQkJCQkJCQkJCQkJCTwveHNsOm90aGVyd2lzZT4NCgkJCQkJCQkJCQkJCQkJCTwveHNsOmNob29zZT4NCgkJCQkJCQkJCQkJCQkJPC90cj4NCgkJCQkJCQkJCQkJCQkJPHhzbDpjaG9vc2U+DQoJCQkJCQkJCQkJCQkJCQk8eHNsOndoZW4gdGVzdD0ibjE6SW52b2ljZS9jYWM6QnV5ZXJDdXN0b21lclBhcnR5L2NhYzpQYXJ0eS9jYWM6UGFydHlJZGVudGlmaWNhdGlvbi9jYmM6SURbQHNjaGVtZUlEPSdQQVJUWVRZUEUnIGFuZCB0ZXh0KCk9J1RBWEZSRUUnXSI+DQoJCQkJCQkJCQkJCQkJCQkJPHhzbDpmb3ItZWFjaCBzZWxlY3Q9Im4xOkludm9pY2UvY2FjOkJ1eWVyQ3VzdG9tZXJQYXJ0eS9jYWM6UGFydHkiPg0KCQkJCQkJCQkJCQkJCQkJCQk8dHI+DQoJCQkJCQkJCQkJCQkJCQkJCQk8eHNsOmNhbGwtdGVtcGxhdGUgbmFtZT0iUGFydHlfQWRyZXNzIj4NCgkJCQkJCQkJCQkJCQkJCQkJCQk8eHNsOndpdGgtcGFyYW0gbmFtZT0iUGFydHlUeXBlIj5UQVhGUkVFPC94c2w6d2l0aC1wYXJhbT4NCgkJCQkJCQkJCQkJCQkJCQkJCTwveHNsOmNhbGwtdGVtcGxhdGU+DQoJCQkJCQkJCQkJCQkJCQkJCTwvdHI+DQoJCQkJCQkJCQkJCQkJCQkJCTx4c2w6Y2FsbC10ZW1wbGF0ZSBuYW1lPSJQYXJ0eV9PdGhlciI+DQoJCQkJCQkJCQkJCQkJCQkJCQk8eHNsOndpdGgtcGFyYW0gbmFtZT0iUGFydHlUeXBlIj5UQVhGUkVFPC94c2w6d2l0aC1wYXJhbT4NCgkJCQkJCQkJCQkJCQkJCQkJPC94c2w6Y2FsbC10ZW1wbGF0ZT4NCgkJCQkJCQkJCQkJCQkJCQk8L3hzbDpmb3ItZWFjaD4NCgkJCQkJCQkJCQkJCQkJCTwveHNsOndoZW4+DQoJCQkJCQkJCQkJCQkJCQk8eHNsOndoZW4gdGVzdD0ibjE6SW52b2ljZS9jYWM6QnV5ZXJDdXN0b21lclBhcnR5L2NhYzpQYXJ0eS9jYWM6UGFydHlJZGVudGlmaWNhdGlvbi9jYmM6SURbQHNjaGVtZUlEPSdQQVJUWVRZUEUnIGFuZCB0ZXh0KCk9J0VYUE9SVCddIj4NCgkJCQkJCQkJCQkJCQkJCQk8eHNsOmZvci1lYWNoIHNlbGVjdD0ibjE6SW52b2ljZS9jYWM6QnV5ZXJDdXN0b21lclBhcnR5L2NhYzpQYXJ0eSI+DQoJCQkJCQkJCQkJCQkJCQkJCTx0cj4NCgkJCQkJCQkJCQkJCQkJCQkJCTx4c2w6Y2FsbC10ZW1wbGF0ZSBuYW1lPSJQYXJ0eV9BZHJlc3MiPg0KCQkJCQkJCQkJCQkJCQkJCQkJCTx4c2w6d2l0aC1wYXJhbSBuYW1lPSJQYXJ0eVR5cGUiPkVYUE9SVDwveHNsOndpdGgtcGFyYW0+DQoJCQkJCQkJCQkJCQkJCQkJCQk8L3hzbDpjYWxsLXRlbXBsYXRlPg0KCQkJCQkJCQkJCQkJCQkJCQk8L3RyPg0KCQkJCQkJCQkJCQkJCQkJCQk8eHNsOmNhbGwtdGVtcGxhdGUgbmFtZT0iUGFydHlfT3RoZXIiPg0KCQkJCQkJCQkJCQkJCQkJCQkJPHhzbDp3aXRoLXBhcmFtIG5hbWU9IlBhcnR5VHlwZSI+RVhQT1JUPC94c2w6d2l0aC1wYXJhbT4NCgkJCQkJCQkJCQkJCQkJCQkJPC94c2w6Y2FsbC10ZW1wbGF0ZT4NCgkJCQkJCQkJCQkJCQkJCQk8L3hzbDpmb3ItZWFjaD4NCgkJCQkJCQkJCQkJCQkJCTwveHNsOndoZW4+DQoJCQkJCQkJCQkJCQkJCQk8eHNsOm90aGVyd2lzZT4NCgkJCQkJCQkJCQkJCQkJCQk8eHNsOmZvci1lYWNoIHNlbGVjdD0ibjE6SW52b2ljZS9jYWM6QWNjb3VudGluZ0N1c3RvbWVyUGFydHkvY2FjOlBhcnR5Ij4NCgkJCQkJCQkJCQkJCQkJCQkJPHRyPg0KCQkJCQkJCQkJCQkJCQkJCQkJPHhzbDpjYWxsLXRlbXBsYXRlIG5hbWU9IlBhcnR5X0FkcmVzcyI+DQoJCQkJCQkJCQkJCQkJCQkJCQkJPHhzbDp3aXRoLXBhcmFtIG5hbWU9IlBhcnR5VHlwZSI+T1RIRVI8L3hzbDp3aXRoLXBhcmFtPg0KCQkJCQkJCQkJCQkJCQkJCQkJPC94c2w6Y2FsbC10ZW1wbGF0ZT4NCgkJCQkJCQkJCQkJCQkJCQkJPC90cj4NCgkJCQkJCQkJCQkJCQkJCQkJPHhzbDpjYWxsLXRlbXBsYXRlIG5hbWU9IlBhcnR5X090aGVyIj4NCgkJCQkJCQkJCQkJCQkJCQkJCTx4c2w6d2l0aC1wYXJhbSBuYW1lPSJQYXJ0eVR5cGUiPk9USEVSPC94c2w6d2l0aC1wYXJhbT4NCgkJCQkJCQkJCQkJCQkJCQkJPC94c2w6Y2FsbC10ZW1wbGF0ZT4NCgkJCQkJCQkJCQkJCQkJCQk8L3hzbDpmb3ItZWFjaD4NCgkJCQkJCQkJCQkJCQkJCTwveHNsOm90aGVyd2lzZT4NCgkJCQkJCQkJCQkJCQkJPC94c2w6Y2hvb3NlPg0KCQkJCQkJCQkJCQkJCTwvdGJvZHk+DQoJCQkJCQkJCQkJCQk8L3RhYmxlPg0KCQkJCQkJCQkJCQkJPGhyIC8+DQoJCQkJCQkJCQkJCTwvdGQ+DQoJCQkJCQkJCQkJPC90cj4NCgkJCQkJCQkJCTwvdGJvZHk+DQoJCQkJCQkJCTwvdGFibGU+DQoNCg0KDQoNCgkJCQkJCQk8L3RkPg0KDQoJCQkJCQkJPHRkIHdpZHRoPSIyNSUiIGFsaWduPSJjZW50ZXIiIHZhbGlnbj0ibWlkZGxlIj4NCg0KCQkJCQkJCTwvdGQ+DQoJCQkJCQkJPHRkIHdpZHRoPSIzMDAiPg0KDQoJCQkJCQkJCTx0YWJsZSBib3JkZXI9IjEiIGhlaWdodD0iMTMiIGlkPSJkZXNwYXRjaFRhYmxlIj4NCgkJCQkJCQkJCTx0Ym9keT4NCgkJCQkJCQkJCQk8dHI+DQoJCQkJCQkJCQkJCTx0ZCBzdHlsZT0id2lkdGg6MTA1cHg7IiBhbGlnbj0ibGVmdCI+DQoJCQkJCQkJCQkJCQk8c3BhbiBzdHlsZT0iZm9udC13ZWlnaHQ6Ym9sZDsgIj4NCgkJCQkJCQkJCQkJCQk8eHNsOnRleHQ+w5Z6ZWxsZcWfdGlybWUgTm86PC94c2w6dGV4dD4NCgkJCQkJCQkJCQkJCTwvc3Bhbj4NCgkJCQkJCQkJCQkJPC90ZD4NCgkJCQkJCQkJCQkJPHRkIHN0eWxlPSJ3aWR0aDoxMTBweDsiIGFsaWduPSJsZWZ0Ij4NCgkJCQkJCQkJCQkJCTx4c2w6Zm9yLWVhY2ggc2VsZWN0PSJuMTpJbnZvaWNlIj4NCgkJCQkJCQkJCQkJCQk8eHNsOmZvci1lYWNoIHNlbGVjdD0iY2JjOkN1c3RvbWl6YXRpb25JRCI+DQoJCQkJCQkJCQkJCQkJCTx4c2w6YXBwbHktdGVtcGxhdGVzIC8+DQoJCQkJCQkJCQkJCQkJPC94c2w6Zm9yLWVhY2g+DQoJCQkJCQkJCQkJCQk8L3hzbDpmb3ItZWFjaD4NCgkJCQkJCQkJCQkJPC90ZD4NCgkJCQkJCQkJCQk8L3RyPg0KCQkJCQkJCQkJCTx0ciBzdHlsZT0iaGVpZ2h0OjEzcHg7ICI+DQoJCQkJCQkJCQkJCTx0ZCBhbGlnbj0ibGVmdCI+DQoJCQkJCQkJCQkJCQk8c3BhbiBzdHlsZT0iZm9udC13ZWlnaHQ6Ym9sZDsgIj4NCgkJCQkJCQkJCQkJCQk8eHNsOnRleHQ+U2VuYXJ5bzo8L3hzbDp0ZXh0Pg0KCQkJCQkJCQkJCQkJPC9zcGFuPg0KCQkJCQkJCQkJCQk8L3RkPg0KCQkJCQkJCQkJCQk8dGQgYWxpZ249ImxlZnQiPg0KCQkJCQkJCQkJCQkJPHhzbDpmb3ItZWFjaCBzZWxlY3Q9Im4xOkludm9pY2UiPg0KCQkJCQkJCQkJCQkJCTx4c2w6Zm9yLWVhY2ggc2VsZWN0PSJjYmM6UHJvZmlsZUlEIj4NCgkJCQkJCQkJCQkJCQkJPHhzbDphcHBseS10ZW1wbGF0ZXMgLz4NCgkJCQkJCQkJCQkJCQk8L3hzbDpmb3ItZWFjaD4NCgkJCQkJCQkJCQkJCTwveHNsOmZvci1lYWNoPg0KCQkJCQkJCQkJCQk8L3RkPg0KCQkJCQkJCQkJCTwvdHI+DQoJCQkJCQkJCQkJPHRyIHN0eWxlPSJoZWlnaHQ6MTNweDsgIj4NCgkJCQkJCQkJCQkJPHRkIGFsaWduPSJsZWZ0Ij4NCgkJCQkJCQkJCQkJCTxzcGFuIHN0eWxlPSJmb250LXdlaWdodDpib2xkOyAiPg0KCQkJCQkJCQkJCQkJCTx4c2w6dGV4dD5GYXR1cmEgVGlwaTo8L3hzbDp0ZXh0Pg0KCQkJCQkJCQkJCQkJPC9zcGFuPg0KCQkJCQkJCQkJCQk8L3RkPg0KCQkJCQkJCQkJCQk8dGQgYWxpZ249ImxlZnQiPg0KCQkJCQkJCQkJCQkJPHhzbDpmb3ItZWFjaCBzZWxlY3Q9Im4xOkludm9pY2UiPg0KCQkJCQkJCQkJCQkJCTx4c2w6Zm9yLWVhY2ggc2VsZWN0PSJjYmM6SW52b2ljZVR5cGVDb2RlIj4NCgkJCQkJCQkJCQkJCQkJPHhzbDphcHBseS10ZW1wbGF0ZXMgLz4NCgkJCQkJCQkJCQkJCQk8L3hzbDpmb3ItZWFjaD4NCgkJCQkJCQkJCQkJCTwveHNsOmZvci1lYWNoPg0KCQkJCQkJCQkJCQk8L3RkPg0KCQkJCQkJCQkJCTwvdHI+DQoJCQkJCQkJCQkJPHRyIHN0eWxlPSJoZWlnaHQ6MTNweDsgIj4NCgkJCQkJCQkJCQkJPHRkIGFsaWduPSJsZWZ0Ij4NCgkJCQkJCQkJCQkJCTxzcGFuIHN0eWxlPSJmb250LXdlaWdodDpib2xkOyAiPg0KCQkJCQkJCQkJCQkJCTx4c2w6dGV4dD5GYXR1cmEgTm86PC94c2w6dGV4dD4NCgkJCQkJCQkJCQkJCTwvc3Bhbj4NCgkJCQkJCQkJCQkJPC90ZD4NCgkJCQkJCQkJCQkJPHRkIGFsaWduPSJsZWZ0Ij4NCgkJCQkJCQkJCQkJCTx4c2w6Zm9yLWVhY2ggc2VsZWN0PSJuMTpJbnZvaWNlIj4NCgkJCQkJCQkJCQkJCQk8eHNsOmZvci1lYWNoIHNlbGVjdD0iY2JjOklEIj4NCgkJCQkJCQkJCQkJCQkJPHhzbDphcHBseS10ZW1wbGF0ZXMgLz4NCgkJCQkJCQkJCQkJCQk8L3hzbDpmb3ItZWFjaD4NCgkJCQkJCQkJCQkJCTwveHNsOmZvci1lYWNoPg0KCQkJCQkJCQkJCQk8L3RkPg0KCQkJCQkJCQkJCTwvdHI+DQoNCg0KDQoJCQkJCQkJCQkJPHRyIHN0eWxlPSJoZWlnaHQ6MTNweDsgIj4NCgkJCQkJCQkJCQkJPHRkIGFsaWduPSJsZWZ0Ij4NCgkJCQkJCQkJCQkJCTxzcGFuIHN0eWxlPSJmb250LXdlaWdodDpib2xkOyAiPg0KCQkJCQkJCQkJCQkJCTx4c2w6aWYgdGVzdD0iJGVhcmNoaXZlQ2hlY2tDb3VudCAmZ3Q7IDAiPg0KCQkJCQkJCQkJCQkJRMO8emVubGVtZSBUYXJpaGk6DQoJCQkJCQkJCQkJCQkJPC94c2w6aWY+DQoJCQkJCQkJCQkJCQkJPHhzbDppZiB0ZXN0PSIkZWFyY2hpdmVDaGVja0NvdW50ID0gMCI+DQoJCQkJCQkJCQkJCQlGYXR1cmEgVGFyaWhpOg0KCQkJCQkJCQkJCQkJCTwveHNsOmlmPg0KDQoJCQkJCQkJCQkJCQk8L3NwYW4+DQoJCQkJCQkJCQkJCTwvdGQ+DQoJCQkJCQkJCQkJCTx0ZCBhbGlnbj0ibGVmdCI+DQoJCQkJCQkJCQkJCQk8eHNsOmZvci1lYWNoIHNlbGVjdD0ibjE6SW52b2ljZSI+DQoJCQkJCQkJCQkJCQkJPHhzbDpmb3ItZWFjaCBzZWxlY3Q9ImNiYzpJc3N1ZURhdGUiPg0KCQkJCQkJCQkJCQkJCQk8eHNsOnZhbHVlLW9mIHNlbGVjdD0ic3Vic3RyaW5nKC4sOSwyKSINCgkJCQkJCQkJCQkJCS8+LTx4c2w6dmFsdWUtb2Ygc2VsZWN0PSJzdWJzdHJpbmcoLiw2LDIpIg0KCQkJCQkJCQkJCQkJLz4tPHhzbDp2YWx1ZS1vZiBzZWxlY3Q9InN1YnN0cmluZyguLDEsNCkiLz4NCgkJCQkJCQkJCQkJCQk8L3hzbDpmb3ItZWFjaD4NCgkJCQkJCQkJCQkJCTwveHNsOmZvci1lYWNoPg0KCQkJCQkJCQkJCQk8L3RkPg0KCQkJCQkJCQkJCTwvdHI+DQoNCg0KCQkJCQkJCQkJCTx4c2w6aWYgdGVzdD0iLy9uMTpJbnZvaWNlL2NhYzpBZGRpdGlvbmFsRG9jdW1lbnRSZWZlcmVuY2UvY2JjOkRvY3VtZW50VHlwZSA9ICdLQUdJVCcgYW5kICAvL24xOkludm9pY2UvY2FjOkFkZGl0aW9uYWxEb2N1bWVudFJlZmVyZW5jZS9jYmM6RG9jdW1lbnRUeXBlQ29kZSA9ICdTZW5kaW5nVHlwZSciPg0KDQoJCQkJCQkJCQkJCTx0ciBzdHlsZT0iaGVpZ2h0OjEzcHg7ICI+DQoJCQkJCQkJCQkJCQk8dGQgYWxpZ249ImxlZnQiPg0KDQoJCQkJCQkJCQkJCQkJPHNwYW4gc3R5bGU9ImZvbnQtd2VpZ2h0OmJvbGQ7ICI+DQoJCQkJCQkJCQkJCQkJCTx4c2w6dGV4dD5Ew7x6ZW5sZW1lIFphbWFuxLE6PC94c2w6dGV4dD4NCgkJCQkJCQkJCQkJCQk8L3NwYW4+DQoNCg0KCQkJCQkJCQkJCQkJPC90ZD4NCgkJCQkJCQkJCQkJCTx0ZCBhbGlnbj0ibGVmdCI+DQoNCgkJCQkJCQkJCQkJCQk8eHNsOmZvci1lYWNoIHNlbGVjdD0ibjE6SW52b2ljZSI+DQoJCQkJCQkJCQkJCQkJCTx4c2w6Zm9yLWVhY2ggc2VsZWN0PSJjYmM6SXNzdWVUaW1lIj4NCgkJCQkJCQkJCQkJCQkJCTx4c2w6dmFsdWUtb2Ygc2VsZWN0PSJzdWJzdHJpbmcoLiwxLDIpIiAvPjo8eHNsOnZhbHVlLW9mIHNlbGVjdD0ic3Vic3RyaW5nKC4sNCwyKSIgLz46PHhzbDp2YWx1ZS1vZiBzZWxlY3Q9InN1YnN0cmluZyguLDcsMikiIC8+DQoJCQkJCQkJCQkJCQkJCTwveHNsOmZvci1lYWNoPg0KCQkJCQkJCQkJCQkJCTwveHNsOmZvci1lYWNoPg0KDQoJCQkJCQkJCQkJCQk8L3RkPg0KDQoNCgkJCQkJCQkJCQkJPC90cj4NCg0KCQkJCQkJCQkJCTwveHNsOmlmPg0KCQkJCQkJCQkJCTx4c2w6aWYgdGVzdD0iLy9uMTpJbnZvaWNlL2NhYzpBZGRpdGlvbmFsRG9jdW1lbnRSZWZlcmVuY2UvY2JjOkRvY3VtZW50VHlwZSA9ICdFTEVLVFJPTklLJyBhbmQgIC8vbjE6SW52b2ljZS9jYWM6QWRkaXRpb25hbERvY3VtZW50UmVmZXJlbmNlL2NiYzpEb2N1bWVudFR5cGVDb2RlID0gJ1NlbmRpbmdUeXBlJyI+DQoNCgkJCQkJCQkJCQkJPHRyIHN0eWxlPSJoZWlnaHQ6MTNweDsgIj4NCgkJCQkJCQkJCQkJCTx0ZCBhbGlnbj0ibGVmdCI+DQoNCgkJCQkJCQkJCQkJCQk8c3BhbiBzdHlsZT0iZm9udC13ZWlnaHQ6Ym9sZDsgIj4NCgkJCQkJCQkJCQkJCQkJPHhzbDp0ZXh0PkTDvHplbmxlbWUgWmFtYW7EsTo8L3hzbDp0ZXh0Pg0KCQkJCQkJCQkJCQkJCTwvc3Bhbj4NCg0KDQoJCQkJCQkJCQkJCQk8L3RkPg0KCQkJCQkJCQkJCQkJPHRkIGFsaWduPSJsZWZ0Ij4NCg0KCQkJCQkJCQkJCQkJCTx4c2w6Zm9yLWVhY2ggc2VsZWN0PSJuMTpJbnZvaWNlIj4NCgkJCQkJCQkJCQkJCQkJPHhzbDpmb3ItZWFjaCBzZWxlY3Q9ImNiYzpJc3N1ZVRpbWUiPg0KCQkJCQkJCQkJCQkJCQkJPHhzbDp2YWx1ZS1vZiBzZWxlY3Q9InN1YnN0cmluZyguLDEsMikiIC8+Ojx4c2w6dmFsdWUtb2Ygc2VsZWN0PSJzdWJzdHJpbmcoLiw0LDIpIiAvPjo8eHNsOnZhbHVlLW9mIHNlbGVjdD0ic3Vic3RyaW5nKC4sNywyKSIgLz4NCgkJCQkJCQkJCQkJCQkJPC94c2w6Zm9yLWVhY2g+DQoJCQkJCQkJCQkJCQkJPC94c2w6Zm9yLWVhY2g+DQoNCgkJCQkJCQkJCQkJCTwvdGQ+DQoNCg0KCQkJCQkJCQkJCQk8L3RyPg0KDQoNCg0KDQoNCg0KCQkJCQkJCQkJCTwveHNsOmlmPg0KCQkJCQkJCQkJCTx4c2w6Zm9yLWVhY2ggc2VsZWN0PSJuMTpJbnZvaWNlL2NhYzpEZXNwYXRjaERvY3VtZW50UmVmZXJlbmNlW3Bvc2l0aW9uKCkgJmx0OzJdIj4NCg0KCQkJCQkJCQkJCQk8dHIgc3R5bGU9ImhlaWdodDoxM3B4OyAiPg0KCQkJCQkJCQkJCQkJPHRkIGFsaWduPSJsZWZ0Ij4NCgkJCQkJCQkJCQkJCQk8c3BhbiBzdHlsZT0iZm9udC13ZWlnaHQ6Ym9sZDsgIj4NCgkJCQkJCQkJCQkJCQkJPHhzbDp0ZXh0PsSwcnNhbGl5ZSBOby1UYXJpaDo8L3hzbDp0ZXh0Pg0KCQkJCQkJCQkJCQkJCTwvc3Bhbj4NCgkJCQkJCQkJCQkJCQk8c3Bhbj4NCgkJCQkJCQkJCQkJCQkJPHhzbDp0ZXh0PiYjMTYwOzwveHNsOnRleHQ+DQoNCgkJCQkJCQkJCQkJCQkJPHhzbDppZiB0ZXN0PSIkaXJzYWxpeWVDb3VudCAmZ3Q7IDEiPg0KCQkJCQkJCQkJCQkJCQkJPHhzbDp0ZXh0Pig8L3hzbDp0ZXh0Pg0KCQkJCQkJCQkJCQkJCQkJPHhzbDp2YWx1ZS1vZiBzZWxlY3Q9IiRpcnNhbGl5ZUNvdW50IiAvPg0KCQkJCQkJCQkJCQkJCQkJPHhzbDp0ZXh0PikgPC94c2w6dGV4dD4NCgkJCQkJCQkJCQkJCQkJPC94c2w6aWY+DQoJCQkJCQkJCQkJCQkJPC9zcGFuPg0KCQkJCQkJCQkJCQkJPC90ZD4NCgkJCQkJCQkJCQkJCTx0ZCBhbGlnbj0ibGVmdCI+DQoJCQkJCQkJCQkJCQkJPHhzbDp2YWx1ZS1vZiBzZWxlY3Q9ImNiYzpJRCIgLz4tDQoJCQkJCQkJCQkJCQkJPHhzbDpmb3ItZWFjaCBzZWxlY3Q9ImNiYzpJc3N1ZURhdGUiPg0KCQkJCQkJCQkJCQkJCQk8eHNsOnZhbHVlLW9mIHNlbGVjdD0ic3Vic3RyaW5nKC4sOSwyKSIgLz4uPHhzbDp2YWx1ZS1vZiBzZWxlY3Q9InN1YnN0cmluZyguLDYsMikiIC8+Ljx4c2w6dmFsdWUtb2Ygc2VsZWN0PSJzdWJzdHJpbmcoLiwxLDQpIiAvPg0KCQkJCQkJCQkJCQkJCTwveHNsOmZvci1lYWNoPg0KCQkJCQkJCQkJCQkJPC90ZD4NCgkJCQkJCQkJCQkJPC90cj4NCg0KCQkJCQkJCQkJCTwveHNsOmZvci1lYWNoPg0KDQoJCQkJCQkJCQkJPCEtLQk8eHNsOmZvci1lYWNoIHNlbGVjdD0ibjE6SW52b2ljZS9jYWM6QmlsbGluZ1JlZmVyZW5jZVtwb3NpdGlvbigpICZsdDsyXSI+DQoNCgkJCQkJCQkJCQkJPHRyIHN0eWxlPSJoZWlnaHQ6MTNweCI+DQoJCQkJCQkJCQkJCQk8dGQgYWxpZ249ImxlZnQiPg0KCQkJCQkJCQkJCQkJCTxzcGFuIHN0eWxlPSJmb250LXdlaWdodDpib2xkOyAiPg0KCQkJCQkJCQkJCQkJCQk8eHNsOnRleHQ+xLBhZGUgRmF0dXJhIE5vIC0gVGFyaWg6PC94c2w6dGV4dD4NCgkJCQkJCQkJCQkJCQk8L3NwYW4+DQoNCgkJCQkJCQkJCQkJCQk8c3Bhbj4NCgkJCQkJCQkJCQkJCQkJPHhzbDp0ZXh0PiYjMTYwOzwveHNsOnRleHQ+DQoNCgkJCQkJCQkJCQkJCQkJPHhzbDppZiB0ZXN0PSIkaWFkZUNvdW50ICZndDsgMSI+DQoJCQkJCQkJCQkJCQkJCQk8eHNsOnRleHQ+KDwveHNsOnRleHQ+DQoJCQkJCQkJCQkJCQkJCQk8eHNsOnZhbHVlLW9mIHNlbGVjdD0iJGlhZGVDb3VudCIgLz4NCgkJCQkJCQkJCQkJCQkJCTx4c2w6dGV4dD4pIDwveHNsOnRleHQ+DQoJCQkJCQkJCQkJCQkJCTwveHNsOmlmPg0KCQkJCQkJCQkJCQkJCTwvc3Bhbj4NCgkJCQkJCQkJCQkJCTwvdGQ+DQoJCQkJCQkJCQkJCQk8dGQgYWxpZ249ImxlZnQiPg0KCQkJCQkJCQkJCQkJCTx4c2w6dmFsdWUtb2Ygc2VsZWN0PSJjYWM6SW52b2ljZURvY3VtZW50UmVmZXJlbmNlL2NiYzpJRCIgLz4tDQoJCQkJCQkJCQkJCQkJPHhzbDpmb3ItZWFjaCBzZWxlY3Q9ImNhYzpJbnZvaWNlRG9jdW1lbnRSZWZlcmVuY2UvY2JjOklzc3VlRGF0ZSI+DQoJCQkJCQkJCQkJCQkJCTx4c2w6dmFsdWUtb2Ygc2VsZWN0PSJzdWJzdHJpbmcoLiw5LDIpIiAvPi48eHNsOnZhbHVlLW9mIHNlbGVjdD0ic3Vic3RyaW5nKC4sNiwyKSIgLz4uPHhzbDp2YWx1ZS1vZiBzZWxlY3Q9InN1YnN0cmluZyguLDEsNCkiIC8+DQoJCQkJCQkJCQkJCQkJPC94c2w6Zm9yLWVhY2g+DQoJCQkJCQkJCQkJCQk8L3RkPg0KCQkJCQkJCQkJCQk8L3RyPg0KCQkJCQkJCQkJCTwveHNsOmZvci1lYWNoPi0tPg0KDQoNCg0KCQkJCQkJCQkJCTx4c2w6aWYgdGVzdD0iLy9uMTpJbnZvaWNlL2NhYzpPcmRlclJlZmVyZW5jZSI+DQoJCQkJCQkJCQkJCTx0ciBzdHlsZT0iaGVpZ2h0OjEzcHgiPg0KCQkJCQkJCQkJCQkJPHRkIGFsaWduPSJsZWZ0Ij4NCgkJCQkJCQkJCQkJCQk8c3BhbiBzdHlsZT0iZm9udC13ZWlnaHQ6Ym9sZDsgIj4NCgkJCQkJCQkJCQkJCQkJPHhzbDp0ZXh0PlNpcGFyacWfIE5vOjwveHNsOnRleHQ+DQoJCQkJCQkJCQkJCQkJPC9zcGFuPg0KCQkJCQkJCQkJCQkJPC90ZD4NCgkJCQkJCQkJCQkJCTx0ZCBhbGlnbj0ibGVmdCI+DQoJCQkJCQkJCQkJCQkJPHhzbDpmb3ItZWFjaCBzZWxlY3Q9Im4xOkludm9pY2UvY2FjOk9yZGVyUmVmZXJlbmNlIj4NCgkJCQkJCQkJCQkJCQkJPHhzbDpmb3ItZWFjaCBzZWxlY3Q9ImNiYzpJRCI+DQoJCQkJCQkJCQkJCQkJCQk8eHNsOmFwcGx5LXRlbXBsYXRlcyAvPg0KCQkJCQkJCQkJCQkJCQk8L3hzbDpmb3ItZWFjaD4NCgkJCQkJCQkJCQkJCQk8L3hzbDpmb3ItZWFjaD4NCgkJCQkJCQkJCQkJCTwvdGQ+DQoJCQkJCQkJCQkJCTwvdHI+DQoJCQkJCQkJCQkJPC94c2w6aWY+DQoJCQkJCQkJCQkJPHhzbDppZiB0ZXN0PSIvL24xOkludm9pY2UvY2FjOk9yZGVyUmVmZXJlbmNlL2NiYzpJc3N1ZURhdGUiPg0KCQkJCQkJCQkJCQk8dHIgc3R5bGU9ImhlaWdodDoxM3B4Ij4NCgkJCQkJCQkJCQkJCTx0ZCBhbGlnbj0ibGVmdCI+DQoJCQkJCQkJCQkJCQkJPHNwYW4gc3R5bGU9ImZvbnQtd2VpZ2h0OmJvbGQ7ICI+DQoJCQkJCQkJCQkJCQkJCTx4c2w6dGV4dD5TaXBhcmnFnyBUYXJpaGk6PC94c2w6dGV4dD4NCgkJCQkJCQkJCQkJCQk8L3NwYW4+DQoJCQkJCQkJCQkJCQk8L3RkPg0KCQkJCQkJCQkJCQkJPHRkIGFsaWduPSJsZWZ0Ij4NCgkJCQkJCQkJCQkJCQk8eHNsOmZvci1lYWNoIHNlbGVjdD0ibjE6SW52b2ljZS9jYWM6T3JkZXJSZWZlcmVuY2UiPg0KCQkJCQkJCQkJCQkJCQk8eHNsOmZvci1lYWNoIHNlbGVjdD0iY2JjOklzc3VlRGF0ZSI+DQoJCQkJCQkJCQkJCQkJCQk8eHNsOnZhbHVlLW9mIHNlbGVjdD0ic3Vic3RyaW5nKC4sOSwyKSIgLz4tPHhzbDp2YWx1ZS1vZiBzZWxlY3Q9InN1YnN0cmluZyguLDYsMikiIC8+LTx4c2w6dmFsdWUtb2Ygc2VsZWN0PSJzdWJzdHJpbmcoLiwxLDQpIiAvPg0KCQkJCQkJCQkJCQkJCQk8L3hzbDpmb3ItZWFjaD4NCgkJCQkJCQkJCQkJCQk8L3hzbDpmb3ItZWFjaD4NCgkJCQkJCQkJCQkJCTwvdGQ+DQoJCQkJCQkJCQkJCTwvdHI+DQoJCQkJCQkJCQkJPC94c2w6aWY+DQoJCQkJCQkJCQkJPHhzbDpmb3ItZWFjaCBzZWxlY3Q9Im4xOkludm9pY2UvY2FjOlRheFJlcHJlc2VudGF0aXZlUGFydHkvY2FjOlBhcnR5SWRlbnRpZmljYXRpb24vY2JjOklEW0BzY2hlbWVJRD0nQVJBQ0lLVVJVTVZLTiddIj4NCgkJCQkJCQkJCQkJPHRyPg0KCQkJCQkJCQkJCQkJPHRkIHN0eWxlPSJ3aWR0aDoxMDVweDsiIGFsaWduPSJsZWZ0Ij4NCgkJCQkJCQkJCQkJCQk8c3BhbiBzdHlsZT0iZm9udC13ZWlnaHQ6Ym9sZDsgIj4NCgkJCQkJCQkJCQkJCQkJPHhzbDp0ZXh0PkFyYWPEsSBLdXJ1bSBWS046PC94c2w6dGV4dD4NCgkJCQkJCQkJCQkJCQk8L3NwYW4+DQoJCQkJCQkJCQkJCQk8L3RkPg0KCQkJCQkJCQkJCQkJPHRkIHN0eWxlPSJ3aWR0aDoxMTBweDsiIGFsaWduPSJsZWZ0Ij4NCgkJCQkJCQkJCQkJCQk8eHNsOnZhbHVlLW9mIHNlbGVjdD0iLiIvPg0KCQkJCQkJCQkJCQkJPC90ZD4NCgkJCQkJCQkJCQkJPC90cj4NCgkJCQkJCQkJCQkJPHRyPg0KCQkJCQkJCQkJCQkJPHRkIHN0eWxlPSJ3aWR0aDoxMDVweDsiIGFsaWduPSJsZWZ0Ij4NCgkJCQkJCQkJCQkJCQk8c3BhbiBzdHlsZT0iZm9udC13ZWlnaHQ6Ym9sZDsgIj4NCgkJCQkJCQkJCQkJCQkJPHhzbDp0ZXh0PkFyYWPEsSBLdXJ1bSBVbnZhbjo8L3hzbDp0ZXh0Pg0KCQkJCQkJCQkJCQkJCTwvc3Bhbj4NCgkJCQkJCQkJCQkJCTwvdGQ+DQoJCQkJCQkJCQkJCQk8dGQgc3R5bGU9IndpZHRoOjExMHB4OyIgYWxpZ249ImxlZnQiPg0KCQkJCQkJCQkJCQkJCTx4c2w6dmFsdWUtb2Ygc2VsZWN0PSIuLi8uLi9jYWM6UGFydHlOYW1lL2NiYzpOYW1lIi8+DQoJCQkJCQkJCQkJCQk8L3RkPg0KCQkJCQkJCQkJCQk8L3RyPg0KCQkJCQkJCQkJCTwveHNsOmZvci1lYWNoPg0KDQoNCgkJCQkJCQkJCTwvdGJvZHk+DQoJCQkJCQkJCTwvdGFibGU+DQoNCgkJCQkJCQk8L3RkPg0KDQoJCQkJCQk8L3RyPg0KCQkJCQkJPHRyIGFsaWduPSJsZWZ0Ij4NCgkJCQkJCQk8dGFibGUgaWQ9ImV0dG5UYWJsZSI+DQoJCQkJCQkJCTx0ciBzdHlsZT0iaGVpZ2h0OjEzcHg7Ij4NCgkJCQkJCQkJCTx0ZCBhbGlnbj0ibGVmdCIgdmFsaWduPSJ0b3AiPg0KCQkJCQkJCQkJCTxzcGFuIHN0eWxlPSJmb250LXdlaWdodDpib2xkOyAiPg0KCQkJCQkJCQkJCQk8eHNsOnRleHQ+RVRUTjo8L3hzbDp0ZXh0Pg0KCQkJCQkJCQkJCTwvc3Bhbj4NCgkJCQkJCQkJCTwvdGQ+DQoJCQkJCQkJCQk8dGQgYWxpZ249ImxlZnQiIHdpZHRoPSIyNDBweCI+DQoJCQkJCQkJCQkJPHhzbDpmb3ItZWFjaCBzZWxlY3Q9Im4xOkludm9pY2UiPg0KCQkJCQkJCQkJCQk8eHNsOmZvci1lYWNoIHNlbGVjdD0iY2JjOlVVSUQiPg0KCQkJCQkJCQkJCQkJPHhzbDphcHBseS10ZW1wbGF0ZXMgLz4NCgkJCQkJCQkJCQkJPC94c2w6Zm9yLWVhY2g+DQoJCQkJCQkJCQkJPC94c2w6Zm9yLWVhY2g+DQoJCQkJCQkJCQk8L3RkPg0KCQkJCQkJCQk8L3RyPg0KCQkJCQkJCTwvdGFibGU+DQoJCQkJCQk8L3RyPg0KDQoNCgkJCQkJCTx4c2w6aWYgdGVzdD0iLy9uMTpJbnZvaWNlL2NhYzpBY2NvdW50aW5nQ3VzdG9tZXJQYXJ0eS9jYWM6UGFydHkvY2FjOlBhcnR5SWRlbnRpZmljYXRpb24vY2JjOklEW0BzY2hlbWVJRF0gPSc3NzUwNDA5Mzc5JyI+DQoJCQkJCQkJPHRyPg0KCQkJCQkJCQk8dGQ+DQoJCQkJCQkJCQk8YnIvPg0KCQkJCQkJCQk8L3RkPg0KCQkJCQkJCTwvdHI+DQoNCg0KCQkJCQkJCTx0cj4NCgkJCQkJCQkJPHRkPg0KCQkJCQkJCQkJPHRhYmxlIGJvcmRlcj0iMSI+DQoNCg0KDQoJCQkJCQkJCQkJPHRib2R5Pg0KCQkJCQkJCQkJCQk8dHI+DQoJCQkJCQkJCQkJCQk8dGQgc3R5bGU9IndpZHRoOjEwNXB4OyAiIGFsaWduPSJsZWZ0Ij4NCgkJCQkJCQkJCQkJCQk8c3BhbiBzdHlsZT0iZm9udC13ZWlnaHQ6Ym9sZDsgIj4NCgkJCQkJCQkJCQkJCQkJPHhzbDp0ZXh0PlNhxJ9sxLFrIEZhdHVyYSBUaXBpOjwveHNsOnRleHQ+DQoJCQkJCQkJCQkJCQkJPC9zcGFuPg0KCQkJCQkJCQkJCQkJPC90ZD4NCgkJCQkJCQkJCQkJCTx0ZCBhbGlnbj0ibGVmdCI+DQoJCQkJCQkJCQkJCQkJPHhzbDpmb3ItZWFjaCBzZWxlY3Q9Im4xOkludm9pY2UiPg0KCQkJCQkJCQkJCQkJCQk8eHNsOmZvci1lYWNoIHNlbGVjdD0iY2JjOkFjY291bnRpbmdDb3N0Ij4NCgkJCQkJCQkJCQkJCQkJCTx4c2w6YXBwbHktdGVtcGxhdGVzLz4NCgkJCQkJCQkJCQkJCQkJPC94c2w6Zm9yLWVhY2g+DQoJCQkJCQkJCQkJCQkJPC94c2w6Zm9yLWVhY2g+DQoJCQkJCQkJCQkJCQk8L3RkPg0KCQkJCQkJCQkJCQk8L3RyPg0KCQkJCQkJCQkJCQk8dHIgc3R5bGU9ImhlaWdodDoxM3B4OyAiPg0KCQkJCQkJCQkJCQkJPHRkIGFsaWduPSJsZWZ0Ij4NCgkJCQkJCQkJCQkJCQk8c3BhbiBzdHlsZT0iZm9udC13ZWlnaHQ6Ym9sZDsgIj4NCgkJCQkJCQkJCQkJCQkJPHhzbDp0ZXh0Pk3DvGtlbGxlZiBLb2R1OjwveHNsOnRleHQ+DQoJCQkJCQkJCQkJCQkJPC9zcGFuPg0KCQkJCQkJCQkJCQkJPC90ZD4NCgkJCQkJCQkJCQkJCTx0ZCBhbGlnbj0ibGVmdCI+DQoJCQkJCQkJCQkJCQkJPHhzbDpmb3ItZWFjaCBzZWxlY3Q9Im4xOkludm9pY2UiPg0KCQkJCQkJCQkJCQkJCQk8eHNsOmZvci1lYWNoIHNlbGVjdD0iY2FjOkFkZGl0aW9uYWxEb2N1bWVudFJlZmVyZW5jZVtjYmM6RG9jdW1lbnRUeXBlQ29kZT0nTVVLRUxMRUZfS09EVSddL2NiYzpEb2N1bWVudFR5cGUiPg0KCQkJCQkJCQkJCQkJCQkJPHhzbDphcHBseS10ZW1wbGF0ZXMvPg0KCQkJCQkJCQkJCQkJCQk8L3hzbDpmb3ItZWFjaD4NCgkJCQkJCQkJCQkJCQk8L3hzbDpmb3ItZWFjaD4NCgkJCQkJCQkJCQkJCTwvdGQ+DQoJCQkJCQkJCQkJCTwvdHI+DQoJCQkJCQkJCQkJCTx0ciBzdHlsZT0iaGVpZ2h0OjEzcHg7ICI+DQoJCQkJCQkJCQkJCQk8dGQgYWxpZ249ImxlZnQiPg0KCQkJCQkJCQkJCQkJCTxzcGFuIHN0eWxlPSJmb250LXdlaWdodDpib2xkOyAiPg0KCQkJCQkJCQkJCQkJCQk8eHNsOnRleHQ+TcO8a2VsbGVmIEFkxLE6PC94c2w6dGV4dD4NCgkJCQkJCQkJCQkJCQk8L3NwYW4+DQoJCQkJCQkJCQkJCQk8L3RkPg0KCQkJCQkJCQkJCQkJPHRkIGFsaWduPSJsZWZ0Ij4NCgkJCQkJCQkJCQkJCQk8eHNsOmZvci1lYWNoIHNlbGVjdD0ibjE6SW52b2ljZSI+DQoJCQkJCQkJCQkJCQkJCTx4c2w6Zm9yLWVhY2ggc2VsZWN0PSJjYWM6QWRkaXRpb25hbERvY3VtZW50UmVmZXJlbmNlW2NiYzpEb2N1bWVudFR5cGVDb2RlPSdNVUtFTExFRl9BREknXS9jYmM6RG9jdW1lbnRUeXBlIj4NCgkJCQkJCQkJCQkJCQkJCTx4c2w6YXBwbHktdGVtcGxhdGVzLz4NCgkJCQkJCQkJCQkJCQkJPC94c2w6Zm9yLWVhY2g+DQoJCQkJCQkJCQkJCQkJPC94c2w6Zm9yLWVhY2g+DQoJCQkJCQkJCQkJCQk8L3RkPg0KCQkJCQkJCQkJCQk8L3RyPg0KCQkJCQkJCQkJCQk8dHIgc3R5bGU9ImhlaWdodDoxM3B4OyAiPg0KCQkJCQkJCQkJCQkJPHRkIGFsaWduPSJsZWZ0Ij4NCgkJCQkJCQkJCQkJCQk8c3BhbiBzdHlsZT0iZm9udC13ZWlnaHQ6Ym9sZDsgIj4NCgkJCQkJCQkJCQkJCQkJPHhzbDp0ZXh0PkRvc3lhIE5vOjwveHNsOnRleHQ+DQoJCQkJCQkJCQkJCQkJPC9zcGFuPg0KCQkJCQkJCQkJCQkJPC90ZD4NCgkJCQkJCQkJCQkJCTx0ZCBhbGlnbj0ibGVmdCI+DQoJCQkJCQkJCQkJCQkJPHhzbDpmb3ItZWFjaCBzZWxlY3Q9Im4xOkludm9pY2UiPg0KCQkJCQkJCQkJCQkJCQk8eHNsOmZvci1lYWNoIHNlbGVjdD0iY2FjOkFkZGl0aW9uYWxEb2N1bWVudFJlZmVyZW5jZVtjYmM6RG9jdW1lbnRUeXBlQ29kZT0nRE9TWUFfTk8nXS9jYmM6RG9jdW1lbnRUeXBlIj4NCgkJCQkJCQkJCQkJCQkJCTx4c2w6YXBwbHktdGVtcGxhdGVzLz4NCgkJCQkJCQkJCQkJCQkJPC94c2w6Zm9yLWVhY2g+DQoJCQkJCQkJCQkJCQkJPC94c2w6Zm9yLWVhY2g+DQoJCQkJCQkJCQkJCQk8L3RkPg0KCQkJCQkJCQkJCQk8L3RyPg0KCQkJCQkJCQkJCQk8dHIgc3R5bGU9ImhlaWdodDoxM3B4OyAiPg0KCQkJCQkJCQkJCQkJPHRkIGFsaWduPSJsZWZ0Ij4NCgkJCQkJCQkJCQkJCQk8c3BhbiBzdHlsZT0iZm9udC13ZWlnaHQ6Ym9sZDsgIj4NCgkJCQkJCQkJCQkJCQkJPHhzbDp0ZXh0PkTDtm5lbTo8L3hzbDp0ZXh0Pg0KCQkJCQkJCQkJCQkJCTwvc3Bhbj4NCgkJCQkJCQkJCQkJCTwvdGQ+DQoJCQkJCQkJCQkJCQk8dGQgYWxpZ249ImxlZnQiPg0KCQkJCQkJCQkJCQkJCTx4c2w6Zm9yLWVhY2ggc2VsZWN0PSJuMTpJbnZvaWNlIj4NCgkJCQkJCQkJCQkJCQkJPHhzbDpmb3ItZWFjaCBzZWxlY3Q9ImNhYzpJbnZvaWNlUGVyaW9kL2NiYzpTdGFydERhdGUiPg0KDQoJCQkJCQkJCQkJCQkJCQk8eHNsOmFwcGx5LXRlbXBsYXRlcy8+DQoJCQkJCQkJCQkJCQkJCTwveHNsOmZvci1lYWNoPg0KCQkJCQkJCQkJCQkJCQk8c3Bhbj4NCgkJCQkJCQkJCQkJCQkJCTx4c2w6dGV4dD4gLyA8L3hzbDp0ZXh0Pg0KCQkJCQkJCQkJCQkJCQk8L3NwYW4+DQoJCQkJCQkJCQkJCQkJCTx4c2w6Zm9yLWVhY2ggc2VsZWN0PSJjYWM6SW52b2ljZVBlcmlvZC9jYmM6RW5kRGF0ZSI+DQoNCgkJCQkJCQkJCQkJCQkJCTx4c2w6YXBwbHktdGVtcGxhdGVzLz4NCgkJCQkJCQkJCQkJCQkJPC94c2w6Zm9yLWVhY2g+DQoJCQkJCQkJCQkJCQkJPC94c2w6Zm9yLWVhY2g+DQoNCgkJCQkJCQkJCQkJCTwvdGQ+DQoJCQkJCQkJCQkJCTwvdHI+DQoNCgkJCQkJCQkJCQk8L3Rib2R5Pg0KCQkJCQkJCQkJPC90YWJsZT4NCgkJCQkJCQkJPC90ZD4NCgkJCQkJCQk8L3RyPg0KDQoNCg0KDQoJCQkJCQkJPHRyPg0KCQkJCQkJCQk8dGQ+DQoJCQkJCQkJCQk8YnIvPg0KCQkJCQkJCQk8L3RkPg0KCQkJCQkJCTwvdHI+DQoNCg0KCQkJCQkJPC94c2w6aWY+DQoNCg0KDQoNCg0KDQoJCQkJCTwvdGFibGU+DQoJCQkJCTxkaXYgaWQ9ImxpbmVUYWJsZUFsaWduZXIiPg0KCQkJCQkJPHNwYW4+DQoJCQkJCQkJPHhzbDp0ZXh0PiYjMTYwOzwveHNsOnRleHQ+DQoJCQkJCQk8L3NwYW4+DQoJCQkJCTwvZGl2Pg0KCQkJCQk8dGFibGUgYm9yZGVyPSIxIiBpZD0ibGluZVRhYmxlIiB3aWR0aD0iODAwIj4NCgkJCQkJCTx0Ym9keT4NCgkJCQkJCQk8dHIgaWQ9ImxpbmVUYWJsZVRyIj4NCgkJCQkJCQkJPHRkIGlkPSJsaW5lVGFibGVUZCIgc3R5bGU9IndpZHRoOjMlIj4NCgkJCQkJCQkJCTxzcGFuIHN0eWxlPSJmb250LXdlaWdodDpib2xkOyAiIGFsaWduPSJjZW50ZXIiPg0KCQkJCQkJCQkJCTx4c2w6dGV4dD5TxLFyYSBObzwveHNsOnRleHQ+DQoJCQkJCQkJCQk8L3NwYW4+DQoJCQkJCQkJCTwvdGQ+DQoJCQkJCQkJCTx4c2w6aWYgdGVzdD0iLy9uMTpJbnZvaWNlL2NhYzpJbnZvaWNlTGluZS9jYWM6SXRlbS9jYWM6U2VsbGVyc0l0ZW1JZGVudGlmaWNhdGlvbiI+DQoJCQkJCQkJCQk8dGQgaWQ9ImxpbmVUYWJsZVRkIiBzdHlsZT0id2lkdGg6MyUiPg0KCQkJCQkJCQkJCTxzcGFuIHN0eWxlPSJmb250LXdlaWdodDpib2xkOyAiIGFsaWduPSJjZW50ZXIiPg0KCQkJCQkJCQkJCQk8eHNsOnRleHQ+U3RvayBLb2R1PC94c2w6dGV4dD4NCgkJCQkJCQkJCQk8L3NwYW4+DQoJCQkJCQkJCQk8L3RkPg0KCQkJCQkJCQk8L3hzbDppZj4NCgkJCQkJCQkJPHRkIGlkPSJsaW5lVGFibGVUZCIgc3R5bGU9IndpZHRoOjIwJSIgYWxpZ249ImNlbnRlciI+DQoJCQkJCQkJCQk8c3BhbiBzdHlsZT0iZm9udC13ZWlnaHQ6Ym9sZDsgIj4NCgkJCQkJCQkJCQk8eHNsOnRleHQ+TWFsemVtZS9IaXptZXQgQcOnxLFrbGFtYXPEsTwveHNsOnRleHQ+DQoJCQkJCQkJCQk8L3NwYW4+DQoJCQkJCQkJCTwvdGQ+DQoJCQkJCQkJCTx0ZCBpZD0ibGluZVRhYmxlVGQiIHN0eWxlPSJ3aWR0aDo3LjQlIiBhbGlnbj0iY2VudGVyIj4NCgkJCQkJCQkJCTxzcGFuIHN0eWxlPSJmb250LXdlaWdodDpib2xkOyI+DQoJCQkJCQkJCQkJPHhzbDp0ZXh0Pk1pa3RhcjwveHNsOnRleHQ+DQoJCQkJCQkJCQk8L3NwYW4+DQoJCQkJCQkJCTwvdGQ+DQoJCQkJCQkJCTx0ZCBpZD0ibGluZVRhYmxlVGQiIHN0eWxlPSJ3aWR0aDo5JSIgYWxpZ249ImNlbnRlciI+DQoJCQkJCQkJCQk8c3BhbiBzdHlsZT0iZm9udC13ZWlnaHQ6Ym9sZDsgIj4NCgkJCQkJCQkJCQk8eHNsOnRleHQ+QmlyaW0gRml5YXQ8L3hzbDp0ZXh0Pg0KCQkJCQkJCQkJPC9zcGFuPg0KCQkJCQkJCQk8L3RkPg0KCQkJCQkJCQk8eHNsOmlmIHRlc3Q9Ii8vbjE6SW52b2ljZS9jYWM6SW52b2ljZUxpbmUvY2FjOkFsbG93YW5jZUNoYXJnZS9jYmM6TXVsdGlwbGllckZhY3Rvck51bWVyaWMgJmd0OzAiPg0KCQkJCQkJCQkJPHRkIGlkPSJsaW5lVGFibGVUZCIgc3R5bGU9IndpZHRoOjclIiBhbGlnbj0iY2VudGVyIj4NCgkJCQkJCQkJCQk8c3BhbiBzdHlsZT0iZm9udC13ZWlnaHQ6Ym9sZDsgIj4NCgkJCQkJCQkJCQkJPHhzbDp0ZXh0PsSwc2tvbnRvIE9yYW7EsSYjMTYwOyU8L3hzbDp0ZXh0Pg0KCQkJCQkJCQkJCTwvc3Bhbj4NCgkJCQkJCQkJCTwvdGQ+DQoJCQkJCQkJCTwveHNsOmlmPg0KCQkJCQkJCQk8eHNsOmlmIHRlc3Q9Ii8vbjE6SW52b2ljZS9jYWM6SW52b2ljZUxpbmUvY2FjOkFsbG93YW5jZUNoYXJnZS9jYmM6QW1vdW50ICZndDswIj4NCgkJCQkJCQkJCTx0ZCBpZD0ibGluZVRhYmxlVGQiIHN0eWxlPSJ3aWR0aDo5JSIgYWxpZ249ImNlbnRlciI+DQoJCQkJCQkJCQkJPHNwYW4gc3R5bGU9ImZvbnQtd2VpZ2h0OmJvbGQ7ICI+DQoJCQkJCQkJCQkJCTx4c2w6dGV4dD7EsHNrb250byBUdXRhcsSxJiMxNjA7JiMxNjA7PC94c2w6dGV4dD4NCgkJCQkJCQkJCQk8L3NwYW4+DQoJCQkJCQkJCQk8L3RkPg0KCQkJCQkJCQk8L3hzbDppZj4NCgkJCQkJCQkJPHRkIGlkPSJsaW5lVGFibGVUZCIgc3R5bGU9IndpZHRoOjclIiBhbGlnbj0iY2VudGVyIj4NCgkJCQkJCQkJCTxzcGFuIHN0eWxlPSJmb250LXdlaWdodDpib2xkOyAiPg0KCQkJCQkJCQkJCTx4c2w6dGV4dD5LRFYgT3JhbsSxPC94c2w6dGV4dD4NCgkJCQkJCQkJCTwvc3Bhbj4NCgkJCQkJCQkJPC90ZD4NCgkJCQkJCQkJPHRkIGlkPSJsaW5lVGFibGVUZCIgc3R5bGU9IndpZHRoOjEwJSIgYWxpZ249ImNlbnRlciI+DQoJCQkJCQkJCQk8c3BhbiBzdHlsZT0iZm9udC13ZWlnaHQ6Ym9sZDsgIj4NCgkJCQkJCQkJCQk8eHNsOnRleHQ+S0RWIFR1dGFyxLE8L3hzbDp0ZXh0Pg0KCQkJCQkJCQkJPC9zcGFuPg0KCQkJCQkJCQk8L3RkPg0KCQkJCQkJCQk8eHNsOmlmIHRlc3Q9Ii8vbjE6SW52b2ljZS9jYWM6SW52b2ljZUxpbmUvY2FjOldpdGhob2xkaW5nVGF4VG90YWwvY2FjOlRheFN1YnRvdGFsL2NhYzpUYXhDYXRlZ29yeS9jYWM6VGF4U2NoZW1lL2NiYzpUYXhUeXBlQ29kZSE9JzAwMTUnIj4NCgkJCQkJCQkJCTx0ZCBpZD0ibGluZVRhYmxlVGQiIHN0eWxlPSJ3aWR0aDoxNyU7ICIgYWxpZ249ImNlbnRlciI+DQoJCQkJCQkJCQkJPHNwYW4gc3R5bGU9ImZvbnQtd2VpZ2h0OmJvbGQ7ICI+DQoJCQkJCQkJCQkJCTx4c2w6dGV4dD5EacSfZXIgVmVyZ2lsZXI8L3hzbDp0ZXh0Pg0KCQkJCQkJCQkJCTwvc3Bhbj4NCgkJCQkJCQkJCTwvdGQ+DQoJCQkJCQkJCTwveHNsOmlmPg0KCQkJCQkJCQk8dGQgaWQ9ImxpbmVUYWJsZVRkIiBzdHlsZT0id2lkdGg6MTAuNiUiIGFsaWduPSJjZW50ZXIiPg0KCQkJCQkJCQkJPHNwYW4gc3R5bGU9ImZvbnQtd2VpZ2h0OmJvbGQ7ICI+DQoJCQkJCQkJCQkJPHhzbDp0ZXh0Pk1hbCBIaXptZXQgVHV0YXLEsTwveHNsOnRleHQ+DQoJCQkJCQkJCQk8L3NwYW4+DQoJCQkJCQkJCTwvdGQ+DQoJCQkJCQkJCTx4c2w6aWYgdGVzdD0iLy9uMTpJbnZvaWNlL2NiYzpQcm9maWxlSUQ9J0lIUkFDQVQnIj4NCgkJCQkJCQkJCTx0ZCBjbGFzcz0ibGluZVRhYmxlVGQiIHN0eWxlPSJ3aWR0aDoxMC42JSIgYWxpZ249ImNlbnRlciI+DQoJCQkJCQkJCQkJPHNwYW4gc3R5bGU9ImZvbnQtd2VpZ2h0OmJvbGQ7Ij4NCgkJCQkJCQkJCQkJPHhzbDp0ZXh0PlRlc2xpbSDFnmFydMSxPC94c2w6dGV4dD4NCgkJCQkJCQkJCQk8L3NwYW4+DQoJCQkJCQkJCQk8L3RkPg0KCQkJCQkJCQkJPHRkIGNsYXNzPSJsaW5lVGFibGVUZCIgc3R5bGU9IndpZHRoOjEwLjYlIiBhbGlnbj0iY2VudGVyIj4NCgkJCQkJCQkJCQk8c3BhbiBzdHlsZT0iZm9udC13ZWlnaHQ6Ym9sZDsiPg0KCQkJCQkJCQkJCQk8eHNsOnRleHQ+RcWfeWEgS2FwIENpbnNpPC94c2w6dGV4dD4NCgkJCQkJCQkJCQk8L3NwYW4+DQoJCQkJCQkJCQk8L3RkPg0KCQkJCQkJCQkJPHRkIGNsYXNzPSJsaW5lVGFibGVUZCIgc3R5bGU9IndpZHRoOjEwLjYlIiBhbGlnbj0iY2VudGVyIj4NCgkJCQkJCQkJCQk8c3BhbiBzdHlsZT0iZm9udC13ZWlnaHQ6Ym9sZDsiPg0KCQkJCQkJCQkJCQk8eHNsOnRleHQ+S2FwIE5vPC94c2w6dGV4dD4NCgkJCQkJCQkJCQk8L3NwYW4+DQoJCQkJCQkJCQk8L3RkPg0KCQkJCQkJCQkJPHRkIGNsYXNzPSJsaW5lVGFibGVUZCIgc3R5bGU9IndpZHRoOjEwLjYlIiBhbGlnbj0iY2VudGVyIj4NCgkJCQkJCQkJCQk8c3BhbiBzdHlsZT0iZm9udC13ZWlnaHQ6Ym9sZDsiPg0KCQkJCQkJCQkJCQk8eHNsOnRleHQ+S2FwIEFkZXQ8L3hzbDp0ZXh0Pg0KCQkJCQkJCQkJCTwvc3Bhbj4NCgkJCQkJCQkJCTwvdGQ+DQoJCQkJCQkJCQk8dGQgY2xhc3M9ImxpbmVUYWJsZVRkIiBzdHlsZT0id2lkdGg6MTAuNiUiIGFsaWduPSJjZW50ZXIiPg0KCQkJCQkJCQkJCTxzcGFuIHN0eWxlPSJmb250LXdlaWdodDpib2xkOyI+DQoJCQkJCQkJCQkJCTx4c2w6dGV4dD5UZXNsaW0vQmVkZWwgw5ZkZW1lIFllcmk8L3hzbDp0ZXh0Pg0KCQkJCQkJCQkJCTwvc3Bhbj4NCgkJCQkJCQkJCTwvdGQ+DQoJCQkJCQkJCQk8dGQgY2xhc3M9ImxpbmVUYWJsZVRkIiBzdHlsZT0id2lkdGg6MTAuNiUiIGFsaWduPSJjZW50ZXIiPg0KCQkJCQkJCQkJCTxzcGFuIHN0eWxlPSJmb250LXdlaWdodDpib2xkOyI+DQoJCQkJCQkJCQkJCTx4c2w6dGV4dD5Hw7ZuZGVyaWxtZSDFnmVrbGk8L3hzbDp0ZXh0Pg0KCQkJCQkJCQkJCTwvc3Bhbj4NCgkJCQkJCQkJCTwvdGQ+DQoJCQkJCQkJCQk8dGQgY2xhc3M9ImxpbmVUYWJsZVRkIiBzdHlsZT0id2lkdGg6MTAuNiUiIGFsaWduPSJjZW50ZXIiPg0KCQkJCQkJCQkJCTxzcGFuIHN0eWxlPSJmb250LXdlaWdodDpib2xkOyI+DQoJCQkJCQkJCQkJCTx4c2w6dGV4dD5HVMSwUDwveHNsOnRleHQ+DQoJCQkJCQkJCQkJPC9zcGFuPg0KCQkJCQkJCQkJPC90ZD4NCgkJCQkJCQkJPC94c2w6aWY+DQoJCQkJCQkJPC90cj4NCgkJCQkJCQk8eHNsOmlmIHRlc3Q9ImNvdW50KC8vbjE6SW52b2ljZS9jYWM6SW52b2ljZUxpbmUpICZndDs9IDYiPg0KCQkJCQkJCQk8eHNsOmZvci1lYWNoIHNlbGVjdD0iLy9uMTpJbnZvaWNlL2NhYzpJbnZvaWNlTGluZSI+DQoJCQkJCQkJCQk8eHNsOmFwcGx5LXRlbXBsYXRlcyBzZWxlY3Q9Ii4iIC8+DQoJCQkJCQkJCTwveHNsOmZvci1lYWNoPg0KCQkJCQkJCTwveHNsOmlmPg0KCQkJCQkJCTx4c2w6aWYgdGVzdD0iY291bnQoLy9uMTpJbnZvaWNlL2NhYzpJbnZvaWNlTGluZSkgJmx0OyA2Ij4NCgkJCQkJCQkJPHhzbDpjaG9vc2U+DQoJCQkJCQkJCQk8eHNsOndoZW4gdGVzdD0iLy9uMTpJbnZvaWNlL2NhYzpJbnZvaWNlTGluZVsxXSI+DQoJCQkJCQkJCQkJPHhzbDphcHBseS10ZW1wbGF0ZXMgc2VsZWN0PSIvL24xOkludm9pY2UvY2FjOkludm9pY2VMaW5lWzFdIiAvPg0KCQkJCQkJCQkJPC94c2w6d2hlbj4NCgkJCQkJCQkJCTx4c2w6b3RoZXJ3aXNlPg0KCQkJCQkJCQkJCTx4c2w6YXBwbHktdGVtcGxhdGVzIHNlbGVjdD0iLy9uMTpJbnZvaWNlIiAvPg0KCQkJCQkJCQkJPC94c2w6b3RoZXJ3aXNlPg0KCQkJCQkJCQk8L3hzbDpjaG9vc2U+DQoJCQkJCQkJCTx4c2w6Y2hvb3NlPg0KCQkJCQkJCQkJPHhzbDp3aGVuIHRlc3Q9Ii8vbjE6SW52b2ljZS9jYWM6SW52b2ljZUxpbmVbMl0iPg0KCQkJCQkJCQkJCTx4c2w6YXBwbHktdGVtcGxhdGVzIHNlbGVjdD0iLy9uMTpJbnZvaWNlL2NhYzpJbnZvaWNlTGluZVsyXSIgLz4NCgkJCQkJCQkJCTwveHNsOndoZW4+DQoJCQkJCQkJCQk8eHNsOm90aGVyd2lzZT4NCgkJCQkJCQkJCQk8eHNsOmFwcGx5LXRlbXBsYXRlcyBzZWxlY3Q9Ii8vbjE6SW52b2ljZSIgLz4NCgkJCQkJCQkJCTwveHNsOm90aGVyd2lzZT4NCgkJCQkJCQkJPC94c2w6Y2hvb3NlPg0KCQkJCQkJCQk8eHNsOmNob29zZT4NCgkJCQkJCQkJCTx4c2w6d2hlbiB0ZXN0PSIvL24xOkludm9pY2UvY2FjOkludm9pY2VMaW5lWzNdIj4NCgkJCQkJCQkJCQk8eHNsOmFwcGx5LXRlbXBsYXRlcyBzZWxlY3Q9Ii8vbjE6SW52b2ljZS9jYWM6SW52b2ljZUxpbmVbM10iIC8+DQoJCQkJCQkJCQk8L3hzbDp3aGVuPg0KCQkJCQkJCQkJPHhzbDpvdGhlcndpc2U+DQoJCQkJCQkJCQkJPHhzbDphcHBseS10ZW1wbGF0ZXMgc2VsZWN0PSIvL24xOkludm9pY2UiIC8+DQoJCQkJCQkJCQk8L3hzbDpvdGhlcndpc2U+DQoJCQkJCQkJCTwveHNsOmNob29zZT4NCgkJCQkJCQkJPHhzbDpjaG9vc2U+DQoJCQkJCQkJCQk8eHNsOndoZW4gdGVzdD0iLy9uMTpJbnZvaWNlL2NhYzpJbnZvaWNlTGluZVs0XSI+DQoJCQkJCQkJCQkJPHhzbDphcHBseS10ZW1wbGF0ZXMgc2VsZWN0PSIvL24xOkludm9pY2UvY2FjOkludm9pY2VMaW5lWzRdIiAvPg0KCQkJCQkJCQkJPC94c2w6d2hlbj4NCgkJCQkJCQkJCTx4c2w6b3RoZXJ3aXNlPg0KCQkJCQkJCQkJCTx4c2w6YXBwbHktdGVtcGxhdGVzIHNlbGVjdD0iLy9uMTpJbnZvaWNlIiAvPg0KCQkJCQkJCQkJPC94c2w6b3RoZXJ3aXNlPg0KCQkJCQkJCQk8L3hzbDpjaG9vc2U+DQoJCQkJCQkJCTx4c2w6Y2hvb3NlPg0KCQkJCQkJCQkJPHhzbDp3aGVuIHRlc3Q9Ii8vbjE6SW52b2ljZS9jYWM6SW52b2ljZUxpbmVbNV0iPg0KCQkJCQkJCQkJCTx4c2w6YXBwbHktdGVtcGxhdGVzIHNlbGVjdD0iLy9uMTpJbnZvaWNlL2NhYzpJbnZvaWNlTGluZVs1XSIgLz4NCgkJCQkJCQkJCTwveHNsOndoZW4+DQoJCQkJCQkJCQk8eHNsOm90aGVyd2lzZT4NCgkJCQkJCQkJCQk8eHNsOmFwcGx5LXRlbXBsYXRlcyBzZWxlY3Q9Ii8vbjE6SW52b2ljZSIgLz4NCgkJCQkJCQkJCTwveHNsOm90aGVyd2lzZT4NCgkJCQkJCQkJPC94c2w6Y2hvb3NlPg0KCQkJCQkJCQk8eHNsOmNob29zZT4NCgkJCQkJCQkJCTx4c2w6d2hlbiB0ZXN0PSIvL24xOkludm9pY2UvY2FjOkludm9pY2VMaW5lWzZdIj4NCgkJCQkJCQkJCQk8eHNsOmFwcGx5LXRlbXBsYXRlcyBzZWxlY3Q9Ii8vbjE6SW52b2ljZS9jYWM6SW52b2ljZUxpbmVbNl0iIC8+DQoJCQkJCQkJCQk8L3hzbDp3aGVuPg0KCQkJCQkJCQkJPHhzbDpvdGhlcndpc2U+DQoJCQkJCQkJCQkJPHhzbDphcHBseS10ZW1wbGF0ZXMgc2VsZWN0PSIvL24xOkludm9pY2UiIC8+DQoJCQkJCQkJCQk8L3hzbDpvdGhlcndpc2U+DQoJCQkJCQkJCTwveHNsOmNob29zZT4NCgkJCQkJCQkJPHhzbDpjaG9vc2U+DQoJCQkJCQkJCQk8eHNsOndoZW4gdGVzdD0iLy9uMTpJbnZvaWNlL2NhYzpJbnZvaWNlTGluZVs3XSI+DQoJCQkJCQkJCQkJPHhzbDphcHBseS10ZW1wbGF0ZXMgc2VsZWN0PSIvL24xOkludm9pY2UvY2FjOkludm9pY2VMaW5lWzddIiAvPg0KCQkJCQkJCQkJPC94c2w6d2hlbj4NCgkJCQkJCQkJCTx4c2w6b3RoZXJ3aXNlPg0KCQkJCQkJCQkJCTx4c2w6YXBwbHktdGVtcGxhdGVzIHNlbGVjdD0iLy9uMTpJbnZvaWNlIiAvPg0KCQkJCQkJCQkJPC94c2w6b3RoZXJ3aXNlPg0KCQkJCQkJCQk8L3hzbDpjaG9vc2U+DQoJCQkJCQkJCTx4c2w6Y2hvb3NlPg0KCQkJCQkJCQkJPHhzbDp3aGVuIHRlc3Q9Ii8vbjE6SW52b2ljZS9jYWM6SW52b2ljZUxpbmVbOF0iPg0KCQkJCQkJCQkJCTx4c2w6YXBwbHktdGVtcGxhdGVzIHNlbGVjdD0iLy9uMTpJbnZvaWNlL2NhYzpJbnZvaWNlTGluZVs4XSIgLz4NCgkJCQkJCQkJCTwveHNsOndoZW4+DQoJCQkJCQkJCQk8eHNsOm90aGVyd2lzZT4NCgkJCQkJCQkJCQk8eHNsOmFwcGx5LXRlbXBsYXRlcyBzZWxlY3Q9Ii8vbjE6SW52b2ljZSIgLz4NCgkJCQkJCQkJCTwveHNsOm90aGVyd2lzZT4NCgkJCQkJCQkJPC94c2w6Y2hvb3NlPg0KCQkJCQkJCQk8eHNsOmNob29zZT4NCgkJCQkJCQkJCTx4c2w6d2hlbiB0ZXN0PSIvL24xOkludm9pY2UvY2FjOkludm9pY2VMaW5lWzldIj4NCgkJCQkJCQkJCQk8eHNsOmFwcGx5LXRlbXBsYXRlcyBzZWxlY3Q9Ii8vbjE6SW52b2ljZS9jYWM6SW52b2ljZUxpbmVbOV0iIC8+DQoJCQkJCQkJCQk8L3hzbDp3aGVuPg0KCQkJCQkJCQkJPHhzbDpvdGhlcndpc2U+DQoJCQkJCQkJCQkJPHhzbDphcHBseS10ZW1wbGF0ZXMgc2VsZWN0PSIvL24xOkludm9pY2UiIC8+DQoJCQkJCQkJCQk8L3hzbDpvdGhlcndpc2U+DQoJCQkJCQkJCTwveHNsOmNob29zZT4NCgkJCQkJCQkJPHhzbDpjaG9vc2U+DQoJCQkJCQkJCQk8eHNsOndoZW4gdGVzdD0iLy9uMTpJbnZvaWNlL2NhYzpJbnZvaWNlTGluZVsxMF0iPg0KCQkJCQkJCQkJCTx4c2w6YXBwbHktdGVtcGxhdGVzIHNlbGVjdD0iLy9uMTpJbnZvaWNlL2NhYzpJbnZvaWNlTGluZVsxMF0iIC8+DQoJCQkJCQkJCQk8L3hzbDp3aGVuPg0KCQkJCQkJCQkJPHhzbDpvdGhlcndpc2U+DQoJCQkJCQkJCQkJPHhzbDphcHBseS10ZW1wbGF0ZXMgc2VsZWN0PSIvL24xOkludm9pY2UiIC8+DQoJCQkJCQkJCQk8L3hzbDpvdGhlcndpc2U+DQoJCQkJCQkJCTwveHNsOmNob29zZT4NCg0KCQkJCQkJCTwveHNsOmlmPg0KCQkJCQkJPC90Ym9keT4NCgkJCQkJPC90YWJsZT4NCgkJCQk8L3hzbDpmb3ItZWFjaD4NCgkJCQk8dGFibGUgaWQ9ImJ1ZGdldENvbnRhaW5lclRhYmxlIiB3aWR0aD0iODAwcHgiPg0KCQkJCQk8dHIgaWQ9ImJ1ZGdldENvbnRhaW5lclRyIiBhbGlnbj0icmlnaHQiPg0KCQkJCQkJPHRkIGlkPSJidWRnZXRDb250YWluZXJEdW1teVRkIiAvPg0KCQkJCQkJPHRkIGlkPSJsaW5lVGFibGVCdWRnZXRUZCIgYWxpZ249InJpZ2h0IiB3aWR0aD0iMjAwcHgiPg0KCQkJCQkJCTxzcGFuIHN0eWxlPSJmb250LXdlaWdodDpib2xkOyAiPg0KCQkJCQkJCQk8eHNsOnRleHQ+TWFsIEhpem1ldCBUb3BsYW0gVHV0YXLEsTwveHNsOnRleHQ+DQoJCQkJCQkJPC9zcGFuPg0KCQkJCQkJPC90ZD4NCgkJCQkJCTx0ZCBpZD0ibGluZVRhYmxlQnVkZ2V0VGQiIHN0eWxlPSJ3aWR0aDo4MXB4OyAiIGFsaWduPSJyaWdodCI+DQoJCQkJCQkJPHNwYW4+DQoJCQkJCQkJCTx4c2w6dmFsdWUtb2Ygc2VsZWN0PSJmb3JtYXQtbnVtYmVyKC8vbjE6SW52b2ljZS9jYWM6TGVnYWxNb25ldGFyeVRvdGFsL2NiYzpMaW5lRXh0ZW5zaW9uQW1vdW50LCAnIyMjLiMjMCwwMCcsICdldXJvcGVhbicpIiAvPg0KCQkJCQkJCQk8eHNsOmlmIHRlc3Q9Ii8vbjE6SW52b2ljZS9jYWM6TGVnYWxNb25ldGFyeVRvdGFsL2NiYzpMaW5lRXh0ZW5zaW9uQW1vdW50L0BjdXJyZW5jeUlEIj4NCgkJCQkJCQkJCTx4c2w6dGV4dD4NCgkJCQkJCQkJCTwveHNsOnRleHQ+DQoJCQkJCQkJCQk8eHNsOmlmIHRlc3Q9Ii8vbjE6SW52b2ljZS9jYWM6TGVnYWxNb25ldGFyeVRvdGFsL2NiYzpMaW5lRXh0ZW5zaW9uQW1vdW50L0BjdXJyZW5jeUlEID0gJ1RSWSciPg0KCQkJCQkJCQkJCTx4c2w6dGV4dD5UTDwveHNsOnRleHQ+DQoJCQkJCQkJCQk8L3hzbDppZj4NCgkJCQkJCQkJCTx4c2w6aWYgdGVzdD0iLy9uMTpJbnZvaWNlL2NhYzpMZWdhbE1vbmV0YXJ5VG90YWwvY2JjOkxpbmVFeHRlbnNpb25BbW91bnQvQGN1cnJlbmN5SUQgIT0gJ1RSWSciPg0KCQkJCQkJCQkJCTx4c2w6dmFsdWUtb2Ygc2VsZWN0PSIvL24xOkludm9pY2UvY2FjOkxlZ2FsTW9uZXRhcnlUb3RhbC9jYmM6TGluZUV4dGVuc2lvbkFtb3VudC9AY3VycmVuY3lJRCIgLz4NCgkJCQkJCQkJCTwveHNsOmlmPg0KCQkJCQkJCQk8L3hzbDppZj4NCgkJCQkJCQk8L3NwYW4+DQoJCQkJCQk8L3RkPg0KCQkJCQk8L3RyPg0KDQoNCgkJCQkJPHhzbDppZiB0ZXN0PSIvL24xOkludm9pY2UvY2FjOkRlbGl2ZXJ5L2NhYzpTaGlwbWVudC9jYmM6SW5zdXJhbmNlVmFsdWVBbW91bnQiPg0KCQkJCQkJPHRyIGlkPSJidWRnZXRDb250YWluZXJUciIgYWxpZ249InJpZ2h0Ij4NCgkJCQkJCQk8dGQgaWQ9ImJ1ZGdldENvbnRhaW5lckR1bW15VGQiIC8+DQoJCQkJCQkJPHRkIGlkPSJsaW5lVGFibGVCdWRnZXRUZCIgd2lkdGg9IjIwMHB4IiBhbGlnbj0icmlnaHQiPg0KCQkJCQkJCQk8c3BhbiBzdHlsZT0iZm9udC13ZWlnaHQ6Ym9sZDsgIj4NCgkJCQkJCQkJCTx4c2w6dGV4dD5TaWdvcnRhIFR1dGFyxLE8L3hzbDp0ZXh0Pg0KCQkJCQkJCQk8L3NwYW4+DQoJCQkJCQkJPC90ZD4NCgkJCQkJCQk8dGQgaWQ9ImxpbmVUYWJsZUJ1ZGdldFRkIiBzdHlsZT0id2lkdGg6ODFweDsgIiBhbGlnbj0icmlnaHQiPg0KCQkJCQkJCQk8c3Bhbj4NCgkJCQkJCQkJCTx4c2w6dmFsdWUtb2Ygc2VsZWN0PSJmb3JtYXQtbnVtYmVyKC8vbjE6SW52b2ljZS9jYWM6RGVsaXZlcnkvY2FjOlNoaXBtZW50L2NiYzpJbnN1cmFuY2VWYWx1ZUFtb3VudCwgJyMjIy4jIzAsMDAnLCAnZXVyb3BlYW4nKSIgLz4NCgkJCQkJCQkJCTx4c2w6aWYgdGVzdD0iLy9uMTpJbnZvaWNlL2NhYzpMZWdhbE1vbmV0YXJ5VG90YWwvY2JjOkxpbmVFeHRlbnNpb25BbW91bnQvQGN1cnJlbmN5SUQiPg0KCQkJCQkJCQkJCTx4c2w6dGV4dD4NCgkJCQkJCQkJCQk8L3hzbDp0ZXh0Pg0KCQkJCQkJCQkJCTx4c2w6aWYgdGVzdD0iLy9uMTpJbnZvaWNlL2NhYzpMZWdhbE1vbmV0YXJ5VG90YWwvY2JjOkxpbmVFeHRlbnNpb25BbW91bnQvQGN1cnJlbmN5SUQgPSAnVFJZJyI+DQoJCQkJCQkJCQkJCTx4c2w6dGV4dD5UTDwveHNsOnRleHQ+DQoJCQkJCQkJCQkJPC94c2w6aWY+DQoJCQkJCQkJCQkJPHhzbDppZiB0ZXN0PSIvL24xOkludm9pY2UvY2FjOkxlZ2FsTW9uZXRhcnlUb3RhbC9jYmM6TGluZUV4dGVuc2lvbkFtb3VudC9AY3VycmVuY3lJRCAhPSAnVFJZJyI+DQoJCQkJCQkJCQkJCTx4c2w6dmFsdWUtb2Ygc2VsZWN0PSIvL24xOkludm9pY2UvY2FjOkxlZ2FsTW9uZXRhcnlUb3RhbC9jYmM6TGluZUV4dGVuc2lvbkFtb3VudC9AY3VycmVuY3lJRCIgLz4NCgkJCQkJCQkJCQk8L3hzbDppZj4NCgkJCQkJCQkJCTwveHNsOmlmPg0KCQkJCQkJCQk8L3NwYW4+DQoJCQkJCQkJPC90ZD4NCgkJCQkJCTwvdHI+DQoJCQkJCTwveHNsOmlmPg0KDQoNCgkJCQkJPHhzbDppZiB0ZXN0PSIvL24xOkludm9pY2UvY2FjOkRlbGl2ZXJ5L2NhYzpTaGlwbWVudC9jYmM6RGVjbGFyZWRGb3JDYXJyaWFnZVZhbHVlQW1vdW50Ij4NCgkJCQkJCTx0ciBpZD0iYnVkZ2V0Q29udGFpbmVyVHIiIGFsaWduPSJyaWdodCI+DQoJCQkJCQkJPHRkIGlkPSJidWRnZXRDb250YWluZXJEdW1teVRkIiAvPg0KCQkJCQkJCTx0ZCBpZD0ibGluZVRhYmxlQnVkZ2V0VGQiIHdpZHRoPSIyMDBweCIgYWxpZ249InJpZ2h0Ij4NCgkJCQkJCQkJPHNwYW4gc3R5bGU9ImZvbnQtd2VpZ2h0OmJvbGQ7ICI+DQoJCQkJCQkJCQk8eHNsOnRleHQ+TmF2bHVuIFR1dGFyxLE8L3hzbDp0ZXh0Pg0KCQkJCQkJCQk8L3NwYW4+DQoJCQkJCQkJPC90ZD4NCgkJCQkJCQk8dGQgaWQ9ImxpbmVUYWJsZUJ1ZGdldFRkIiBzdHlsZT0id2lkdGg6ODFweDsgIiBhbGlnbj0icmlnaHQiPg0KCQkJCQkJCQk8c3Bhbj4NCgkJCQkJCQkJCTx4c2w6dmFsdWUtb2Ygc2VsZWN0PSJmb3JtYXQtbnVtYmVyKC8vbjE6SW52b2ljZS9jYWM6RGVsaXZlcnkvY2FjOlNoaXBtZW50L2NiYzpEZWNsYXJlZEZvckNhcnJpYWdlVmFsdWVBbW91bnQsICcjIyMuIyMwLDAwJywgJ2V1cm9wZWFuJykiIC8+DQoJCQkJCQkJCQk8eHNsOmlmIHRlc3Q9Ii8vbjE6SW52b2ljZS9jYWM6TGVnYWxNb25ldGFyeVRvdGFsL2NiYzpMaW5lRXh0ZW5zaW9uQW1vdW50L0BjdXJyZW5jeUlEIj4NCgkJCQkJCQkJCQk8eHNsOnRleHQ+DQoJCQkJCQkJCQkJPC94c2w6dGV4dD4NCgkJCQkJCQkJCQk8eHNsOmlmIHRlc3Q9Ii8vbjE6SW52b2ljZS9jYWM6TGVnYWxNb25ldGFyeVRvdGFsL2NiYzpMaW5lRXh0ZW5zaW9uQW1vdW50L0BjdXJyZW5jeUlEID0gJ1RSWSciPg0KCQkJCQkJCQkJCQk8eHNsOnRleHQ+VEw8L3hzbDp0ZXh0Pg0KCQkJCQkJCQkJCTwveHNsOmlmPg0KCQkJCQkJCQkJCTx4c2w6aWYgdGVzdD0iLy9uMTpJbnZvaWNlL2NhYzpMZWdhbE1vbmV0YXJ5VG90YWwvY2JjOkxpbmVFeHRlbnNpb25BbW91bnQvQGN1cnJlbmN5SUQgIT0gJ1RSWSciPg0KCQkJCQkJCQkJCQk8eHNsOnZhbHVlLW9mIHNlbGVjdD0iLy9uMTpJbnZvaWNlL2NhYzpMZWdhbE1vbmV0YXJ5VG90YWwvY2JjOkxpbmVFeHRlbnNpb25BbW91bnQvQGN1cnJlbmN5SUQiIC8+DQoJCQkJCQkJCQkJPC94c2w6aWY+DQoJCQkJCQkJCQk8L3hzbDppZj4NCgkJCQkJCQkJPC9zcGFuPg0KCQkJCQkJCTwvdGQ+DQoJCQkJCQk8L3RyPg0KCQkJCQk8L3hzbDppZj4NCg0KDQoJCQkJCTx0ciBpZD0iYnVkZ2V0Q29udGFpbmVyVHIiIGFsaWduPSJyaWdodCI+DQoJCQkJCQk8eHNsOmlmIHRlc3Q9Ii8vbjE6SW52b2ljZS9jYWM6TGVnYWxNb25ldGFyeVRvdGFsL2NiYzpBbGxvd2FuY2VUb3RhbEFtb3VudCAmZ3Q7MCI+DQoJCQkJCQkJPHRkIGlkPSJidWRnZXRDb250YWluZXJEdW1teVRkIiAvPg0KCQkJCQkJCTx0ZCBpZD0ibGluZVRhYmxlQnVkZ2V0VGQiIGFsaWduPSJyaWdodCIgd2lkdGg9IjIwMHB4Ij4NCgkJCQkJCQkJPHhzbDppZiB0ZXN0PSIvL24xOkludm9pY2UvY2FjOkFsbG93YW5jZUNoYXJnZS9jYmM6Q2hhcmdlSW5kaWNhdG9yIj4NCgkJCQkJCQkJCTxzcGFuIHN0eWxlPSJmb250LXdlaWdodDpib2xkOyAiPg0KCQkJCQkJCQkJCTx4c2w6dGV4dD5Ub3BsYW0gxLBuZGlyaW0gxLBza29udG88L3hzbDp0ZXh0Pg0KCQkJCQkJCQkJPC9zcGFuPg0KCQkJCQkJCQk8L3hzbDppZj4NCg0KDQoJCQkJCQkJPC90ZD4NCgkJCQkJCQk8dGQgaWQ9ImxpbmVUYWJsZUJ1ZGdldFRkIiBzdHlsZT0id2lkdGg6ODFweDsgIiBhbGlnbj0icmlnaHQiPg0KCQkJCQkJCQk8c3Bhbj4NCgkJCQkJCQkJCTx4c2w6aWYgdGVzdD0iLy9uMTpJbnZvaWNlL2NhYzpMZWdhbE1vbmV0YXJ5VG90YWwvY2JjOkFsbG93YW5jZVRvdGFsQW1vdW50ICZndDswIj4NCgkJCQkJCQkJCQk8eHNsOnZhbHVlLW9mIHNlbGVjdD0iZm9ybWF0LW51bWJlcigvL24xOkludm9pY2UvY2FjOkxlZ2FsTW9uZXRhcnlUb3RhbC9jYmM6QWxsb3dhbmNlVG90YWxBbW91bnQsICcjIyMuIyMwLDAwJywgJ2V1cm9wZWFuJykiIC8+DQoJCQkJCQkJCQkJPHhzbDppZiB0ZXN0PSIvL24xOkludm9pY2UvY2FjOkxlZ2FsTW9uZXRhcnlUb3RhbC9jYmM6QWxsb3dhbmNlVG90YWxBbW91bnQiPg0KCQkJCQkJCQkJCQk8eHNsOnRleHQ+DQoJCQkJCQkJCQkJCTwveHNsOnRleHQ+DQoJCQkJCQkJCQkJCTx4c2w6aWYgdGVzdD0iLy9uMTpJbnZvaWNlL2NhYzpMZWdhbE1vbmV0YXJ5VG90YWwvY2JjOkFsbG93YW5jZVRvdGFsQW1vdW50L0BjdXJyZW5jeUlEID0gJ1RSWSciPg0KCQkJCQkJCQkJCQkJPHhzbDp0ZXh0PlRMPC94c2w6dGV4dD4NCgkJCQkJCQkJCQkJPC94c2w6aWY+DQoJCQkJCQkJCQkJCTx4c2w6aWYgdGVzdD0iLy9uMTpJbnZvaWNlL2NhYzpMZWdhbE1vbmV0YXJ5VG90YWwvY2JjOkFsbG93YW5jZVRvdGFsQW1vdW50L0BjdXJyZW5jeUlEICE9ICdUUlknIj4NCgkJCQkJCQkJCQkJCTx4c2w6dmFsdWUtb2Ygc2VsZWN0PSIvL24xOkludm9pY2UvY2FjOkxlZ2FsTW9uZXRhcnlUb3RhbC9jYmM6QWxsb3dhbmNlVG90YWxBbW91bnQvQGN1cnJlbmN5SUQiIC8+DQoJCQkJCQkJCQkJCTwveHNsOmlmPg0KCQkJCQkJCQkJCTwveHNsOmlmPg0KCQkJCQkJCQkJPC94c2w6aWY+DQoJCQkJCQkJCTwvc3Bhbj4NCgkJCQkJCQk8L3RkPg0KCQkJCQkJPC94c2w6aWY+DQoJCQkJCTwvdHI+DQoNCg0KDQoJCQkJCTx0ciBpZD0iYnVkZ2V0Q29udGFpbmVyVHIiIGFsaWduPSJyaWdodCI+DQoJCQkJCQk8eHNsOmlmIHRlc3Q9Ii8vbjE6SW52b2ljZS9jYWM6TGVnYWxNb25ldGFyeVRvdGFsL2NiYzpDaGFyZ2VUb3RhbEFtb3VudCAmZ3Q7MCI+DQoJCQkJCQkJPHRkIGlkPSJidWRnZXRDb250YWluZXJEdW1teVRkIiAvPg0KCQkJCQkJCTx0ZCBpZD0ibGluZVRhYmxlQnVkZ2V0VGQiIGFsaWduPSJyaWdodCIgd2lkdGg9IjIwMHB4Ij4NCgkJCQkJCQkJPHhzbDppZiB0ZXN0PSIvL24xOkludm9pY2UvY2FjOkFsbG93YW5jZUNoYXJnZS9jYmM6Q2hhcmdlSW5kaWNhdG9yIj4NCgkJCQkJCQkJCTxzcGFuIHN0eWxlPSJmb250LXdlaWdodDpib2xkOyAiPg0KCQkJCQkJCQkJCTx4c2w6dGV4dD5Ub3BsYW0gQXJ0dMSxcsSxbSDEsHNrb250bzwveHNsOnRleHQ+DQoJCQkJCQkJCQk8L3NwYW4+DQoJCQkJCQkJCTwveHNsOmlmPg0KDQoNCgkJCQkJCQk8L3RkPg0KCQkJCQkJCTx0ZCBpZD0ibGluZVRhYmxlQnVkZ2V0VGQiIHN0eWxlPSJ3aWR0aDo4MXB4OyAiIGFsaWduPSJyaWdodCI+DQoJCQkJCQkJCTxzcGFuPg0KCQkJCQkJCQkJPHhzbDppZiB0ZXN0PSIvL24xOkludm9pY2UvY2FjOkxlZ2FsTW9uZXRhcnlUb3RhbC9jYmM6Q2hhcmdlVG90YWxBbW91bnQgJmd0OzAiPg0KCQkJCQkJCQkJCTx4c2w6dmFsdWUtb2Ygc2VsZWN0PSJmb3JtYXQtbnVtYmVyKC8vbjE6SW52b2ljZS9jYWM6TGVnYWxNb25ldGFyeVRvdGFsL2NiYzpDaGFyZ2VUb3RhbEFtb3VudCwgJyMjIy4jIzAsMDAnLCAnZXVyb3BlYW4nKSIgLz4NCgkJCQkJCQkJCQk8eHNsOmlmIHRlc3Q9Ii8vbjE6SW52b2ljZS9jYWM6TGVnYWxNb25ldGFyeVRvdGFsL2NiYzpDaGFyZ2VUb3RhbEFtb3VudCI+DQoJCQkJCQkJCQkJCTx4c2w6dGV4dD4NCgkJCQkJCQkJCQkJPC94c2w6dGV4dD4NCgkJCQkJCQkJCQkJPHhzbDppZiB0ZXN0PSIvL24xOkludm9pY2UvY2FjOkxlZ2FsTW9uZXRhcnlUb3RhbC9jYmM6Q2hhcmdlVG90YWxBbW91bnQvQGN1cnJlbmN5SUQgPSAnVFJZJyI+DQoJCQkJCQkJCQkJCQk8eHNsOnRleHQ+VEw8L3hzbDp0ZXh0Pg0KCQkJCQkJCQkJCQk8L3hzbDppZj4NCgkJCQkJCQkJCQkJPHhzbDppZiB0ZXN0PSIvL24xOkludm9pY2UvY2FjOkxlZ2FsTW9uZXRhcnlUb3RhbC9jYmM6Q2hhcmdlVG90YWxBbW91bnQvQGN1cnJlbmN5SUQgIT0gJ1RSWSciPg0KCQkJCQkJCQkJCQkJPHhzbDp2YWx1ZS1vZiBzZWxlY3Q9Ii8vbjE6SW52b2ljZS9jYWM6TGVnYWxNb25ldGFyeVRvdGFsL2NiYzpDaGFyZ2VUb3RhbEFtb3VudC9AY3VycmVuY3lJRCIgLz4NCgkJCQkJCQkJCQkJPC94c2w6aWY+DQoJCQkJCQkJCQkJPC94c2w6aWY+DQoJCQkJCQkJCQk8L3hzbDppZj4NCgkJCQkJCQkJPC9zcGFuPg0KCQkJCQkJCTwvdGQ+DQoJCQkJCQk8L3hzbDppZj4NCgkJCQkJPC90cj4NCgkJCQkJPHhzbDpmb3ItZWFjaCBzZWxlY3Q9Im4xOkludm9pY2UvY2FjOlRheFRvdGFsL2NhYzpUYXhTdWJ0b3RhbCI+DQoJCQkJCQk8dHIgaWQ9ImJ1ZGdldENvbnRhaW5lclRyIiBhbGlnbj0icmlnaHQiPg0KCQkJCQkJCTx0ZCBpZD0iYnVkZ2V0Q29udGFpbmVyRHVtbXlUZCIgLz4NCgkJCQkJCQk8dGQgaWQ9ImxpbmVUYWJsZUJ1ZGdldFRkIiB3aWR0aD0iMjExcHgiIGFsaWduPSJyaWdodCI+DQoJCQkJCQkJCTxzcGFuIHN0eWxlPSJmb250LXdlaWdodDpib2xkOyAiPg0KCQkJCQkJCQkJPHhzbDp0ZXh0Pkhlc2FwbGFuYW4gPC94c2w6dGV4dD4NCgkJCQkJCQkJCTx4c2w6dmFsdWUtb2Ygc2VsZWN0PSJjYWM6VGF4Q2F0ZWdvcnkvY2FjOlRheFNjaGVtZS9jYmM6TmFtZSIgLz4NCgkJCQkJCQkJCTx4c2w6dGV4dD4oJTwveHNsOnRleHQ+DQoJCQkJCQkJCQk8eHNsOnZhbHVlLW9mIHNlbGVjdD0iY2JjOlBlcmNlbnQiIC8+DQoJCQkJCQkJCQk8eHNsOnRleHQ+KTwveHNsOnRleHQ+DQoJCQkJCQkJCTwvc3Bhbj4NCgkJCQkJCQk8L3RkPg0KCQkJCQkJCTx0ZCBpZD0ibGluZVRhYmxlQnVkZ2V0VGQiIHN0eWxlPSJ3aWR0aDo4MnB4OyAiIGFsaWduPSJyaWdodCI+DQoJCQkJCQkJCTx4c2w6Zm9yLWVhY2ggc2VsZWN0PSJjYWM6VGF4Q2F0ZWdvcnkvY2FjOlRheFNjaGVtZSI+DQoJCQkJCQkJCQk8eHNsOnRleHQ+DQoJCQkJCQkJCQk8L3hzbDp0ZXh0Pg0KCQkJCQkJCQkJPHhzbDp2YWx1ZS1vZiBzZWxlY3Q9ImZvcm1hdC1udW1iZXIoLi4vLi4vY2JjOlRheEFtb3VudCwgJyMjIy4jIzAsMDAnLCAnZXVyb3BlYW4nKSIgLz4NCgkJCQkJCQkJCTx4c2w6aWYgdGVzdD0iLi4vLi4vY2JjOlRheEFtb3VudC9AY3VycmVuY3lJRCI+DQoJCQkJCQkJCQkJPHhzbDp0ZXh0Pg0KCQkJCQkJCQkJCTwveHNsOnRleHQ+DQoJCQkJCQkJCQkJPHhzbDppZiB0ZXN0PSIuLi8uLi9jYmM6VGF4QW1vdW50L0BjdXJyZW5jeUlEID0gJ1RSWSciPg0KCQkJCQkJCQkJCQk8eHNsOnRleHQ+VEw8L3hzbDp0ZXh0Pg0KCQkJCQkJCQkJCTwveHNsOmlmPg0KCQkJCQkJCQkJCTx4c2w6aWYgdGVzdD0iLi4vLi4vY2JjOlRheEFtb3VudC9AY3VycmVuY3lJRCAhPSAnVFJZJyI+DQoJCQkJCQkJCQkJCTx4c2w6dmFsdWUtb2Ygc2VsZWN0PSIuLi8uLi9jYmM6VGF4QW1vdW50L0BjdXJyZW5jeUlEIiAvPg0KCQkJCQkJCQkJCTwveHNsOmlmPg0KCQkJCQkJCQkJPC94c2w6aWY+DQoJCQkJCQkJCTwveHNsOmZvci1lYWNoPg0KCQkJCQkJCTwvdGQ+DQoJCQkJCQk8L3RyPg0KCQkJCQk8L3hzbDpmb3ItZWFjaD4NCgkJCQkJPHhzbDppZiB0ZXN0ID0gIm4xOkludm9pY2UvY2FjOkludm9pY2VMaW5lW2NhYzpXaXRoaG9sZGluZ1RheFRvdGFsL2NhYzpUYXhTdWJ0b3RhbC9jYWM6VGF4Q2F0ZWdvcnkvY2FjOlRheFNjaGVtZV0iPg0KCQkJCQkJPHRyIGlkPSJidWRnZXRDb250YWluZXJUciIgYWxpZ249InJpZ2h0Ij4NCgkJCQkJCQk8dGQgaWQ9ImJ1ZGdldENvbnRhaW5lckR1bW15VGQiLz4NCgkJCQkJCQk8dGQgaWQ9ImxpbmVUYWJsZUJ1ZGdldFRkIiB3aWR0aD0iMjExcHgiIGFsaWduPSJyaWdodCI+DQoJCQkJCQkJCTxzcGFuIHN0eWxlPSJmb250LXdlaWdodDpib2xkOyAiPg0KCQkJCQkJCQkJPHhzbDp0ZXh0PlRldmtpZmF0YSBUYWJpIMSwxZ9sZW0gVHV0YXLEsTwveHNsOnRleHQ+DQoJCQkJCQkJCTwvc3Bhbj4NCgkJCQkJCQk8L3RkPg0KCQkJCQkJCTx0ZCBpZD0ibGluZVRhYmxlQnVkZ2V0VGQiIHN0eWxlPSJ3aWR0aDo4MnB4OyAiIGFsaWduPSJyaWdodCI+DQoJCQkJCQkJCTx4c2w6aWYgdGVzdCA9ICJuMTpJbnZvaWNlL2NhYzpJbnZvaWNlTGluZVtjYWM6V2l0aGhvbGRpbmdUYXhUb3RhbC9jYWM6VGF4U3VidG90YWwvY2FjOlRheENhdGVnb3J5L2NhYzpUYXhTY2hlbWVdIj4NCgkJCQkJCQkJCTx4c2w6dmFsdWUtb2YNCgkJCQkJCQkJCQlzZWxlY3Q9ImZvcm1hdC1udW1iZXIoc3VtKG4xOkludm9pY2UvY2FjOkludm9pY2VMaW5lW2NhYzpXaXRoaG9sZGluZ1RheFRvdGFsL2NhYzpUYXhTdWJ0b3RhbC9jYWM6VGF4Q2F0ZWdvcnkvY2FjOlRheFNjaGVtZV0vY2JjOkxpbmVFeHRlbnNpb25BbW91bnQpLCAnIyMjLiMjMCwwMCcsICdldXJvcGVhbicpIi8+DQoJCQkJCQkJCTwveHNsOmlmPg0KCQkJCQkJCQk8eHNsOmlmIHRlc3QgPSAiLy9uMTpJbnZvaWNlL2NhYzpUYXhUb3RhbC9jYWM6VGF4U3VidG90YWwvY2FjOlRheENhdGVnb3J5L2NhYzpUYXhTY2hlbWUvY2JjOlRheFR5cGVDb2RlPSZhcG9zOzkwMTUmYXBvczsiPg0KCQkJCQkJCQkJPHhzbDp2YWx1ZS1vZg0KCQkJCQkJCQkJCXNlbGVjdD0iZm9ybWF0LW51bWJlcihzdW0objE6SW52b2ljZS9jYWM6SW52b2ljZUxpbmVbY2FjOlRheFRvdGFsL2NhYzpUYXhTdWJ0b3RhbC9jYWM6VGF4Q2F0ZWdvcnkvY2FjOlRheFNjaGVtZS9jYmM6VGF4VHlwZUNvZGU9OTAxNV0vY2JjOkxpbmVFeHRlbnNpb25BbW91bnQpLCAnIyMjLiMjMCwwMCcsICdldXJvcGVhbicpIi8+DQoJCQkJCQkJCTwveHNsOmlmPg0KCQkJCQkJCQk8eHNsOmlmIHRlc3Q9Im4xOkludm9pY2UvY2JjOkRvY3VtZW50Q3VycmVuY3lDb2RlID0gJ1RSTCcgb3IgbjE6SW52b2ljZS9jYmM6RG9jdW1lbnRDdXJyZW5jeUNvZGUgPSAnVFJZJyI+DQoJCQkJCQkJCQk8eHNsOnRleHQ+JiMxNjA7VEw8L3hzbDp0ZXh0Pg0KCQkJCQkJCQk8L3hzbDppZj4NCgkJCQkJCQkJPHhzbDppZiB0ZXN0PSJuMTpJbnZvaWNlL2NiYzpEb2N1bWVudEN1cnJlbmN5Q29kZSAhPSAnVFJMJyBhbmQgbjE6SW52b2ljZS9jYmM6RG9jdW1lbnRDdXJyZW5jeUNvZGUgIT0gJ1RSWSciPg0KCQkJCQkJCQkJPHhzbDp2YWx1ZS1vZiBzZWxlY3Q9Im4xOkludm9pY2UvY2JjOkRvY3VtZW50Q3VycmVuY3lDb2RlIi8+DQoJCQkJCQkJCTwveHNsOmlmPg0KCQkJCQkJCTwvdGQ+DQoJCQkJCQk8L3RyPg0KCQkJCQkJPHhzbDppZiB0ZXN0ID0gIm4xOkludm9pY2UvY2FjOkludm9pY2VMaW5lW2NhYzpXaXRoaG9sZGluZ1RheFRvdGFsL2NhYzpUYXhTdWJ0b3RhbC9jYWM6VGF4Q2F0ZWdvcnkvY2FjOlRheFNjaGVtZV0iPg0KCQkJCQkJCTx0ciBpZD0iYnVkZ2V0Q29udGFpbmVyVHIiIGFsaWduPSJyaWdodCI+DQoJCQkJCQkJCTx0ZCBpZD0iYnVkZ2V0Q29udGFpbmVyRHVtbXlUZCIvPg0KCQkJCQkJCQk8dGQgaWQ9ImxpbmVUYWJsZUJ1ZGdldFRkIiB3aWR0aD0iMjExcHgiIGFsaWduPSJyaWdodCI+DQoJCQkJCQkJCQk8c3BhbiBzdHlsZT0iZm9udC13ZWlnaHQ6Ym9sZDsgIj4NCgkJCQkJCQkJCQk8eHNsOnRleHQ+VGV2a2lmYXRhIFRhYmkgxLDFn2xlbSBUdXRhcsSxPC94c2w6dGV4dD4NCgkJCQkJCQkJCTwvc3Bhbj4NCgkJCQkJCQkJPC90ZD4NCgkJCQkJCQkJPHRkIGlkPSJsaW5lVGFibGVCdWRnZXRUZCIgc3R5bGU9IndpZHRoOjgycHg7ICIgYWxpZ249InJpZ2h0Ij4NCgkJCQkJCQkJCTx4c2w6aWYgdGVzdCA9ICJuMTpJbnZvaWNlL2NhYzpJbnZvaWNlTGluZVtjYWM6V2l0aGhvbGRpbmdUYXhUb3RhbC9jYWM6VGF4U3VidG90YWwvY2FjOlRheENhdGVnb3J5L2NhYzpUYXhTY2hlbWVdIj4NCgkJCQkJCQkJCQk8eHNsOnZhbHVlLW9mDQoJCQkJCQkJCQkJc2VsZWN0PSJmb3JtYXQtbnVtYmVyKHN1bShuMTpJbnZvaWNlL2NhYzpJbnZvaWNlTGluZVtjYWM6V2l0aGhvbGRpbmdUYXhUb3RhbC9jYWM6VGF4U3VidG90YWwvY2FjOlRheENhdGVnb3J5L2NhYzpUYXhTY2hlbWVdL2NiYzpMaW5lRXh0ZW5zaW9uQW1vdW50KSwgJyMjIy4jIzAsMDAnLCAnZXVyb3BlYW4nKSIvPg0KCQkJCQkJCQkJPC94c2w6aWY+DQoJCQkJCQkJCQk8eHNsOmlmIHRlc3QgPSAiLy9uMTpJbnZvaWNlL2NhYzpUYXhUb3RhbC9jYWM6VGF4U3VidG90YWwvY2FjOlRheENhdGVnb3J5L2NhYzpUYXhTY2hlbWUvY2JjOlRheFR5cGVDb2RlPSZhcG9zOzkwMTUmYXBvczsiPg0KCQkJCQkJCQkJCTx4c2w6dmFsdWUtb2YNCgkJCQkJCQkJCQlzZWxlY3Q9ImZvcm1hdC1udW1iZXIoc3VtKG4xOkludm9pY2UvY2FjOkludm9pY2VMaW5lW2NhYzpUYXhUb3RhbC9jYWM6VGF4U3VidG90YWwvY2FjOlRheENhdGVnb3J5L2NhYzpUYXhTY2hlbWUvY2JjOlRheFR5cGVDb2RlPTkwMTVdL2NiYzpMaW5lRXh0ZW5zaW9uQW1vdW50KSwgJyMjIy4jIzAsMDAnLCAnZXVyb3BlYW4nKSIvPg0KCQkJCQkJCQkJPC94c2w6aWY+DQoJCQkJCQkJCQk8eHNsOmlmIHRlc3Q9Im4xOkludm9pY2UvY2JjOkRvY3VtZW50Q3VycmVuY3lDb2RlID0gJ1RSTCcgb3IgbjE6SW52b2ljZS9jYmM6RG9jdW1lbnRDdXJyZW5jeUNvZGUgPSAnVFJZJyI+DQoJCQkJCQkJCQkJPHhzbDp0ZXh0PiYjMTYwO1RMPC94c2w6dGV4dD4NCgkJCQkJCQkJCTwveHNsOmlmPg0KCQkJCQkJCQkJPHhzbDppZiB0ZXN0PSJuMTpJbnZvaWNlL2NiYzpEb2N1bWVudEN1cnJlbmN5Q29kZSAhPSAnVFJMJyBhbmQgbjE6SW52b2ljZS9jYmM6RG9jdW1lbnRDdXJyZW5jeUNvZGUgIT0gJ1RSWSciPg0KCQkJCQkJCQkJCTx4c2w6dmFsdWUtb2Ygc2VsZWN0PSJuMTpJbnZvaWNlL2NiYzpEb2N1bWVudEN1cnJlbmN5Q29kZSIvPg0KCQkJCQkJCQkJPC94c2w6aWY+DQoJCQkJCQkJCTwvdGQ+DQoJCQkJCQkJPC90cj4NCgkJCQkJCTwveHNsOmlmPg0KCQkJCQk8L3hzbDppZj4NCgkJCQkJPHRyIGlkPSJidWRnZXRDb250YWluZXJUciIgYWxpZ249InJpZ2h0Ij4NCgkJCQkJCTx0ZCBpZD0iYnVkZ2V0Q29udGFpbmVyRHVtbXlUZCIgLz4NCgkJCQkJCTx0ZCBpZD0ibGluZVRhYmxlQnVkZ2V0VGQiIHdpZHRoPSIyMDBweCIgYWxpZ249InJpZ2h0Ij4NCgkJCQkJCQk8c3BhbiBzdHlsZT0iZm9udC13ZWlnaHQ6Ym9sZDsgIj4NCgkJCQkJCQkJPHhzbDp0ZXh0PlZlcmdpbGVyIERhaGlsIFRvcGxhbSBUdXRhcjwveHNsOnRleHQ+DQoJCQkJCQkJPC9zcGFuPg0KCQkJCQkJPC90ZD4NCgkJCQkJCTx0ZCBpZD0ibGluZVRhYmxlQnVkZ2V0VGQiIHN0eWxlPSJ3aWR0aDo4MnB4OyAiIGFsaWduPSJyaWdodCI+DQoJCQkJCQkJPHhzbDpmb3ItZWFjaCBzZWxlY3Q9Im4xOkludm9pY2UiPg0KCQkJCQkJCQk8eHNsOmZvci1lYWNoIHNlbGVjdD0iY2FjOkxlZ2FsTW9uZXRhcnlUb3RhbCI+DQoJCQkJCQkJCQk8eHNsOmZvci1lYWNoIHNlbGVjdD0iY2JjOlRheEluY2x1c2l2ZUFtb3VudCI+DQoJCQkJCQkJCQkJPHhzbDp2YWx1ZS1vZiBzZWxlY3Q9ImZvcm1hdC1udW1iZXIoLiwgJyMjIy4jIzAsMDAnLCAnZXVyb3BlYW4nKSIgLz4NCgkJCQkJCQkJCQk8eHNsOmlmIHRlc3Q9Ii8vbjE6SW52b2ljZS9jYWM6TGVnYWxNb25ldGFyeVRvdGFsL2NiYzpUYXhJbmNsdXNpdmVBbW91bnQvQGN1cnJlbmN5SUQiPg0KCQkJCQkJCQkJCQk8eHNsOnRleHQ+DQoJCQkJCQkJCQkJCTwveHNsOnRleHQ+DQoJCQkJCQkJCQkJCTx4c2w6aWYgdGVzdD0iLy9uMTpJbnZvaWNlL2NhYzpMZWdhbE1vbmV0YXJ5VG90YWwvY2JjOlRheEluY2x1c2l2ZUFtb3VudC9AY3VycmVuY3lJRCA9ICdUUlknIj4NCgkJCQkJCQkJCQkJCTx4c2w6dGV4dD5UTDwveHNsOnRleHQ+DQoJCQkJCQkJCQkJCTwveHNsOmlmPg0KCQkJCQkJCQkJCQk8eHNsOmlmIHRlc3Q9Ii8vbjE6SW52b2ljZS9jYWM6TGVnYWxNb25ldGFyeVRvdGFsL2NiYzpUYXhJbmNsdXNpdmVBbW91bnQvQGN1cnJlbmN5SUQgIT0gJ1RSWSciPg0KCQkJCQkJCQkJCQkJPHhzbDp2YWx1ZS1vZiBzZWxlY3Q9Ii8vbjE6SW52b2ljZS9jYWM6TGVnYWxNb25ldGFyeVRvdGFsL2NiYzpUYXhJbmNsdXNpdmVBbW91bnQvQGN1cnJlbmN5SUQiIC8+DQoJCQkJCQkJCQkJCTwveHNsOmlmPg0KCQkJCQkJCQkJCTwveHNsOmlmPg0KCQkJCQkJCQkJPC94c2w6Zm9yLWVhY2g+DQoJCQkJCQkJCTwveHNsOmZvci1lYWNoPg0KCQkJCQkJCTwveHNsOmZvci1lYWNoPg0KCQkJCQkJPC90ZD4NCgkJCQkJPC90cj4NCgkJCQkJPHRyIGlkPSJidWRnZXRDb250YWluZXJUciIgYWxpZ249InJpZ2h0Ij4NCgkJCQkJCTx0ZCBpZD0iYnVkZ2V0Q29udGFpbmVyRHVtbXlUZCIgLz4NCgkJCQkJCTx0ZCBpZD0ibGluZVRhYmxlQnVkZ2V0VGQiIHdpZHRoPSIyMDBweCIgYWxpZ249InJpZ2h0Ij4NCgkJCQkJCQk8c3BhbiBzdHlsZT0iZm9udC13ZWlnaHQ6Ym9sZDsgIj4NCgkJCQkJCQkJPHhzbDp0ZXh0PsOWZGVuZWNlayBUdXRhcjwveHNsOnRleHQ+DQoJCQkJCQkJPC9zcGFuPg0KCQkJCQkJPC90ZD4NCgkJCQkJCTx0ZCBpZD0ibGluZVRhYmxlQnVkZ2V0VGQiIHN0eWxlPSJ3aWR0aDo4MnB4OyAiIGFsaWduPSJyaWdodCI+DQoJCQkJCQkJPHhzbDpmb3ItZWFjaCBzZWxlY3Q9Im4xOkludm9pY2UiPg0KCQkJCQkJCQk8eHNsOmZvci1lYWNoIHNlbGVjdD0iY2FjOkxlZ2FsTW9uZXRhcnlUb3RhbCI+DQoJCQkJCQkJCQk8eHNsOmZvci1lYWNoIHNlbGVjdD0iY2JjOlBheWFibGVBbW91bnQiPg0KCQkJCQkJCQkJCTx4c2w6dmFsdWUtb2Ygc2VsZWN0PSJmb3JtYXQtbnVtYmVyKC4sICcjIyMuIyMwLDAwJywgJ2V1cm9wZWFuJykiIC8+DQoJCQkJCQkJCQkJPHhzbDppZiB0ZXN0PSIvL24xOkludm9pY2UvY2FjOkxlZ2FsTW9uZXRhcnlUb3RhbC9jYmM6UGF5YWJsZUFtb3VudC9AY3VycmVuY3lJRCI+DQoJCQkJCQkJCQkJCTx4c2w6dGV4dD4NCgkJCQkJCQkJCQkJPC94c2w6dGV4dD4NCgkJCQkJCQkJCQkJPHhzbDppZiB0ZXN0PSIvL24xOkludm9pY2UvY2FjOkxlZ2FsTW9uZXRhcnlUb3RhbC9jYmM6UGF5YWJsZUFtb3VudC9AY3VycmVuY3lJRCA9ICdUUlknIj4NCgkJCQkJCQkJCQkJCTx4c2w6dGV4dD5UTDwveHNsOnRleHQ+DQoJCQkJCQkJCQkJCTwveHNsOmlmPg0KCQkJCQkJCQkJCQk8eHNsOmlmIHRlc3Q9Ii8vbjE6SW52b2ljZS9jYWM6TGVnYWxNb25ldGFyeVRvdGFsL2NiYzpQYXlhYmxlQW1vdW50L0BjdXJyZW5jeUlEICE9ICdUUlknIj4NCgkJCQkJCQkJCQkJCTx4c2w6dmFsdWUtb2Ygc2VsZWN0PSIvL24xOkludm9pY2UvY2FjOkxlZ2FsTW9uZXRhcnlUb3RhbC9jYmM6UGF5YWJsZUFtb3VudC9AY3VycmVuY3lJRCIgLz4NCgkJCQkJCQkJCQkJPC94c2w6aWY+DQoJCQkJCQkJCQkJPC94c2w6aWY+DQoJCQkJCQkJCQk8L3hzbDpmb3ItZWFjaD4NCgkJCQkJCQkJPC94c2w6Zm9yLWVhY2g+DQoJCQkJCQkJPC94c2w6Zm9yLWVhY2g+DQoJCQkJCQk8L3RkPg0KCQkJCQk8L3RyPg0KCQkJCQk8eHNsOmlmIHRlc3Q9Ii8vbjE6SW52b2ljZS9jYWM6UHJpY2luZ0V4Y2hhbmdlUmF0ZS9jYmM6Q2FsY3VsYXRpb25SYXRlIj4NCgkJCQkJCTx0ciBpZD0iYnVkZ2V0Q29udGFpbmVyVHIiIGFsaWduPSJyaWdodCI+DQoJCQkJCQkJPHRkIGlkPSJidWRnZXRDb250YWluZXJEdW1teVRkIiAvPg0KCQkJCQkJCTx0ZCBpZD0ibGluZVRhYmxlQnVkZ2V0VGQiIHdpZHRoPSIyMDBweCIgYWxpZ249InJpZ2h0Ij4NCgkJCQkJCQkJPHNwYW4gc3R5bGU9ImZvbnQtd2VpZ2h0OmJvbGQ7ICI+DQoJCQkJCQkJCQk8eHNsOnRleHQ+RMO2dml6IEt1cnU8L3hzbDp0ZXh0Pg0KCQkJCQkJCQk8L3NwYW4+DQoJCQkJCQkJPC90ZD4NCgkJCQkJCQk8dGQgaWQ9ImxpbmVUYWJsZUJ1ZGdldFRkIiBzdHlsZT0id2lkdGg6ODJweDsgIiBhbGlnbj0icmlnaHQiPg0KCQkJCQkJCQk8eHNsOmZvci1lYWNoIHNlbGVjdD0ibjE6SW52b2ljZSI+DQoJCQkJCQkJCQk8eHNsOmZvci1lYWNoIHNlbGVjdD0iY2FjOlByaWNpbmdFeGNoYW5nZVJhdGUiPg0KCQkJCQkJCQkJCTx4c2w6Zm9yLWVhY2ggc2VsZWN0PSJjYmM6Q2FsY3VsYXRpb25SYXRlIj4NCgkJCQkJCQkJCQkJPHhzbDp2YWx1ZS1vZiBzZWxlY3Q9ImZvcm1hdC1udW1iZXIoLiwgJyMjIy4wLDAwMDAnLCAnZXVyb3BlYW4nKSIgLz4NCgkJCQkJCQkJCQkJPHhzbDppZiB0ZXN0PSIvL24xOkludm9pY2UvY2FjOlByaWNpbmdFeGNoYW5nZVJhdGUvY2JjOkNhbGN1bGF0aW9uUmF0ZSI+DQoJCQkJCQkJCQkJCQk8eHNsOnRleHQ+DQoJCQkJCQkJCQkJCQk8L3hzbDp0ZXh0Pg0KDQoJCQkJCQkJCQkJCTwveHNsOmlmPg0KCQkJCQkJCQkJCTwveHNsOmZvci1lYWNoPg0KCQkJCQkJCQkJPC94c2w6Zm9yLWVhY2g+DQoJCQkJCQkJCTwveHNsOmZvci1lYWNoPg0KCQkJCQkJCTwvdGQ+DQoJCQkJCQk8L3RyPg0KCQkJCQk8L3hzbDppZj4NCgkJCQkJPHhzbDppZiB0ZXN0PSIvL24xOkludm9pY2UvY2FjOkxlZ2FsTW9uZXRhcnlUb3RhbC9jYmM6TGluZUV4dGVuc2lvbkFtb3VudC9AY3VycmVuY3lJRCAhPSAnVFJZJyI+DQoJCQkJCQk8dHIgYWxpZ249InJpZ2h0Ij4NCgkJCQkJCQk8dGQgLz4NCgkJCQkJCQk8dGQgaWQ9ImxpbmVUYWJsZUJ1ZGdldFRkIiBhbGlnbj0icmlnaHQiIHdpZHRoPSIyMDBweCI+DQoJCQkJCQkJCTxzcGFuIHN0eWxlPSJmb250LXdlaWdodDpib2xkOyAiPg0KCQkJCQkJCQkJPHhzbDp0ZXh0Pk1hbCBIaXptZXQgVG9wbGFtIFR1dGFyxLEoVEwpPC94c2w6dGV4dD4NCgkJCQkJCQkJPC9zcGFuPg0KCQkJCQkJCTwvdGQ+DQoJCQkJCQkJPHRkIGlkPSJsaW5lVGFibGVCdWRnZXRUZCIgc3R5bGU9IndpZHRoOjgxcHg7ICIgYWxpZ249InJpZ2h0Ij4NCgkJCQkJCQkJPHNwYW4+DQoJCQkJCQkJCQk8eHNsOnZhbHVlLW9mIHNlbGVjdD0iZm9ybWF0LW51bWJlcigvL24xOkludm9pY2UvY2FjOkxlZ2FsTW9uZXRhcnlUb3RhbC9jYmM6TGluZUV4dGVuc2lvbkFtb3VudCAqIC8vbjE6SW52b2ljZS9jYWM6UHJpY2luZ0V4Y2hhbmdlUmF0ZS9jYmM6Q2FsY3VsYXRpb25SYXRlLCAnIyMjLiMjMCwwMCcsICdldXJvcGVhbicpIiAvPg0KCQkJCQkJCQkJPHhzbDp0ZXh0PiBUTDwveHNsOnRleHQ+DQoJCQkJCQkJCTwvc3Bhbj4NCgkJCQkJCQk8L3RkPg0KCQkJCQkJPC90cj4NCgkJCQkJCTx0ciBpZD0iYnVkZ2V0Q29udGFpbmVyVHIiIGFsaWduPSJyaWdodCI+DQoJCQkJCQkJPHRkIC8+DQoJCQkJCQkJPHRkIGlkPSJsaW5lVGFibGVCdWRnZXRUZCIgd2lkdGg9IjIwMHB4IiBhbGlnbj0icmlnaHQiPg0KCQkJCQkJCQk8c3BhbiBzdHlsZT0iZm9udC13ZWlnaHQ6Ym9sZDsgIj4NCgkJCQkJCQkJCTx4c2w6dGV4dD5WZXJnaWxlciBEYWhpbCBUb3BsYW0gVHV0YXIoVEwpPC94c2w6dGV4dD4NCgkJCQkJCQkJPC9zcGFuPg0KCQkJCQkJCTwvdGQ+DQoJCQkJCQkJPHRkIGlkPSJsaW5lVGFibGVCdWRnZXRUZCIgc3R5bGU9IndpZHRoOjgycHg7ICIgYWxpZ249InJpZ2h0Ij4NCgkJCQkJCQkJPHhzbDp2YWx1ZS1vZiBzZWxlY3Q9ImZvcm1hdC1udW1iZXIoLy9uMTpJbnZvaWNlL2NhYzpMZWdhbE1vbmV0YXJ5VG90YWwvY2JjOlRheEluY2x1c2l2ZUFtb3VudCAqIC8vbjE6SW52b2ljZS9jYWM6UHJpY2luZ0V4Y2hhbmdlUmF0ZS9jYmM6Q2FsY3VsYXRpb25SYXRlLCAnIyMjLiMjMCwwMCcsICdldXJvcGVhbicpIiAvPg0KCQkJCQkJCQk8eHNsOnRleHQ+IFRMPC94c2w6dGV4dD4NCgkJCQkJCQk8L3RkPg0KCQkJCQkJPC90cj4NCgkJCQkJCTx0ciBhbGlnbj0icmlnaHQiPg0KCQkJCQkJCTx0ZCAvPg0KCQkJCQkJCTx0ZCBpZD0ibGluZVRhYmxlQnVkZ2V0VGQiIHdpZHRoPSIyMDBweCIgYWxpZ249InJpZ2h0Ij4NCgkJCQkJCQkJPHNwYW4gc3R5bGU9ImZvbnQtd2VpZ2h0OmJvbGQ7ICI+DQoJCQkJCQkJCQk8eHNsOnRleHQ+w5ZkZW5lY2VrIFR1dGFyKFRMKTwveHNsOnRleHQ+DQoJCQkJCQkJCTwvc3Bhbj4NCgkJCQkJCQk8L3RkPg0KCQkJCQkJCTx0ZCBpZD0ibGluZVRhYmxlQnVkZ2V0VGQiIHN0eWxlPSJ3aWR0aDo4MnB4OyAiIGFsaWduPSJyaWdodCI+DQoJCQkJCQkJCTx4c2w6dmFsdWUtb2Ygc2VsZWN0PSJmb3JtYXQtbnVtYmVyKC8vbjE6SW52b2ljZS9jYWM6TGVnYWxNb25ldGFyeVRvdGFsL2NiYzpQYXlhYmxlQW1vdW50ICogLy9uMTpJbnZvaWNlL2NhYzpQcmljaW5nRXhjaGFuZ2VSYXRlL2NiYzpDYWxjdWxhdGlvblJhdGUsICcjIyMuIyMwLDAwJywgJ2V1cm9wZWFuJykiIC8+DQoJCQkJCQkJCTx4c2w6dGV4dD4gVEw8L3hzbDp0ZXh0Pg0KCQkJCQkJCTwvdGQ+DQoJCQkJCQk8L3RyPg0KCQkJCQk8L3hzbDppZj4NCg0KCQkJCTwvdGFibGU+DQoJCQkJPGJyIC8+DQoJCQkJPHhzbDppZiB0ZXN0PSIvL24xOkludm9pY2UvY2FjOkJpbGxpbmdSZWZlcmVuY2UvY2FjOkludm9pY2VEb2N1bWVudFJlZmVyZW5jZS9jYmM6RG9jdW1lbnRUeXBlQ29kZVt0ZXh0KCk9J8SwQURFJyBvciB0ZXh0KCk9J0lBREUnXSI+DQoJCQkJCTx0YWJsZSBpZD0ibGluZVRhYmxlIiB3aWR0aD0iODAwIj4NCgkJCQkJCTx0aGVhZD4NCgkJCQkJCQk8dHI+DQoJCQkJCQkJCTx0ZCBhbGlnbj0ibGVmdCI+DQoJCQkJCQkJCQk8c3BhbiBzdHlsZT0iZm9udC13ZWlnaHQ6Ym9sZDsgIiBhbGlnbj0iY2VudGVyIj4mIzE2MDsmIzE2MDsmIzE2MDsmIzE2MDsmIzE2MDvEsGFkZXllIEtvbnUgT2xhbiBGYXR1cmFsYXI8L3NwYW4+DQoJCQkJCQkJCTwvdGQ+DQoJCQkJCQkJPC90cj4NCgkJCQkJCTwvdGhlYWQ+DQoJCQkJCQk8dGJvZHk+DQoJCQkJCQkJPHRyIGFsaWduPSJsZWZ0IiBjbGFzcz0ibGluZVRhYmxlVHIiPg0KCQkJCQkJCQk8dGQgY2xhc3M9ImxpbmVUYWJsZVRkIj4NCgkJCQkJCQkJCTxzcGFuIHN0eWxlPSJmb250LXdlaWdodDpib2xkOyAiIGFsaWduPSJjZW50ZXIiPiYjMTYwOyYjMTYwOyYjMTYwOyYjMTYwOyYjMTYwO0ZhdHVyYSBObzwvc3Bhbj4NCgkJCQkJCQkJPC90ZD4NCgkJCQkJCQkJPHRkIGNsYXNzPSJsaW5lVGFibGVUZCI+DQoJCQkJCQkJCQk8c3BhbiBzdHlsZT0iZm9udC13ZWlnaHQ6Ym9sZDsgIiBhbGlnbj0iY2VudGVyIj4mIzE2MDsmIzE2MDsmIzE2MDsmIzE2MDsmIzE2MDtUYXJpaDwvc3Bhbj4NCgkJCQkJCQkJPC90ZD4NCgkJCQkJCQk8L3RyPg0KCQkJCQkJCTx4c2w6Zm9yLWVhY2ggc2VsZWN0PSIvL24xOkludm9pY2UvY2FjOkJpbGxpbmdSZWZlcmVuY2UvY2FjOkludm9pY2VEb2N1bWVudFJlZmVyZW5jZS9jYmM6RG9jdW1lbnRUeXBlQ29kZVt0ZXh0KCk9J8SwQURFJyBvciB0ZXh0KCk9J0lBREUnXSI+DQoJCQkJCQkJCTx0ciBhbGlnbj0ibGVmdCIgY2xhc3M9ImxpbmVUYWJsZVRyIj4NCgkJCQkJCQkJCTx0ZCBjbGFzcz0ibGluZVRhYmxlVGQiPiYjMTYwOyYjMTYwOyYjMTYwOyYjMTYwOyYjMTYwOw0KCQkJCQkJCQkJCTx4c2w6dmFsdWUtb2Ygc2VsZWN0PSIuLi9jYmM6SUQiLz4NCgkJCQkJCQkJCTwvdGQ+DQoJCQkJCQkJCQk8dGQgY2xhc3M9ImxpbmVUYWJsZVRkIj4mIzE2MDsmIzE2MDsmIzE2MDsmIzE2MDsmIzE2MDsNCgkJCQkJCQkJCQk8eHNsOmZvci1lYWNoIHNlbGVjdD0iLi4vY2JjOklzc3VlRGF0ZSI+DQoJCQkJCQkJCQkJCTx4c2w6YXBwbHktdGVtcGxhdGVzIHNlbGVjdD0iLiIvPg0KCQkJCQkJCQkJCTwveHNsOmZvci1lYWNoPg0KCQkJCQkJCQkJPC90ZD4NCgkJCQkJCQkJPC90cj4NCgkJCQkJCQk8L3hzbDpmb3ItZWFjaD4NCgkJCQkJCTwvdGJvZHk+DQoJCQkJCTwvdGFibGU+DQoJCQkJPC94c2w6aWY+DQoJCQkJPGJyLz4NCgkJCQk8eHNsOmlmCXRlc3Q9Ii8vbjE6SW52b2ljZS9jYWM6QmlsbGluZ1JlZmVyZW5jZS9jYWM6QWRkaXRpb25hbERvY3VtZW50UmVmZXJlbmNlL2NiYzpEb2N1bWVudFR5cGVDb2RlPSdPS0NCRiciPg0KCQkJCQk8dGFibGUgYm9yZGVyPSIxIiBpZD0ibGluZVRhYmxlIiB3aWR0aD0iODAwIj4NCgkJCQkJCTx0aGVhZD4NCgkJCQkJCQk8dHI+DQoJCQkJCQkJCTx0aCBjb2xzcGFuPSI2Ij7DlktDIEJpbGdpbGVyaTwvdGg+DQoJCQkJCQkJPC90cj4NCgkJCQkJCTwvdGhlYWQ+DQoJCQkJCQk8dGJvZHk+DQoJCQkJCQkJPHRyIGlkPSJva2NiZkhlYWRUciIgc3R5bGU9ImZvbnQtd2VpZ2h0OmJvbGQ7Ij4NCgkJCQkJCQkJPHRkIHN0eWxlPSJ3aWR0aDoyMCUiPg0KCQkJCQkJCQkJPHhzbDp0ZXh0PkZpxZ8gTnVtYXJhc8SxPC94c2w6dGV4dD4NCgkJCQkJCQkJPC90ZD4NCgkJCQkJCQkJPHRkIHN0eWxlPSJ3aWR0aDoxMCUiIGFsaWduPSJjZW50ZXIiPg0KCQkJCQkJCQkJPHhzbDp0ZXh0PkZpxZ8gVGFyaWhpPC94c2w6dGV4dD4NCgkJCQkJCQkJPC90ZD4NCgkJCQkJCQkJPHRkIHN0eWxlPSJ3aWR0aDoxMCUiIGFsaWduPSJjZW50ZXIiPg0KCQkJCQkJCQkJPHhzbDp0ZXh0PkZpxZ8gU2FhdGk8L3hzbDp0ZXh0Pg0KCQkJCQkJCQk8L3RkPg0KCQkJCQkJCQk8dGQgc3R5bGU9IndpZHRoOjQwJSIgYWxpZ249ImNlbnRlciI+DQoJCQkJCQkJCQk8eHNsOnRleHQ+RmnFnyBUaXBpPC94c2w6dGV4dD4NCgkJCQkJCQkJPC90ZD4NCgkJCQkJCQkJPHRkIHN0eWxlPSJ3aWR0aDoxMCUiIGFsaWduPSJjZW50ZXIiPg0KCQkJCQkJCQkJPHhzbDp0ZXh0PlogUmFwb3IgTm88L3hzbDp0ZXh0Pg0KCQkJCQkJCQk8L3RkPg0KCQkJCQkJCQk8dGQgc3R5bGU9IndpZHRoOjEwJSIgYWxpZ249ImNlbnRlciI+DQoJCQkJCQkJCQk8eHNsOnRleHQ+w5ZLQyBTZXJpIE5vPC94c2w6dGV4dD4NCgkJCQkJCQkJPC90ZD4NCgkJCQkJCQk8L3RyPg0KCQkJCQkJPC90Ym9keT4NCgkJCQkJCTx4c2w6Zm9yLWVhY2ggc2VsZWN0PSIvL24xOkludm9pY2UvY2FjOkJpbGxpbmdSZWZlcmVuY2UvY2FjOkFkZGl0aW9uYWxEb2N1bWVudFJlZmVyZW5jZS9jYmM6RG9jdW1lbnRUeXBlQ29kZVt0ZXh0KCk9J09LQ0JGJ10iPg0KCQkJCQkJCTx0cj4NCgkJCQkJCQkJPHRkIHN0eWxlPSJ3aWR0aDoyMCUiPg0KCQkJCQkJCQkJPHhzbDp2YWx1ZS1vZiBzZWxlY3Q9Ii4uL2NiYzpJRCIvPg0KCQkJCQkJCQk8L3RkPg0KCQkJCQkJCQk8dGQgc3R5bGU9IndpZHRoOjEwJSIgYWxpZ249ImNlbnRlciI+DQoJCQkJCQkJCQk8eHNsOnZhbHVlLW9mIHNlbGVjdD0iLi4vY2JjOklzc3VlRGF0ZSIvPg0KCQkJCQkJCQk8L3RkPg0KCQkJCQkJCQk8dGQgc3R5bGU9IndpZHRoOjEwJSIgYWxpZ249ImNlbnRlciI+DQoJCQkJCQkJCQk8eHNsOnZhbHVlLW9mIHNlbGVjdD0ic3Vic3RyaW5nKC4uL2NhYzpWYWxpZGl0eVBlcmlvZC9jYmM6U3RhcnRUaW1lLDEsNSkiLz4NCgkJCQkJCQkJPC90ZD4NCgkJCQkJCQkJPHRkIHN0eWxlPSJ3aWR0aDo0MCUiIGFsaWduPSJjZW50ZXIiPg0KCQkJCQkJCQkJPHhzbDpjaG9vc2U+DQoJCQkJCQkJCQkJPHhzbDp3aGVuIHRlc3Q9Ii4uL2NiYzpEb2N1bWVudERlc2NyaXB0aW9uPSdBVkFOUyciPg0KCQkJCQkJCQkJCQk8eHNsOnRleHQ+w5ZuIFRhaHNpbGF0KEF2YW5zKSBCaWxnaSBGacWfaTwveHNsOnRleHQ+DQoJCQkJCQkJCQkJPC94c2w6d2hlbj4NCgkJCQkJCQkJCQk8eHNsOndoZW4gdGVzdD0iLi4vY2JjOkRvY3VtZW50RGVzY3JpcHRpb249J1lFTUVLX0ZJUyciPg0KCQkJCQkJCQkJCQk8eHNsOnRleHQ+WWVtZWsgRmnFn2kvS2FydMSxIGlsZSBZYXDEsWxhbiBUYWhzaWxhdCBCaWxnaSBGacWfaTwveHNsOnRleHQ+DQoJCQkJCQkJCQkJPC94c2w6d2hlbj4NCgkJCQkJCQkJCQk8eHNsOndoZW4gdGVzdD0iLi4vY2JjOkRvY3VtZW50RGVzY3JpcHRpb249J0UtRkFUVVJBJyI+DQoJCQkJCQkJCQkJCTx4c2w6dGV4dD5FLUZhdHVyYSBCaWxnaSBGacWfaTwveHNsOnRleHQ+DQoJCQkJCQkJCQkJPC94c2w6d2hlbj4NCgkJCQkJCQkJCQk8eHNsOndoZW4gdGVzdD0iLi4vY2JjOkRvY3VtZW50RGVzY3JpcHRpb249J0UtRkFUVVJBX0lSU0FMSVlFJyI+DQoJCQkJCQkJCQkJCTx4c2w6dGV4dD7EsHJzYWxpeWUgWWVyaW5lIEdlw6dlbiBFLUZhdHVyYSBCaWxnaSBGacWfaTwveHNsOnRleHQ+DQoJCQkJCQkJCQkJPC94c2w6d2hlbj4NCgkJCQkJCQkJCQk8eHNsOndoZW4gdGVzdD0iLi4vY2JjOkRvY3VtZW50RGVzY3JpcHRpb249J0UtQVJTSVYnIj4NCgkJCQkJCQkJCQkJPHhzbDp0ZXh0PkUtQXLFn2l2IEJpbGdpIEZpxZ9pPC94c2w6dGV4dD4NCgkJCQkJCQkJCQk8L3hzbDp3aGVuPg0KCQkJCQkJCQkJCTx4c2w6d2hlbiB0ZXN0PSIuLi9jYmM6RG9jdW1lbnREZXNjcmlwdGlvbj0nRS1BUlNJVl9JUlNBTElZRSciPg0KCQkJCQkJCQkJCQk8eHNsOnRleHQ+xLByc2FsaXllIFllcmluZSBHZcOnZW4gRS1BcsWfaXYgQmlsZ2kgRmnFn2k8L3hzbDp0ZXh0Pg0KCQkJCQkJCQkJCTwveHNsOndoZW4+DQoJCQkJCQkJCQkJPHhzbDp3aGVuIHRlc3Q9Ii4uL2NiYzpEb2N1bWVudERlc2NyaXB0aW9uPSdGQVRVUkEnIj4NCgkJCQkJCQkJCQkJPHhzbDp0ZXh0PkZhdHVyYWzEsSBTYXTEscWfIEJpbGdpIEZpxZ9pPC94c2w6dGV4dD4NCgkJCQkJCQkJCQk8L3hzbDp3aGVuPg0KCQkJCQkJCQkJCTx4c2w6d2hlbiB0ZXN0PSIuLi9jYmM6RG9jdW1lbnREZXNjcmlwdGlvbj0nT1RPUEFSSyciPg0KCQkJCQkJCQkJCQk8eHNsOnRleHQ+T3RvcGFyayBHaXJpxZ8gQmlsZ2kgRmnFn2k8L3hzbDp0ZXh0Pg0KCQkJCQkJCQkJCTwveHNsOndoZW4+DQoJCQkJCQkJCQkJPHhzbDp3aGVuIHRlc3Q9Ii4uL2NiYzpEb2N1bWVudERlc2NyaXB0aW9uPSdGQVRVUkFfVEFIU0lMQVQnIj4NCgkJCQkJCQkJCQkJPHhzbDp0ZXh0PkZhdHVyYSBUYWhzaWxhdCBCaWxnaSBGacWfaTwveHNsOnRleHQ+DQoJCQkJCQkJCQkJPC94c2w6d2hlbj4NCgkJCQkJCQkJCQk8eHNsOndoZW4gdGVzdD0iLi4vY2JjOkRvY3VtZW50RGVzY3JpcHRpb249J0ZBVFVSQV9UQUhTSUxBVF9LT01JU1lPTkxVJyI+DQoJCQkJCQkJCQkJCTx4c2w6dGV4dD5Lb21pc3lvbmx1IEZhdHVyYSBUYWhzaWxhdCBCaWxnaSBGacWfaTwveHNsOnRleHQ+DQoJCQkJCQkJCQkJPC94c2w6d2hlbj4NCgkJCQkJCQkJCQk8eHNsOm90aGVyd2lzZT4NCgkJCQkJCQkJCQkJPHhzbDp0ZXh0PiA8L3hzbDp0ZXh0Pg0KCQkJCQkJCQkJCTwveHNsOm90aGVyd2lzZT4NCgkJCQkJCQkJCTwveHNsOmNob29zZT4NCgkJCQkJCQkJPC90ZD4NCgkJCQkJCQkJPHRkIHN0eWxlPSJ3aWR0aDoxMCUiIGFsaWduPSJjZW50ZXIiPg0KCQkJCQkJCQkJPHhzbDp2YWx1ZS1vZiBzZWxlY3Q9Ii4uL2NhYzpBdHRhY2htZW50L2NhYzpFeHRlcm5hbFJlZmVyZW5jZS9jYmM6VVJJIi8+DQoJCQkJCQkJCTwvdGQ+DQoJCQkJCQkJCTx0ZCBzdHlsZT0id2lkdGg6MTAlIiBhbGlnbj0iY2VudGVyIj4NCgkJCQkJCQkJCTx4c2w6dmFsdWUtb2Ygc2VsZWN0PSIuLi9jYWM6SXNzdWVyUGFydHkvY2JjOkVuZHBvaW50SUQiLz4NCgkJCQkJCQkJPC90ZD4NCgkJCQkJCQk8L3RyPg0KCQkJCQkJPC94c2w6Zm9yLWVhY2g+DQoJCQkJCTwvdGFibGU+DQoJCQkJCTxici8+DQoJCQkJPC94c2w6aWY+DQoJCQkJPHRhYmxlIGlkPSJub3Rlc1RhYmxlIiB3aWR0aD0iODAwIiBoZWlnaHQ9IjEwMCI+DQoJCQkJCTx0Ym9keT4NCgkJCQkJCTx0ciBhbGlnbj0ibGVmdCI+DQoJCQkJCQkJPHRkIGlkPSJub3Rlc1RhYmxlVGQiPg0KCQkJCQkJCQk8eHNsOmZvci1lYWNoIHNlbGVjdD0iLy9uMTpJbnZvaWNlL2NhYzpUYXhUb3RhbC9jYWM6VGF4U3VidG90YWwiPg0KCQkJCQkJCQkJPHhzbDppZiB0ZXN0PSIoY2JjOlBlcmNlbnQ9MCBhbmQgY2FjOlRheENhdGVnb3J5L2NhYzpUYXhTY2hlbWUvY2JjOlRheFR5cGVDb2RlPSZhcG9zOzAwMTUmYXBvczspIG9yICgvL24xOkludm9pY2UvY2JjOkludm9pY2VUeXBlQ29kZT0nSVNUSVNOQScgb3IgJ0lIUkFDS0FZSVRMSScpIj4NCgkJCQkJCQkJCQk8Yj5WZXJnaSDEsHN0aXNuYSBNdWFmaXlldCBTZWJlYmk6IDwvYj4NCgkJCQkJCQkJCQk8eHNsOnZhbHVlLW9mIHNlbGVjdD0iY2FjOlRheENhdGVnb3J5L2NiYzpUYXhFeGVtcHRpb25SZWFzb24iIC8+DQoJCQkJCQkJCQkJPGJyIC8+DQoJCQkJCQkJCQk8L3hzbDppZj4NCgkJCQkJCQkJPC94c2w6Zm9yLWVhY2g+DQoNCgkJCQkJCQkJPHhzbDpmb3ItZWFjaCBzZWxlY3Q9Ii8vbjE6SW52b2ljZS9jYWM6QWxsb3dhbmNlQ2hhcmdlIj4NCgkJCQkJCQkJCTx4c2w6aWYgdGVzdD0iY2JjOkFsbG93YW5jZUNoYXJnZVJlYXNvbiE9ICcnIj4NCg0KCQkJCQkJCQkJCTxiPg0KCQkJCQkJCQkJCQk8eHNsOnZhbHVlLW9mIHNlbGVjdD0iY2JjOkFsbG93YW5jZUNoYXJnZVJlYXNvbiIgLz4NCgkJCQkJCQkJCQk8L2I+IDomIzE2MDsNCg0KCQkJCQkJCQkJCTx4c2w6dmFsdWUtb2Ygc2VsZWN0PSJjYmM6QW1vdW50IiAvPg0KCQkJCQkJCQkJCTx4c2w6aWYgdGVzdD0iY2JjOkFtb3VudC9AY3VycmVuY3lJRCA9ICdUUlknIj4NCgkJCQkJCQkJCQkJPHhzbDp0ZXh0PlRMPC94c2w6dGV4dD4NCgkJCQkJCQkJCQk8L3hzbDppZj4NCgkJCQkJCQkJCQk8eHNsOmlmIHRlc3Q9ImNiYzpBbW91bnQvQGN1cnJlbmN5SUQgIT0gJ1RSWSciPg0KCQkJCQkJCQkJCQk8eHNsOnZhbHVlLW9mIHNlbGVjdD0iY2JjOkFtb3VudC9AY3VycmVuY3lJRCIgLz4NCgkJCQkJCQkJCQk8L3hzbDppZj4NCg0KCQkJCQkJCQkJCTxiciAvPg0KDQoJCQkJCQkJCQk8L3hzbDppZj4NCgkJCQkJCQkJPC94c2w6Zm9yLWVhY2g+DQoNCgkJCQkJCQkJPHhzbDpmb3ItZWFjaCBzZWxlY3Q9Ii8vbjE6SW52b2ljZS9jYWM6V2l0aGhvbGRpbmdUYXhUb3RhbCI+DQoJCQkJCQkJCQk8eHNsOmlmIHRlc3Q9Ii8vbjE6SW52b2ljZS9jYWM6V2l0aGhvbGRpbmdUYXhUb3RhbC9jYWM6VGF4U3VidG90YWwvY2FjOlRheENhdGVnb3J5L2NhYzpUYXhTY2hlbWUvY2JjOk5hbWUiPg0KCQkJCQkJCQkJCTxiPlRldmtpZmF0ICBTZWJlYmk6IDwvYj4NCgkJCQkJCQkJCQk8eHNsOnZhbHVlLW9mIHNlbGVjdD0iLy9uMTpJbnZvaWNlL2NhYzpXaXRoaG9sZGluZ1RheFRvdGFsL2NhYzpUYXhTdWJ0b3RhbC9jYWM6VGF4Q2F0ZWdvcnkvY2FjOlRheFNjaGVtZS9jYmM6VGF4VHlwZUNvZGUiIC8+DQoJCQkJCQkJCQkJLQ0KCQkJCQkJCQkJCTx4c2w6dmFsdWUtb2Ygc2VsZWN0PSIvL24xOkludm9pY2UvY2FjOldpdGhob2xkaW5nVGF4VG90YWwvY2FjOlRheFN1YnRvdGFsL2NhYzpUYXhDYXRlZ29yeS9jYWM6VGF4U2NoZW1lL2NiYzpOYW1lIiAvPg0KCQkJCQkJCQkJCTxiciAvPg0KCQkJCQkJCQkJPC94c2w6aWY+DQoJCQkJCQkJCTwveHNsOmZvci1lYWNoPg0KCQkJCQkJCQk8YnIgLz4NCgkJCQkJCQkJPGI+WWFsbsSxejogPC9iPg0KCQkJCQkJCQk8eHNsOmZvci1lYWNoIHNlbGVjdD0iLy9uMTpJbnZvaWNlL2NhYzpMZWdhbE1vbmV0YXJ5VG90YWwvY2JjOlBheWFibGVBbW91bnQiPg0KCQkJCQkJCQkJPHhzbDpjYWxsLXRlbXBsYXRlIG5hbWU9ImRvdml6aV9va3UiPg0KCQkJCQkJCQkJCTx4c2w6d2l0aC1wYXJhbSBuYW1lPSJkb3ZpeiIgc2VsZWN0PSJAY3VycmVuY3lJRCIgLz4NCgkJCQkJCQkJCTwveHNsOmNhbGwtdGVtcGxhdGU+DQoJCQkJCQkJCTwveHNsOmZvci1lYWNoPg0KCQkJCQkJCQk8YnIgLz4NCgkJCQkJCQkJPHhzbDppZiB0ZXN0PSIkaXJzYWxpeWVDb3VudCAmZ3Q7IDEiPg0KCQkJCQkJCQkJPGI+IMSwcnNhbGl5ZWxlciA6ICA8L2I+DQoJCQkJCQkJCQk8eHNsOmZvci1lYWNoIHNlbGVjdD0iLy9uMTpJbnZvaWNlL2NhYzpEZXNwYXRjaERvY3VtZW50UmVmZXJlbmNlW3Bvc2l0aW9uKCkgJmd0OyAxXSI+DQoNCgkJCQkJCQkJCQk8eHNsOnZhbHVlLW9mIHNlbGVjdD0iY2JjOklEIiAvPi0NCgkJCQkJCQkJCQk8eHNsOmZvci1lYWNoIHNlbGVjdD0iY2JjOklzc3VlRGF0ZSI+DQoJCQkJCQkJCQkJCTx4c2w6dmFsdWUtb2Ygc2VsZWN0PSJzdWJzdHJpbmcoLiw5LDIpIiAvPi88eHNsOnZhbHVlLW9mIHNlbGVjdD0ic3Vic3RyaW5nKC4sNiwyKSIgLz4vPHhzbDp2YWx1ZS1vZiBzZWxlY3Q9InN1YnN0cmluZyguLDEsNCkiIC8+DQoJCQkJCQkJCQkJPC94c2w6Zm9yLWVhY2g+DQoJCQkJCQkJCQkJPHhzbDp0ZXh0PiwmIzE2MDsmIzE2MDs8L3hzbDp0ZXh0Pg0KCQkJCQkJCQkJPC94c2w6Zm9yLWVhY2g+DQoJCQkJCQkJCQk8YnIgLz4NCgkJCQkJCQkJPC94c2w6aWY+DQoNCg0KDQoJCQkJCQkJCTx4c2w6aWYgdGVzdD0iLy9uMTpJbnZvaWNlL2NiYzpOb3RlIj4NCg0KCQkJCQkJCQkJPGJyLz4NCgkJCQkJCQkJCTx4c2w6Zm9yLWVhY2ggc2VsZWN0PSIvL24xOkludm9pY2UvY2JjOk5vdGUiPg0KCQkJCQkJCQkJCTxiPk5vdCA6IDwvYj4NCgkJCQkJCQkJCQk8eHNsOnZhbHVlLW9mIHNlbGVjdD0iLiIvPg0KCQkJCQkJCQkJCTxici8+DQoJCQkJCQkJCQk8L3hzbDpmb3ItZWFjaD4NCg0KCQkJCQkJCQk8L3hzbDppZj4NCg0KCQkJCQkJCQk8YnIvPgkJCQkJCQkJCQkJCQkJCQkNCgkJCQkJCQkJPHhzbDppZiB0ZXN0PSIvL24xOkludm9pY2UvY2FjOlBheW1lbnRNZWFucy9jYmM6UGF5bWVudER1ZURhdGUiPg0KCQkJCQkJCQkJPGI+IMOWZGVtZSBUYXJpaGk6IDwvYj4NCgkJCQkJCQkJCTx4c2w6dmFsdWUtb2Ygc2VsZWN0PSIvL24xOkludm9pY2UvY2FjOlBheW1lbnRNZWFucy9jYmM6UGF5bWVudER1ZURhdGUiIC8+DQoJCQkJCQkJCQk8YnIgLz4NCgkJCQkJCQkJPC94c2w6aWY+DQoJCQkJCQkJCTx4c2w6aWYgdGVzdD0iLy9uMTpJbnZvaWNlL2NhYzpQYXltZW50TWVhbnMvY2FjOlBheWVlRmluYW5jaWFsQWNjb3VudC9jYmM6UGF5bWVudE5vdGUiPg0KCQkJCQkJCQkJPGI+IEhlc2FwIEHDp8Sxa2xhbWFzxLE6IDwvYj4NCgkJCQkJCQkJCTx4c2w6dmFsdWUtb2Ygc2VsZWN0PSIvL24xOkludm9pY2UvY2FjOlBheW1lbnRNZWFucy9jYWM6UGF5ZWVGaW5hbmNpYWxBY2NvdW50L2NiYzpQYXltZW50Tm90ZSIgLz4NCgkJCQkJCQkJCTxiciAvPg0KCQkJCQkJCQk8L3hzbDppZj4NCgkJCQkJCQkJPHhzbDppZiB0ZXN0PSIvL24xOkludm9pY2UvY2FjOlBheW1lbnRUZXJtcy9jYmM6Tm90ZSI+DQoJCQkJCQkJCQk8Yj4gw5ZkZW1lIEtvxZ91bHU6IDwvYj4NCgkJCQkJCQkJCTx4c2w6dmFsdWUtb2Ygc2VsZWN0PSIvL24xOkludm9pY2UvY2FjOlBheW1lbnRUZXJtcy9jYmM6Tm90ZSIgLz4NCgkJCQkJCQkJCTxiciAvPg0KCQkJCQkJCQk8L3hzbDppZj4NCgkJCQkJCQkJPHhzbDppZiB0ZXN0PSIvL24xOkludm9pY2UvY2FjOkJ1eWVyQ3VzdG9tZXJQYXJ0eS9jYWM6UGFydHkvY2FjOlBhcnR5SWRlbnRpZmljYXRpb24vY2JjOklEW0BzY2hlbWVJRD0nUEFSVFlUWVBFJ109J1RBWEZSRUUnIGFuZCAvL24xOkludm9pY2UvY2FjOlRheFJlcHJlc2VudGF0aXZlUGFydHkvY2FjOlBhcnR5VGF4U2NoZW1lL2NiYzpFeGVtcHRpb25SZWFzb25Db2RlIj4NCgkJCQkJCQkJCTxici8+DQoJCQkJCQkJCQk8Yj4mIzE2MDsmIzE2MDsmIzE2MDsmIzE2MDsmIzE2MDsgVkFUIE9GRiAtIE5PIENBU0ggUkVGVU5EIDwvYj4NCgkJCQkJCQkJPC94c2w6aWY+DQoNCgkJCQkJCQkJPHhzbDppZiB0ZXN0PSIvL24xOkludm9pY2UvY2FjOkRlbGl2ZXJ5L2NhYzpDYXJyaWVyUGFydHkvY2FjOlBhcnR5TmFtZS9jYmM6TmFtZSI+DQoJCQkJCQkJCQk8Yj4gR8O2bmRlcml5aSBUYcWfxLF5YW4gVW52YW4gOiA8L2I+DQoJCQkJCQkJCQk8eHNsOnZhbHVlLW9mIHNlbGVjdD0iLy9uMTpJbnZvaWNlL2NhYzpEZWxpdmVyeS9jYWM6Q2FycmllclBhcnR5L2NhYzpQYXJ0eU5hbWUvY2JjOk5hbWUiIC8+DQoJCQkJCQkJCQk8YnIgLz4NCgkJCQkJCQkJPC94c2w6aWY+DQoJCQkJCQkJCTx4c2w6aWYgdGVzdD0iLy9uMTpJbnZvaWNlL2NhYzpEZWxpdmVyeS9jYWM6Q2FycmllclBhcnR5L2NhYzpQYXJ0eUlkZW50aWZpY2F0aW9uL2NiYzpJRCI+DQoJCQkJCQkJCQk8Yj4gR8O2bmRlcml5aSBUYcWfxLF5YW4gVktOL1RDS04gOiA8L2I+DQoJCQkJCQkJCQk8eHNsOnZhbHVlLW9mIHNlbGVjdD0iLy9uMTpJbnZvaWNlL2NhYzpEZWxpdmVyeS9jYWM6Q2FycmllclBhcnR5L2NhYzpQYXJ0eUlkZW50aWZpY2F0aW9uL2NiYzpJRCIgLz4NCgkJCQkJCQkJCTxiciAvPg0KCQkJCQkJCQk8L3hzbDppZj4NCgkJCQkJCQkJPHhzbDppZiB0ZXN0PSIvL24xOkludm9pY2UvY2FjOkRlbGl2ZXJ5L2NhYzpEZXNwYXRjaC9jYmM6QWN0dWFsRGVzcGF0Y2hEYXRlIj4NCgkJCQkJCQkJCTxiPiBHw7ZuZGVyaW0gVGFyaWhpIDogPC9iPg0KCQkJCQkJCQkJPHhzbDp2YWx1ZS1vZiBzZWxlY3Q9Ii8vbjE6SW52b2ljZS9jYWM6RGVsaXZlcnkvY2FjOkRlc3BhdGNoL2NiYzpBY3R1YWxEZXNwYXRjaERhdGUiIC8+DQoJCQkJCQkJCQk8YnIgLz4NCgkJCQkJCQkJPC94c2w6aWY+DQoJCQkJCQkJCTx4c2w6aWYgdGVzdD0iLy9uMTpJbnZvaWNlL2NhYzpBZGRpdGlvbmFsRG9jdW1lbnRSZWZlcmVuY2UvY2JjOkRvY3VtZW50VHlwZSA9ICdFTEVLVFJPTklLJyAiPg0KCQkJCQkJCQkJPHNwYW4gc3R5bGU9ImZvbnQtd2VpZ2h0OmJvbGQ7Y29sb3I6Ymx1ZTsgIj4NCgkJCQkJCQkJCQk8eHNsOnRleHQ+ZS1BcsWfaXYgaXpuaSBrYXBzYW3EsW5kYSBlbGVrdHJvbmlrIG9ydGFtZGEgaWxldGlsbWnFn3Rpci48L3hzbDp0ZXh0Pg0KCQkJCQkJCQkJCTxiciAvPg0KCQkJCQkJCQkJPC9zcGFuPg0KCQkJCQkJCQk8L3hzbDppZj4NCg0KCQkJCQkJCQk8eHNsOmlmIHRlc3Q9Ii8vbjE6SW52b2ljZS9jYWM6RGVsaXZlcnkgIGFuZCAvL24xOkludm9pY2UvY2JjOlByb2ZpbGVJRCE9J0lIUkFDQVQnIj4NCgkJCQkJCQkJCTxzcGFuIHN0eWxlPSJmb250LXdlaWdodDpib2xkO2NvbG9yOmJsdWU7ICI+DQoJCQkJCQkJCQkJPHhzbDp0ZXh0PkJ1IHNhdMSxxZ8gaW50ZXJuZXQgw7x6ZXJpbmRlbiB5YXDEsWxtxLHFn3TEsXIuPC94c2w6dGV4dD4NCgkJCQkJCQkJCTwvc3Bhbj4NCgkJCQkJCQkJCTxiciAvPg0KCQkJCQkJCQk8L3hzbDppZj4NCg0KCQkJCQkJCQk8eHNsOmlmIHRlc3Q9ImNvdW50KC8vbjE6SW52b2ljZS9jYWM6RGVzcGF0Y2hEb2N1bWVudFJlZmVyZW5jZSk9MCI+DQoJCQkJCQkJCQk8c3BhbiBzdHlsZT0iZm9udC13ZWlnaHQ6Ym9sZDtjb2xvcjpibHVlOyAiPg0KCQkJCQkJCQkJCTx4c2w6dGV4dD7EsHJzYWxpeWUgeWVyaW5lIGdlw6dlci48L3hzbDp0ZXh0Pg0KCQkJCQkJCQkJPC9zcGFuPg0KCQkJCQkJCQkJPGJyIC8+DQoJCQkJCQkJCTwveHNsOmlmPg0KDQoNCgkJCQkJCQk8L3RkPg0KCQkJCQkJPC90cj4NCgkJCQkJPC90Ym9keT4NCgkJCQk8L3RhYmxlPgkNCg0KDQoNCg0KCQkJCTx0YWJsZSB3aWR0aD0iODAwcHgiIGJvcmRlcj0iMiI+CQkJCQ0KCQkJCQkJPHRyPgkJCQkJCSAgIA0KCQkJCQkJCTx0aD5CYW5rYSBBZMSxPC90aD4NCgkJCQkJCQk8dGg+xZ51YmUgQWTEsTwvdGg+CQ0KCQkJCQkJCTx0aD5JQkFOPC90aD4NCgkJCQkJCQk8dGg+UGFyYSBCaXJpbWk8L3RoPg0KCQkJCQkJPC90cj4NCgkJCQkJPHhzbDpmb3ItZWFjaCBzZWxlY3Q9Im4xOkludm9pY2UvY2FjOlBheW1lbnRNZWFucyI+DQoJCQkJCTx0ciBhbGlnbj0iY2VudGVyIiA+DQoJCQkJCQk8dGQ+DQoJCQkJCQkJPHhzbDp2YWx1ZS1vZiBzZWxlY3Q9ImNhYzpQYXllZUZpbmFuY2lhbEFjY291bnQvY2FjOkZpbmFuY2lhbEluc3RpdHV0aW9uQnJhbmNoL2NhYzpGaW5hbmNpYWxJbnN0aXR1dGlvbi9jYmM6TmFtZSIgLz4NCgkJCQkJCTwvdGQ+DQoJCQkJCQk8dGQ+DQoJCQkJCQkJPHhzbDp2YWx1ZS1vZiBzZWxlY3Q9ImNhYzpQYXllZUZpbmFuY2lhbEFjY291bnQvY2FjOkZpbmFuY2lhbEluc3RpdHV0aW9uQnJhbmNoL2NiYzpOYW1lIi8+DQoJCQkJCQk8L3RkPg0KCQkJCQkJPHRkPg0KCQkJCQkJCTx4c2w6dmFsdWUtb2Ygc2VsZWN0PSJjYWM6UGF5ZWVGaW5hbmNpYWxBY2NvdW50L2NiYzpJRCIgLz4NCgkJCQkJCTwvdGQ+DQoJCQkJCQk8dGQ+DQoJCQkJCQkJPHhzbDp2YWx1ZS1vZiBzZWxlY3Q9ImNhYzpQYXllZUZpbmFuY2lhbEFjY291bnQvY2JjOkN1cnJlbmN5Q29kZSIgLz4NCgkJCQkJCTwvdGQ+DQoJCQkJCTwvdHI+DQoJCQkJCTwveHNsOmZvci1lYWNoPgkJCQkJCQkNCgkJCQk8L3RhYmxlPgkJCQkJCQkJCQkNCg0KDQoNCg0KCQkJCTx4c2w6aWYgdGVzdD0iLy9uMTpJbnZvaWNlL2NhYzpBZGRpdGlvbmFsRG9jdW1lbnRSZWZlcmVuY2UvY2JjOkRvY3VtZW50VHlwZSA9ICdJTlRFUk5FVCcgYW5kICAvL24xOkludm9pY2UvY2FjOkFkZGl0aW9uYWxEb2N1bWVudFJlZmVyZW5jZS9jYmM6RG9jdW1lbnRUeXBlQ29kZSA9ICdFQXJjaGl2ZVR5cGUnIj4NCgkJCQkJPGJyIC8+DQoJCQkJCTxiciAvPg0KCQkJCQk8YnIgLz4NCgkJCQkJPGJyIC8+DQoJCQkJCTxiciAvPg0KCQkJCQk8dGFibGUgYm9yZGVyPSIxIiBhbGlnbj0ibGVmdCIgaWQ9ImxpbmVUYWJsZSIgd2lkdGg9IjgwMCI+DQoJCQkJCQk8dGJvZHk+DQoJCQkJCQkJPHRyIGFsaWduPSJsZWZ0Ij4NCgkJCQkJCQkJPHRkPg0KCQkJCQkJCQkJPGI+DQoJCQkJCQkJCQkJPHhzbDp0ZXh0PsSwYWRlIELDtmzDvG3DvDwveHNsOnRleHQ+DQoJCQkJCQkJCQk8L2I+DQoJCQkJCQkJCTwvdGQ+DQoJCQkJCQkJPC90cj4NCgkJCQkJCQk8dHIgYWxpZ249ImxlZnQiIGlkPSJsaW5lVGFibGVUciI+DQoJCQkJCQkJCTx0ZCBpZD0ibGluZVRhYmxlVGQiIHN0eWxlPSJ3aWR0aDoyMCUiIGFsaWduPSJjZW50ZXIiPg0KCQkJCQkJCQkJPHNwYW4gc3R5bGU9ImZvbnQtd2VpZ2h0OmJvbGQ7ICI+DQoJCQkJCQkJCQkJPHhzbDp0ZXh0Pk1hbHplbWUvSGl6bWV0IEHDp8Sxa2xhbWFzxLE8L3hzbDp0ZXh0Pg0KCQkJCQkJCQkJPC9zcGFuPg0KCQkJCQkJCQk8L3RkPg0KCQkJCQkJCQk8dGQgaWQ9ImxpbmVUYWJsZVRkIiBzdHlsZT0id2lkdGg6Ny40JSIgYWxpZ249ImNlbnRlciI+DQoJCQkJCQkJCQk8c3BhbiBzdHlsZT0iZm9udC13ZWlnaHQ6Ym9sZDsiPg0KCQkJCQkJCQkJCTx4c2w6dGV4dD5NaWt0YXI8L3hzbDp0ZXh0Pg0KCQkJCQkJCQkJPC9zcGFuPg0KCQkJCQkJCQk8L3RkPg0KCQkJCQkJCQk8dGQgaWQ9ImxpbmVUYWJsZVRkIiBzdHlsZT0id2lkdGg6OSUiIGFsaWduPSJjZW50ZXIiPg0KCQkJCQkJCQkJPHNwYW4gc3R5bGU9ImZvbnQtd2VpZ2h0OmJvbGQ7ICI+DQoJCQkJCQkJCQkJPHhzbDp0ZXh0PkJpcmltIEZpeWF0PC94c2w6dGV4dD4NCgkJCQkJCQkJCTwvc3Bhbj4NCgkJCQkJCQkJPC90ZD4NCg0KCQkJCQkJCQk8dGQgaWQ9ImxpbmVUYWJsZVRkIiBzdHlsZT0id2lkdGg6NyUiIGFsaWduPSJjZW50ZXIiPg0KCQkJCQkJCQkJPHNwYW4gc3R5bGU9ImZvbnQtd2VpZ2h0OmJvbGQ7ICI+DQoJCQkJCQkJCQkJPHhzbDp0ZXh0PktEViBPcmFuxLE8L3hzbDp0ZXh0Pg0KCQkJCQkJCQkJPC9zcGFuPg0KCQkJCQkJCQk8L3RkPg0KCQkJCQkJCQk8dGQgaWQ9ImxpbmVUYWJsZVRkIiBzdHlsZT0id2lkdGg6MTAlIiBhbGlnbj0iY2VudGVyIj4NCgkJCQkJCQkJCTxzcGFuIHN0eWxlPSJmb250LXdlaWdodDpib2xkOyAiPg0KCQkJCQkJCQkJCTx4c2w6dGV4dD5LRFYgVHV0YXLEsTwveHNsOnRleHQ+DQoJCQkJCQkJCQk8L3NwYW4+DQoJCQkJCQkJCTwvdGQ+DQoNCgkJCQkJCQkJPHRkIGlkPSJsaW5lVGFibGVUZCIgc3R5bGU9IndpZHRoOjEwLjYlIiBhbGlnbj0iY2VudGVyIj4NCgkJCQkJCQkJCTxzcGFuIHN0eWxlPSJmb250LXdlaWdodDpib2xkOyAiPg0KCQkJCQkJCQkJCTx4c2w6dGV4dD5NYWwgSGl6bWV0IFR1dGFyxLE8L3hzbDp0ZXh0Pg0KCQkJCQkJCQkJPC9zcGFuPg0KCQkJCQkJCQk8L3RkPg0KCQkJCQkJCTwvdHI+DQoJCQkJCQkJPHRyIGFsaWduPSJsZWZ0Ij4NCgkJCQkJCQkJPHRkPg0KCQkJCQkJCQkJPGJyIC8+DQoJCQkJCQkJCTwvdGQ+DQoJCQkJCQkJCTxiciAvPg0KCQkJCQkJCQk8dGQ+DQoJCQkJCQkJCQk8YnIgLz4NCgkJCQkJCQkJPC90ZD4NCgkJCQkJCQkJPGJyIC8+DQoJCQkJCQkJCTx0ZC8+DQoJCQkJCQkJCTxiciAvPg0KCQkJCQkJCQk8dGQvPg0KCQkJCQkJCQk8YnIgLz4NCgkJCQkJCQkJPHRkLz4NCgkJCQkJCQkJPHRkPg0KCQkJCQkJCQkJPGJyIC8+DQoJCQkJCQkJCTwvdGQ+DQoJCQkJCQkJPC90cj4NCgkJCQkJCQk8dHIgYWxpZ249ImxlZnQiPg0KCQkJCQkJCQk8dGQ+DQoJCQkJCQkJCQk8YnIgLz4NCgkJCQkJCQkJPC90ZD4NCgkJCQkJCQkJPGJyIC8+DQoJCQkJCQkJCTx0ZD4NCgkJCQkJCQkJCTxiciAvPg0KCQkJCQkJCQk8L3RkPg0KCQkJCQkJCQk8YnIgLz4NCgkJCQkJCQkJPHRkLz4NCgkJCQkJCQkJPGJyIC8+DQoJCQkJCQkJCTx0ZC8+DQoJCQkJCQkJCTxiciAvPg0KCQkJCQkJCQk8dGQvPg0KCQkJCQkJCQk8dGQ+DQoJCQkJCQkJCQk8YnIgLz4NCgkJCQkJCQkJPC90ZD4NCgkJCQkJCQk8L3RyPg0KCQkJCQkJCTx0ciBhbGlnbj0ibGVmdCI+DQoJCQkJCQkJCTx0ZD4NCgkJCQkJCQkJCTxiciAvPg0KCQkJCQkJCQk8L3RkPg0KCQkJCQkJCQk8YnIgLz4NCgkJCQkJCQkJPHRkPg0KCQkJCQkJCQkJPGJyIC8+DQoJCQkJCQkJCTwvdGQ+DQoJCQkJCQkJCTxiciAvPg0KCQkJCQkJCQk8dGQvPg0KCQkJCQkJCQk8YnIgLz4NCgkJCQkJCQkJPHRkLz4NCgkJCQkJCQkJPGJyIC8+DQoJCQkJCQkJCTx0ZC8+DQoJCQkJCQkJCTx0ZD4NCgkJCQkJCQkJCTxiciAvPg0KCQkJCQkJCQk8L3RkPg0KCQkJCQkJCTwvdHI+DQoJCQkJCQk8L3Rib2R5Pg0KCQkJCQk8L3RhYmxlPg0KCQkJCQk8YnIgLz4NCgkJCQkJPGJyIC8+DQoJCQkJCTxiciAvPg0KCQkJCQk8YnIgLz4NCgkJCQkJPGJyIC8+DQoJCQkJCTxiciAvPg0KCQkJCQk8YnIgLz4NCgkJCQkJPGI+DQoJCQkJCQk8eHNsOnRleHQ+RmlybWEvxZ5haMSxcyBVbnZhbsSxIDo8L3hzbDp0ZXh0Pg0KCQkJCQk8L2I+DQoJCQkJCTxiciAvPg0KCQkJCQk8Yj4NCgkJCQkJCTx4c2w6dGV4dD5Wa24vVGNrbm8gOjwveHNsOnRleHQ+DQoJCQkJCTwvYj4NCgkJCQkJPGJyIC8+DQoJCQkJCTxiPg0KCQkJCQkJPHhzbDp0ZXh0PsSwbXphIEthxZ9lPC94c2w6dGV4dD4NCgkJCQkJPC9iPg0KCQkJCQk8YnIgLz4NCg0KCQkJCTwveHNsOmlmPg0KDQoNCg0KCQkJPC9ib2R5Pg0KCQk8L2h0bWw+DQoJPC94c2w6dGVtcGxhdGU+DQoNCgk8eHNsOnRlbXBsYXRlIG5hbWU9ImRvdml6aV9va3UiPg0KCQk8eHNsOnBhcmFtIG5hbWU9ImRvdml6IiAvPg0KCQk8eHNsOnZhcmlhYmxlIG5hbWU9Im9rdW5hY2FrIiBzZWxlY3Q9Ii4iIC8+DQoJCTx4c2w6dmFyaWFibGUgbmFtZT0ibm9rdGFkYW5fc29ucmEiIHNlbGVjdD0icm91bmQoKCRva3VuYWNhayAtIGZsb29yKCRva3VuYWNhaykpICogMTAwKSIgLz4NCgkJPHhzbDpjYWxsLXRlbXBsYXRlIG5hbWU9InNheWlfb2t1IiA+DQoJCQk8eHNsOndpdGgtcGFyYW0gbmFtZT0ib2t1bmFjYWsiICBzZWxlY3Q9Ii4iIC8+DQoJCTwveHNsOmNhbGwtdGVtcGxhdGU+DQoJCTx4c2w6aWYgdGVzdD0iJGRvdml6Ij4NCgkJCTx4c2w6Y2hvb3NlPg0KCQkJCTx4c2w6d2hlbiB0ZXN0PSIkZG92aXogPSAgJ1RSTCcgb3IgJGRvdml6ID0gICdUUlknIj4NCgkJCQkJPHhzbDp2YWx1ZS1vZiBzZWxlY3Q9IicgVMO8cmsgTGlyYXPEsSciIC8+DQoJCQkJCTx4c2w6aWYgdGVzdD0iJG5va3RhZGFuX3NvbnJhICZndDsgMCI+DQoJCQkJCQk8eHNsOnZhbHVlLW9mIHNlbGVjdD0iJyAnIiAvPg0KCQkJCQkJPHhzbDpjYWxsLXRlbXBsYXRlIG5hbWU9InNheWlfb2t1IiA+DQoJCQkJCQkJPHhzbDp3aXRoLXBhcmFtIG5hbWU9Im9rdW5hY2FrIiAgc2VsZWN0PSIkbm9rdGFkYW5fc29ucmEiIC8+DQoJCQkJCQk8L3hzbDpjYWxsLXRlbXBsYXRlPg0KCQkJCQkJPHhzbDp2YWx1ZS1vZiBzZWxlY3Q9IicgS3VydcWfJyIgLz4NCgkJCQkJPC94c2w6aWY+DQoJCQkJPC94c2w6d2hlbj4NCgkJCQk8eHNsOm90aGVyd2lzZT4NCgkJCQkJPHhzbDp0ZXh0PiYjMTYwOzwveHNsOnRleHQ+DQoJCQkJCTx4c2w6dmFsdWUtb2Ygc2VsZWN0PSIkZG92aXoiIC8+DQoJCQkJCTx4c2w6aWYgdGVzdD0iJG5va3RhZGFuX3NvbnJhICZndDsgMCI+DQoJCQkJCQk8eHNsOnZhbHVlLW9mIHNlbGVjdD0iJyAnIiAvPg0KCQkJCQkJPHhzbDpjYWxsLXRlbXBsYXRlIG5hbWU9InNheWlfb2t1IiA+DQoJCQkJCQkJPHhzbDp3aXRoLXBhcmFtIG5hbWU9Im9rdW5hY2FrIiAgc2VsZWN0PSIkbm9rdGFkYW5fc29ucmEiIC8+DQoJCQkJCQk8L3hzbDpjYWxsLXRlbXBsYXRlPg0KDQoJCQkJCTwveHNsOmlmPg0KCQkJCTwveHNsOm90aGVyd2lzZT4NCgkJCTwveHNsOmNob29zZT4NCg0KCQk8L3hzbDppZj4NCgk8L3hzbDp0ZW1wbGF0ZT4NCgk8eHNsOnRlbXBsYXRlIG5hbWU9InNheWlfb2t1Ij4NCgkJPHhzbDpwYXJhbSBuYW1lPSJva3VuYWNhayIgLz4NCgkJPHhzbDp2YXJpYWJsZSBuYW1lPSJ0YW1fc2F5aSIgc2VsZWN0PSJmbG9vcigkb2t1bmFjYWspIiAvPg0KCQk8eHNsOnZhcmlhYmxlIG5hbWU9ImJpcmxlciIgICBzZWxlY3Q9ImZsb29yKCRva3VuYWNhaykgbW9kIDEwIiAvPg0KCQk8eHNsOnZhcmlhYmxlIG5hbWU9Im9ubGFyIiAgICBzZWxlY3Q9ImZsb29yKGZsb29yKCR0YW1fc2F5aSBtb2QgMTAwKSBkaXYgMTApIiAvPg0KCQk8eHNsOnZhcmlhYmxlIG5hbWU9Inl1emxlciIgICBzZWxlY3Q9ImZsb29yKGZsb29yKCR0YW1fc2F5aSBtb2QgMTAwMCkgZGl2IDEwMCkiIC8+DQoJCTx4c2w6dmFyaWFibGUgbmFtZT0iYmlubGVyIiAgIHNlbGVjdD0iZmxvb3IoZmxvb3IoJHRhbV9zYXlpIG1vZCAxMDAwMDAwKSBkaXYgMTAwMCkiIC8+DQoJCTx4c2w6dmFyaWFibGUgbmFtZT0ibWlseW9ubGFyIiAgIHNlbGVjdD0iZmxvb3IoZmxvb3IoJHRhbV9zYXlpIG1vZCAxMDAwMDAwMDAwKSBkaXYgMTAwMDAwMCkiIC8+DQoJCTx4c2w6dmFyaWFibGUgbmFtZT0ibWlseWFybGFyIiAgIHNlbGVjdD0iZmxvb3IoZmxvb3IoJHRhbV9zYXlpIG1vZCAxMDAwMDAwMDAwMDAwKSBkaXYgMTAwMDAwMDAwMCkiIC8+DQoNCgkJPHhzbDppZiB0ZXN0PSIkbWlseWFybGFyICZndDsgMCI+DQoJCQk8eHNsOmNhbGwtdGVtcGxhdGUgbmFtZT0ic2F5aV9va3VfM2hhbmUiID4NCgkJCQk8eHNsOndpdGgtcGFyYW0gbmFtZT0ic2F5aSIgIHNlbGVjdD0iJG1pbHlhcmxhciIgLz4NCgkJCTwveHNsOmNhbGwtdGVtcGxhdGU+IE1pbHlhcg0KCQk8L3hzbDppZj4NCgkJPHhzbDppZiB0ZXN0PSIkbWlseW9ubGFyICZndDsgMCI+DQoJCQk8eHNsOmNhbGwtdGVtcGxhdGUgbmFtZT0ic2F5aV9va3VfM2hhbmUiID4NCgkJCQk8eHNsOndpdGgtcGFyYW0gbmFtZT0ic2F5aSIgIHNlbGVjdD0iJG1pbHlvbmxhciIgLz4NCgkJCTwveHNsOmNhbGwtdGVtcGxhdGU+IE1pbHlvbg0KCQk8L3hzbDppZj4NCgkJPHhzbDppZiB0ZXN0PSIkYmlubGVyICZndDsgMCI+DQoJCQk8eHNsOmlmIHRlc3Q9IiRiaW5sZXIgPSAxIj5CaW4gPC94c2w6aWY+DQoJCQk8eHNsOmlmIHRlc3Q9IiRiaW5sZXIgPiAxIj4NCgkJCQk8eHNsOmNhbGwtdGVtcGxhdGUgbmFtZT0ic2F5aV9va3VfM2hhbmUiID4NCgkJCQkJPHhzbDp3aXRoLXBhcmFtIG5hbWU9InNheWkiICBzZWxlY3Q9IiRiaW5sZXIiIC8+DQoJCQkJPC94c2w6Y2FsbC10ZW1wbGF0ZT4gQmluDQoJCQk8L3hzbDppZj4NCgkJPC94c2w6aWY+DQoNCgkJPHhzbDpjYWxsLXRlbXBsYXRlIG5hbWU9Inl1emxlcl9va3UiID4NCgkJCTx4c2w6d2l0aC1wYXJhbSBuYW1lPSJzYXlpIiAgc2VsZWN0PSIkeXV6bGVyIiAvPg0KCQk8L3hzbDpjYWxsLXRlbXBsYXRlPg0KCQk8eHNsOmNhbGwtdGVtcGxhdGUgbmFtZT0ib25sYXJfb2t1IiA+DQoJCQk8eHNsOndpdGgtcGFyYW0gbmFtZT0ic2F5aSIgIHNlbGVjdD0iJG9ubGFyIiAvPg0KCQk8L3hzbDpjYWxsLXRlbXBsYXRlPg0KCQk8eHNsOmNhbGwtdGVtcGxhdGUgbmFtZT0iYmlybGVyX29rdSIgPg0KCQkJPHhzbDp3aXRoLXBhcmFtIG5hbWU9InNheWkiICBzZWxlY3Q9IiRiaXJsZXIiIC8+DQoJCTwveHNsOmNhbGwtdGVtcGxhdGU+DQoJPC94c2w6dGVtcGxhdGU+DQoJPHhzbDp0ZW1wbGF0ZSBuYW1lPSJzYXlpX29rdV8zaGFuZSI+DQoJCTx4c2w6cGFyYW0gbmFtZT0ic2F5aSIgLz4NCgkJPHhzbDp2YXJpYWJsZSBuYW1lPSJ0YW1fc2F5aSIgc2VsZWN0PSJmbG9vcigkc2F5aSkiIC8+DQoJCTx4c2w6dmFyaWFibGUgbmFtZT0iYmlybGVyIiAgIHNlbGVjdD0iZmxvb3IoJHNheWkpIG1vZCAxMCIgLz4NCgkJPHhzbDp2YXJpYWJsZSBuYW1lPSJvbmxhciIgICAgc2VsZWN0PSJmbG9vcihmbG9vcigkdGFtX3NheWkgbW9kIDEwMCkgZGl2IDEwKSIgLz4NCgkJPHhzbDp2YXJpYWJsZSBuYW1lPSJ5dXpsZXIiICAgc2VsZWN0PSJmbG9vcihmbG9vcigkdGFtX3NheWkgbW9kIDEwMDApIGRpdiAxMDApIiAvPg0KCQk8eHNsOmNhbGwtdGVtcGxhdGUgbmFtZT0ieXV6bGVyX29rdSIgPg0KCQkJPHhzbDp3aXRoLXBhcmFtIG5hbWU9InNheWkiICBzZWxlY3Q9IiR5dXpsZXIiIC8+DQoJCTwveHNsOmNhbGwtdGVtcGxhdGU+DQoJCTx4c2w6Y2FsbC10ZW1wbGF0ZSBuYW1lPSJvbmxhcl9va3UiID4NCgkJCTx4c2w6d2l0aC1wYXJhbSBuYW1lPSJzYXlpIiAgc2VsZWN0PSIkb25sYXIiIC8+DQoJCTwveHNsOmNhbGwtdGVtcGxhdGU+DQoJCTx4c2w6Y2FsbC10ZW1wbGF0ZSBuYW1lPSJiaXJsZXJfb2t1IiA+DQoJCQk8eHNsOndpdGgtcGFyYW0gbmFtZT0ic2F5aSIgIHNlbGVjdD0iJGJpcmxlciIgLz4NCgkJPC94c2w6Y2FsbC10ZW1wbGF0ZT4NCgk8L3hzbDp0ZW1wbGF0ZT4NCg0KCTx4c2w6dGVtcGxhdGUgbmFtZT0iYmlybGVyX29rdSI+DQoJCTx4c2w6cGFyYW0gbmFtZT0ic2F5aSIgLz4NCgkJPHhzbDpjaG9vc2U+DQoJCQk8eHNsOndoZW4gdGVzdD0iJHNheWkgPSAgMSI+QmlyIDwveHNsOndoZW4+DQoJCQk8eHNsOndoZW4gdGVzdD0iJHNheWkgPSAgMiI+xLBraSA8L3hzbDp3aGVuPg0KCQkJPHhzbDp3aGVuIHRlc3Q9IiRzYXlpID0gIDMiPsOcw6cgPC94c2w6d2hlbj4NCgkJCTx4c2w6d2hlbiB0ZXN0PSIkc2F5aSA9ICA0Ij5Ew7ZydCA8L3hzbDp3aGVuPg0KCQkJPHhzbDp3aGVuIHRlc3Q9IiRzYXlpID0gIDUiPkJlxZ8gPC94c2w6d2hlbj4NCgkJCTx4c2w6d2hlbiB0ZXN0PSIkc2F5aSA9ICA2Ij5BbHTEsSA8L3hzbDp3aGVuPg0KCQkJPHhzbDp3aGVuIHRlc3Q9IiRzYXlpID0gIDciPlllZGkgPC94c2w6d2hlbj4NCgkJCTx4c2w6d2hlbiB0ZXN0PSIkc2F5aSA9ICA4Ij5TZWtpeiA8L3hzbDp3aGVuPg0KCQkJPHhzbDp3aGVuIHRlc3Q9IiRzYXlpID0gIDkiPkRva3V6IDwveHNsOndoZW4+DQoJCQk8eHNsOm90aGVyd2lzZT4gPC94c2w6b3RoZXJ3aXNlPg0KCQk8L3hzbDpjaG9vc2U+DQoJPC94c2w6dGVtcGxhdGU+DQoJPHhzbDp0ZW1wbGF0ZSBuYW1lPSJvbmxhcl9va3UiPg0KCQk8eHNsOnBhcmFtIG5hbWU9InNheWkiIC8+DQoJCTx4c2w6Y2hvb3NlPg0KCQkJPHhzbDp3aGVuIHRlc3Q9IiRzYXlpID0gIDEiPk9uIDwveHNsOndoZW4+DQoJCQk8eHNsOndoZW4gdGVzdD0iJHNheWkgPSAgMiI+WWlybWkgPC94c2w6d2hlbj4NCgkJCTx4c2w6d2hlbiB0ZXN0PSIkc2F5aSA9ICAzIj5PdHV6IDwveHNsOndoZW4+DQoJCQk8eHNsOndoZW4gdGVzdD0iJHNheWkgPSAgNCI+S8SxcmsgPC94c2w6d2hlbj4NCgkJCTx4c2w6d2hlbiB0ZXN0PSIkc2F5aSA9ICA1Ij5FbGxpIDwveHNsOndoZW4+DQoJCQk8eHNsOndoZW4gdGVzdD0iJHNheWkgPSAgNiI+QWx0bcSxxZ8gPC94c2w6d2hlbj4NCgkJCTx4c2w6d2hlbiB0ZXN0PSIkc2F5aSA9ICA3Ij5ZZXRtacWfIDwveHNsOndoZW4+DQoJCQk8eHNsOndoZW4gdGVzdD0iJHNheWkgPSAgOCI+U2Vrc2VuIDwveHNsOndoZW4+DQoJCQk8eHNsOndoZW4gdGVzdD0iJHNheWkgPSAgOSI+RG9rc2FuIDwveHNsOndoZW4+DQoJCQk8eHNsOm90aGVyd2lzZS8+DQoJCTwveHNsOmNob29zZT4NCgk8L3hzbDp0ZW1wbGF0ZT4NCgk8eHNsOnRlbXBsYXRlIG5hbWU9Inl1emxlcl9va3UiPg0KCQk8eHNsOnBhcmFtIG5hbWU9InNheWkiIC8+DQoJCTx4c2w6Y2hvb3NlPg0KCQkJPHhzbDp3aGVuIHRlc3Q9IiRzYXlpID0gIDEiPlnDvHogPC94c2w6d2hlbj4NCgkJCTx4c2w6d2hlbiB0ZXN0PSIkc2F5aSA9ICAyIj7EsGtpIFnDvHogPC94c2w6d2hlbj4NCgkJCTx4c2w6d2hlbiB0ZXN0PSIkc2F5aSA9ICAzIj7DnMOnIFnDvHogPC94c2w6d2hlbj4NCgkJCTx4c2w6d2hlbiB0ZXN0PSIkc2F5aSA9ICA0Ij5Ew7ZydCBZw7x6IDwveHNsOndoZW4+DQoJCQk8eHNsOndoZW4gdGVzdD0iJHNheWkgPSAgNSI+QmXFnyBZw7x6IDwveHNsOndoZW4+DQoJCQk8eHNsOndoZW4gdGVzdD0iJHNheWkgPSAgNiI+QWx0xLEgWcO8eiA8L3hzbDp3aGVuPg0KCQkJPHhzbDp3aGVuIHRlc3Q9IiRzYXlpID0gIDciPlllZGkgWcO8eiA8L3hzbDp3aGVuPg0KCQkJPHhzbDp3aGVuIHRlc3Q9IiRzYXlpID0gIDgiPlNla2l6IFnDvHogPC94c2w6d2hlbj4NCgkJCTx4c2w6d2hlbiB0ZXN0PSIkc2F5aSA9ICA5Ij5Eb2t1eiBZw7x6IDwveHNsOndoZW4+DQoJCQk8eHNsOm90aGVyd2lzZS8+DQoJCTwveHNsOmNob29zZT4NCgk8L3hzbDp0ZW1wbGF0ZT4NCgk8eHNsOnRlbXBsYXRlIG5hbWU9ImJpbmxlcl9va3UiPg0KCQk8eHNsOnBhcmFtIG5hbWU9InNheWkiIC8+DQoJCTx4c2w6Y2hvb3NlPg0KCQkJPHhzbDp3aGVuIHRlc3Q9IiRzYXlpID0gIDEiPkJpbiA8L3hzbDp3aGVuPg0KCQkJPHhzbDp3aGVuIHRlc3Q9IiRzYXlpID0gIDIiPsSwa2kgQmluIDwveHNsOndoZW4+DQoJCQk8eHNsOndoZW4gdGVzdD0iJHNheWkgPSAgMyI+w5zDpyBCaW4gPC94c2w6d2hlbj4NCgkJCTx4c2w6d2hlbiB0ZXN0PSIkc2F5aSA9ICA0Ij5Ew7ZydCBCaW4gPC94c2w6d2hlbj4NCgkJCTx4c2w6d2hlbiB0ZXN0PSIkc2F5aSA9ICA1Ij5CZcWfIEJpbiA8L3hzbDp3aGVuPg0KCQkJPHhzbDp3aGVuIHRlc3Q9IiRzYXlpID0gIDYiPkFsdMSxIEJpbiA8L3hzbDp3aGVuPg0KCQkJPHhzbDp3aGVuIHRlc3Q9IiRzYXlpID0gIDciPlllZGkgQmluIDwveHNsOndoZW4+DQoJCQk8eHNsOndoZW4gdGVzdD0iJHNheWkgPSAgOCI+U2VraXogQmluIDwveHNsOndoZW4+DQoJCQk8eHNsOndoZW4gdGVzdD0iJHNheWkgPSAgOSI+RG9rdXogQmluIDwveHNsOndoZW4+DQoJCQk8eHNsOm90aGVyd2lzZS8+DQoJCTwveHNsOmNob29zZT4NCgk8L3hzbDp0ZW1wbGF0ZT4NCgk8eHNsOnRlbXBsYXRlIG5hbWU9Im9uYmlubGVyX29rdSI+DQoJCTx4c2w6cGFyYW0gbmFtZT0ic2F5aSIgLz4NCgkJPHhzbDppZiB0ZXN0PSIkc2F5aSAmZ3Q7IDAiPg0KCQkJPHhzbDpjYWxsLXRlbXBsYXRlIG5hbWU9Im9ubGFyX29rdSIgPg0KCQkJCTx4c2w6d2l0aC1wYXJhbSBuYW1lPSJzYXlpIiAgc2VsZWN0PSIkc2F5aSIgLz4NCgkJCTwveHNsOmNhbGwtdGVtcGxhdGU+QmluDQoJCTwveHNsOmlmPg0KCTwveHNsOnRlbXBsYXRlPg0KDQoJPHhzbDp0ZW1wbGF0ZSBuYW1lPSJwYXJjYWxhIj4NCgkJPHhzbDpwYXJhbSBuYW1lPSJjc3YiLz4NCgkJPHhzbDpwYXJhbSBuYW1lPSJpc2FyZXQiLz4NCgkJPHhzbDp2YXJpYWJsZSAgbmFtZT0iZmlyc3QtaXRlbSIgc2VsZWN0PSJub3JtYWxpemUtc3BhY2Uoc3Vic3RyaW5nLWJlZm9yZSggY29uY2F0KCAkY3N2LCAnfCcpLCAnfCcpKSIvPg0KCQk8eHNsOmlmIHRlc3Q9IiRjc3YiPg0KCQkJPHhzbDppZiB0ZXN0PSJub3JtYWxpemUtc3BhY2Uoc3Vic3RyaW5nLWFmdGVyKGNvbmNhdCgkZmlyc3QtaXRlbSwgJycpLCAkaXNhcmV0KSkiPg0KCQkJCTx4c2w6dmFsdWUtb2YgZGlzYWJsZS1vdXRwdXQtZXNjYXBpbmc9InllcyIgc2VsZWN0PSJub3JtYWxpemUtc3BhY2Uoc3Vic3RyaW5nLWFmdGVyKGNvbmNhdCgkZmlyc3QtaXRlbSwgJycpLCAkaXNhcmV0KSkiLz4NCgkJCTwveHNsOmlmPg0KCQkJPHhzbDpjYWxsLXRlbXBsYXRlIG5hbWU9InBhcmNhbGEiPg0KCQkJCTx4c2w6d2l0aC1wYXJhbSBuYW1lPSJjc3YiIHNlbGVjdD0ic3Vic3RyaW5nLWFmdGVyKCRjc3YsJ3wnKSIvPg0KCQkJCTx4c2w6d2l0aC1wYXJhbSBuYW1lPSJpc2FyZXQiIHNlbGVjdD0iJGlzYXJldCIvPg0KCQkJPC94c2w6Y2FsbC10ZW1wbGF0ZT4NCgkJPC94c2w6aWY+DQoJPC94c2w6dGVtcGxhdGU+DQoNCgk8eHNsOnRlbXBsYXRlIG1hdGNoPSJkYXRlRm9ybWF0dGVyIj4NCgkJPHhzbDp2YWx1ZS1vZiBzZWxlY3Q9InN1YnN0cmluZyguLDksMikiIC8+LTx4c2w6dmFsdWUtb2Ygc2VsZWN0PSJzdWJzdHJpbmcoLiw2LDIpIiAvPi08eHNsOnZhbHVlLW9mIHNlbGVjdD0ic3Vic3RyaW5nKC4sMSw0KSIgLz4NCgk8L3hzbDp0ZW1wbGF0ZT4NCgk8eHNsOnRlbXBsYXRlIG1hdGNoPSIvL24xOkludm9pY2UvY2FjOkludm9pY2VMaW5lIj4NCgkJPHRyIGlkPSJsaW5lVGFibGVUciI+DQoJCQk8dGQgaWQ9ImxpbmVUYWJsZVRkIj4NCgkJCQk8c3Bhbj4NCgkJCQkJPHhzbDp0ZXh0PiYjMTYwOzwveHNsOnRleHQ+DQoJCQkJCTx4c2w6dmFsdWUtb2Ygc2VsZWN0PSIuL2NiYzpJRCIgLz4NCgkJCQk8L3NwYW4+DQoJCQk8L3RkPg0KDQoNCgkJCTx4c2w6aWYgdGVzdD0iLy9uMTpJbnZvaWNlL2NhYzpJbnZvaWNlTGluZS9jYWM6SXRlbS9jYWM6U2VsbGVyc0l0ZW1JZGVudGlmaWNhdGlvbiI+DQoJCQkJPHRkIGlkPSJsaW5lVGFibGVUZCI+DQoJCQkJCTxzcGFuPg0KCQkJCQkJPHhzbDp0ZXh0PiYjMTYwOzwveHNsOnRleHQ+DQoJCQkJCQk8eHNsOnZhbHVlLW9mIHNlbGVjdD0iLi9jYWM6SXRlbS9jYWM6U2VsbGVyc0l0ZW1JZGVudGlmaWNhdGlvbi9jYmM6SUQiIC8+DQoJCQkJCTwvc3Bhbj4NCgkJCQk8L3RkPg0KCQkJPC94c2w6aWY+DQoNCg0KCQkJPHRkIGlkPSJsaW5lVGFibGVUZCI+DQoJCQkJPHNwYW4+DQoJCQkJCTx4c2w6dGV4dD4mIzE2MDs8L3hzbDp0ZXh0Pg0KCQkJCQk8eHNsOnZhbHVlLW9mIHNlbGVjdD0iLi9jYWM6SXRlbS9jYmM6TmFtZSIgLz4NCgkJCQk8L3NwYW4+DQoJCQk8L3RkPg0KDQoJCQk8dGQgaWQ9ImxpbmVUYWJsZVRkIiBhbGlnbj0icmlnaHQiPg0KCQkJCTxzcGFuPg0KCQkJCQk8eHNsOnRleHQ+JiMxNjA7PC94c2w6dGV4dD4NCgkJCQkJPHhzbDp2YWx1ZS1vZiBzZWxlY3Q9ImZvcm1hdC1udW1iZXIoLi9jYmM6SW52b2ljZWRRdWFudGl0eSwgJyMjIy4jIyMsIyMjIycsICdldXJvcGVhbicpIiAvPg0KCQkJCQk8eHNsOmlmIHRlc3Q9Ii4vY2JjOkludm9pY2VkUXVhbnRpdHkvQHVuaXRDb2RlIj4NCgkJCQkJCTx4c2w6Zm9yLWVhY2ggc2VsZWN0PSIuL2NiYzpJbnZvaWNlZFF1YW50aXR5Ij4NCgkJCQkJCQk8eHNsOnRleHQ+DQoJCQkJCQkJPC94c2w6dGV4dD4NCgkJCQkJCQk8eHNsOmNob29zZT4NCgkJCQkJCQkJPHhzbDp3aGVuIHRlc3Q9IkB1bml0Q29kZSAgPSAnMjYnIj4NCgkJCQkJCQkJCTxzcGFuPg0KCQkJCQkJCQkJCTx4c2w6dGV4dD5Ub248L3hzbDp0ZXh0Pg0KCQkJCQkJCQkJPC9zcGFuPg0KCQkJCQkJCQk8L3hzbDp3aGVuPg0KCQkJCQkJCQk8eHNsOndoZW4gdGVzdD0iQHVuaXRDb2RlICA9ICdUTkUnIj4NCgkJCQkJCQkJCTxzcGFuPg0KCQkJCQkJCQkJCTx4c2w6dGV4dD5Ub248L3hzbDp0ZXh0Pg0KCQkJCQkJCQkJPC9zcGFuPg0KCQkJCQkJCQk8L3hzbDp3aGVuPg0KCQkJCQkJCQk8eHNsOndoZW4gdGVzdD0iQHVuaXRDb2RlICA9ICdCWCciPg0KCQkJCQkJCQkJPHNwYW4+DQoJCQkJCQkJCQkJPHhzbDp0ZXh0Pkt1dHU8L3hzbDp0ZXh0Pg0KCQkJCQkJCQkJPC9zcGFuPg0KCQkJCQkJCQk8L3hzbDp3aGVuPg0KCQkJCQkJCQk8eHNsOndoZW4gdGVzdD0iQHVuaXRDb2RlICA9ICdMVFInIj4NCgkJCQkJCQkJCTxzcGFuPg0KCQkJCQkJCQkJCTx4c2w6dGV4dD5MVDwveHNsOnRleHQ+DQoJCQkJCQkJCQk8L3NwYW4+DQoJCQkJCQkJCTwveHNsOndoZW4+DQoNCgkJCQkJCQkJPHhzbDp3aGVuIHRlc3Q9IkB1bml0Q29kZSAgPSAnQzYyJyI+DQoJCQkJCQkJCQk8c3Bhbj4NCgkJCQkJCQkJCQk8eHNsOnRleHQ+QWRldDwveHNsOnRleHQ+DQoJCQkJCQkJCQk8L3NwYW4+DQoJCQkJCQkJCTwveHNsOndoZW4+DQoJCQkJCQkJCTx4c2w6d2hlbiB0ZXN0PSJAdW5pdENvZGUgID0gJ0tHTSciPg0KCQkJCQkJCQkJPHNwYW4+DQoJCQkJCQkJCQkJPHhzbDp0ZXh0PktHPC94c2w6dGV4dD4NCgkJCQkJCQkJCTwvc3Bhbj4NCgkJCQkJCQkJPC94c2w6d2hlbj4NCgkJCQkJCQkJPHhzbDp3aGVuIHRlc3Q9IkB1bml0Q29kZSAgPSAnS0pPJyI+DQoJCQkJCQkJCQk8c3Bhbj4NCgkJCQkJCQkJCQk8eHNsOnRleHQ+a0o8L3hzbDp0ZXh0Pg0KCQkJCQkJCQkJPC9zcGFuPg0KCQkJCQkJCQk8L3hzbDp3aGVuPg0KCQkJCQkJCQk8eHNsOndoZW4gdGVzdD0iQHVuaXRDb2RlICA9ICdHUk0nIj4NCgkJCQkJCQkJCTxzcGFuPg0KCQkJCQkJCQkJCTx4c2w6dGV4dD5HPC94c2w6dGV4dD4NCgkJCQkJCQkJCTwvc3Bhbj4NCgkJCQkJCQkJPC94c2w6d2hlbj4NCgkJCQkJCQkJPHhzbDp3aGVuIHRlc3Q9IkB1bml0Q29kZSAgPSAnTUdNJyI+DQoJCQkJCQkJCQk8c3Bhbj4NCgkJCQkJCQkJCQk8eHNsOnRleHQ+TUc8L3hzbDp0ZXh0Pg0KCQkJCQkJCQkJPC9zcGFuPg0KCQkJCQkJCQk8L3hzbDp3aGVuPg0KCQkJCQkJCQk8eHNsOndoZW4gdGVzdD0iQHVuaXRDb2RlICA9ICdOVCciPg0KCQkJCQkJCQkJPHNwYW4+DQoJCQkJCQkJCQkJPHhzbDp0ZXh0Pk5ldCBUb248L3hzbDp0ZXh0Pg0KCQkJCQkJCQkJPC9zcGFuPg0KCQkJCQkJCQk8L3hzbDp3aGVuPg0KCQkJCQkJCQk8eHNsOndoZW4gdGVzdD0iQHVuaXRDb2RlICA9ICdHVCciPg0KCQkJCQkJCQkJPHNwYW4+DQoJCQkJCQkJCQkJPHhzbDp0ZXh0PkdUPC94c2w6dGV4dD4NCgkJCQkJCQkJCTwvc3Bhbj4NCgkJCQkJCQkJPC94c2w6d2hlbj4NCgkJCQkJCQkJPHhzbDp3aGVuIHRlc3Q9IkB1bml0Q29kZSAgPSAnTVRSJyI+DQoJCQkJCQkJCQk8c3Bhbj4NCgkJCQkJCQkJCQk8eHNsOnRleHQ+TTwveHNsOnRleHQ+DQoJCQkJCQkJCQk8L3NwYW4+DQoJCQkJCQkJCTwveHNsOndoZW4+DQoJCQkJCQkJCTx4c2w6d2hlbiB0ZXN0PSJAdW5pdENvZGUgID0gJ01NVCciPg0KCQkJCQkJCQkJPHNwYW4+DQoJCQkJCQkJCQkJPHhzbDp0ZXh0Pk1NPC94c2w6dGV4dD4NCgkJCQkJCQkJCTwvc3Bhbj4NCgkJCQkJCQkJPC94c2w6d2hlbj4NCgkJCQkJCQkJPHhzbDp3aGVuIHRlc3Q9IkB1bml0Q29kZSAgPSAnS1RNJyI+DQoJCQkJCQkJCQk8c3Bhbj4NCgkJCQkJCQkJCQk8eHNsOnRleHQ+S008L3hzbDp0ZXh0Pg0KCQkJCQkJCQkJPC9zcGFuPg0KCQkJCQkJCQk8L3hzbDp3aGVuPg0KCQkJCQkJCQk8eHNsOndoZW4gdGVzdD0iQHVuaXRDb2RlICA9ICdNTFQnIj4NCgkJCQkJCQkJCTxzcGFuPg0KCQkJCQkJCQkJCTx4c2w6dGV4dD5NTDwveHNsOnRleHQ+DQoJCQkJCQkJCQk8L3NwYW4+DQoJCQkJCQkJCTwveHNsOndoZW4+DQoJCQkJCQkJCTx4c2w6d2hlbiB0ZXN0PSJAdW5pdENvZGUgID0gJ01NUSciPg0KCQkJCQkJCQkJPHNwYW4+DQoJCQkJCQkJCQkJPHhzbDp0ZXh0Pk1NMzwveHNsOnRleHQ+DQoJCQkJCQkJCQk8L3NwYW4+DQoJCQkJCQkJCTwveHNsOndoZW4+DQoJCQkJCQkJCTx4c2w6d2hlbiB0ZXN0PSJAdW5pdENvZGUgID0gJ0NMVCciPg0KCQkJCQkJCQkJPHNwYW4+DQoJCQkJCQkJCQkJPHhzbDp0ZXh0PkNMPC94c2w6dGV4dD4NCgkJCQkJCQkJCTwvc3Bhbj4NCgkJCQkJCQkJPC94c2w6d2hlbj4NCgkJCQkJCQkJPHhzbDp3aGVuIHRlc3Q9IkB1bml0Q29kZSAgPSAnQ01LJyI+DQoJCQkJCQkJCQk8c3Bhbj4NCgkJCQkJCQkJCQk8eHNsOnRleHQ+Q00yPC94c2w6dGV4dD4NCgkJCQkJCQkJCTwvc3Bhbj4NCgkJCQkJCQkJPC94c2w6d2hlbj4NCgkJCQkJCQkJPHhzbDp3aGVuIHRlc3Q9IkB1bml0Q29kZSAgPSAnQ01RJyI+DQoJCQkJCQkJCQk8c3Bhbj4NCgkJCQkJCQkJCQk8eHNsOnRleHQ+Q00zPC94c2w6dGV4dD4NCgkJCQkJCQkJCTwvc3Bhbj4NCgkJCQkJCQkJPC94c2w6d2hlbj4NCgkJCQkJCQkJPHhzbDp3aGVuIHRlc3Q9IkB1bml0Q29kZSAgPSAnQ01UJyI+DQoJCQkJCQkJCQk8c3Bhbj4NCgkJCQkJCQkJCQk8eHNsOnRleHQ+Q008L3hzbDp0ZXh0Pg0KCQkJCQkJCQkJPC9zcGFuPg0KCQkJCQkJCQk8L3hzbDp3aGVuPg0KCQkJCQkJCQk8eHNsOndoZW4gdGVzdD0iQHVuaXRDb2RlICA9ICdNVEsnIj4NCgkJCQkJCQkJCTxzcGFuPg0KCQkJCQkJCQkJCTx4c2w6dGV4dD5NMjwveHNsOnRleHQ+DQoJCQkJCQkJCQk8L3NwYW4+DQoJCQkJCQkJCTwveHNsOndoZW4+DQoJCQkJCQkJCTx4c2w6d2hlbiB0ZXN0PSJAdW5pdENvZGUgID0gJ01UUSciPg0KCQkJCQkJCQkJPHNwYW4+DQoJCQkJCQkJCQkJPHhzbDp0ZXh0Pk0zPC94c2w6dGV4dD4NCgkJCQkJCQkJCTwvc3Bhbj4NCgkJCQkJCQkJPC94c2w6d2hlbj4NCgkJCQkJCQkJPHhzbDp3aGVuIHRlc3Q9IkB1bml0Q29kZSAgPSAnREFZJyI+DQoJCQkJCQkJCQk8c3Bhbj4NCgkJCQkJCQkJCQk8eHNsOnRleHQ+R8O8bjwveHNsOnRleHQ+DQoJCQkJCQkJCQk8L3NwYW4+DQoJCQkJCQkJCTwveHNsOndoZW4+DQoJCQkJCQkJCTx4c2w6d2hlbiB0ZXN0PSJAdW5pdENvZGUgID0gJ01PTiciPg0KCQkJCQkJCQkJPHNwYW4+DQoJCQkJCQkJCQkJPHhzbDp0ZXh0PkF5PC94c2w6dGV4dD4NCgkJCQkJCQkJCTwvc3Bhbj4NCgkJCQkJCQkJPC94c2w6d2hlbj4NCgkJCQkJCQkJPHhzbDp3aGVuIHRlc3Q9IkB1bml0Q29kZSAgPSAnQU5OJyI+DQoJCQkJCQkJCQk8c3Bhbj4NCgkJCQkJCQkJCQk8eHNsOnRleHQ+WcSxbDwveHNsOnRleHQ+DQoJCQkJCQkJCQk8L3NwYW4+DQoJCQkJCQkJCTwveHNsOndoZW4+DQoJCQkJCQkJCTx4c2w6d2hlbiB0ZXN0PSJAdW5pdENvZGUgID0gJ0hVUiciPg0KCQkJCQkJCQkJPHNwYW4+DQoJCQkJCQkJCQkJPHhzbDp0ZXh0PlNhYXQ8L3hzbDp0ZXh0Pg0KCQkJCQkJCQkJPC9zcGFuPg0KCQkJCQkJCQk8L3hzbDp3aGVuPg0KCQkJCQkJCQk8eHNsOndoZW4gdGVzdD0iQHVuaXRDb2RlICA9ICdENjEnIj4NCgkJCQkJCQkJCTxzcGFuPg0KCQkJCQkJCQkJCTx4c2w6dGV4dD5EYWtpa2E8L3hzbDp0ZXh0Pg0KCQkJCQkJCQkJPC9zcGFuPg0KCQkJCQkJCQk8L3hzbDp3aGVuPg0KCQkJCQkJCQk8eHNsOndoZW4gdGVzdD0iQHVuaXRDb2RlICA9ICdENjInIj4NCgkJCQkJCQkJCTxzcGFuPg0KCQkJCQkJCQkJCTx4c2w6dGV4dD5TYW5peWU8L3hzbDp0ZXh0Pg0KCQkJCQkJCQkJPC9zcGFuPg0KCQkJCQkJCQk8L3hzbDp3aGVuPg0KCQkJCQkJCQk8eHNsOndoZW4gdGVzdD0iQHVuaXRDb2RlICA9ICdQQSciPg0KCQkJCQkJCQkJPHNwYW4+DQoJCQkJCQkJCQkJPHhzbDp0ZXh0PlBha2V0PC94c2w6dGV4dD4NCgkJCQkJCQkJCTwvc3Bhbj4NCgkJCQkJCQkJPC94c2w6d2hlbj4NCgkJCQkJCQkJPHhzbDp3aGVuIHRlc3Q9IkB1bml0Q29kZSAgPSAnUjknIj4NCgkJCQkJCQkJCTxzcGFuPg0KCQkJCQkJCQkJCTx4c2w6dGV4dD4xMDAwIG0zPC94c2w6dGV4dD4NCgkJCQkJCQkJCTwvc3Bhbj4NCgkJCQkJCQkJPC94c2w6d2hlbj4NCgkJCQkJCQkJPHhzbDp3aGVuIHRlc3Q9IkB1bml0Q29kZSAgPSAnS1dIJyI+DQoJCQkJCQkJCQk8c3Bhbj4NCgkJCQkJCQkJCQk8eHNsOnRleHQ+S1dIPC94c2w6dGV4dD4NCgkJCQkJCQkJCTwvc3Bhbj4NCgkJCQkJCQkJPC94c2w6d2hlbj4NCgkJCQkJCQkJPHhzbDp3aGVuIHRlc3Q9IkB1bml0Q29kZSAgPSAnR01TJyI+DQoJCQkJCQkJCQk8c3Bhbj4NCgkJCQkJCQkJCQk8eHNsOnRleHQ+R8O8bcO8czwveHNsOnRleHQ+DQoJCQkJCQkJCQk8L3NwYW4+DQoJCQkJCQkJCTwveHNsOndoZW4+DQoJCQkJCQkJCTx4c2w6d2hlbiB0ZXN0PSJAdW5pdENvZGUgID0gJ0NUTSciPg0KCQkJCQkJCQkJPHNwYW4+DQoJCQkJCQkJCQkJPHhzbDp0ZXh0PkthcmF0PC94c2w6dGV4dD4NCgkJCQkJCQkJCTwvc3Bhbj4NCgkJCQkJCQkJPC94c2w6d2hlbj4NCgkJCQkJCQkJPHhzbDp3aGVuIHRlc3Q9IkB1bml0Q29kZSAgPSAnQU5OJyI+DQoJCQkJCQkJCQk8c3Bhbj4NCgkJCQkJCQkJCQk8eHNsOnRleHQ+WcSxbDwveHNsOnRleHQ+DQoJCQkJCQkJCQk8L3NwYW4+DQoJCQkJCQkJCTwveHNsOndoZW4+DQoJCQkJCQkJCTx4c2w6d2hlbiB0ZXN0PSJAdW5pdENvZGUgID0gJ0hVUiciPg0KCQkJCQkJCQkJPHNwYW4+DQoJCQkJCQkJCQkJPHhzbDp0ZXh0PlNhYXQ8L3hzbDp0ZXh0Pg0KCQkJCQkJCQkJPC9zcGFuPg0KCQkJCQkJCQk8L3hzbDp3aGVuPg0KCQkJCQkJCQk8eHNsOndoZW4gdGVzdD0iQHVuaXRDb2RlICA9ICdNSU4nIj4NCgkJCQkJCQkJCTxzcGFuPg0KCQkJCQkJCQkJCTx4c2w6dGV4dD5EYWtpa2E8L3hzbDp0ZXh0Pg0KCQkJCQkJCQkJPC9zcGFuPg0KCQkJCQkJCQk8L3hzbDp3aGVuPg0KCQkJCQkJCQk8eHNsOndoZW4gdGVzdD0iQHVuaXRDb2RlICA9ICdTRUMnIj4NCgkJCQkJCQkJCTxzcGFuPg0KCQkJCQkJCQkJCTx4c2w6dGV4dD5TYW5peWU8L3hzbDp0ZXh0Pg0KCQkJCQkJCQkJPC9zcGFuPg0KCQkJCQkJCQk8L3hzbDp3aGVuPg0KCQkJCQkJCQk8eHNsOndoZW4gdGVzdD0iQHVuaXRDb2RlICA9ICdMUEEnIj4NCgkJCQkJCQkJCTxzcGFuPg0KCQkJCQkJCQkJCTx4c2w6dGV4dD5zYWYgYWxrb2wgbHQ8L3hzbDp0ZXh0Pg0KCQkJCQkJCQkJPC9zcGFuPg0KCQkJCQkJCQk8L3hzbDp3aGVuPg0KCQkJCQkJCQk8eHNsOndoZW4gdGVzdD0iQHVuaXRDb2RlICA9ICdCRyciPg0KCQkJCQkJCQkJPHNwYW4+DQoJCQkJCQkJCQkJPHhzbDp0ZXh0PlRvcmJhPC94c2w6dGV4dD4NCgkJCQkJCQkJCTwvc3Bhbj4NCgkJCQkJCQkJPC94c2w6d2hlbj4NCgkJCQkJCQkJPHhzbDp3aGVuIHRlc3Q9IkB1bml0Q29kZSAgPSAnUFInIj4NCgkJCQkJCQkJCTxzcGFuPg0KCQkJCQkJCQkJCTx4c2w6dGV4dD5BZGV0LcOHaWZ0PC94c2w6dGV4dD4NCgkJCQkJCQkJCTwvc3Bhbj4NCgkJCQkJCQkJPC94c2w6d2hlbj4NCgkJCQkJCQkJPHhzbDp3aGVuIHRlc3Q9IkB1bml0Q29kZSAgPSAnRFpOJyI+DQoJCQkJCQkJCQk8c3Bhbj4NCgkJCQkJCQkJCQk8eHNsOnRleHQ+RMO8emluZTwveHNsOnRleHQ+DQoJCQkJCQkJCQk8L3NwYW4+DQoJCQkJCQkJCTwveHNsOndoZW4+DQoJCQkJCQkJCTx4c2w6d2hlbiB0ZXN0PSJAdW5pdENvZGUgID0gJ1NFVCciPg0KCQkJCQkJCQkJPHNwYW4+DQoJCQkJCQkJCQkJPHhzbDp0ZXh0PlNldDwveHNsOnRleHQ+DQoJCQkJCQkJCQk8L3NwYW4+DQoJCQkJCQkJCTwveHNsOndoZW4+DQoJCQkJCQkJCTx4c2w6d2hlbiB0ZXN0PSJAdW5pdENvZGUgID0gJ05QTCciPg0KCQkJCQkJCQkJPHNwYW4+DQoJCQkJCQkJCQkJPHhzbDp0ZXh0PktvbGk8L3hzbDp0ZXh0Pg0KCQkJCQkJCQkJPC9zcGFuPg0KCQkJCQkJCQk8L3hzbDp3aGVuPg0KCQkJCQkJCQk8eHNsOndoZW4gdGVzdD0iQHVuaXRDb2RlICA9ICdGVEsnIj4NCgkJCQkJCQkJCTxzcGFuPg0KCQkJCQkJCQkJCTx4c2w6dGV4dD5BeWFrIGthcmU8L3hzbDp0ZXh0Pg0KCQkJCQkJCQkJPC9zcGFuPg0KCQkJCQkJCQk8L3hzbDp3aGVuPg0KCQkJCQkJCQk8eHNsOndoZW4gdGVzdD0iQHVuaXRDb2RlICA9ICdGT1QnIj4NCgkJCQkJCQkJCTxzcGFuPg0KCQkJCQkJCQkJCTx4c2w6dGV4dD5BeWFrPC94c2w6dGV4dD4NCgkJCQkJCQkJCTwvc3Bhbj4NCgkJCQkJCQkJPC94c2w6d2hlbj4NCgkJCQkJCQkJPHhzbDp3aGVuIHRlc3Q9IkB1bml0Q29kZSAgPSAnQUZGJyI+DQoJCQkJCQkJCQk8c3Bhbj4NCgkJCQkJCQkJCQk8eHNsOnRleHQ+QUbEsEYgYmlyaW0gZml5YXTEsTwveHNsOnRleHQ+DQoJCQkJCQkJCQk8L3NwYW4+DQoJCQkJCQkJCTwveHNsOndoZW4+DQoJCQkJCQkJCTx4c2w6d2hlbiB0ZXN0PSJAdW5pdENvZGUgID0gJ0FLUSciPg0KCQkJCQkJCQkJPHNwYW4+DQoJCQkJCQkJCQkJPHhzbDp0ZXh0PkFUViBCaXJpbSBGaXlhdMSxPC94c2w6dGV4dD4NCgkJCQkJCQkJCTwvc3Bhbj4NCgkJCQkJCQkJPC94c2w6d2hlbj4NCgkJCQkJCQkJPHhzbDp3aGVuIHRlc3Q9IkB1bml0Q29kZSAgPSAnQVlSJyI+DQoJCQkJCQkJCQk8c3Bhbj4NCgkJCQkJCQkJCQk8eHNsOnRleHQ+QWx0xLFuIGF5YXLEsTwveHNsOnRleHQ+DQoJCQkJCQkJCQk8L3NwYW4+DQoJCQkJCQkJCTwveHNsOndoZW4+DQoJCQkJCQkJCTx4c2w6d2hlbiB0ZXN0PSJAdW5pdENvZGUgID0gJ0IzMiciPg0KCQkJCQkJCQkJPHNwYW4+DQoJCQkJCQkJCQkJPHhzbDp0ZXh0PktHLU1FVFJFIGthcmU8L3hzbDp0ZXh0Pg0KCQkJCQkJCQkJPC9zcGFuPg0KCQkJCQkJCQk8L3hzbDp3aGVuPg0KCQkJCQkJCQk8eHNsOndoZW4gdGVzdD0iQHVuaXRDb2RlICA9ICdCQVMnIj4NCgkJCQkJCQkJCTxzcGFuPg0KCQkJCQkJCQkJCTx4c2w6dGV4dD5CYXM8L3hzbDp0ZXh0Pg0KCQkJCQkJCQkJPC9zcGFuPg0KCQkJCQkJCQk8L3hzbDp3aGVuPg0KCQkJCQkJCQk8eHNsOndoZW4gdGVzdD0iQHVuaXRDb2RlICA9ICdDQ1QnIj4NCgkJCQkJCQkJCTxzcGFuPg0KCQkJCQkJCQkJCTx4c2w6dGV4dD5Ub24gYmHFn8SxIHRhxZ/EsW1hPC94c2w6dGV4dD4NCgkJCQkJCQkJCTwvc3Bhbj4NCgkJCQkJCQkJPC94c2w6d2hlbj4NCgkJCQkJCQkJPHhzbDp3aGVuIHRlc3Q9IkB1bml0Q29kZSAgPSAnRDMwJyI+DQoJCQkJCQkJCQk8c3Bhbj4NCgkJCQkJCQkJCQk8eHNsOnRleHQ+QnLDvHQgS2Fsb3JpIGRlxJ9lcmk8L3hzbDp0ZXh0Pg0KCQkJCQkJCQkJPC9zcGFuPg0KCQkJCQkJCQk8L3hzbDp3aGVuPg0KCQkJCQkJCQk8eHNsOndoZW4gdGVzdD0iQHVuaXRDb2RlICA9ICdENDAnIj4NCgkJCQkJCQkJCTxzcGFuPg0KCQkJCQkJCQkJCTx4c2w6dGV4dD5CaW4gTGl0cmU8L3hzbDp0ZXh0Pg0KCQkJCQkJCQkJPC9zcGFuPg0KCQkJCQkJCQk8L3hzbDp3aGVuPg0KCQkJCQkJCQk8eHNsOndoZW4gdGVzdD0iQHVuaXRDb2RlICA9ICdDRU4nIj4NCgkJCQkJCQkJCTxzcGFuPg0KCQkJCQkJCQkJCTx4c2w6dGV4dD5Zw7x6IGFkZXQ8L3hzbDp0ZXh0Pg0KCQkJCQkJCQkJPC9zcGFuPg0KCQkJCQkJCQk8L3hzbDp3aGVuPg0KCQkJCQkJCQk8eHNsOndoZW4gdGVzdD0iQHVuaXRDb2RlICA9ICdUMyciPg0KCQkJCQkJCQkJPHNwYW4+DQoJCQkJCQkJCQkJPHhzbDp0ZXh0PkJpbiBhZGV0PC94c2w6dGV4dD4NCgkJCQkJCQkJCTwvc3Bhbj4NCgkJCQkJCQkJPC94c2w6d2hlbj4NCgkJCQkJCQkJPHhzbDp3aGVuIHRlc3Q9IkB1bml0Q29kZSAgPSAnT1RCJyI+DQoJCQkJCQkJCQk8c3Bhbj4NCgkJCQkJCQkJCQk8eHNsOnRleHQ+T1RWIGJpcmltIGZpeWF0xLE8L3hzbDp0ZXh0Pg0KCQkJCQkJCQkJPC9zcGFuPg0KCQkJCQkJCQk8L3hzbDp3aGVuPg0KCQkJCQkJCQk8eHNsOndoZW4gdGVzdD0iQHVuaXRDb2RlICA9ICdPTVYnIj4NCgkJCQkJCQkJCTxzcGFuPg0KCQkJCQkJCQkJCTx4c2w6dGV4dD5PVFYgTWFrdHUgVmVyZ2k8L3hzbDp0ZXh0Pg0KCQkJCQkJCQkJPC9zcGFuPg0KCQkJCQkJCQk8L3hzbDp3aGVuPg0KCQkJCQkJCQk8eHNsOndoZW4gdGVzdD0iQHVuaXRDb2RlICA9ICdEOTcnIj4NCgkJCQkJCQkJCTxzcGFuPg0KCQkJCQkJCQkJCTx4c2w6dGV4dD5QYWxldDwveHNsOnRleHQ+DQoJCQkJCQkJCQk8L3NwYW4+DQoJCQkJCQkJCTwveHNsOndoZW4+DQoJCQkJCQkJCTx4c2w6d2hlbiB0ZXN0PSJAdW5pdENvZGUgID0gJ01MVCciPg0KCQkJCQkJCQkJPHNwYW4+DQoJCQkJCQkJCQkJPHhzbDp0ZXh0Pk1pbGlsaXRyZTwveHNsOnRleHQ+DQoJCQkJCQkJCQk8L3NwYW4+DQoJCQkJCQkJCTwveHNsOndoZW4+DQoJCQkJCQkJCTx4c2w6d2hlbiB0ZXN0PSJAdW5pdENvZGUgID0gJ01HTSciPg0KCQkJCQkJCQkJPHNwYW4+DQoJCQkJCQkJCQkJPHhzbDp0ZXh0Pk1pbGlncmFtPC94c2w6dGV4dD4NCgkJCQkJCQkJCTwvc3Bhbj4NCgkJCQkJCQkJPC94c2w6d2hlbj4NCgkJCQkJCQkJPHhzbDp3aGVuIHRlc3Q9IkB1bml0Q29kZSAgPSAnR1JNJyI+DQoJCQkJCQkJCQk8c3Bhbj4NCgkJCQkJCQkJCQk8eHNsOnRleHQ+R3JhbTwveHNsOnRleHQ+DQoJCQkJCQkJCQk8L3NwYW4+DQoJCQkJCQkJCTwveHNsOndoZW4+DQoJCQkJCQkJCTx4c2w6d2hlbiB0ZXN0PSJAdW5pdENvZGUgID0gJ0tHTSciPg0KCQkJCQkJCQkJPHNwYW4+DQoJCQkJCQkJCQkJPHhzbDp0ZXh0PktpbG9ncmFtPC94c2w6dGV4dD4NCgkJCQkJCQkJCTwvc3Bhbj4NCgkJCQkJCQkJPC94c2w6d2hlbj4NCgkJCQkJCQkJPHhzbDp3aGVuIHRlc3Q9IkB1bml0Q29kZSAgPSAnR0ZJJyI+DQoJCQkJCQkJCQk8c3Bhbj4NCgkJCQkJCQkJCQk8eHNsOnRleHQ+RsSxc3PEsWxlIMSwem90b3AgR3JhbcSxPC94c2w6dGV4dD4NCgkJCQkJCQkJCTwvc3Bhbj4NCgkJCQkJCQkJPC94c2w6d2hlbj4NCgkJCQkJCQkJPHhzbDp3aGVuIHRlc3Q9IkB1bml0Q29kZSAgPSAnS1VSJyI+DQoJCQkJCQkJCQk8c3Bhbj4NCgkJCQkJCQkJCQk8eHNsOnRleHQ+VXJhbnl1bSBLaWxvZ3JhbcSxPC94c2w6dGV4dD4NCgkJCQkJCQkJCTwvc3Bhbj4NCgkJCQkJCQkJPC94c2w6d2hlbj4NCgkJCQkJCQkJPHhzbDp3aGVuIHRlc3Q9IkB1bml0Q29kZSAgPSAnS1NIJyI+DQoJCQkJCQkJCQk8c3Bhbj4NCgkJCQkJCQkJCQk8eHNsOnRleHQ+U29keXVtIEhpZHJva3NpdCBLaWxvZ3JhbcSxPC94c2w6dGV4dD4NCgkJCQkJCQkJCTwvc3Bhbj4NCgkJCQkJCQkJPC94c2w6d2hlbj4NCgkJCQkJCQkJPHhzbDp3aGVuIHRlc3Q9IkB1bml0Q29kZSAgPSAnS1NEJyI+DQoJCQkJCQkJCQk8c3Bhbj4NCgkJCQkJCQkJCQk8eHNsOnRleHQ+JTkwIEt1cnUgw5xyw7xuIEtpbG9ncmFtxLE8L3hzbDp0ZXh0Pg0KCQkJCQkJCQkJPC9zcGFuPg0KCQkJCQkJCQk8L3hzbDp3aGVuPg0KCQkJCQkJCQk8eHNsOndoZW4gdGVzdD0iQHVuaXRDb2RlICA9ICdLUFInIj4NCgkJCQkJCQkJCTxzcGFuPg0KCQkJCQkJCQkJCTx4c2w6dGV4dD5LaWxvZ3JhbS3Dh2lmdDwveHNsOnRleHQ+DQoJCQkJCQkJCQk8L3NwYW4+DQoJCQkJCQkJCTwveHNsOndoZW4+DQoJCQkJCQkJCTx4c2w6d2hlbiB0ZXN0PSJAdW5pdENvZGUgID0gJ0tQSCciPg0KCQkJCQkJCQkJPHNwYW4+DQoJCQkJCQkJCQkJPHhzbDp0ZXh0PktnIFBvdGFzeXVtIE9rc2lkPC94c2w6dGV4dD4NCgkJCQkJCQkJCTwvc3Bhbj4NCgkJCQkJCQkJPC94c2w6d2hlbj4NCgkJCQkJCQkJPHhzbDp3aGVuIHRlc3Q9IkB1bml0Q29kZSAgPSAnS0ZPJyI+DQoJCQkJCQkJCQk8c3Bhbj4NCgkJCQkJCQkJCQk8eHNsOnRleHQ+RGlmb3Nmb3IgUGVudGFva3NpdCBLaWxvZ3JhbcSxPC94c2w6dGV4dD4NCgkJCQkJCQkJCTwvc3Bhbj4NCgkJCQkJCQkJPC94c2w6d2hlbj4NCgkJCQkJCQkJPHhzbDp3aGVuIHRlc3Q9IkB1bml0Q29kZSAgPSAnSzYyJyI+DQoJCQkJCQkJCQk8c3Bhbj4NCgkJCQkJCQkJCQk8eHNsOnRleHQ+S2lsb2dyYW0tQWRldDwveHNsOnRleHQ+DQoJCQkJCQkJCQk8L3NwYW4+DQoJCQkJCQkJCTwveHNsOndoZW4+DQoJCQkJCQkJCTx4c2w6d2hlbiB0ZXN0PSJAdW5pdENvZGUgID0gJ0s1OCciPg0KCQkJCQkJCQkJPHNwYW4+DQoJCQkJCQkJCQkJPHhzbDp0ZXh0Pkt1cnV0dWxtdcWfIE5ldCBBxJ/EsXJsxLFrbMSxIEtpbG9ncmFtxLE8L3hzbDp0ZXh0Pg0KCQkJCQkJCQkJPC9zcGFuPg0KCQkJCQkJCQk8L3hzbDp3aGVuPg0KCQkJCQkJCQk8eHNsOndoZW4gdGVzdD0iQHVuaXRDb2RlICA9ICdLMjAnIj4NCgkJCQkJCQkJCTxzcGFuPg0KCQkJCQkJCQkJCTx4c2w6dGV4dD5LaWxvZ3JhbSBQb3Rhc3l1bSBPa3NpdDwveHNsOnRleHQ+DQoJCQkJCQkJCQk8L3NwYW4+DQoJCQkJCQkJCTwveHNsOndoZW4+DQoJCQkJCQkJCTx4c2w6d2hlbiB0ZXN0PSJAdW5pdENvZGUgID0gJ0xPJyI+DQoJCQkJCQkJCQk8c3Bhbj4NCgkJCQkJCQkJCQk8eHNsOnRleHQ+TG90PC94c2w6dGV4dD4NCgkJCQkJCQkJCTwvc3Bhbj4NCgkJCQkJCQkJPC94c2w6d2hlbj4NCgkJCQkJCQkJPHhzbDp3aGVuIHRlc3Q9IkB1bml0Q29kZSAgPSAnS01BJyI+DQoJCQkJCQkJCQk8c3Bhbj4NCgkJCQkJCQkJCQk8eHNsOnRleHQ+TUVUxLBMIEFNxLBOTEVSxLBOIEvEsExPR1JBTUk8L3hzbDp0ZXh0Pg0KCQkJCQkJCQkJPC9zcGFuPg0KCQkJCQkJCQk8L3hzbDp3aGVuPg0KCQkJCQkJCQk8eHNsOndoZW4gdGVzdD0iQHVuaXRDb2RlICA9ICdLTkknIj4NCgkJCQkJCQkJCTxzcGFuPg0KCQkJCQkJCQkJCTx4c2w6dGV4dD5BWk9UVU4gS8SwTE9HUkFNSTwveHNsOnRleHQ+DQoJCQkJCQkJCQk8L3NwYW4+DQoJCQkJCQkJCTwveHNsOndoZW4+DQoJCQkJCQkJCTx4c2w6d2hlbiB0ZXN0PSJAdW5pdENvZGUgID0gJ0QzMiciPg0KCQkJCQkJCQkJPHNwYW4+DQoJCQkJCQkJCQkJPHhzbDp0ZXh0PlRFUkFXQVRUIFNBQVQ8L3hzbDp0ZXh0Pg0KCQkJCQkJCQkJPC9zcGFuPg0KCQkJCQkJCQk8L3hzbDp3aGVuPg0KCQkJCQkJCQk8eHNsOndoZW4gdGVzdD0iQHVuaXRDb2RlICA9ICdHV0gnIj4NCgkJCQkJCQkJCTxzcGFuPg0KCQkJCQkJCQkJCTx4c2w6dGV4dD5NRUdBV0FUVCBTQUFUIDwveHNsOnRleHQ+DQoJCQkJCQkJCQk8L3NwYW4+DQoJCQkJCQkJCTwveHNsOndoZW4+DQoJCQkJCQkJCTx4c2w6d2hlbiB0ZXN0PSJAdW5pdENvZGUgID0gJ0tXVCciPg0KCQkJCQkJCQkJPHNwYW4+DQoJCQkJCQkJCQkJPHhzbDp0ZXh0PkvEsExPV0FUVCA8L3hzbDp0ZXh0Pg0KCQkJCQkJCQkJPC9zcGFuPg0KCQkJCQkJCQk8L3hzbDp3aGVuPg0KCQkJCQkJCQk8eHNsOndoZW4gdGVzdD0iQHVuaXRDb2RlICA9ICdETUsnIj4NCgkJCQkJCQkJCTxzcGFuPg0KCQkJCQkJCQkJCTx4c2w6dGV4dD5ERVPEsE1FVFJFIEtBUkU8L3hzbDp0ZXh0Pg0KCQkJCQkJCQkJPC9zcGFuPg0KCQkJCQkJCQk8L3hzbDp3aGVuPg0KCQkJCQkJCQk8eHNsOndoZW4gdGVzdD0iQHVuaXRDb2RlICA9ICdTTTMnIj4NCgkJCQkJCQkJCTxzcGFuPg0KCQkJCQkJCQkJCTx4c2w6dGV4dD5TVEFOREFSVCBNRVRSRUvDnFA8L3hzbDp0ZXh0Pg0KCQkJCQkJCQkJPC9zcGFuPg0KCQkJCQkJCQk8L3hzbDp3aGVuPg0KCQkJCQkJCTwveHNsOmNob29zZT4NCgkJCQkJCTwveHNsOmZvci1lYWNoPg0KCQkJCQk8L3hzbDppZj4NCgkJCQk8L3NwYW4+DQoJCQk8L3RkPg0KCQkJPHRkIGlkPSJsaW5lVGFibGVUZCIgYWxpZ249InJpZ2h0Ij4NCgkJCQk8c3Bhbj4NCgkJCQkJPHhzbDp0ZXh0PiYjMTYwOzwveHNsOnRleHQ+DQoJCQkJCTx4c2w6dmFsdWUtb2YNCgkJCQkJCXNlbGVjdD0iZm9ybWF0LW51bWJlciguL2NhYzpQcmljZS9jYmM6UHJpY2VBbW91bnQsICcjIyMuIyMwLCMjIyMjIyMjJywgJ2V1cm9wZWFuJykiLz4NCgkJCQkJPHhzbDppZiB0ZXN0PSIuL2NhYzpQcmljZS9jYmM6UHJpY2VBbW91bnQvQGN1cnJlbmN5SUQiPg0KCQkJCQkJPHhzbDp0ZXh0PiA8L3hzbDp0ZXh0Pg0KCQkJCQkJPHhzbDppZiB0ZXN0PSIuL2NhYzpQcmljZS9jYmM6UHJpY2VBbW91bnQvQGN1cnJlbmN5SUQgPSAmcXVvdDtUUkwmcXVvdDsgb3IgLi9jYWM6UHJpY2UvY2JjOlByaWNlQW1vdW50L0BjdXJyZW5jeUlEID0gJnF1b3Q7VFJZJnF1b3Q7Ij4NCgkJCQkJCQk8eHNsOnRleHQ+VEw8L3hzbDp0ZXh0Pg0KCQkJCQkJPC94c2w6aWY+DQoJCQkJCQk8eHNsOmlmIHRlc3Q9Ii4vY2FjOlByaWNlL2NiYzpQcmljZUFtb3VudC9AY3VycmVuY3lJRCAhPSAmcXVvdDtUUkwmcXVvdDsgYW5kIC4vY2FjOlByaWNlL2NiYzpQcmljZUFtb3VudC9AY3VycmVuY3lJRCAhPSAmcXVvdDtUUlkmcXVvdDsiPg0KCQkJCQkJCTx4c2w6dmFsdWUtb2Ygc2VsZWN0PSIuL2NhYzpQcmljZS9jYmM6UHJpY2VBbW91bnQvQGN1cnJlbmN5SUQiLz4NCgkJCQkJCTwveHNsOmlmPg0KCQkJCQk8L3hzbDppZj4NCgkJCQk8L3NwYW4+DQoJCQk8L3RkPg0KCQkJPHhzbDppZiB0ZXN0PSIvL24xOkludm9pY2UvY2FjOkludm9pY2VMaW5lL2NhYzpBbGxvd2FuY2VDaGFyZ2UvY2JjOk11bHRpcGxpZXJGYWN0b3JOdW1lcmljICZndDswIj4NCgkJCQk8eHNsOmlmIHRlc3QgPSAiJGlza29udG9Db3VudCAmZ3Q7IDIiPg0KCQkJCQk8dGQgaWQ9ImxpbmVUYWJsZVRkIiBhbGlnbj0icmlnaHQiICB3aWR0aD0iNzUiPg0KCQkJCQkJPHhzbDp0ZXh0PiYjMTYwOzwveHNsOnRleHQ+DQoJCQkJCQk8eHNsOmZvci1lYWNoIHNlbGVjdD0iLi9jYWM6QWxsb3dhbmNlQ2hhcmdlL2NiYzpNdWx0aXBsaWVyRmFjdG9yTnVtZXJpYyI+DQoJCQkJCQkJPHhzbDp2YXJpYWJsZSBuYW1lID0gInBvc2l0aW9uIiBzZWxlY3QgPSAicG9zaXRpb24oKSIvPg0KDQoNCgkJCQkJCQk8eHNsOnZhbHVlLW9mIHNlbGVjdD0gImZvcm1hdC1udW1iZXIoLiAqIDEwMCwgJyMjIy4jIzAsMDAnLCAnZXVyb3BlYW4nKSIvPg0KDQoJCQkJCQkJPHhzbDppZiB0ZXN0PSIkaXNrb250b0NvdW50ICZndDsgJHBvc2l0aW9uIj4NCgkJCQkJCQkJPHhzbDp0ZXh0PiArPC94c2w6dGV4dD4NCgkJCQkJCQk8L3hzbDppZj4NCg0KCQkJCQkJPC94c2w6Zm9yLWVhY2g+DQoNCgkJCQkJPC90ZD4NCgkJCQk8L3hzbDppZj4NCg0KCQkJCTx4c2w6aWYgdGVzdCA9ICIkaXNrb250b0NvdW50ICZsdDsgMiI+DQoJCQkJCTx0ZCBpZD0ibGluZVRhYmxlVGQiIGFsaWduPSJyaWdodCI+DQoJCQkJCQk8eHNsOnRleHQ+JiMxNjA7PC94c2w6dGV4dD4NCgkJCQkJCTx4c2w6Zm9yLWVhY2ggc2VsZWN0PSIuL2NhYzpBbGxvd2FuY2VDaGFyZ2UvY2JjOk11bHRpcGxpZXJGYWN0b3JOdW1lcmljIj4NCgkJCQkJCQk8eHNsOnZhcmlhYmxlIG5hbWUgPSAicG9zaXRpb24iIHNlbGVjdCA9ICJwb3NpdGlvbigpIi8+DQoNCg0KCQkJCQkJCTx4c2w6dmFsdWUtb2Ygc2VsZWN0PSAiZm9ybWF0LW51bWJlciguICogMTAwLCAnIyMjLiMjMCwwMCcsICdldXJvcGVhbicpIi8+DQoNCgkJCQkJCQk8eHNsOmlmIHRlc3Q9IiRpc2tvbnRvQ291bnQgJmd0OyAkcG9zaXRpb24iPg0KCQkJCQkJCQk8eHNsOnRleHQ+ICs8L3hzbDp0ZXh0Pg0KCQkJCQkJCTwveHNsOmlmPg0KDQoJCQkJCQk8L3hzbDpmb3ItZWFjaD4NCg0KCQkJCQk8L3RkPg0KCQkJCTwveHNsOmlmPg0KDQoJCQkJPHhzbDppZiB0ZXN0ID0gIiRpc2tvbnRvQ291bnQgPSAyIj4NCgkJCQkJPHRkIGlkPSJsaW5lVGFibGVUZCIgYWxpZ249InJpZ2h0IiAgd2lkdGg9IjEwMCI+DQoJCQkJCQk8eHNsOnRleHQ+JiMxNjA7PC94c2w6dGV4dD4NCgkJCQkJCTx4c2w6Zm9yLWVhY2ggc2VsZWN0PSIuL2NhYzpBbGxvd2FuY2VDaGFyZ2UvY2JjOk11bHRpcGxpZXJGYWN0b3JOdW1lcmljIj4NCgkJCQkJCQk8eHNsOnZhcmlhYmxlIG5hbWUgPSAicG9zaXRpb24iIHNlbGVjdCA9ICJwb3NpdGlvbigpIi8+DQoNCg0KCQkJCQkJCTx4c2w6dmFsdWUtb2Ygc2VsZWN0PSAiZm9ybWF0LW51bWJlciguICogMTAwLCAnIyMjLiMjMCwwMCcsICdldXJvcGVhbicpIi8+DQoNCgkJCQkJCQk8eHNsOmlmIHRlc3Q9IiRpc2tvbnRvQ291bnQgJmd0OyAkcG9zaXRpb24iPg0KCQkJCQkJCQk8eHNsOnRleHQ+ICs8L3hzbDp0ZXh0Pg0KCQkJCQkJCTwveHNsOmlmPg0KDQoJCQkJCQk8L3hzbDpmb3ItZWFjaD4NCg0KCQkJCQk8L3RkPg0KCQkJCTwveHNsOmlmPg0KCQkJPC94c2w6aWY+DQoJCQk8eHNsOmlmIHRlc3Q9Ii8vbjE6SW52b2ljZS9jYWM6SW52b2ljZUxpbmUvY2FjOkFsbG93YW5jZUNoYXJnZS9jYmM6QW1vdW50ICZndDswIj4NCgkJCQk8dGQgYWxpZ249InJpZ2h0Ij4NCgkJCQkJPHhzbDpmb3ItZWFjaCBzZWxlY3Q9Ii4vY2FjOkFsbG93YW5jZUNoYXJnZSI+DQoJCQkJCQk8eHNsOmlmIHRlc3Q9Ii4iPg0KCQkJCQkJCTx4c2w6dmFsdWUtb2Ygc2VsZWN0PSJmb3JtYXQtbnVtYmVyKC4vY2JjOkFtb3VudCwgJyMjIy4jIzAsMDAnLCAnZXVyb3BlYW4nKSIvPg0KCQkJCQkJPC94c2w6aWY+DQoJCQkJCQk8eHNsOmlmIHRlc3Q9Ii4vY2JjOkFtb3VudC9AY3VycmVuY3lJRCI+DQoJCQkJCQkJPHhzbDppZiB0ZXN0PSIuL2NiYzpBbW91bnQvQGN1cnJlbmN5SUQgPSAnVFJZJyI+DQoJCQkJCQkJCTx4c2w6dGV4dD7CoFRMPC94c2w6dGV4dD4NCgkJCQkJCQk8L3hzbDppZj4NCgkJCQkJCQk8eHNsOmlmIHRlc3Q9Ii4vY2JjOkFtb3VudC9AY3VycmVuY3lJRCAhPSAnVFJZJyI+DQoJCQkJCQkJCTx4c2w6dmFsdWUtb2Ygc2VsZWN0PSIuL2NiYzpBbW91bnQvQGN1cnJlbmN5SUQiLz4NCgkJCQkJCQk8L3hzbDppZj4NCgkJCQkJCTwveHNsOmlmPg0KCQkJCQkJPHhzbDp2YXJpYWJsZSBuYW1lID0gInBvc2l0aW9uIiBzZWxlY3QgPSAicG9zaXRpb24oKSIvPg0KCQkJCQkJPHhzbDppZiB0ZXN0PSIkaXNrb250b0NvdW50ICZndDsgJHBvc2l0aW9uIj4NCgkJCQkJCQk8eHNsOnRleHQ+ICs8L3hzbDp0ZXh0Pg0KCQkJCQkJPC94c2w6aWY+DQoNCgkJCQkJPC94c2w6Zm9yLWVhY2g+DQoJCQkJPC90ZD4NCg0KDQoNCgkJCTwveHNsOmlmPg0KDQoJCQk8dGQgaWQ9ImxpbmVUYWJsZVRkIiBhbGlnbj0icmlnaHQiPg0KCQkJCTxzcGFuPg0KCQkJCQk8eHNsOnRleHQ+JiMxNjA7PC94c2w6dGV4dD4NCgkJCQkJPHhzbDpmb3ItZWFjaCBzZWxlY3Q9Ii4vY2FjOlRheFRvdGFsL2NhYzpUYXhTdWJ0b3RhbC9jYWM6VGF4Q2F0ZWdvcnkvY2FjOlRheFNjaGVtZSI+DQoJCQkJCQk8eHNsOmlmIHRlc3Q9ImNiYzpUYXhUeXBlQ29kZT0nMDAxNScgIj4NCgkJCQkJCQk8eHNsOnRleHQ+DQoJCQkJCQkJPC94c2w6dGV4dD4NCgkJCQkJCQk8eHNsOmlmIHRlc3Q9Ii4uLy4uL2NiYzpQZXJjZW50Ij4NCgkJCQkJCQkJPHhzbDp0ZXh0PiAlPC94c2w6dGV4dD4NCgkJCQkJCQkJPHhzbDp2YWx1ZS1vZiBzZWxlY3Q9ImZvcm1hdC1udW1iZXIoLi4vLi4vY2JjOlBlcmNlbnQsICcjIyMuIyMwLDAwJywgJ2V1cm9wZWFuJykiIC8+DQoJCQkJCQkJPC94c2w6aWY+DQoJCQkJCQk8L3hzbDppZj4NCgkJCQkJPC94c2w6Zm9yLWVhY2g+DQoJCQkJPC9zcGFuPg0KCQkJPC90ZD4NCgkJCTx0ZCBpZD0ibGluZVRhYmxlVGQiIGFsaWduPSJyaWdodCI+DQoJCQkJPHNwYW4+DQoJCQkJCTx4c2w6dGV4dD4mIzE2MDs8L3hzbDp0ZXh0Pg0KCQkJCQk8eHNsOmZvci1lYWNoIHNlbGVjdD0iLi9jYWM6VGF4VG90YWwvY2FjOlRheFN1YnRvdGFsL2NhYzpUYXhDYXRlZ29yeS9jYWM6VGF4U2NoZW1lIj4NCgkJCQkJCTx4c2w6aWYgdGVzdD0iY2JjOlRheFR5cGVDb2RlPScwMDE1JyAiPg0KCQkJCQkJCTx4c2w6dGV4dD4NCgkJCQkJCQk8L3hzbDp0ZXh0Pg0KCQkJCQkJCTx4c2w6dmFsdWUtb2Ygc2VsZWN0PSJmb3JtYXQtbnVtYmVyKC4uLy4uL2NiYzpUYXhBbW91bnQsICcjIyMuIyMwLDAwJywgJ2V1cm9wZWFuJykiIC8+DQoJCQkJCQkJPHhzbDppZiB0ZXN0PSIuLi8uLi9jYmM6VGF4QW1vdW50L0BjdXJyZW5jeUlEIj4NCgkJCQkJCQkJPHhzbDp0ZXh0Pg0KCQkJCQkJCQk8L3hzbDp0ZXh0Pg0KCQkJCQkJCQk8eHNsOmlmIHRlc3Q9Ii4uLy4uL2NiYzpUYXhBbW91bnQvQGN1cnJlbmN5SUQgPSAnVFJZJyI+DQoJCQkJCQkJCQk8eHNsOnRleHQ+VEw8L3hzbDp0ZXh0Pg0KCQkJCQkJCQk8L3hzbDppZj4NCgkJCQkJCQkJPHhzbDppZiB0ZXN0PSIuLi8uLi9jYmM6VGF4QW1vdW50L0BjdXJyZW5jeUlEICE9ICdUUlknIj4NCgkJCQkJCQkJCTx4c2w6dmFsdWUtb2Ygc2VsZWN0PSIuLi8uLi9jYmM6VGF4QW1vdW50L0BjdXJyZW5jeUlEIiAvPg0KCQkJCQkJCQk8L3hzbDppZj4NCgkJCQkJCQk8L3hzbDppZj4NCgkJCQkJCTwveHNsOmlmPg0KCQkJCQk8L3hzbDpmb3ItZWFjaD4NCgkJCQk8L3NwYW4+DQoJCQk8L3RkPg0KCQkJPHhzbDppZiB0ZXN0PSIvL24xOkludm9pY2UvY2FjOkludm9pY2VMaW5lL2NhYzpXaXRoaG9sZGluZ1RheFRvdGFsL2NhYzpUYXhTdWJ0b3RhbC9jYWM6VGF4Q2F0ZWdvcnkvY2FjOlRheFNjaGVtZS9jYmM6VGF4VHlwZUNvZGUhPScwMDE1JyI+DQoJCQkJPHRkIGlkPSJsaW5lVGFibGVUZCIgc3R5bGU9ImZvbnQtc2l6ZTogeHgtc21hbGwiIGFsaWduPSJyaWdodCI+DQoJCQkJCTxzcGFuPg0KCQkJCQkJPHhzbDp0ZXh0PiYjMTYwOzwveHNsOnRleHQ+DQoJCQkJCQk8eHNsOmZvci1lYWNoIHNlbGVjdD0iLi9jYWM6VGF4VG90YWwvY2FjOlRheFN1YnRvdGFsL2NhYzpUYXhDYXRlZ29yeS9jYWM6VGF4U2NoZW1lIj4NCgkJCQkJCQk8eHNsOmlmIHRlc3Q9ImNiYzpUYXhUeXBlQ29kZSE9JzAwMTUnICI+DQoJCQkJCQkJCTx4c2w6dGV4dD4NCgkJCQkJCQkJPC94c2w6dGV4dD4NCgkJCQkJCQkJPHhzbDp2YWx1ZS1vZiBzZWxlY3Q9ImNiYzpOYW1lIiAvPg0KCQkJCQkJCQk8eHNsOmlmIHRlc3Q9Ii4uLy4uL2NiYzpQZXJjZW50Ij4NCgkJCQkJCQkJCTx4c2w6dGV4dD4gKCU8L3hzbDp0ZXh0Pg0KCQkJCQkJCQkJPHhzbDp2YWx1ZS1vZiBzZWxlY3Q9ImZvcm1hdC1udW1iZXIoLi4vLi4vY2JjOlBlcmNlbnQsICcjIyMuIyMwLDAwJywgJ2V1cm9wZWFuJykiIC8+DQoJCQkJCQkJCQk8eHNsOnRleHQ+KT08L3hzbDp0ZXh0Pg0KCQkJCQkJCQk8L3hzbDppZj4NCgkJCQkJCQkJPHhzbDp2YWx1ZS1vZiBzZWxlY3Q9ImZvcm1hdC1udW1iZXIoLi4vLi4vY2JjOlRheEFtb3VudCwgJyMjIy4jIzAsMDAnLCAnZXVyb3BlYW4nKSIgLz4NCgkJCQkJCQkJPHhzbDppZiB0ZXN0PSIuLi8uLi9jYmM6VGF4QW1vdW50L0BjdXJyZW5jeUlEIj4NCgkJCQkJCQkJCTx4c2w6dGV4dD4NCgkJCQkJCQkJCTwveHNsOnRleHQ+DQoJCQkJCQkJCQk8eHNsOmlmIHRlc3Q9Ii4uLy4uL2NiYzpUYXhBbW91bnQvQGN1cnJlbmN5SUQgPSAnVFJZJyI+DQoJCQkJCQkJCQkJPHhzbDp0ZXh0PlRMPC94c2w6dGV4dD4NCgkJCQkJCQkJCTwveHNsOmlmPg0KCQkJCQkJCQkJPHhzbDppZiB0ZXN0PSIuLi8uLi9jYmM6VGF4QW1vdW50L0BjdXJyZW5jeUlEICE9ICdUUlknIj4NCgkJCQkJCQkJCQk8eHNsOnZhbHVlLW9mIHNlbGVjdD0iLi4vLi4vY2JjOlRheEFtb3VudC9AY3VycmVuY3lJRCIgLz4NCgkJCQkJCQkJCTwveHNsOmlmPg0KCQkJCQkJCQk8L3hzbDppZj4NCgkJCQkJCQk8L3hzbDppZj4NCgkJCQkJCTwveHNsOmZvci1lYWNoPg0KCQkJCQkJPHhzbDpmb3ItZWFjaA0KCQkJCQkJc2VsZWN0PSIuL2NhYzpXaXRoaG9sZGluZ1RheFRvdGFsL2NhYzpUYXhTdWJ0b3RhbC9jYWM6VGF4Q2F0ZWdvcnkvY2FjOlRheFNjaGVtZSI+DQoJCQkJCQkJPHhzbDp0ZXh0PktEViBURVZLxLBGQVQgPC94c2w6dGV4dD4NCgkJCQkJCQk8eHNsOmlmIHRlc3Q9Ii4uLy4uL2NiYzpQZXJjZW50Ij4NCgkJCQkJCQkJPHhzbDp0ZXh0PiAoJTwveHNsOnRleHQ+DQoJCQkJCQkJCTx4c2w6dmFsdWUtb2YNCgkJCQkJCQkJCXNlbGVjdD0iZm9ybWF0LW51bWJlciguLi8uLi9jYmM6UGVyY2VudCwgJyMjIy4jIzAsMDAnLCAnZXVyb3BlYW4nKSIvPg0KCQkJCQkJCQk8eHNsOnRleHQ+KT08L3hzbDp0ZXh0Pg0KCQkJCQkJCTwveHNsOmlmPg0KCQkJCQkJCTx4c2w6dmFsdWUtb2YNCgkJCQkJCQkJc2VsZWN0PSJmb3JtYXQtbnVtYmVyKC4uLy4uL2NiYzpUYXhBbW91bnQsICcjIyMuIyMwLDAwJywgJ2V1cm9wZWFuJykiLz4NCgkJCQkJCQk8eHNsOmlmIHRlc3Q9Ii4uLy4uL2NiYzpUYXhBbW91bnQvQGN1cnJlbmN5SUQiPg0KCQkJCQkJCQk8eHNsOnRleHQ+IDwveHNsOnRleHQ+DQoJCQkJCQkJCTx4c2w6aWYgdGVzdD0iLi4vLi4vY2JjOlRheEFtb3VudC9AY3VycmVuY3lJRCA9ICdUUkwnIG9yIC4uLy4uL2NiYzpUYXhBbW91bnQvQGN1cnJlbmN5SUQgPSAnVFJZJyI+DQoJCQkJCQkJCQk8eHNsOnRleHQ+VEw8L3hzbDp0ZXh0Pg0KCQkJCQkJCQkJPHhzbDp0ZXh0PiYjMTA7PC94c2w6dGV4dD4NCgkJCQkJCQkJPC94c2w6aWY+DQoJCQkJCQkJCTx4c2w6aWYgdGVzdD0iLi4vLi4vY2JjOlRheEFtb3VudC9AY3VycmVuY3lJRCAhPSAnVFJMJyBhbmQgLi4vLi4vY2JjOlRheEFtb3VudC9AY3VycmVuY3lJRCAhPSAnVFJZJyI+DQoJCQkJCQkJCQk8eHNsOnZhbHVlLW9mIHNlbGVjdD0iLi4vLi4vY2JjOlRheEFtb3VudC9AY3VycmVuY3lJRCIvPg0KCQkJCQkJCQkJPHhzbDp0ZXh0PiYjMTA7PC94c2w6dGV4dD4NCgkJCQkJCQkJPC94c2w6aWY+DQoJCQkJCQkJPC94c2w6aWY+DQoJCQkJCQk8L3hzbDpmb3ItZWFjaD4NCgkJCQkJPC9zcGFuPg0KCQkJCTwvdGQ+DQoJCQk8L3hzbDppZj4NCgkJCTx0ZCBpZD0ibGluZVRhYmxlVGQiIGFsaWduPSJyaWdodCI+DQoJCQkJPHNwYW4+DQoJCQkJCTx4c2w6dGV4dD4mIzE2MDs8L3hzbDp0ZXh0Pg0KCQkJCQk8eHNsOnZhbHVlLW9mIHNlbGVjdD0iZm9ybWF0LW51bWJlciguL2NiYzpMaW5lRXh0ZW5zaW9uQW1vdW50LCAnIyMjLiMjMCwwMCcsICdldXJvcGVhbicpIiAvPg0KCQkJCQk8eHNsOmlmIHRlc3Q9Ii4vY2JjOkxpbmVFeHRlbnNpb25BbW91bnQvQGN1cnJlbmN5SUQiPg0KCQkJCQkJPHhzbDp0ZXh0Pg0KCQkJCQkJPC94c2w6dGV4dD4NCgkJCQkJCTx4c2w6aWYgdGVzdD0iLi9jYmM6TGluZUV4dGVuc2lvbkFtb3VudC9AY3VycmVuY3lJRCA9ICdUUlknICI+DQoJCQkJCQkJPHhzbDp0ZXh0PlRMPC94c2w6dGV4dD4NCgkJCQkJCTwveHNsOmlmPg0KCQkJCQkJPHhzbDppZiB0ZXN0PSIuL2NiYzpMaW5lRXh0ZW5zaW9uQW1vdW50L0BjdXJyZW5jeUlEICE9ICdUUlknICI+DQoJCQkJCQkJPHhzbDp2YWx1ZS1vZiBzZWxlY3Q9Ii4vY2JjOkxpbmVFeHRlbnNpb25BbW91bnQvQGN1cnJlbmN5SUQiIC8+DQoJCQkJCQk8L3hzbDppZj4NCgkJCQkJPC94c2w6aWY+DQoJCQkJPC9zcGFuPg0KCQkJPC90ZD4NCgkJCTx4c2w6aWYgdGVzdD0iLy9uMTpJbnZvaWNlL2NiYzpQcm9maWxlSUQ9J0lIUkFDQVQnIj4NCgkJCQk8dGQgY2xhc3M9ImxpbmVUYWJsZVRkIiBhbGlnbj0icmlnaHQiPg0KCQkJCQk8eHNsOnRleHQ+JiMxNjA7PC94c2w6dGV4dD4NCgkJCQkJPHhzbDpmb3ItZWFjaCBzZWxlY3Q9ImNhYzpEZWxpdmVyeS9jYWM6RGVsaXZlcnlUZXJtcy9jYmM6SURbQHNjaGVtZUlEPSdJTkNPVEVSTVMnXSI+DQoJCQkJCQk8eHNsOnRleHQ+JiMxNjA7PC94c2w6dGV4dD4NCgkJCQkJCTx4c2w6YXBwbHktdGVtcGxhdGVzLz4NCgkJCQkJPC94c2w6Zm9yLWVhY2g+DQoJCQkJPC90ZD4NCgkJCQk8dGQgY2xhc3M9ImxpbmVUYWJsZVRkIiBhbGlnbj0icmlnaHQiPg0KCQkJCQk8eHNsOnRleHQ+JiMxNjA7PC94c2w6dGV4dD4NCgkJCQkJPHhzbDpmb3ItZWFjaCBzZWxlY3Q9ImNhYzpEZWxpdmVyeS9jYWM6U2hpcG1lbnQvY2FjOlRyYW5zcG9ydEhhbmRsaW5nVW5pdC9jYWM6QWN0dWFsUGFja2FnZS9jYmM6UGFja2FnaW5nVHlwZUNvZGUiPg0KCQkJCQkJPHhzbDp0ZXh0PiYjMTYwOzwveHNsOnRleHQ+DQoJCQkJCQk8eHNsOmNhbGwtdGVtcGxhdGUgbmFtZT0iUGFja2FnaW5nIj4NCgkJCQkJCQk8eHNsOndpdGgtcGFyYW0gbmFtZT0iUGFja2FnaW5nVHlwZSI+DQoJCQkJCQkJCTx4c2w6dmFsdWUtb2Ygc2VsZWN0PSIuIi8+DQoJCQkJCQkJPC94c2w6d2l0aC1wYXJhbT4NCgkJCQkJCTwveHNsOmNhbGwtdGVtcGxhdGU+DQoJCQkJCTwveHNsOmZvci1lYWNoPg0KCQkJCTwvdGQ+DQoJCQkJPHRkIGNsYXNzPSJsaW5lVGFibGVUZCIgYWxpZ249InJpZ2h0Ij4NCgkJCQkJPHhzbDp0ZXh0PiYjMTYwOzwveHNsOnRleHQ+DQoJCQkJCTx4c2w6Zm9yLWVhY2ggc2VsZWN0PSJjYWM6RGVsaXZlcnkvY2FjOlNoaXBtZW50L2NhYzpUcmFuc3BvcnRIYW5kbGluZ1VuaXQvY2FjOkFjdHVhbFBhY2thZ2UvY2JjOklEIj4NCgkJCQkJCTx4c2w6dGV4dD4mIzE2MDs8L3hzbDp0ZXh0Pg0KCQkJCQkJPHhzbDphcHBseS10ZW1wbGF0ZXMvPg0KCQkJCQk8L3hzbDpmb3ItZWFjaD4NCgkJCQk8L3RkPg0KCQkJCTx0ZCBjbGFzcz0ibGluZVRhYmxlVGQiIGFsaWduPSJyaWdodCI+DQoJCQkJCTx4c2w6dGV4dD4mIzE2MDs8L3hzbDp0ZXh0Pg0KCQkJCQk8eHNsOmZvci1lYWNoIHNlbGVjdD0iY2FjOkRlbGl2ZXJ5L2NhYzpTaGlwbWVudC9jYWM6VHJhbnNwb3J0SGFuZGxpbmdVbml0L2NhYzpBY3R1YWxQYWNrYWdlL2NiYzpRdWFudGl0eSI+DQoJCQkJCQk8eHNsOnRleHQ+JiMxNjA7PC94c2w6dGV4dD4NCgkJCQkJCTx4c2w6YXBwbHktdGVtcGxhdGVzLz4NCgkJCQkJPC94c2w6Zm9yLWVhY2g+DQoJCQkJPC90ZD4NCgkJCQk8dGQgY2xhc3M9ImxpbmVUYWJsZVRkIiBhbGlnbj0icmlnaHQiPg0KCQkJCQk8eHNsOnRleHQ+JiMxNjA7PC94c2w6dGV4dD4NCgkJCQkJPHhzbDpmb3ItZWFjaCBzZWxlY3Q9ImNhYzpEZWxpdmVyeS9jYWM6RGVsaXZlcnlBZGRyZXNzIj4NCgkJCQkJCTx4c2w6dGV4dD4mIzE2MDs8L3hzbDp0ZXh0Pg0KCQkJCQkJPHhzbDphcHBseS10ZW1wbGF0ZXMvPg0KCQkJCQk8L3hzbDpmb3ItZWFjaD4NCgkJCQk8L3RkPg0KCQkJCTx0ZCBjbGFzcz0ibGluZVRhYmxlVGQiIGFsaWduPSJyaWdodCI+DQoJCQkJCTx4c2w6dGV4dD4mIzE2MDs8L3hzbDp0ZXh0Pg0KCQkJCQk8eHNsOmZvci1lYWNoIHNlbGVjdD0iY2FjOkRlbGl2ZXJ5L2NhYzpTaGlwbWVudC9jYWM6U2hpcG1lbnRTdGFnZS9jYmM6VHJhbnNwb3J0TW9kZUNvZGUiPg0KCQkJCQkJPHhzbDp0ZXh0PiYjMTYwOzwveHNsOnRleHQ+DQoJCQkJCQk8eHNsOmNhbGwtdGVtcGxhdGUgbmFtZT0iVHJhbnNwb3J0TW9kZSI+DQoJCQkJCQkJPHhzbDp3aXRoLXBhcmFtIG5hbWU9IlRyYW5zcG9ydE1vZGVUeXBlIj4NCgkJCQkJCQkJPHhzbDp2YWx1ZS1vZiBzZWxlY3Q9Ii4iLz4NCgkJCQkJCQk8L3hzbDp3aXRoLXBhcmFtPg0KCQkJCQkJPC94c2w6Y2FsbC10ZW1wbGF0ZT4NCgkJCQkJPC94c2w6Zm9yLWVhY2g+DQoJCQkJPC90ZD4NCgkJCQk8dGQgY2xhc3M9ImxpbmVUYWJsZVRkIiBhbGlnbj0icmlnaHQiPg0KCQkJCQk8eHNsOnRleHQ+JiMxNjA7PC94c2w6dGV4dD4NCgkJCQkJPHhzbDpmb3ItZWFjaCBzZWxlY3Q9ImNhYzpEZWxpdmVyeS9jYWM6U2hpcG1lbnQvY2FjOkdvb2RzSXRlbS9jYmM6UmVxdWlyZWRDdXN0b21zSUQiPg0KCQkJCQkJPHhzbDp0ZXh0PiYjMTYwOzwveHNsOnRleHQ+DQoJCQkJCQk8eHNsOmFwcGx5LXRlbXBsYXRlcy8+DQoJCQkJCTwveHNsOmZvci1lYWNoPg0KCQkJCTwvdGQ+DQoJCQk8L3hzbDppZj4NCg0KCQk8L3RyPg0KCTwveHNsOnRlbXBsYXRlPg0KCTx4c2w6dGVtcGxhdGUgbWF0Y2g9Ii8vbjE6SW52b2ljZSI+DQoJCTx0ciBpZD0ibGluZVRhYmxlVHIiPg0KCQkJPHRkIGlkPSJsaW5lVGFibGVUZCI+DQoJCQkJPHNwYW4+DQoJCQkJCTx4c2w6dGV4dD4mIzE2MDs8L3hzbDp0ZXh0Pg0KCQkJCTwvc3Bhbj4NCgkJCTwvdGQ+DQoJCQk8eHNsOmlmIHRlc3Q9Ii8vbjE6SW52b2ljZS9jYWM6SW52b2ljZUxpbmUvY2FjOkl0ZW0vY2FjOlNlbGxlcnNJdGVtSWRlbnRpZmljYXRpb24iPg0KCQkJCTx0ZCBpZD0ibGluZVRhYmxlVGQiPg0KCQkJCQk8c3Bhbj4NCgkJCQkJCTx4c2w6dGV4dD4mIzE2MDs8L3hzbDp0ZXh0Pg0KCQkJCQk8L3NwYW4+DQoJCQkJPC90ZD4NCgkJCTwveHNsOmlmPg0KCQkJPHRkIGlkPSJsaW5lVGFibGVUZCI+DQoJCQkJPHNwYW4+DQoJCQkJCTx4c2w6dGV4dD4mIzE2MDs8L3hzbDp0ZXh0Pg0KCQkJCTwvc3Bhbj4NCgkJCTwvdGQ+DQoJCQk8dGQgaWQ9ImxpbmVUYWJsZVRkIiBhbGlnbj0icmlnaHQiPg0KCQkJCTxzcGFuPg0KCQkJCQk8eHNsOnRleHQ+JiMxNjA7PC94c2w6dGV4dD4NCgkJCQk8L3NwYW4+DQoJCQk8L3RkPg0KCQkJPHRkIGlkPSJsaW5lVGFibGVUZCIgYWxpZ249InJpZ2h0Ij4NCgkJCQk8c3Bhbj4NCgkJCQkJPHhzbDp0ZXh0PiYjMTYwOzwveHNsOnRleHQ+DQoJCQkJPC9zcGFuPg0KCQkJPC90ZD4NCgkJCTx4c2w6aWYgdGVzdD0iLy9uMTpJbnZvaWNlL2NhYzpJbnZvaWNlTGluZS9jYWM6QWxsb3dhbmNlQ2hhcmdlL2NiYzpNdWx0aXBsaWVyRmFjdG9yTnVtZXJpYyAmZ3Q7MCI+DQoJCQkJPHRkIGlkPSJsaW5lVGFibGVUZCIgYWxpZ249InJpZ2h0Ij4NCgkJCQkJPHNwYW4+DQoJCQkJCQk8eHNsOnRleHQ+JiMxNjA7PC94c2w6dGV4dD4NCgkJCQkJPC9zcGFuPg0KCQkJCTwvdGQ+DQoJCQk8L3hzbDppZj4NCgkJCTx4c2w6aWYgdGVzdD0iLy9uMTpJbnZvaWNlL2NhYzpJbnZvaWNlTGluZS9jYWM6QWxsb3dhbmNlQ2hhcmdlL2NiYzpBbW91bnQgJmd0OzAiPg0KCQkJCTx0ZCBpZD0ibGluZVRhYmxlVGQiIGFsaWduPSJyaWdodCI+DQoJCQkJCTxzcGFuPg0KCQkJCQkJPHhzbDp0ZXh0PiYjMTYwOzwveHNsOnRleHQ+DQoJCQkJCTwvc3Bhbj4NCgkJCQk8L3RkPg0KCQkJPC94c2w6aWY+DQoJCQk8dGQgaWQ9ImxpbmVUYWJsZVRkIiBhbGlnbj0icmlnaHQiPg0KCQkJCTxzcGFuPg0KCQkJCQk8eHNsOnRleHQ+JiMxNjA7PC94c2w6dGV4dD4NCgkJCQk8L3NwYW4+DQoJCQk8L3RkPg0KCQkJPHRkIGlkPSJsaW5lVGFibGVUZCIgYWxpZ249InJpZ2h0Ij4NCgkJCQk8c3Bhbj4NCgkJCQkJPHhzbDp0ZXh0PiYjMTYwOzwveHNsOnRleHQ+DQoJCQkJPC9zcGFuPg0KCQkJPC90ZD4NCgkJCTx4c2w6aWYgdGVzdD0iLy9uMTpJbnZvaWNlL2NhYzpJbnZvaWNlTGluZS9jYWM6V2l0aGhvbGRpbmdUYXhUb3RhbC9jYWM6VGF4U3VidG90YWwvY2FjOlRheENhdGVnb3J5L2NhYzpUYXhTY2hlbWUvY2JjOlRheFR5cGVDb2RlIT0nMDAxNSciPg0KCQkJCTx0ZCBpZD0ibGluZVRhYmxlVGQiIGFsaWduPSJyaWdodCI+DQoJCQkJCTxzcGFuPg0KCQkJCQkJPHhzbDp0ZXh0PiYjMTYwOzwveHNsOnRleHQ+DQoJCQkJCTwvc3Bhbj4NCgkJCQk8L3RkPg0KCQkJPC94c2w6aWY+DQoJCQk8dGQgaWQ9ImxpbmVUYWJsZVRkIiBhbGlnbj0icmlnaHQiPg0KCQkJCTxzcGFuPg0KCQkJCQk8eHNsOnRleHQ+JiMxNjA7PC94c2w6dGV4dD4NCgkJCQk8L3NwYW4+DQoJCQk8L3RkPg0KCQkJPHhzbDppZiB0ZXN0PSIvL24xOkludm9pY2UvY2JjOlByb2ZpbGVJRD0nSUhSQUNBVCciPg0KCQkJCTx0ZCBjbGFzcz0ibGluZVRhYmxlVGQiIGFsaWduPSJyaWdodCI+DQoJCQkJCTx4c2w6dGV4dD4mIzE2MDs8L3hzbDp0ZXh0Pg0KCQkJCTwvdGQ+DQoJCQkJPHRkIGNsYXNzPSJsaW5lVGFibGVUZCIgYWxpZ249InJpZ2h0Ij4NCgkJCQkJPHhzbDp0ZXh0PiYjMTYwOzwveHNsOnRleHQ+DQoJCQkJPC90ZD4NCgkJCQk8dGQgY2xhc3M9ImxpbmVUYWJsZVRkIiBhbGlnbj0icmlnaHQiPg0KCQkJCQk8eHNsOnRleHQ+JiMxNjA7PC94c2w6dGV4dD4NCgkJCQk8L3RkPg0KCQkJCTx0ZCBjbGFzcz0ibGluZVRhYmxlVGQiIGFsaWduPSJyaWdodCI+DQoJCQkJCTx4c2w6dGV4dD4mIzE2MDs8L3hzbDp0ZXh0Pg0KCQkJCTwvdGQ+DQoJCQkJPHRkIGNsYXNzPSJsaW5lVGFibGVUZCIgYWxpZ249InJpZ2h0Ij4NCgkJCQkJPHhzbDp0ZXh0PiYjMTYwOzwveHNsOnRleHQ+DQoJCQkJPC90ZD4NCgkJCQk8dGQgY2xhc3M9ImxpbmVUYWJsZVRkIiBhbGlnbj0icmlnaHQiPg0KCQkJCQk8eHNsOnRleHQ+JiMxNjA7PC94c2w6dGV4dD4NCgkJCQk8L3RkPg0KCQkJCTx0ZCBjbGFzcz0ibGluZVRhYmxlVGQiIGFsaWduPSJyaWdodCI+DQoJCQkJCTx4c2w6dGV4dD4mIzE2MDs8L3hzbDp0ZXh0Pg0KCQkJCTwvdGQ+DQoJCQk8L3hzbDppZj4NCgkJPC90cj4NCgk8L3hzbDp0ZW1wbGF0ZT4NCgk8eHNsOnRlbXBsYXRlIG5hbWU9IlBhcnR5X1RpdGxlIiA+DQoJCTx4c2w6cGFyYW0gbmFtZT0iUGFydHlUeXBlIiAvPg0KCQk8dGQgc3R5bGU9IndpZHRoOjQ2OXB4OyAiIGFsaWduPSJsZWZ0Ij4NCgkJCTx4c2w6aWYgdGVzdD0iY2FjOlBhcnR5TmFtZSI+DQoJCQkJPHhzbDp2YWx1ZS1vZiBzZWxlY3Q9ImNhYzpQYXJ0eU5hbWUvY2JjOk5hbWUiLz4NCgkJCQk8YnIvPg0KCQkJPC94c2w6aWY+DQoJCQk8eHNsOmZvci1lYWNoIHNlbGVjdD0iY2FjOlBlcnNvbiI+DQoJCQkJPHhzbDpmb3ItZWFjaCBzZWxlY3Q9ImNiYzpUaXRsZSI+DQoJCQkJCTx4c2w6YXBwbHktdGVtcGxhdGVzLz4NCgkJCQkJPHhzbDp0ZXh0PiYjMTYwOzwveHNsOnRleHQ+DQoJCQkJPC94c2w6Zm9yLWVhY2g+DQoJCQkJPHhzbDpmb3ItZWFjaCBzZWxlY3Q9ImNiYzpGaXJzdE5hbWUiPg0KCQkJCQk8eHNsOmFwcGx5LXRlbXBsYXRlcy8+DQoJCQkJCTx4c2w6dGV4dD4mIzE2MDs8L3hzbDp0ZXh0Pg0KCQkJCTwveHNsOmZvci1lYWNoPg0KCQkJCTx4c2w6Zm9yLWVhY2ggc2VsZWN0PSJjYmM6TWlkZGxlTmFtZSI+DQoJCQkJCTx4c2w6YXBwbHktdGVtcGxhdGVzLz4NCgkJCQkJPHhzbDp0ZXh0PiYjMTYwOyA8L3hzbDp0ZXh0Pg0KCQkJCTwveHNsOmZvci1lYWNoPg0KCQkJCTx4c2w6Zm9yLWVhY2ggc2VsZWN0PSJjYmM6RmFtaWx5TmFtZSI+DQoJCQkJCTx4c2w6YXBwbHktdGVtcGxhdGVzLz4NCgkJCQkJPHhzbDp0ZXh0PiYjMTYwOzwveHNsOnRleHQ+DQoJCQkJPC94c2w6Zm9yLWVhY2g+DQoJCQkJPHhzbDpmb3ItZWFjaCBzZWxlY3Q9ImNiYzpOYW1lU3VmZml4Ij4NCgkJCQkJPHhzbDphcHBseS10ZW1wbGF0ZXMvPg0KCQkJCTwveHNsOmZvci1lYWNoPg0KCQkJCTx4c2w6aWYgdGVzdD0iJFBhcnR5VHlwZT0nVEFYRlJFRSciPg0KCQkJCQk8YnIvPg0KCQkJCQk8eHNsOnRleHQ+UGFzYXBvcnQgTm86IDwveHNsOnRleHQ+DQoJCQkJCTx4c2w6dmFsdWUtb2Ygc2VsZWN0PSJjYWM6SWRlbnRpdHlEb2N1bWVudFJlZmVyZW5jZS9jYmM6SUQiLz4NCgkJCQkJPGJyLz4NCgkJCQkJPHhzbDp0ZXh0PsOcbGtlc2k6IDwveHNsOnRleHQ+DQoJCQkJCTx4c2w6Zm9yLWVhY2ggc2VsZWN0PSJjYmM6TmF0aW9uYWxpdHlJRCI+DQoJCQkJCQk8eHNsOmNhbGwtdGVtcGxhdGUgbmFtZT0iQ291bnRyeSI+DQoJCQkJCQkJPHhzbDp3aXRoLXBhcmFtIG5hbWU9IkNvdW50cnlUeXBlIj4NCgkJCQkJCQkJPHhzbDp2YWx1ZS1vZiBzZWxlY3Q9Ii4iLz4NCgkJCQkJCQk8L3hzbDp3aXRoLXBhcmFtPg0KCQkJCQkJPC94c2w6Y2FsbC10ZW1wbGF0ZT4NCgkJCQkJPC94c2w6Zm9yLWVhY2g+DQoJCQkJPC94c2w6aWY+DQoJCQk8L3hzbDpmb3ItZWFjaD4NCgkJPC90ZD4NCgk8L3hzbDp0ZW1wbGF0ZT4NCgk8eHNsOnRlbXBsYXRlIG5hbWU9IlBhcnR5X0FkcmVzcyIgPg0KCQk8eHNsOnBhcmFtIG5hbWU9IlBhcnR5VHlwZSIgLz4NCgkJPHRkIHN0eWxlPSJ3aWR0aDo0NjlweDsgIiBhbGlnbj0ibGVmdCI+DQoJCQk8eHNsOmZvci1lYWNoIHNlbGVjdD0iY2FjOlBvc3RhbEFkZHJlc3MiPg0KCQkJCTx4c2w6Zm9yLWVhY2ggc2VsZWN0PSJjYmM6U3RyZWV0TmFtZSI+DQoJCQkJCTx4c2w6YXBwbHktdGVtcGxhdGVzLz4NCgkJCQkJPHhzbDp0ZXh0PiYjMTYwOzwveHNsOnRleHQ+DQoJCQkJPC94c2w6Zm9yLWVhY2g+DQoJCQkJPHhzbDpmb3ItZWFjaCBzZWxlY3Q9ImNiYzpCdWlsZGluZ05hbWUiPg0KCQkJCQk8eHNsOmFwcGx5LXRlbXBsYXRlcy8+DQoJCQkJPC94c2w6Zm9yLWVhY2g+DQoJCQkJPHhzbDpmb3ItZWFjaCBzZWxlY3Q9ImNiYzpCdWlsZGluZ051bWJlciI+DQoJCQkJCTx4c2w6dGV4dD4gTm86PC94c2w6dGV4dD4NCgkJCQkJPHhzbDphcHBseS10ZW1wbGF0ZXMvPg0KCQkJCQk8eHNsOnRleHQ+JiMxNjA7PC94c2w6dGV4dD4NCgkJCQk8L3hzbDpmb3ItZWFjaD4NCgkJCQk8YnIvPg0KCQkJCTx4c2w6Zm9yLWVhY2ggc2VsZWN0PSJjYmM6Um9vbSI+DQoJCQkJCTx4c2w6dGV4dD5LYXDEsSBObzo8L3hzbDp0ZXh0Pg0KCQkJCQk8eHNsOmFwcGx5LXRlbXBsYXRlcy8+DQoJCQkJCTx4c2w6dGV4dD4mIzE2MDs8L3hzbDp0ZXh0Pg0KCQkJCTwveHNsOmZvci1lYWNoPg0KCQkJCTxici8+DQoJCQkJPHhzbDpmb3ItZWFjaCBzZWxlY3Q9ImNiYzpQb3N0YWxab25lIj4NCgkJCQkJPHhzbDphcHBseS10ZW1wbGF0ZXMvPg0KCQkJCQk8eHNsOnRleHQ+JiMxNjA7PC94c2w6dGV4dD4NCgkJCQk8L3hzbDpmb3ItZWFjaD4NCgkJCQk8eHNsOmZvci1lYWNoIHNlbGVjdD0iY2JjOkNpdHlTdWJkaXZpc2lvbk5hbWUiPg0KCQkJCQk8eHNsOmFwcGx5LXRlbXBsYXRlcy8+DQoJCQkJCTx4c2w6dGV4dD4vIDwveHNsOnRleHQ+DQoJCQkJPC94c2w6Zm9yLWVhY2g+DQoJCQkJPHhzbDpmb3ItZWFjaCBzZWxlY3Q9ImNiYzpDaXR5TmFtZSI+DQoJCQkJCTx4c2w6YXBwbHktdGVtcGxhdGVzLz4NCgkJCQkJPHhzbDp0ZXh0PiYjMTYwOzwveHNsOnRleHQ+DQoJCQkJPC94c2w6Zm9yLWVhY2g+DQoJCQkJPHhzbDppZiB0ZXN0PSIkUGFydHlUeXBlIT0nT1RIRVInIj4NCgkJCQkJPGJyLz4NCgkJCQkJPHhzbDp2YWx1ZS1vZiBzZWxlY3Q9ImNhYzpDb3VudHJ5L2NiYzpOYW1lIi8+DQoJCQkJCTxici8+DQoJCQkJPC94c2w6aWY+DQoJCQk8L3hzbDpmb3ItZWFjaD4NCgkJPC90ZD4NCgk8L3hzbDp0ZW1wbGF0ZT4NCgk8eHNsOnRlbXBsYXRlIG5hbWU9IlRyYW5zcG9ydE1vZGUiPg0KCQk8eHNsOnBhcmFtIG5hbWU9IlRyYW5zcG9ydE1vZGVUeXBlIiAvPg0KCQk8eHNsOmNob29zZT4NCgkJCTx4c2w6d2hlbiB0ZXN0PSIkVHJhbnNwb3J0TW9kZVR5cGU9MSI+RGVuaXp5b2x1PC94c2w6d2hlbj4NCgkJCTx4c2w6d2hlbiB0ZXN0PSIkVHJhbnNwb3J0TW9kZVR5cGU9MiI+RGVtaXJ5b2x1PC94c2w6d2hlbj4NCgkJCTx4c2w6d2hlbiB0ZXN0PSIkVHJhbnNwb3J0TW9kZVR5cGU9MyI+S2FyYXlvbHU8L3hzbDp3aGVuPg0KCQkJPHhzbDp3aGVuIHRlc3Q9IiRUcmFuc3BvcnRNb2RlVHlwZT00Ij5IYXZheW9sdTwveHNsOndoZW4+DQoJCQk8eHNsOndoZW4gdGVzdD0iJFRyYW5zcG9ydE1vZGVUeXBlPTUiPlBvc3RhPC94c2w6d2hlbj4NCgkJCTx4c2w6d2hlbiB0ZXN0PSIkVHJhbnNwb3J0TW9kZVR5cGU9NiI+w4dvayBhcmHDp2zEsTwveHNsOndoZW4+DQoJCQk8eHNsOndoZW4gdGVzdD0iJFRyYW5zcG9ydE1vZGVUeXBlPTciPlNhYml0IHRhxZ/EsW1hIHRlc2lzbGVyaTwveHNsOndoZW4+DQoJCQk8eHNsOndoZW4gdGVzdD0iJFRyYW5zcG9ydE1vZGVUeXBlPTgiPsSww6cgc3UgdGHFn8SxbWFjxLFsxLHEn8SxPC94c2w6d2hlbj4NCgkJCTx4c2w6b3RoZXJ3aXNlPg0KCQkJCTx4c2w6dmFsdWUtb2Ygc2VsZWN0PSIkVHJhbnNwb3J0TW9kZVR5cGUiLz4NCgkJCTwveHNsOm90aGVyd2lzZT4NCgkJPC94c2w6Y2hvb3NlPg0KCTwveHNsOnRlbXBsYXRlPg0KCTx4c2w6dGVtcGxhdGUgbmFtZT0iUGFja2FnaW5nIj4NCgkJPHhzbDpwYXJhbSBuYW1lPSJQYWNrYWdpbmdUeXBlIiAvPg0KCQk8eHNsOmNob29zZT4NCgkJCTx4c2w6d2hlbiB0ZXN0PSIkUGFja2FnaW5nVHlwZT0nMUEnIj5EcnVtLCBzdGVlbDwveHNsOndoZW4+DQoJCQk8eHNsOndoZW4gdGVzdD0iJFBhY2thZ2luZ1R5cGU9JzFCJyI+RHJ1bSwgYWx1bWluaXVtPC94c2w6d2hlbj4NCgkJCTx4c2w6d2hlbiB0ZXN0PSIkUGFja2FnaW5nVHlwZT0nMUQnIj5EcnVtLCBwbHl3b29kPC94c2w6d2hlbj4NCgkJCTx4c2w6d2hlbiB0ZXN0PSIkUGFja2FnaW5nVHlwZT0nMUYnIj5Db250YWluZXIsIGZsZXhpYmxlPC94c2w6d2hlbj4NCgkJCTx4c2w6d2hlbiB0ZXN0PSIkUGFja2FnaW5nVHlwZT0nMUcnIj5EcnVtLCBmaWJyZTwveHNsOndoZW4+DQoJCQk8eHNsOndoZW4gdGVzdD0iJFBhY2thZ2luZ1R5cGU9JzFXJyI+RHJ1bSwgd29vZGVuPC94c2w6d2hlbj4NCgkJCTx4c2w6d2hlbiB0ZXN0PSIkUGFja2FnaW5nVHlwZT0nMkMnIj5CYXJyZWwsIHdvb2RlbjwveHNsOndoZW4+DQoJCQk8eHNsOndoZW4gdGVzdD0iJFBhY2thZ2luZ1R5cGU9JzNBJyI+SmVycmljYW4sIHN0ZWVsPC94c2w6d2hlbj4NCgkJCTx4c2w6d2hlbiB0ZXN0PSIkUGFja2FnaW5nVHlwZT0nM0gnIj5KZXJyaWNhbiwgcGxhc3RpYzwveHNsOndoZW4+DQoJCQk8eHNsOndoZW4gdGVzdD0iJFBhY2thZ2luZ1R5cGU9JzQzJyI+QmFnLCBzdXBlciBidWxrPC94c2w6d2hlbj4NCgkJCTx4c2w6d2hlbiB0ZXN0PSIkUGFja2FnaW5nVHlwZT0nNDQnIj5CYWcsIHBvbHliYWc8L3hzbDp3aGVuPg0KCQkJPHhzbDp3aGVuIHRlc3Q9IiRQYWNrYWdpbmdUeXBlPSc0QSciPkJveCwgc3RlZWw8L3hzbDp3aGVuPg0KCQkJPHhzbDp3aGVuIHRlc3Q9IiRQYWNrYWdpbmdUeXBlPSc0QiciPkJveCwgYWx1bWluaXVtPC94c2w6d2hlbj4NCgkJCTx4c2w6d2hlbiB0ZXN0PSIkUGFja2FnaW5nVHlwZT0nNEMnIj5Cb3gsIG5hdHVyYWwgd29vZDwveHNsOndoZW4+DQoJCQk8eHNsOndoZW4gdGVzdD0iJFBhY2thZ2luZ1R5cGU9JzREJyI+Qm94LCBwbHl3b29kPC94c2w6d2hlbj4NCgkJCTx4c2w6d2hlbiB0ZXN0PSIkUGFja2FnaW5nVHlwZT0nNEYnIj5Cb3gsIHJlY29uc3RpdHV0ZWQgd29vZDwveHNsOndoZW4+DQoJCQk8eHNsOndoZW4gdGVzdD0iJFBhY2thZ2luZ1R5cGU9JzRHJyI+Qm94LCBmaWJyZWJvYXJkPC94c2w6d2hlbj4NCgkJCTx4c2w6d2hlbiB0ZXN0PSIkUGFja2FnaW5nVHlwZT0nNEgnIj5Cb3gsIHBsYXN0aWM8L3hzbDp3aGVuPg0KCQkJPHhzbDp3aGVuIHRlc3Q9IiRQYWNrYWdpbmdUeXBlPSc1SCciPkJhZywgd292ZW4gcGxhc3RpYzwveHNsOndoZW4+DQoJCQk8eHNsOndoZW4gdGVzdD0iJFBhY2thZ2luZ1R5cGU9JzVMJyI+QmFnLCB0ZXh0aWxlPC94c2w6d2hlbj4NCgkJCTx4c2w6d2hlbiB0ZXN0PSIkUGFja2FnaW5nVHlwZT0nNU0nIj5CYWcsIHBhcGVyPC94c2w6d2hlbj4NCgkJCTx4c2w6d2hlbiB0ZXN0PSIkUGFja2FnaW5nVHlwZT0nNkgnIj5Db21wb3NpdGUgcGFja2FnaW5nLCBwbGFzdGljIHJlY2VwdGFjbGU8L3hzbDp3aGVuPg0KCQkJPHhzbDp3aGVuIHRlc3Q9IiRQYWNrYWdpbmdUeXBlPSc2UCciPkNvbXBvc2l0ZSBwYWNrYWdpbmcsIGdsYXNzIHJlY2VwdGFjbGU8L3hzbDp3aGVuPg0KCQkJPHhzbDp3aGVuIHRlc3Q9IiRQYWNrYWdpbmdUeXBlPSc3QSciPkNhc2UsIGNhcjwveHNsOndoZW4+DQoJCQk8eHNsOndoZW4gdGVzdD0iJFBhY2thZ2luZ1R5cGU9JzdCJyI+Q2FzZSwgd29vZGVuPC94c2w6d2hlbj4NCgkJCTx4c2w6d2hlbiB0ZXN0PSIkUGFja2FnaW5nVHlwZT0nOEEnIj5QYWxsZXQsIHdvb2RlbjwveHNsOndoZW4+DQoJCQk8eHNsOndoZW4gdGVzdD0iJFBhY2thZ2luZ1R5cGU9JzhCJyI+Q3JhdGUsIHdvb2RlbjwveHNsOndoZW4+DQoJCQk8eHNsOndoZW4gdGVzdD0iJFBhY2thZ2luZ1R5cGU9JzhDJyI+QnVuZGxlLCB3b29kZW48L3hzbDp3aGVuPg0KCQkJPHhzbDp3aGVuIHRlc3Q9IiRQYWNrYWdpbmdUeXBlPSdBQSciPkludGVybWVkaWF0ZSBidWxrIGNvbnRhaW5lciwgcmlnaWQgcGxhc3RpYzwveHNsOndoZW4+DQoJCQk8eHNsOndoZW4gdGVzdD0iJFBhY2thZ2luZ1R5cGU9J0FCJyI+UmVjZXB0YWNsZSwgZmlicmU8L3hzbDp3aGVuPg0KCQkJPHhzbDp3aGVuIHRlc3Q9IiRQYWNrYWdpbmdUeXBlPSdBQyciPlJlY2VwdGFjbGUsIHBhcGVyPC94c2w6d2hlbj4NCgkJCTx4c2w6d2hlbiB0ZXN0PSIkUGFja2FnaW5nVHlwZT0nQUQnIj5SZWNlcHRhY2xlLCB3b29kZW48L3hzbDp3aGVuPg0KCQkJPHhzbDp3aGVuIHRlc3Q9IiRQYWNrYWdpbmdUeXBlPSdBRSciPkFlcm9zb2w8L3hzbDp3aGVuPg0KCQkJPHhzbDp3aGVuIHRlc3Q9IiRQYWNrYWdpbmdUeXBlPSdBRiciPlBhbGxldCwgbW9kdWxhciwgY29sbGFycyA4MGNtcyAqIDYwY21zPC94c2w6d2hlbj4NCgkJCTx4c2w6d2hlbiB0ZXN0PSIkUGFja2FnaW5nVHlwZT0nQUcnIj5QYWxsZXQsIHNocmlua3dyYXBwZWQ8L3hzbDp3aGVuPg0KCQkJPHhzbDp3aGVuIHRlc3Q9IiRQYWNrYWdpbmdUeXBlPSdBSCciPlBhbGxldCwgMTAwY21zICogMTEwY21zPC94c2w6d2hlbj4NCgkJCTx4c2w6d2hlbiB0ZXN0PSIkUGFja2FnaW5nVHlwZT0nQUknIj5DbGFtc2hlbGw8L3hzbDp3aGVuPg0KCQkJPHhzbDp3aGVuIHRlc3Q9IiRQYWNrYWdpbmdUeXBlPSdBSiciPkNvbmU8L3hzbDp3aGVuPg0KCQkJPHhzbDp3aGVuIHRlc3Q9IiRQYWNrYWdpbmdUeXBlPSdBTCciPkJhbGw8L3hzbDp3aGVuPg0KCQkJPHhzbDp3aGVuIHRlc3Q9IiRQYWNrYWdpbmdUeXBlPSdBTSciPkFtcG91bGUsIG5vbi1wcm90ZWN0ZWQ8L3hzbDp3aGVuPg0KCQkJPHhzbDp3aGVuIHRlc3Q9IiRQYWNrYWdpbmdUeXBlPSdBUCciPkFtcG91bGUsIHByb3RlY3RlZDwveHNsOndoZW4+DQoJCQk8eHNsOndoZW4gdGVzdD0iJFBhY2thZ2luZ1R5cGU9J0FUJyI+QXRvbWl6ZXI8L3hzbDp3aGVuPg0KCQkJPHhzbDp3aGVuIHRlc3Q9IiRQYWNrYWdpbmdUeXBlPSdBViciPkNhcHN1bGU8L3hzbDp3aGVuPg0KCQkJPHhzbDp3aGVuIHRlc3Q9IiRQYWNrYWdpbmdUeXBlPSdCNCciPkJlbHQ8L3hzbDp3aGVuPg0KCQkJPHhzbDp3aGVuIHRlc3Q9IiRQYWNrYWdpbmdUeXBlPSdCQSciPkJhcnJlbDwveHNsOndoZW4+DQoJCQk8eHNsOndoZW4gdGVzdD0iJFBhY2thZ2luZ1R5cGU9J0JCJyI+Qm9iYmluPC94c2w6d2hlbj4NCgkJCTx4c2w6d2hlbiB0ZXN0PSIkUGFja2FnaW5nVHlwZT0nQkMnIj5Cb3R0bGVjcmF0ZSAvIGJvdHRsZXJhY2s8L3hzbDp3aGVuPg0KCQkJPHhzbDp3aGVuIHRlc3Q9IiRQYWNrYWdpbmdUeXBlPSdCRCciPkJvYXJkPC94c2w6d2hlbj4NCgkJCTx4c2w6d2hlbiB0ZXN0PSIkUGFja2FnaW5nVHlwZT0nQkUnIj5CdW5kbGU8L3hzbDp3aGVuPg0KCQkJPHhzbDp3aGVuIHRlc3Q9IiRQYWNrYWdpbmdUeXBlPSdCRiciPkJhbGxvb24sIG5vbi1wcm90ZWN0ZWQ8L3hzbDp3aGVuPg0KCQkJPHhzbDp3aGVuIHRlc3Q9IiRQYWNrYWdpbmdUeXBlPSdCRyciPkJhZzwveHNsOndoZW4+DQoJCQk8eHNsOndoZW4gdGVzdD0iJFBhY2thZ2luZ1R5cGU9J0JIJyI+QnVuY2g8L3hzbDp3aGVuPg0KCQkJPHhzbDp3aGVuIHRlc3Q9IiRQYWNrYWdpbmdUeXBlPSdCSSciPkJpbjwveHNsOndoZW4+DQoJCQk8eHNsOndoZW4gdGVzdD0iJFBhY2thZ2luZ1R5cGU9J0JKJyI+QnVja2V0PC94c2w6d2hlbj4NCgkJCTx4c2w6d2hlbiB0ZXN0PSIkUGFja2FnaW5nVHlwZT0nQksnIj5CYXNrZXQ8L3hzbDp3aGVuPg0KCQkJPHhzbDp3aGVuIHRlc3Q9IiRQYWNrYWdpbmdUeXBlPSdCTCciPkJhbGUsIGNvbXByZXNzZWQ8L3hzbDp3aGVuPg0KCQkJPHhzbDp3aGVuIHRlc3Q9IiRQYWNrYWdpbmdUeXBlPSdCTSciPkJhc2luPC94c2w6d2hlbj4NCgkJCTx4c2w6d2hlbiB0ZXN0PSIkUGFja2FnaW5nVHlwZT0nQk4nIj5CYWxlLCBub24tY29tcHJlc3NlZDwveHNsOndoZW4+DQoJCQk8eHNsOndoZW4gdGVzdD0iJFBhY2thZ2luZ1R5cGU9J0JPJyI+Qm90dGxlLCBub24tcHJvdGVjdGVkLCBjeWxpbmRyaWNhbDwveHNsOndoZW4+DQoJCQk8eHNsOndoZW4gdGVzdD0iJFBhY2thZ2luZ1R5cGU9J0JQJyI+QmFsbG9vbiwgcHJvdGVjdGVkPC94c2w6d2hlbj4NCgkJCTx4c2w6d2hlbiB0ZXN0PSIkUGFja2FnaW5nVHlwZT0nQlEnIj5Cb3R0bGUsIHByb3RlY3RlZCBjeWxpbmRyaWNhbDwveHNsOndoZW4+DQoJCQk8eHNsOndoZW4gdGVzdD0iJFBhY2thZ2luZ1R5cGU9J0JSJyI+QmFyPC94c2w6d2hlbj4NCgkJCTx4c2w6d2hlbiB0ZXN0PSIkUGFja2FnaW5nVHlwZT0nQlMnIj5Cb3R0bGUsIG5vbi1wcm90ZWN0ZWQsIGJ1bGJvdXM8L3hzbDp3aGVuPg0KCQkJPHhzbDp3aGVuIHRlc3Q9IiRQYWNrYWdpbmdUeXBlPSdCVCciPkJvbHQ8L3hzbDp3aGVuPg0KCQkJPHhzbDp3aGVuIHRlc3Q9IiRQYWNrYWdpbmdUeXBlPSdCVSciPkJ1dHQ8L3hzbDp3aGVuPg0KCQkJPHhzbDp3aGVuIHRlc3Q9IiRQYWNrYWdpbmdUeXBlPSdCViciPkJvdHRsZSwgcHJvdGVjdGVkIGJ1bGJvdXM8L3hzbDp3aGVuPg0KCQkJPHhzbDp3aGVuIHRlc3Q9IiRQYWNrYWdpbmdUeXBlPSdCVyciPkJveCwgZm9yIGxpcXVpZHM8L3hzbDp3aGVuPg0KCQkJPHhzbDp3aGVuIHRlc3Q9IiRQYWNrYWdpbmdUeXBlPSdCWCciPkJveDwveHNsOndoZW4+DQoJCQk8eHNsOndoZW4gdGVzdD0iJFBhY2thZ2luZ1R5cGU9J0JZJyI+Qm9hcmQsIGluIGJ1bmRsZS9idW5jaC90cnVzczwveHNsOndoZW4+DQoJCQk8eHNsOndoZW4gdGVzdD0iJFBhY2thZ2luZ1R5cGU9J0JaJyI+QmFycywgaW4gYnVuZGxlL2J1bmNoL3RydXNzPC94c2w6d2hlbj4NCgkJCTx4c2w6d2hlbiB0ZXN0PSIkUGFja2FnaW5nVHlwZT0nQ0EnIj5DYW4sIHJlY3Rhbmd1bGFyPC94c2w6d2hlbj4NCgkJCTx4c2w6d2hlbiB0ZXN0PSIkUGFja2FnaW5nVHlwZT0nQ0InIj5DcmF0ZSwgYmVlcjwveHNsOndoZW4+DQoJCQk8eHNsOndoZW4gdGVzdD0iJFBhY2thZ2luZ1R5cGU9J0NDJyI+Q2h1cm48L3hzbDp3aGVuPg0KCQkJPHhzbDp3aGVuIHRlc3Q9IiRQYWNrYWdpbmdUeXBlPSdDRCciPkNhbiwgd2l0aCBoYW5kbGUgYW5kIHNwb3V0PC94c2w6d2hlbj4NCgkJCTx4c2w6d2hlbiB0ZXN0PSIkUGFja2FnaW5nVHlwZT0nQ0UnIj5DcmVlbDwveHNsOndoZW4+DQoJCQk8eHNsOndoZW4gdGVzdD0iJFBhY2thZ2luZ1R5cGU9J0NGJyI+Q29mZmVyPC94c2w6d2hlbj4NCgkJCTx4c2w6d2hlbiB0ZXN0PSIkUGFja2FnaW5nVHlwZT0nQ0cnIj5DYWdlPC94c2w6d2hlbj4NCgkJCTx4c2w6d2hlbiB0ZXN0PSIkUGFja2FnaW5nVHlwZT0nQ0gnIj5DaGVzdDwveHNsOndoZW4+DQoJCQk8eHNsOndoZW4gdGVzdD0iJFBhY2thZ2luZ1R5cGU9J0NJJyI+Q2FuaXN0ZXI8L3hzbDp3aGVuPg0KCQkJPHhzbDp3aGVuIHRlc3Q9IiRQYWNrYWdpbmdUeXBlPSdDSiciPkNvZmZpbjwveHNsOndoZW4+DQoJCQk8eHNsOndoZW4gdGVzdD0iJFBhY2thZ2luZ1R5cGU9J0NLJyI+Q2FzazwveHNsOndoZW4+DQoJCQk8eHNsOndoZW4gdGVzdD0iJFBhY2thZ2luZ1R5cGU9J0NMJyI+Q29pbDwveHNsOndoZW4+DQoJCQk8eHNsOndoZW4gdGVzdD0iJFBhY2thZ2luZ1R5cGU9J0NNJyI+Q2FyZDwveHNsOndoZW4+DQoJCQk8eHNsOndoZW4gdGVzdD0iJFBhY2thZ2luZ1R5cGU9J0NOJyI+Q29udGFpbmVyLCBub3Qgb3RoZXJ3aXNlIHNwZWNpZmllZCBhcyB0cmFuc3BvcnQgZXF1aXBtZW50PC94c2w6d2hlbj4NCgkJCTx4c2w6d2hlbiB0ZXN0PSIkUGFja2FnaW5nVHlwZT0nQ08nIj5DYXJib3ksIG5vbi1wcm90ZWN0ZWQ8L3hzbDp3aGVuPg0KCQkJPHhzbDp3aGVuIHRlc3Q9IiRQYWNrYWdpbmdUeXBlPSdDUCciPkNhcmJveSwgcHJvdGVjdGVkPC94c2w6d2hlbj4NCgkJCTx4c2w6d2hlbiB0ZXN0PSIkUGFja2FnaW5nVHlwZT0nQ1EnIj5DYXJ0cmlkZ2U8L3hzbDp3aGVuPg0KCQkJPHhzbDp3aGVuIHRlc3Q9IiRQYWNrYWdpbmdUeXBlPSdDUiciPkNyYXRlPC94c2w6d2hlbj4NCgkJCTx4c2w6d2hlbiB0ZXN0PSIkUGFja2FnaW5nVHlwZT0nQ1MnIj5DYXNlPC94c2w6d2hlbj4NCgkJCTx4c2w6d2hlbiB0ZXN0PSIkUGFja2FnaW5nVHlwZT0nQ1QnIj5DYXJ0b248L3hzbDp3aGVuPg0KCQkJPHhzbDp3aGVuIHRlc3Q9IiRQYWNrYWdpbmdUeXBlPSdDVSciPkN1cDwveHNsOndoZW4+DQoJCQk8eHNsOndoZW4gdGVzdD0iJFBhY2thZ2luZ1R5cGU9J0NWJyI+Q292ZXI8L3hzbDp3aGVuPg0KCQkJPHhzbDp3aGVuIHRlc3Q9IiRQYWNrYWdpbmdUeXBlPSdDVyciPkNhZ2UsIHJvbGw8L3hzbDp3aGVuPg0KCQkJPHhzbDp3aGVuIHRlc3Q9IiRQYWNrYWdpbmdUeXBlPSdDWCciPkNhbiwgY3lsaW5kcmljYWw8L3hzbDp3aGVuPg0KCQkJPHhzbDp3aGVuIHRlc3Q9IiRQYWNrYWdpbmdUeXBlPSdDWSciPkN5bGluZGVyPC94c2w6d2hlbj4NCgkJCTx4c2w6d2hlbiB0ZXN0PSIkUGFja2FnaW5nVHlwZT0nQ1onIj5DYW52YXM8L3hzbDp3aGVuPg0KCQkJPHhzbDp3aGVuIHRlc3Q9IiRQYWNrYWdpbmdUeXBlPSdEQSciPkNyYXRlLCBtdWx0aXBsZSBsYXllciwgcGxhc3RpYzwveHNsOndoZW4+DQoJCQk8eHNsOndoZW4gdGVzdD0iJFBhY2thZ2luZ1R5cGU9J0RCJyI+Q3JhdGUsIG11bHRpcGxlIGxheWVyLCB3b29kZW48L3hzbDp3aGVuPg0KCQkJPHhzbDp3aGVuIHRlc3Q9IiRQYWNrYWdpbmdUeXBlPSdEQyciPkNyYXRlLCBtdWx0aXBsZSBsYXllciwgY2FyZGJvYXJkPC94c2w6d2hlbj4NCgkJCTx4c2w6d2hlbiB0ZXN0PSIkUGFja2FnaW5nVHlwZT0nREcnIj5DYWdlLCBDb21tb253ZWFsdGggSGFuZGxpbmcgRXF1aXBtZW50IFBvb2wgKENIRVApPC94c2w6d2hlbj4NCgkJCTx4c2w6d2hlbiB0ZXN0PSIkUGFja2FnaW5nVHlwZT0nREgnIj5Cb3gsIENvbW1vbndlYWx0aCBIYW5kbGluZyBFcXVpcG1lbnQgUG9vbCAoQ0hFUCksIEV1cm9ib3g8L3hzbDp3aGVuPg0KCQkJPHhzbDp3aGVuIHRlc3Q9IiRQYWNrYWdpbmdUeXBlPSdESSciPkRydW0sIGlyb248L3hzbDp3aGVuPg0KCQkJPHhzbDp3aGVuIHRlc3Q9IiRQYWNrYWdpbmdUeXBlPSdESiciPkRlbWlqb2huLCBub24tcHJvdGVjdGVkPC94c2w6d2hlbj4NCgkJCTx4c2w6d2hlbiB0ZXN0PSIkUGFja2FnaW5nVHlwZT0nREsnIj5DcmF0ZSwgYnVsaywgY2FyZGJvYXJkPC94c2w6d2hlbj4NCgkJCTx4c2w6d2hlbiB0ZXN0PSIkUGFja2FnaW5nVHlwZT0nREwnIj5DcmF0ZSwgYnVsaywgcGxhc3RpYzwveHNsOndoZW4+DQoJCQk8eHNsOndoZW4gdGVzdD0iJFBhY2thZ2luZ1R5cGU9J0RNJyI+Q3JhdGUsIGJ1bGssIHdvb2RlbjwveHNsOndoZW4+DQoJCQk8eHNsOndoZW4gdGVzdD0iJFBhY2thZ2luZ1R5cGU9J0ROJyI+RGlzcGVuc2VyPC94c2w6d2hlbj4NCgkJCTx4c2w6d2hlbiB0ZXN0PSIkUGFja2FnaW5nVHlwZT0nRFAnIj5EZW1pam9obiwgcHJvdGVjdGVkPC94c2w6d2hlbj4NCgkJCTx4c2w6d2hlbiB0ZXN0PSIkUGFja2FnaW5nVHlwZT0nRFInIj5EcnVtPC94c2w6d2hlbj4NCgkJCTx4c2w6d2hlbiB0ZXN0PSIkUGFja2FnaW5nVHlwZT0nRFMnIj5UcmF5LCBvbmUgbGF5ZXIgbm8gY292ZXIsIHBsYXN0aWM8L3hzbDp3aGVuPg0KCQkJPHhzbDp3aGVuIHRlc3Q9IiRQYWNrYWdpbmdUeXBlPSdEVCciPlRyYXksIG9uZSBsYXllciBubyBjb3Zlciwgd29vZGVuPC94c2w6d2hlbj4NCgkJCTx4c2w6d2hlbiB0ZXN0PSIkUGFja2FnaW5nVHlwZT0nRFUnIj5UcmF5LCBvbmUgbGF5ZXIgbm8gY292ZXIsIHBvbHlzdHlyZW5lPC94c2w6d2hlbj4NCgkJCTx4c2w6d2hlbiB0ZXN0PSIkUGFja2FnaW5nVHlwZT0nRFYnIj5UcmF5LCBvbmUgbGF5ZXIgbm8gY292ZXIsIGNhcmRib2FyZDwveHNsOndoZW4+DQoJCQk8eHNsOndoZW4gdGVzdD0iJFBhY2thZ2luZ1R5cGU9J0RXJyI+VHJheSwgdHdvIGxheWVycyBubyBjb3ZlciwgcGxhc3RpYyB0cmF5PC94c2w6d2hlbj4NCgkJCTx4c2w6d2hlbiB0ZXN0PSIkUGFja2FnaW5nVHlwZT0nRFgnIj5UcmF5LCB0d28gbGF5ZXJzIG5vIGNvdmVyLCB3b29kZW48L3hzbDp3aGVuPg0KCQkJPHhzbDp3aGVuIHRlc3Q9IiRQYWNrYWdpbmdUeXBlPSdEWSciPlRyYXksIHR3byBsYXllcnMgbm8gY292ZXIsIGNhcmRib2FyZDwveHNsOndoZW4+DQoJCQk8eHNsOndoZW4gdGVzdD0iJFBhY2thZ2luZ1R5cGU9J0VDJyI+QmFnLCBwbGFzdGljPC94c2w6d2hlbj4NCgkJCTx4c2w6d2hlbiB0ZXN0PSIkUGFja2FnaW5nVHlwZT0nRUQnIj5DYXNlLCB3aXRoIHBhbGxldCBiYXNlPC94c2w6d2hlbj4NCgkJCTx4c2w6d2hlbiB0ZXN0PSIkUGFja2FnaW5nVHlwZT0nRUUnIj5DYXNlLCB3aXRoIHBhbGxldCBiYXNlLCB3b29kZW48L3hzbDp3aGVuPg0KCQkJPHhzbDp3aGVuIHRlc3Q9IiRQYWNrYWdpbmdUeXBlPSdFRiciPkNhc2UsIHdpdGggcGFsbGV0IGJhc2UsIGNhcmRib2FyZDwveHNsOndoZW4+DQoJCQk8eHNsOndoZW4gdGVzdD0iJFBhY2thZ2luZ1R5cGU9J0VHJyI+Q2FzZSwgd2l0aCBwYWxsZXQgYmFzZSwgcGxhc3RpYzwveHNsOndoZW4+DQoJCQk8eHNsOndoZW4gdGVzdD0iJFBhY2thZ2luZ1R5cGU9J0VIJyI+Q2FzZSwgd2l0aCBwYWxsZXQgYmFzZSwgbWV0YWw8L3hzbDp3aGVuPg0KCQkJPHhzbDp3aGVuIHRlc3Q9IiRQYWNrYWdpbmdUeXBlPSdFSSciPkNhc2UsIGlzb3RoZXJtaWM8L3hzbDp3aGVuPg0KCQkJPHhzbDp3aGVuIHRlc3Q9IiRQYWNrYWdpbmdUeXBlPSdFTiciPkVudmVsb3BlPC94c2w6d2hlbj4NCgkJCTx4c2w6d2hlbiB0ZXN0PSIkUGFja2FnaW5nVHlwZT0nRkInIj5GbGV4aWJhZzwveHNsOndoZW4+DQoJCQk8eHNsOndoZW4gdGVzdD0iJFBhY2thZ2luZ1R5cGU9J0ZDJyI+Q3JhdGUsIGZydWl0PC94c2w6d2hlbj4NCgkJCTx4c2w6d2hlbiB0ZXN0PSIkUGFja2FnaW5nVHlwZT0nRkQnIj5DcmF0ZSwgZnJhbWVkPC94c2w6d2hlbj4NCgkJCTx4c2w6d2hlbiB0ZXN0PSIkUGFja2FnaW5nVHlwZT0nRkUnIj5GbGV4aXRhbms8L3hzbDp3aGVuPg0KCQkJPHhzbDp3aGVuIHRlc3Q9IiRQYWNrYWdpbmdUeXBlPSdGSSciPkZpcmtpbjwveHNsOndoZW4+DQoJCQk8eHNsOndoZW4gdGVzdD0iJFBhY2thZ2luZ1R5cGU9J0ZMJyI+Rmxhc2s8L3hzbDp3aGVuPg0KCQkJPHhzbDp3aGVuIHRlc3Q9IiRQYWNrYWdpbmdUeXBlPSdGTyciPkZvb3Rsb2NrZXI8L3hzbDp3aGVuPg0KCQkJPHhzbDp3aGVuIHRlc3Q9IiRQYWNrYWdpbmdUeXBlPSdGUCciPkZpbG1wYWNrPC94c2w6d2hlbj4NCgkJCTx4c2w6d2hlbiB0ZXN0PSIkUGFja2FnaW5nVHlwZT0nRlInIj5GcmFtZTwveHNsOndoZW4+DQoJCQk8eHNsOndoZW4gdGVzdD0iJFBhY2thZ2luZ1R5cGU9J0ZUJyI+Rm9vZHRhaW5lcjwveHNsOndoZW4+DQoJCQk8eHNsOndoZW4gdGVzdD0iJFBhY2thZ2luZ1R5cGU9J0ZXJyI+Q2FydCwgZmxhdGJlZDwveHNsOndoZW4+DQoJCQk8eHNsOndoZW4gdGVzdD0iJFBhY2thZ2luZ1R5cGU9J0ZYJyI+QmFnLCBmbGV4aWJsZSBjb250YWluZXI8L3hzbDp3aGVuPg0KCQkJPHhzbDp3aGVuIHRlc3Q9IiRQYWNrYWdpbmdUeXBlPSdHQiciPkJvdHRsZSwgZ2FzPC94c2w6d2hlbj4NCgkJCTx4c2w6d2hlbiB0ZXN0PSIkUGFja2FnaW5nVHlwZT0nR0knIj5HaXJkZXI8L3hzbDp3aGVuPg0KCQkJPHhzbDp3aGVuIHRlc3Q9IiRQYWNrYWdpbmdUeXBlPSdHTCciPkNvbnRhaW5lciwgZ2FsbG9uPC94c2w6d2hlbj4NCgkJCTx4c2w6d2hlbiB0ZXN0PSIkUGFja2FnaW5nVHlwZT0nR1InIj5SZWNlcHRhY2xlLCBnbGFzczwveHNsOndoZW4+DQoJCQk8eHNsOndoZW4gdGVzdD0iJFBhY2thZ2luZ1R5cGU9J0dVJyI+VHJheSwgY29udGFpbmluZyBob3Jpem9udGFsbHkgc3RhY2tlZCBmbGF0IGl0ZW1zPC94c2w6d2hlbj4NCgkJCTx4c2w6d2hlbiB0ZXN0PSIkUGFja2FnaW5nVHlwZT0nR1knIj5CYWcsIGd1bm55PC94c2w6d2hlbj4NCgkJCTx4c2w6d2hlbiB0ZXN0PSIkUGFja2FnaW5nVHlwZT0nR1onIj5HaXJkZXJzLCBpbiBidW5kbGUvYnVuY2gvdHJ1c3M8L3hzbDp3aGVuPg0KCQkJPHhzbDp3aGVuIHRlc3Q9IiRQYWNrYWdpbmdUeXBlPSdIQSciPkJhc2tldCwgd2l0aCBoYW5kbGUsIHBsYXN0aWM8L3hzbDp3aGVuPg0KCQkJPHhzbDp3aGVuIHRlc3Q9IiRQYWNrYWdpbmdUeXBlPSdIQiciPkJhc2tldCwgd2l0aCBoYW5kbGUsIHdvb2RlbjwveHNsOndoZW4+DQoJCQk8eHNsOndoZW4gdGVzdD0iJFBhY2thZ2luZ1R5cGU9J0hDJyI+QmFza2V0LCB3aXRoIGhhbmRsZSwgY2FyZGJvYXJkPC94c2w6d2hlbj4NCgkJCTx4c2w6d2hlbiB0ZXN0PSIkUGFja2FnaW5nVHlwZT0nSEcnIj5Ib2dzaGVhZDwveHNsOndoZW4+DQoJCQk8eHNsOndoZW4gdGVzdD0iJFBhY2thZ2luZ1R5cGU9J0hOJyI+SGFuZ2VyPC94c2w6d2hlbj4NCgkJCTx4c2w6d2hlbiB0ZXN0PSIkUGFja2FnaW5nVHlwZT0nSFInIj5IYW1wZXI8L3hzbDp3aGVuPg0KCQkJPHhzbDp3aGVuIHRlc3Q9IiRQYWNrYWdpbmdUeXBlPSdJQSciPlBhY2thZ2UsIGRpc3BsYXksIHdvb2RlbjwveHNsOndoZW4+DQoJCQk8eHNsOndoZW4gdGVzdD0iJFBhY2thZ2luZ1R5cGU9J0lCJyI+UGFja2FnZSwgZGlzcGxheSwgY2FyZGJvYXJkPC94c2w6d2hlbj4NCgkJCTx4c2w6d2hlbiB0ZXN0PSIkUGFja2FnaW5nVHlwZT0nSUMnIj5QYWNrYWdlLCBkaXNwbGF5LCBwbGFzdGljPC94c2w6d2hlbj4NCgkJCTx4c2w6d2hlbiB0ZXN0PSIkUGFja2FnaW5nVHlwZT0nSUQnIj5QYWNrYWdlLCBkaXNwbGF5LCBtZXRhbDwveHNsOndoZW4+DQoJCQk8eHNsOndoZW4gdGVzdD0iJFBhY2thZ2luZ1R5cGU9J0lFJyI+UGFja2FnZSwgc2hvdzwveHNsOndoZW4+DQoJCQk8eHNsOndoZW4gdGVzdD0iJFBhY2thZ2luZ1R5cGU9J0lGJyI+UGFja2FnZSwgZmxvdzwveHNsOndoZW4+DQoJCQk8eHNsOndoZW4gdGVzdD0iJFBhY2thZ2luZ1R5cGU9J0lHJyI+UGFja2FnZSwgcGFwZXIgd3JhcHBlZDwveHNsOndoZW4+DQoJCQk8eHNsOndoZW4gdGVzdD0iJFBhY2thZ2luZ1R5cGU9J0lIJyI+RHJ1bSwgcGxhc3RpYzwveHNsOndoZW4+DQoJCQk8eHNsOndoZW4gdGVzdD0iJFBhY2thZ2luZ1R5cGU9J0lLJyI+UGFja2FnZSwgY2FyZGJvYXJkLCB3aXRoIGJvdHRsZSBncmlwLWhvbGVzPC94c2w6d2hlbj4NCgkJCTx4c2w6d2hlbiB0ZXN0PSIkUGFja2FnaW5nVHlwZT0nSUwnIj5UcmF5LCByaWdpZCwgbGlkZGVkIHN0YWNrYWJsZSAoQ0VOIFRTIDE0NDgyOjIwMDIpPC94c2w6d2hlbj4NCgkJCTx4c2w6d2hlbiB0ZXN0PSIkUGFja2FnaW5nVHlwZT0nSU4nIj5JbmdvdDwveHNsOndoZW4+DQoJCQk8eHNsOndoZW4gdGVzdD0iJFBhY2thZ2luZ1R5cGU9J0laJyI+SW5nb3RzLCBpbiBidW5kbGUvYnVuY2gvdHJ1c3M8L3hzbDp3aGVuPg0KCQkJPHhzbDp3aGVuIHRlc3Q9IiRQYWNrYWdpbmdUeXBlPSdKQiciPkJhZywganVtYm88L3hzbDp3aGVuPg0KCQkJPHhzbDp3aGVuIHRlc3Q9IiRQYWNrYWdpbmdUeXBlPSdKQyciPkplcnJpY2FuLCByZWN0YW5ndWxhcjwveHNsOndoZW4+DQoJCQk8eHNsOndoZW4gdGVzdD0iJFBhY2thZ2luZ1R5cGU9J0pHJyI+SnVnPC94c2w6d2hlbj4NCgkJCTx4c2w6d2hlbiB0ZXN0PSIkUGFja2FnaW5nVHlwZT0nSlInIj5KYXI8L3hzbDp3aGVuPg0KCQkJPHhzbDp3aGVuIHRlc3Q9IiRQYWNrYWdpbmdUeXBlPSdKVCciPkp1dGViYWc8L3hzbDp3aGVuPg0KCQkJPHhzbDp3aGVuIHRlc3Q9IiRQYWNrYWdpbmdUeXBlPSdKWSciPkplcnJpY2FuLCBjeWxpbmRyaWNhbDwveHNsOndoZW4+DQoJCQk8eHNsOndoZW4gdGVzdD0iJFBhY2thZ2luZ1R5cGU9J0tHJyI+S2VnPC94c2w6d2hlbj4NCgkJCTx4c2w6d2hlbiB0ZXN0PSIkUGFja2FnaW5nVHlwZT0nS0knIj5LaXQ8L3hzbDp3aGVuPg0KCQkJPHhzbDp3aGVuIHRlc3Q9IiRQYWNrYWdpbmdUeXBlPSdMRSciPkx1Z2dhZ2U8L3hzbDp3aGVuPg0KCQkJPHhzbDp3aGVuIHRlc3Q9IiRQYWNrYWdpbmdUeXBlPSdMRyciPkxvZzwveHNsOndoZW4+DQoJCQk8eHNsOndoZW4gdGVzdD0iJFBhY2thZ2luZ1R5cGU9J0xUJyI+TG90PC94c2w6d2hlbj4NCgkJCTx4c2w6d2hlbiB0ZXN0PSIkUGFja2FnaW5nVHlwZT0nTFUnIj5MdWc8L3hzbDp3aGVuPg0KCQkJPHhzbDp3aGVuIHRlc3Q9IiRQYWNrYWdpbmdUeXBlPSdMViciPkxpZnR2YW48L3hzbDp3aGVuPg0KCQkJPHhzbDp3aGVuIHRlc3Q9IiRQYWNrYWdpbmdUeXBlPSdMWiciPkxvZ3MsIGluIGJ1bmRsZS9idW5jaC90cnVzczwveHNsOndoZW4+DQoJCQk8eHNsOndoZW4gdGVzdD0iJFBhY2thZ2luZ1R5cGU9J01BJyI+Q3JhdGUsIG1ldGFsPC94c2w6d2hlbj4NCgkJCTx4c2w6d2hlbiB0ZXN0PSIkUGFja2FnaW5nVHlwZT0nTUInIj5CYWcsIG11bHRpcGx5PC94c2w6d2hlbj4NCgkJCTx4c2w6d2hlbiB0ZXN0PSIkUGFja2FnaW5nVHlwZT0nTUMnIj5DcmF0ZSwgbWlsazwveHNsOndoZW4+DQoJCQk8eHNsOndoZW4gdGVzdD0iJFBhY2thZ2luZ1R5cGU9J01FJyI+Q29udGFpbmVyLCBtZXRhbDwveHNsOndoZW4+DQoJCQk8eHNsOndoZW4gdGVzdD0iJFBhY2thZ2luZ1R5cGU9J01SJyI+UmVjZXB0YWNsZSwgbWV0YWw8L3hzbDp3aGVuPg0KCQkJPHhzbDp3aGVuIHRlc3Q9IiRQYWNrYWdpbmdUeXBlPSdNUyciPlNhY2ssIG11bHRpLXdhbGw8L3hzbDp3aGVuPg0KCQkJPHhzbDp3aGVuIHRlc3Q9IiRQYWNrYWdpbmdUeXBlPSdNVCciPk1hdDwveHNsOndoZW4+DQoJCQk8eHNsOndoZW4gdGVzdD0iJFBhY2thZ2luZ1R5cGU9J01XJyI+UmVjZXB0YWNsZSwgcGxhc3RpYyB3cmFwcGVkPC94c2w6d2hlbj4NCgkJCTx4c2w6d2hlbiB0ZXN0PSIkUGFja2FnaW5nVHlwZT0nTVgnIj5NYXRjaGJveDwveHNsOndoZW4+DQoJCQk8eHNsOndoZW4gdGVzdD0iJFBhY2thZ2luZ1R5cGU9J05BJyI+Tm90IGF2YWlsYWJsZTwveHNsOndoZW4+DQoJCQk8eHNsOndoZW4gdGVzdD0iJFBhY2thZ2luZ1R5cGU9J05FJyI+VW5wYWNrZWQgb3IgdW5wYWNrYWdlZDwveHNsOndoZW4+DQoJCQk8eHNsOndoZW4gdGVzdD0iJFBhY2thZ2luZ1R5cGU9J05GJyI+VW5wYWNrZWQgb3IgdW5wYWNrYWdlZCwgc2luZ2xlIHVuaXQ8L3hzbDp3aGVuPg0KCQkJPHhzbDp3aGVuIHRlc3Q9IiRQYWNrYWdpbmdUeXBlPSdORyciPlVucGFja2VkIG9yIHVucGFja2FnZWQsIG11bHRpcGxlIHVuaXRzPC94c2w6d2hlbj4NCgkJCTx4c2w6d2hlbiB0ZXN0PSIkUGFja2FnaW5nVHlwZT0nTlMnIj5OZXN0PC94c2w6d2hlbj4NCgkJCTx4c2w6d2hlbiB0ZXN0PSIkUGFja2FnaW5nVHlwZT0nTlQnIj5OZXQ8L3hzbDp3aGVuPg0KCQkJPHhzbDp3aGVuIHRlc3Q9IiRQYWNrYWdpbmdUeXBlPSdOVSciPk5ldCwgdHViZSwgcGxhc3RpYzwveHNsOndoZW4+DQoJCQk8eHNsOndoZW4gdGVzdD0iJFBhY2thZ2luZ1R5cGU9J05WJyI+TmV0LCB0dWJlLCB0ZXh0aWxlPC94c2w6d2hlbj4NCgkJCTx4c2w6d2hlbiB0ZXN0PSIkUGFja2FnaW5nVHlwZT0nT0EnIj5QYWxsZXQsIENIRVAgNDAgY20geCA2MCBjbTwveHNsOndoZW4+DQoJCQk8eHNsOndoZW4gdGVzdD0iJFBhY2thZ2luZ1R5cGU9J09CJyI+UGFsbGV0LCBDSEVQIDgwIGNtIHggMTIwIGNtPC94c2w6d2hlbj4NCgkJCTx4c2w6d2hlbiB0ZXN0PSIkUGFja2FnaW5nVHlwZT0nT0MnIj5QYWxsZXQsIENIRVAgMTAwIGNtIHggMTIwIGNtPC94c2w6d2hlbj4NCgkJCTx4c2w6d2hlbiB0ZXN0PSIkUGFja2FnaW5nVHlwZT0nT0QnIj5QYWxsZXQsIEFTIDQwNjgtMTk5MzwveHNsOndoZW4+DQoJCQk8eHNsOndoZW4gdGVzdD0iJFBhY2thZ2luZ1R5cGU9J09FJyI+UGFsbGV0LCBJU08gVDExPC94c2w6d2hlbj4NCgkJCTx4c2w6d2hlbiB0ZXN0PSIkUGFja2FnaW5nVHlwZT0nT0YnIj5QbGF0Zm9ybSwgdW5zcGVjaWZpZWQgd2VpZ2h0IG9yIGRpbWVuc2lvbjwveHNsOndoZW4+DQoJCQk8eHNsOndoZW4gdGVzdD0iJFBhY2thZ2luZ1R5cGU9J09LJyI+QmxvY2s8L3hzbDp3aGVuPg0KCQkJPHhzbDp3aGVuIHRlc3Q9IiRQYWNrYWdpbmdUeXBlPSdPVCciPk9jdGFiaW48L3hzbDp3aGVuPg0KCQkJPHhzbDp3aGVuIHRlc3Q9IiRQYWNrYWdpbmdUeXBlPSdPVSciPkNvbnRhaW5lciwgb3V0ZXI8L3hzbDp3aGVuPg0KCQkJPHhzbDp3aGVuIHRlc3Q9IiRQYWNrYWdpbmdUeXBlPSdQMiciPlBhbjwveHNsOndoZW4+DQoJCQk8eHNsOndoZW4gdGVzdD0iJFBhY2thZ2luZ1R5cGU9J1BBJyI+UGFja2V0PC94c2w6d2hlbj4NCgkJCTx4c2w6d2hlbiB0ZXN0PSIkUGFja2FnaW5nVHlwZT0nUEInIj5QYWxsZXQsIGJveCBDb21iaW5lZCBvcGVuLWVuZGVkIGJveCBhbmQgcGFsbGV0PC94c2w6d2hlbj4NCgkJCTx4c2w6d2hlbiB0ZXN0PSIkUGFja2FnaW5nVHlwZT0nUEMnIj5QYXJjZWw8L3hzbDp3aGVuPg0KCQkJPHhzbDp3aGVuIHRlc3Q9IiRQYWNrYWdpbmdUeXBlPSdQRCciPlBhbGxldCwgbW9kdWxhciwgY29sbGFycyA4MGNtcyAqIDEwMGNtczwveHNsOndoZW4+DQoJCQk8eHNsOndoZW4gdGVzdD0iJFBhY2thZ2luZ1R5cGU9J1BFJyI+UGFsbGV0LCBtb2R1bGFyLCBjb2xsYXJzIDgwY21zICogMTIwY21zPC94c2w6d2hlbj4NCgkJCTx4c2w6d2hlbiB0ZXN0PSIkUGFja2FnaW5nVHlwZT0nUEYnIj5QZW48L3hzbDp3aGVuPg0KCQkJPHhzbDp3aGVuIHRlc3Q9IiRQYWNrYWdpbmdUeXBlPSdQRyciPlBsYXRlPC94c2w6d2hlbj4NCgkJCTx4c2w6d2hlbiB0ZXN0PSIkUGFja2FnaW5nVHlwZT0nUEgnIj5QaXRjaGVyPC94c2w6d2hlbj4NCgkJCTx4c2w6d2hlbiB0ZXN0PSIkUGFja2FnaW5nVHlwZT0nUEknIj5QaXBlPC94c2w6d2hlbj4NCgkJCTx4c2w6d2hlbiB0ZXN0PSIkUGFja2FnaW5nVHlwZT0nUEonIj5QdW5uZXQ8L3hzbDp3aGVuPg0KCQkJPHhzbDp3aGVuIHRlc3Q9IiRQYWNrYWdpbmdUeXBlPSdQSyciPlBhY2thZ2U8L3hzbDp3aGVuPg0KCQkJPHhzbDp3aGVuIHRlc3Q9IiRQYWNrYWdpbmdUeXBlPSdQTCciPlBhaWw8L3hzbDp3aGVuPg0KCQkJPHhzbDp3aGVuIHRlc3Q9IiRQYWNrYWdpbmdUeXBlPSdQTiciPlBsYW5rPC94c2w6d2hlbj4NCgkJCTx4c2w6d2hlbiB0ZXN0PSIkUGFja2FnaW5nVHlwZT0nUE8nIj5Qb3VjaDwveHNsOndoZW4+DQoJCQk8eHNsOndoZW4gdGVzdD0iJFBhY2thZ2luZ1R5cGU9J1BQJyI+UGllY2U8L3hzbDp3aGVuPg0KCQkJPHhzbDp3aGVuIHRlc3Q9IiRQYWNrYWdpbmdUeXBlPSdQUiciPlJlY2VwdGFjbGUsIHBsYXN0aWM8L3hzbDp3aGVuPg0KCQkJPHhzbDp3aGVuIHRlc3Q9IiRQYWNrYWdpbmdUeXBlPSdQVCciPlBvdDwveHNsOndoZW4+DQoJCQk8eHNsOndoZW4gdGVzdD0iJFBhY2thZ2luZ1R5cGU9J1BVJyI+VHJheTwveHNsOndoZW4+DQoJCQk8eHNsOndoZW4gdGVzdD0iJFBhY2thZ2luZ1R5cGU9J1BWJyI+UGlwZXMsIGluIGJ1bmRsZS9idW5jaC90cnVzczwveHNsOndoZW4+DQoJCQk8eHNsOndoZW4gdGVzdD0iJFBhY2thZ2luZ1R5cGU9J1BYJyI+UGFsbGV0PC94c2w6d2hlbj4NCgkJCTx4c2w6d2hlbiB0ZXN0PSIkUGFja2FnaW5nVHlwZT0nUFknIj5QbGF0ZXMsIGluIGJ1bmRsZS9idW5jaC90cnVzczwveHNsOndoZW4+DQoJCQk8eHNsOndoZW4gdGVzdD0iJFBhY2thZ2luZ1R5cGU9J1BaJyI+UGxhbmtzLCBpbiBidW5kbGUvYnVuY2gvdHJ1c3M8L3hzbDp3aGVuPg0KCQkJPHhzbDp3aGVuIHRlc3Q9IiRQYWNrYWdpbmdUeXBlPSdRQSciPkRydW0sIHN0ZWVsLCBub24tcmVtb3ZhYmxlIGhlYWQ8L3hzbDp3aGVuPg0KCQkJPHhzbDp3aGVuIHRlc3Q9IiRQYWNrYWdpbmdUeXBlPSdRQiciPkRydW0sIHN0ZWVsLCByZW1vdmFibGUgaGVhZDwveHNsOndoZW4+DQoJCQk8eHNsOndoZW4gdGVzdD0iJFBhY2thZ2luZ1R5cGU9J1FDJyI+RHJ1bSwgYWx1bWluaXVtLCBub24tcmVtb3ZhYmxlIGhlYWQ8L3hzbDp3aGVuPg0KCQkJPHhzbDp3aGVuIHRlc3Q9IiRQYWNrYWdpbmdUeXBlPSdRRCciPkRydW0sIGFsdW1pbml1bSwgcmVtb3ZhYmxlIGhlYWQ8L3hzbDp3aGVuPg0KCQkJPHhzbDp3aGVuIHRlc3Q9IiRQYWNrYWdpbmdUeXBlPSdRRiciPkRydW0sIHBsYXN0aWMsIG5vbi1yZW1vdmFibGUgaGVhZDwveHNsOndoZW4+DQoJCQk8eHNsOndoZW4gdGVzdD0iJFBhY2thZ2luZ1R5cGU9J1FHJyI+RHJ1bSwgcGxhc3RpYywgcmVtb3ZhYmxlIGhlYWQ8L3hzbDp3aGVuPg0KCQkJPHhzbDp3aGVuIHRlc3Q9IiRQYWNrYWdpbmdUeXBlPSdRSCciPkJhcnJlbCwgd29vZGVuLCBidW5nIHR5cGU8L3hzbDp3aGVuPg0KCQkJPHhzbDp3aGVuIHRlc3Q9IiRQYWNrYWdpbmdUeXBlPSdRSiciPkJhcnJlbCwgd29vZGVuLCByZW1vdmFibGUgaGVhZDwveHNsOndoZW4+DQoJCQk8eHNsOndoZW4gdGVzdD0iJFBhY2thZ2luZ1R5cGU9J1FLJyI+SmVycmljYW4sIHN0ZWVsLCBub24tcmVtb3ZhYmxlIGhlYWQ8L3hzbDp3aGVuPg0KCQkJPHhzbDp3aGVuIHRlc3Q9IiRQYWNrYWdpbmdUeXBlPSdRTCciPkplcnJpY2FuLCBzdGVlbCwgcmVtb3ZhYmxlIGhlYWQ8L3hzbDp3aGVuPg0KCQkJPHhzbDp3aGVuIHRlc3Q9IiRQYWNrYWdpbmdUeXBlPSdRTSciPkplcnJpY2FuLCBwbGFzdGljLCBub24tcmVtb3ZhYmxlIGhlYWQ8L3hzbDp3aGVuPg0KCQkJPHhzbDp3aGVuIHRlc3Q9IiRQYWNrYWdpbmdUeXBlPSdRTiciPkplcnJpY2FuLCBwbGFzdGljLCByZW1vdmFibGUgaGVhZDwveHNsOndoZW4+DQoJCQk8eHNsOndoZW4gdGVzdD0iJFBhY2thZ2luZ1R5cGU9J1FQJyI+Qm94LCB3b29kZW4sIG5hdHVyYWwgd29vZCwgb3JkaW5hcnk8L3hzbDp3aGVuPg0KCQkJPHhzbDp3aGVuIHRlc3Q9IiRQYWNrYWdpbmdUeXBlPSdRUSciPkJveCwgd29vZGVuLCBuYXR1cmFsIHdvb2QsIHdpdGggc2lmdCBwcm9vZiB3YWxsczwveHNsOndoZW4+DQoJCQk8eHNsOndoZW4gdGVzdD0iJFBhY2thZ2luZ1R5cGU9J1FSJyI+Qm94LCBwbGFzdGljLCBleHBhbmRlZDwveHNsOndoZW4+DQoJCQk8eHNsOndoZW4gdGVzdD0iJFBhY2thZ2luZ1R5cGU9J1FTJyI+Qm94LCBwbGFzdGljLCBzb2xpZDwveHNsOndoZW4+DQoJCQk8eHNsOndoZW4gdGVzdD0iJFBhY2thZ2luZ1R5cGU9J1JEJyI+Um9kPC94c2w6d2hlbj4NCgkJCTx4c2w6d2hlbiB0ZXN0PSIkUGFja2FnaW5nVHlwZT0nUkcnIj5SaW5nPC94c2w6d2hlbj4NCgkJCTx4c2w6d2hlbiB0ZXN0PSIkUGFja2FnaW5nVHlwZT0nUkonIj5SYWNrLCBjbG90aGluZyBoYW5nZXI8L3hzbDp3aGVuPg0KCQkJPHhzbDp3aGVuIHRlc3Q9IiRQYWNrYWdpbmdUeXBlPSdSSyciPlJhY2s8L3hzbDp3aGVuPg0KCQkJPHhzbDp3aGVuIHRlc3Q9IiRQYWNrYWdpbmdUeXBlPSdSTCciPlJlZWw8L3hzbDp3aGVuPg0KCQkJPHhzbDp3aGVuIHRlc3Q9IiRQYWNrYWdpbmdUeXBlPSdSTyciPlJvbGw8L3hzbDp3aGVuPg0KCQkJPHhzbDp3aGVuIHRlc3Q9IiRQYWNrYWdpbmdUeXBlPSdSVCciPlJlZG5ldDwveHNsOndoZW4+DQoJCQk8eHNsOndoZW4gdGVzdD0iJFBhY2thZ2luZ1R5cGU9J1JaJyI+Um9kcywgaW4gYnVuZGxlL2J1bmNoL3RydXNzPC94c2w6d2hlbj4NCgkJCTx4c2w6d2hlbiB0ZXN0PSIkUGFja2FnaW5nVHlwZT0nU0EnIj5TYWNrPC94c2w6d2hlbj4NCgkJCTx4c2w6d2hlbiB0ZXN0PSIkUGFja2FnaW5nVHlwZT0nU0InIj5TbGFiPC94c2w6d2hlbj4NCgkJCTx4c2w6d2hlbiB0ZXN0PSIkUGFja2FnaW5nVHlwZT0nU0MnIj5DcmF0ZSwgc2hhbGxvdzwveHNsOndoZW4+DQoJCQk8eHNsOndoZW4gdGVzdD0iJFBhY2thZ2luZ1R5cGU9J1NEJyI+U3BpbmRsZTwveHNsOndoZW4+DQoJCQk8eHNsOndoZW4gdGVzdD0iJFBhY2thZ2luZ1R5cGU9J1NFJyI+U2VhLWNoZXN0PC94c2w6d2hlbj4NCgkJCTx4c2w6d2hlbiB0ZXN0PSIkUGFja2FnaW5nVHlwZT0nU0gnIj5TYWNoZXQ8L3hzbDp3aGVuPg0KCQkJPHhzbDp3aGVuIHRlc3Q9IiRQYWNrYWdpbmdUeXBlPSdTSSciPlNraWQ8L3hzbDp3aGVuPg0KCQkJPHhzbDp3aGVuIHRlc3Q9IiRQYWNrYWdpbmdUeXBlPSdTSyciPkNhc2UsIHNrZWxldG9uPC94c2w6d2hlbj4NCgkJCTx4c2w6d2hlbiB0ZXN0PSIkUGFja2FnaW5nVHlwZT0nU0wnIj5TbGlwc2hlZXQ8L3hzbDp3aGVuPg0KCQkJPHhzbDp3aGVuIHRlc3Q9IiRQYWNrYWdpbmdUeXBlPSdTTSciPlNoZWV0bWV0YWw8L3hzbDp3aGVuPg0KCQkJPHhzbDp3aGVuIHRlc3Q9IiRQYWNrYWdpbmdUeXBlPSdTTyciPlNwb29sPC94c2w6d2hlbj4NCgkJCTx4c2w6d2hlbiB0ZXN0PSIkUGFja2FnaW5nVHlwZT0nU1AnIj5TaGVldCwgcGxhc3RpYyB3cmFwcGluZzwveHNsOndoZW4+DQoJCQk8eHNsOndoZW4gdGVzdD0iJFBhY2thZ2luZ1R5cGU9J1NTJyI+Q2FzZSwgc3RlZWw8L3hzbDp3aGVuPg0KCQkJPHhzbDp3aGVuIHRlc3Q9IiRQYWNrYWdpbmdUeXBlPSdTVCciPlNoZWV0PC94c2w6d2hlbj4NCgkJCTx4c2w6d2hlbiB0ZXN0PSIkUGFja2FnaW5nVHlwZT0nU1UnIj5TdWl0Y2FzZTwveHNsOndoZW4+DQoJCQk8eHNsOndoZW4gdGVzdD0iJFBhY2thZ2luZ1R5cGU9J1NWJyI+RW52ZWxvcGUsIHN0ZWVsPC94c2w6d2hlbj4NCgkJCTx4c2w6d2hlbiB0ZXN0PSIkUGFja2FnaW5nVHlwZT0nU1cnIj5TaHJpbmt3cmFwcGVkPC94c2w6d2hlbj4NCgkJCTx4c2w6d2hlbiB0ZXN0PSIkUGFja2FnaW5nVHlwZT0nU1gnIj5TZXQ8L3hzbDp3aGVuPg0KCQkJPHhzbDp3aGVuIHRlc3Q9IiRQYWNrYWdpbmdUeXBlPSdTWSciPlNsZWV2ZTwveHNsOndoZW4+DQoJCQk8eHNsOndoZW4gdGVzdD0iJFBhY2thZ2luZ1R5cGU9J1NaJyI+U2hlZXRzLCBpbiBidW5kbGUvYnVuY2gvdHJ1c3M8L3hzbDp3aGVuPg0KCQkJPHhzbDp3aGVuIHRlc3Q9IiRQYWNrYWdpbmdUeXBlPSdUMSciPlRhYmxldDwveHNsOndoZW4+DQoJCQk8eHNsOndoZW4gdGVzdD0iJFBhY2thZ2luZ1R5cGU9J1RCJyI+VHViPC94c2w6d2hlbj4NCgkJCTx4c2w6d2hlbiB0ZXN0PSIkUGFja2FnaW5nVHlwZT0nVEMnIj5UZWEtY2hlc3Q8L3hzbDp3aGVuPg0KCQkJPHhzbDp3aGVuIHRlc3Q9IiRQYWNrYWdpbmdUeXBlPSdURCciPlR1YmUsIGNvbGxhcHNpYmxlPC94c2w6d2hlbj4NCgkJCTx4c2w6d2hlbiB0ZXN0PSIkUGFja2FnaW5nVHlwZT0nVEUnIj5UeXJlPC94c2w6d2hlbj4NCgkJCTx4c2w6d2hlbiB0ZXN0PSIkUGFja2FnaW5nVHlwZT0nVEcnIj5UYW5rIGNvbnRhaW5lciwgZ2VuZXJpYzwveHNsOndoZW4+DQoJCQk8eHNsOndoZW4gdGVzdD0iJFBhY2thZ2luZ1R5cGU9J1RJJyI+VGllcmNlPC94c2w6d2hlbj4NCgkJCTx4c2w6d2hlbiB0ZXN0PSIkUGFja2FnaW5nVHlwZT0nVEsnIj5UYW5rLCByZWN0YW5ndWxhcjwveHNsOndoZW4+DQoJCQk8eHNsOndoZW4gdGVzdD0iJFBhY2thZ2luZ1R5cGU9J1RMJyI+VHViLCB3aXRoIGxpZDwveHNsOndoZW4+DQoJCQk8eHNsOndoZW4gdGVzdD0iJFBhY2thZ2luZ1R5cGU9J1ROJyI+VGluPC94c2w6d2hlbj4NCgkJCTx4c2w6d2hlbiB0ZXN0PSIkUGFja2FnaW5nVHlwZT0nVE8nIj5UdW48L3hzbDp3aGVuPg0KCQkJPHhzbDp3aGVuIHRlc3Q9IiRQYWNrYWdpbmdUeXBlPSdUUiciPlRydW5rPC94c2w6d2hlbj4NCgkJCTx4c2w6d2hlbiB0ZXN0PSIkUGFja2FnaW5nVHlwZT0nVFMnIj5UcnVzczwveHNsOndoZW4+DQoJCQk8eHNsOndoZW4gdGVzdD0iJFBhY2thZ2luZ1R5cGU9J1RUJyI+QmFnLCB0b3RlPC94c2w6d2hlbj4NCgkJCTx4c2w6d2hlbiB0ZXN0PSIkUGFja2FnaW5nVHlwZT0nVFUnIj5UdWJlPC94c2w6d2hlbj4NCgkJCTx4c2w6d2hlbiB0ZXN0PSIkUGFja2FnaW5nVHlwZT0nVFYnIj5UdWJlLCB3aXRoIG5venpsZTwveHNsOndoZW4+DQoJCQk8eHNsOndoZW4gdGVzdD0iJFBhY2thZ2luZ1R5cGU9J1RXJyI+UGFsbGV0LCB0cml3YWxsPC94c2w6d2hlbj4NCgkJCTx4c2w6d2hlbiB0ZXN0PSIkUGFja2FnaW5nVHlwZT0nVFknIj5UYW5rLCBjeWxpbmRyaWNhbDwveHNsOndoZW4+DQoJCQk8eHNsOndoZW4gdGVzdD0iJFBhY2thZ2luZ1R5cGU9J1RaJyI+VHViZXMsIGluIGJ1bmRsZS9idW5jaC90cnVzczwveHNsOndoZW4+DQoJCQk8eHNsOndoZW4gdGVzdD0iJFBhY2thZ2luZ1R5cGU9J1VDJyI+VW5jYWdlZDwveHNsOndoZW4+DQoJCQk8eHNsOndoZW4gdGVzdD0iJFBhY2thZ2luZ1R5cGU9J1VOJyI+VW5pdDwveHNsOndoZW4+DQoJCQk8eHNsOndoZW4gdGVzdD0iJFBhY2thZ2luZ1R5cGU9J1ZBJyI+VmF0PC94c2w6d2hlbj4NCgkJCTx4c2w6d2hlbiB0ZXN0PSIkUGFja2FnaW5nVHlwZT0nVkcnIj5CdWxrLCBnYXMgKGF0IDEwMzEgbWJhciBhbmQgMTXDgsKwQyk8L3hzbDp3aGVuPg0KCQkJPHhzbDp3aGVuIHRlc3Q9IiRQYWNrYWdpbmdUeXBlPSdWSSciPlZpYWw8L3hzbDp3aGVuPg0KCQkJPHhzbDp3aGVuIHRlc3Q9IiRQYWNrYWdpbmdUeXBlPSdWSyciPlZhbnBhY2s8L3hzbDp3aGVuPg0KCQkJPHhzbDp3aGVuIHRlc3Q9IiRQYWNrYWdpbmdUeXBlPSdWTCciPkJ1bGssIGxpcXVpZDwveHNsOndoZW4+DQoJCQk8eHNsOndoZW4gdGVzdD0iJFBhY2thZ2luZ1R5cGU9J1ZPJyI+QnVsaywgc29saWQsIGxhcmdlIHBhcnRpY2xlcyAow4LigJxub2R1bGVzw4LigJ0pPC94c2w6d2hlbj4NCgkJCTx4c2w6d2hlbiB0ZXN0PSIkUGFja2FnaW5nVHlwZT0nVlAnIj5WYWN1dW0tcGFja2VkPC94c2w6d2hlbj4NCgkJCTx4c2w6d2hlbiB0ZXN0PSIkUGFja2FnaW5nVHlwZT0nVlEnIj5CdWxrLCBsaXF1ZWZpZWQgZ2FzIChhdCBhYm5vcm1hbCB0ZW1wZXJhdHVyZS9wcmVzc3VyZSk8L3hzbDp3aGVuPg0KCQkJPHhzbDp3aGVuIHRlc3Q9IiRQYWNrYWdpbmdUeXBlPSdWTiciPlZlaGljbGU8L3hzbDp3aGVuPg0KCQkJPHhzbDp3aGVuIHRlc3Q9IiRQYWNrYWdpbmdUeXBlPSdWUiciPkJ1bGssIHNvbGlkLCBncmFudWxhciBwYXJ0aWNsZXMgKMOC4oCcZ3JhaW5zw4LigJ0pPC94c2w6d2hlbj4NCgkJCTx4c2w6d2hlbiB0ZXN0PSIkUGFja2FnaW5nVHlwZT0nVlMnIj5CdWxrLCBzY3JhcCBtZXRhbDwveHNsOndoZW4+DQoJCQk8eHNsOndoZW4gdGVzdD0iJFBhY2thZ2luZ1R5cGU9J1ZZJyI+QnVsaywgc29saWQsIGZpbmUgcGFydGljbGVzICjDguKAnHBvd2RlcnPDguKAnSk8L3hzbDp3aGVuPg0KCQkJPHhzbDp3aGVuIHRlc3Q9IiRQYWNrYWdpbmdUeXBlPSdXQSciPkludGVybWVkaWF0ZSBidWxrIGNvbnRhaW5lcjwveHNsOndoZW4+DQoJCQk8eHNsOndoZW4gdGVzdD0iJFBhY2thZ2luZ1R5cGU9J1dCJyI+V2lja2VyYm90dGxlPC94c2w6d2hlbj4NCgkJCTx4c2w6d2hlbiB0ZXN0PSIkUGFja2FnaW5nVHlwZT0nV0MnIj5JbnRlcm1lZGlhdGUgYnVsayBjb250YWluZXIsIHN0ZWVsPC94c2w6d2hlbj4NCgkJCTx4c2w6d2hlbiB0ZXN0PSIkUGFja2FnaW5nVHlwZT0nV0QnIj5JbnRlcm1lZGlhdGUgYnVsayBjb250YWluZXIsIGFsdW1pbml1bTwveHNsOndoZW4+DQoJCQk8eHNsOndoZW4gdGVzdD0iJFBhY2thZ2luZ1R5cGU9J1dGJyI+SW50ZXJtZWRpYXRlIGJ1bGsgY29udGFpbmVyLCBtZXRhbDwveHNsOndoZW4+DQoJCQk8eHNsOndoZW4gdGVzdD0iJFBhY2thZ2luZ1R5cGU9J1dHJyI+SW50ZXJtZWRpYXRlIGJ1bGsgY29udGFpbmVyLCBzdGVlbCwgcHJlc3N1cmlzZWQgPiAxMCBrcGE8L3hzbDp3aGVuPg0KCQkJPHhzbDp3aGVuIHRlc3Q9IiRQYWNrYWdpbmdUeXBlPSdXSCciPkludGVybWVkaWF0ZSBidWxrIGNvbnRhaW5lciwgYWx1bWluaXVtLCBwcmVzc3VyaXNlZCA+IDEwIGtwYTwveHNsOndoZW4+DQoJCQk8eHNsOndoZW4gdGVzdD0iJFBhY2thZ2luZ1R5cGU9J1dKJyI+SW50ZXJtZWRpYXRlIGJ1bGsgY29udGFpbmVyLCBtZXRhbCwgcHJlc3N1cmUgMTAga3BhPC94c2w6d2hlbj4NCgkJCTx4c2w6d2hlbiB0ZXN0PSIkUGFja2FnaW5nVHlwZT0nV0snIj5JbnRlcm1lZGlhdGUgYnVsayBjb250YWluZXIsIHN0ZWVsLCBsaXF1aWQ8L3hzbDp3aGVuPg0KCQkJPHhzbDp3aGVuIHRlc3Q9IiRQYWNrYWdpbmdUeXBlPSdXTCciPkludGVybWVkaWF0ZSBidWxrIGNvbnRhaW5lciwgYWx1bWluaXVtLCBsaXF1aWQ8L3hzbDp3aGVuPg0KCQkJPHhzbDp3aGVuIHRlc3Q9IiRQYWNrYWdpbmdUeXBlPSdXTSciPkludGVybWVkaWF0ZSBidWxrIGNvbnRhaW5lciwgbWV0YWwsIGxpcXVpZDwveHNsOndoZW4+DQoJCQk8eHNsOndoZW4gdGVzdD0iJFBhY2thZ2luZ1R5cGU9J1dOJyI+SW50ZXJtZWRpYXRlIGJ1bGsgY29udGFpbmVyLCB3b3ZlbiBwbGFzdGljLCB3aXRob3V0IGNvYXQvbGluZXI8L3hzbDp3aGVuPg0KCQkJPHhzbDp3aGVuIHRlc3Q9IiRQYWNrYWdpbmdUeXBlPSdXUCciPkludGVybWVkaWF0ZSBidWxrIGNvbnRhaW5lciwgd292ZW4gcGxhc3RpYywgY29hdGVkPC94c2w6d2hlbj4NCgkJCTx4c2w6d2hlbiB0ZXN0PSIkUGFja2FnaW5nVHlwZT0nV1EnIj5JbnRlcm1lZGlhdGUgYnVsayBjb250YWluZXIsIHdvdmVuIHBsYXN0aWMsIHdpdGggbGluZXI8L3hzbDp3aGVuPg0KCQkJPHhzbDp3aGVuIHRlc3Q9IiRQYWNrYWdpbmdUeXBlPSdXUiciPkludGVybWVkaWF0ZSBidWxrIGNvbnRhaW5lciwgd292ZW4gcGxhc3RpYywgY29hdGVkIGFuZCBsaW5lcjwveHNsOndoZW4+DQoJCQk8eHNsOndoZW4gdGVzdD0iJFBhY2thZ2luZ1R5cGU9J1dTJyI+SW50ZXJtZWRpYXRlIGJ1bGsgY29udGFpbmVyLCBwbGFzdGljIGZpbG08L3hzbDp3aGVuPg0KCQkJPHhzbDp3aGVuIHRlc3Q9IiRQYWNrYWdpbmdUeXBlPSdXVCciPkludGVybWVkaWF0ZSBidWxrIGNvbnRhaW5lciwgdGV4dGlsZSB3aXRoIG91dCBjb2F0L2xpbmVyPC94c2w6d2hlbj4NCgkJCTx4c2w6d2hlbiB0ZXN0PSIkUGFja2FnaW5nVHlwZT0nV1UnIj5JbnRlcm1lZGlhdGUgYnVsayBjb250YWluZXIsIG5hdHVyYWwgd29vZCwgd2l0aCBpbm5lciBsaW5lcjwveHNsOndoZW4+DQoJCQk8eHNsOndoZW4gdGVzdD0iJFBhY2thZ2luZ1R5cGU9J1dWJyI+SW50ZXJtZWRpYXRlIGJ1bGsgY29udGFpbmVyLCB0ZXh0aWxlLCBjb2F0ZWQ8L3hzbDp3aGVuPg0KCQkJPHhzbDp3aGVuIHRlc3Q9IiRQYWNrYWdpbmdUeXBlPSdXVyciPkludGVybWVkaWF0ZSBidWxrIGNvbnRhaW5lciwgdGV4dGlsZSwgd2l0aCBsaW5lcjwveHNsOndoZW4+DQoJCQk8eHNsOndoZW4gdGVzdD0iJFBhY2thZ2luZ1R5cGU9J1dYJyI+SW50ZXJtZWRpYXRlIGJ1bGsgY29udGFpbmVyLCB0ZXh0aWxlLCBjb2F0ZWQgYW5kIGxpbmVyPC94c2w6d2hlbj4NCgkJCTx4c2w6d2hlbiB0ZXN0PSIkUGFja2FnaW5nVHlwZT0nV1knIj5JbnRlcm1lZGlhdGUgYnVsayBjb250YWluZXIsIHBseXdvb2QsIHdpdGggaW5uZXIgbGluZXI8L3hzbDp3aGVuPg0KCQkJPHhzbDp3aGVuIHRlc3Q9IiRQYWNrYWdpbmdUeXBlPSdXWiciPkludGVybWVkaWF0ZSBidWxrIGNvbnRhaW5lciwgcmVjb25zdGl0dXRlZCB3b29kLCB3aXRoIGlubmVyIGxpbmVyPC94c2w6d2hlbj4NCgkJCTx4c2w6d2hlbiB0ZXN0PSIkUGFja2FnaW5nVHlwZT0nWEEnIj5CYWcsIHdvdmVuIHBsYXN0aWMsIHdpdGhvdXQgaW5uZXIgY29hdC9saW5lcjwveHNsOndoZW4+DQoJCQk8eHNsOndoZW4gdGVzdD0iJFBhY2thZ2luZ1R5cGU9J1hCJyI+QmFnLCB3b3ZlbiBwbGFzdGljLCBzaWZ0IHByb29mPC94c2w6d2hlbj4NCgkJCTx4c2w6d2hlbiB0ZXN0PSIkUGFja2FnaW5nVHlwZT0nWEMnIj5CYWcsIHdvdmVuIHBsYXN0aWMsIHdhdGVyIHJlc2lzdGFudDwveHNsOndoZW4+DQoJCQk8eHNsOndoZW4gdGVzdD0iJFBhY2thZ2luZ1R5cGU9J1hEJyI+QmFnLCBwbGFzdGljcyBmaWxtPC94c2w6d2hlbj4NCgkJCTx4c2w6d2hlbiB0ZXN0PSIkUGFja2FnaW5nVHlwZT0nWEYnIj5CYWcsIHRleHRpbGUsIHdpdGhvdXQgaW5uZXIgY29hdC9saW5lcjwveHNsOndoZW4+DQoJCQk8eHNsOndoZW4gdGVzdD0iJFBhY2thZ2luZ1R5cGU9J1hHJyI+QmFnLCB0ZXh0aWxlLCBzaWZ0IHByb29mPC94c2w6d2hlbj4NCgkJCTx4c2w6d2hlbiB0ZXN0PSIkUGFja2FnaW5nVHlwZT0nWEgnIj5CYWcsIHRleHRpbGUsIHdhdGVyIHJlc2lzdGFudDwveHNsOndoZW4+DQoJCQk8eHNsOndoZW4gdGVzdD0iJFBhY2thZ2luZ1R5cGU9J1hKJyI+QmFnLCBwYXBlciwgbXVsdGktd2FsbDwveHNsOndoZW4+DQoJCQk8eHNsOndoZW4gdGVzdD0iJFBhY2thZ2luZ1R5cGU9J1hLJyI+QmFnLCBwYXBlciwgbXVsdGktd2FsbCwgd2F0ZXIgcmVzaXN0YW50PC94c2w6d2hlbj4NCgkJCTx4c2w6d2hlbiB0ZXN0PSIkUGFja2FnaW5nVHlwZT0nWUEnIj5Db21wb3NpdGUgcGFja2FnaW5nLCBwbGFzdGljIHJlY2VwdGFjbGUgaW4gc3RlZWwgZHJ1bTwveHNsOndoZW4+DQoJCQk8eHNsOndoZW4gdGVzdD0iJFBhY2thZ2luZ1R5cGU9J1lCJyI+Q29tcG9zaXRlIHBhY2thZ2luZywgcGxhc3RpYyByZWNlcHRhY2xlIGluIHN0ZWVsIGNyYXRlIGJveDwveHNsOndoZW4+DQoJCQk8eHNsOndoZW4gdGVzdD0iJFBhY2thZ2luZ1R5cGU9J1lDJyI+Q29tcG9zaXRlIHBhY2thZ2luZywgcGxhc3RpYyByZWNlcHRhY2xlIGluIGFsdW1pbml1bSBkcnVtPC94c2w6d2hlbj4NCgkJCTx4c2w6d2hlbiB0ZXN0PSIkUGFja2FnaW5nVHlwZT0nWUQnIj5Db21wb3NpdGUgcGFja2FnaW5nLCBwbGFzdGljIHJlY2VwdGFjbGUgaW4gYWx1bWluaXVtIGNyYXRlPC94c2w6d2hlbj4NCgkJCTx4c2w6d2hlbiB0ZXN0PSIkUGFja2FnaW5nVHlwZT0nWUYnIj5Db21wb3NpdGUgcGFja2FnaW5nLCBwbGFzdGljIHJlY2VwdGFjbGUgaW4gd29vZGVuIGJveDwveHNsOndoZW4+DQoJCQk8eHNsOndoZW4gdGVzdD0iJFBhY2thZ2luZ1R5cGU9J1lHJyI+Q29tcG9zaXRlIHBhY2thZ2luZywgcGxhc3RpYyByZWNlcHRhY2xlIGluIHBseXdvb2QgZHJ1bTwveHNsOndoZW4+DQoJCQk8eHNsOndoZW4gdGVzdD0iJFBhY2thZ2luZ1R5cGU9J1lIJyI+Q29tcG9zaXRlIHBhY2thZ2luZywgcGxhc3RpYyByZWNlcHRhY2xlIGluIHBseXdvb2QgYm94PC94c2w6d2hlbj4NCgkJCTx4c2w6d2hlbiB0ZXN0PSIkUGFja2FnaW5nVHlwZT0nWUonIj5Db21wb3NpdGUgcGFja2FnaW5nLCBwbGFzdGljIHJlY2VwdGFjbGUgaW4gZmlicmUgZHJ1bTwveHNsOndoZW4+DQoJCQk8eHNsOndoZW4gdGVzdD0iJFBhY2thZ2luZ1R5cGU9J1lLJyI+Q29tcG9zaXRlIHBhY2thZ2luZywgcGxhc3RpYyByZWNlcHRhY2xlIGluIGZpYnJlYm9hcmQgYm94PC94c2w6d2hlbj4NCgkJCTx4c2w6d2hlbiB0ZXN0PSIkUGFja2FnaW5nVHlwZT0nWUwnIj5Db21wb3NpdGUgcGFja2FnaW5nLCBwbGFzdGljIHJlY2VwdGFjbGUgaW4gcGxhc3RpYyBkcnVtPC94c2w6d2hlbj4NCgkJCTx4c2w6d2hlbiB0ZXN0PSIkUGFja2FnaW5nVHlwZT0nWU0nIj5Db21wb3NpdGUgcGFja2FnaW5nLCBwbGFzdGljIHJlY2VwdGFjbGUgaW4gc29saWQgcGxhc3RpYyBib3g8L3hzbDp3aGVuPg0KCQkJPHhzbDp3aGVuIHRlc3Q9IiRQYWNrYWdpbmdUeXBlPSdZTiciPkNvbXBvc2l0ZSBwYWNrYWdpbmcsIGdsYXNzIHJlY2VwdGFjbGUgaW4gc3RlZWwgZHJ1bTwveHNsOndoZW4+DQoJCQk8eHNsOndoZW4gdGVzdD0iJFBhY2thZ2luZ1R5cGU9J1lQJyI+Q29tcG9zaXRlIHBhY2thZ2luZywgZ2xhc3MgcmVjZXB0YWNsZSBpbiBzdGVlbCBjcmF0ZSBib3g8L3hzbDp3aGVuPg0KCQkJPHhzbDp3aGVuIHRlc3Q9IiRQYWNrYWdpbmdUeXBlPSdZUSciPkNvbXBvc2l0ZSBwYWNrYWdpbmcsIGdsYXNzIHJlY2VwdGFjbGUgaW4gYWx1bWluaXVtIGRydW08L3hzbDp3aGVuPg0KCQkJPHhzbDp3aGVuIHRlc3Q9IiRQYWNrYWdpbmdUeXBlPSdZUiciPkNvbXBvc2l0ZSBwYWNrYWdpbmcsIGdsYXNzIHJlY2VwdGFjbGUgaW4gYWx1bWluaXVtIGNyYXRlPC94c2w6d2hlbj4NCgkJCTx4c2w6d2hlbiB0ZXN0PSIkUGFja2FnaW5nVHlwZT0nWVMnIj5Db21wb3NpdGUgcGFja2FnaW5nLCBnbGFzcyByZWNlcHRhY2xlIGluIHdvb2RlbiBib3g8L3hzbDp3aGVuPg0KCQkJPHhzbDp3aGVuIHRlc3Q9IiRQYWNrYWdpbmdUeXBlPSdZVCciPkNvbXBvc2l0ZSBwYWNrYWdpbmcsIGdsYXNzIHJlY2VwdGFjbGUgaW4gcGx5d29vZCBkcnVtPC94c2w6d2hlbj4NCgkJCTx4c2w6d2hlbiB0ZXN0PSIkUGFja2FnaW5nVHlwZT0nWVYnIj5Db21wb3NpdGUgcGFja2FnaW5nLCBnbGFzcyByZWNlcHRhY2xlIGluIHdpY2tlcndvcmsgaGFtcGVyPC94c2w6d2hlbj4NCgkJCTx4c2w6d2hlbiB0ZXN0PSIkUGFja2FnaW5nVHlwZT0nWVcnIj5Db21wb3NpdGUgcGFja2FnaW5nLCBnbGFzcyByZWNlcHRhY2xlIGluIGZpYnJlIGRydW08L3hzbDp3aGVuPg0KCQkJPHhzbDp3aGVuIHRlc3Q9IiRQYWNrYWdpbmdUeXBlPSdZWCciPkNvbXBvc2l0ZSBwYWNrYWdpbmcsIGdsYXNzIHJlY2VwdGFjbGUgaW4gZmlicmVib2FyZCBib3g8L3hzbDp3aGVuPg0KCQkJPHhzbDp3aGVuIHRlc3Q9IiRQYWNrYWdpbmdUeXBlPSdZWSciPkNvbXBvc2l0ZSBwYWNrYWdpbmcsIGdsYXNzIHJlY2VwdGFjbGUgaW4gZXhwYW5kYWJsZSBwbGFzdGljIHBhY2s8L3hzbDp3aGVuPg0KCQkJPHhzbDp3aGVuIHRlc3Q9IiRQYWNrYWdpbmdUeXBlPSdZWiciPkNvbXBvc2l0ZSBwYWNrYWdpbmcsIGdsYXNzIHJlY2VwdGFjbGUgaW4gc29saWQgcGxhc3RpYyBwYWNrPC94c2w6d2hlbj4NCgkJCTx4c2w6d2hlbiB0ZXN0PSIkUGFja2FnaW5nVHlwZT0nWkEnIj5JbnRlcm1lZGlhdGUgYnVsayBjb250YWluZXIsIHBhcGVyLCBtdWx0aS13YWxsPC94c2w6d2hlbj4NCgkJCTx4c2w6d2hlbiB0ZXN0PSIkUGFja2FnaW5nVHlwZT0nWkInIj5CYWcsIGxhcmdlPC94c2w6d2hlbj4NCgkJCTx4c2w6d2hlbiB0ZXN0PSIkUGFja2FnaW5nVHlwZT0nWkMnIj5JbnRlcm1lZGlhdGUgYnVsayBjb250YWluZXIsIHBhcGVyLCBtdWx0aS13YWxsLCB3YXRlciByZXNpc3RhbnQ8L3hzbDp3aGVuPg0KCQkJPHhzbDp3aGVuIHRlc3Q9IiRQYWNrYWdpbmdUeXBlPSdaRCciPkludGVybWVkaWF0ZSBidWxrIGNvbnRhaW5lciwgcmlnaWQgcGxhc3RpYywgd2l0aCBzdHJ1Y3R1cmFsIGVxdWlwbWVudCwgc29saWRzPC94c2w6d2hlbj4NCgkJCTx4c2w6d2hlbiB0ZXN0PSIkUGFja2FnaW5nVHlwZT0nWkYnIj5JbnRlcm1lZGlhdGUgYnVsayBjb250YWluZXIsIHJpZ2lkIHBsYXN0aWMsIGZyZWVzdGFuZGluZywgc29saWRzPC94c2w6d2hlbj4NCgkJCTx4c2w6d2hlbiB0ZXN0PSIkUGFja2FnaW5nVHlwZT0nWkcnIj5JbnRlcm1lZGlhdGUgYnVsayBjb250YWluZXIsIHJpZ2lkIHBsYXN0aWMsIHdpdGggc3RydWN0dXJhbCBlcXVpcG1lbnQsIHByZXNzdXJpc2VkPC94c2w6d2hlbj4NCgkJCTx4c2w6d2hlbiB0ZXN0PSIkUGFja2FnaW5nVHlwZT0nWkgnIj5JbnRlcm1lZGlhdGUgYnVsayBjb250YWluZXIsIHJpZ2lkIHBsYXN0aWMsIGZyZWVzdGFuZGluZywgcHJlc3N1cmlzZWQ8L3hzbDp3aGVuPg0KCQkJPHhzbDp3aGVuIHRlc3Q9IiRQYWNrYWdpbmdUeXBlPSdaSiciPkludGVybWVkaWF0ZSBidWxrIGNvbnRhaW5lciwgcmlnaWQgcGxhc3RpYywgd2l0aCBzdHJ1Y3R1cmFsIGVxdWlwbWVudCwgbGlxdWlkczwveHNsOndoZW4+DQoJCQk8eHNsOndoZW4gdGVzdD0iJFBhY2thZ2luZ1R5cGU9J1pLJyI+SW50ZXJtZWRpYXRlIGJ1bGsgY29udGFpbmVyLCByaWdpZCBwbGFzdGljLCBmcmVlc3RhbmRpbmcsIGxpcXVpZHM8L3hzbDp3aGVuPg0KCQkJPHhzbDp3aGVuIHRlc3Q9IiRQYWNrYWdpbmdUeXBlPSdaTCciPkludGVybWVkaWF0ZSBidWxrIGNvbnRhaW5lciwgY29tcG9zaXRlLCByaWdpZCBwbGFzdGljLCBzb2xpZHM8L3hzbDp3aGVuPg0KCQkJPHhzbDp3aGVuIHRlc3Q9IiRQYWNrYWdpbmdUeXBlPSdaTSciPkludGVybWVkaWF0ZSBidWxrIGNvbnRhaW5lciwgY29tcG9zaXRlLCBmbGV4aWJsZSBwbGFzdGljLCBzb2xpZHM8L3hzbDp3aGVuPg0KCQkJPHhzbDp3aGVuIHRlc3Q9IiRQYWNrYWdpbmdUeXBlPSdaTiciPkludGVybWVkaWF0ZSBidWxrIGNvbnRhaW5lciwgY29tcG9zaXRlLCByaWdpZCBwbGFzdGljLCBwcmVzc3VyaXNlZDwveHNsOndoZW4+DQoJCQk8eHNsOndoZW4gdGVzdD0iJFBhY2thZ2luZ1R5cGU9J1pQJyI+SW50ZXJtZWRpYXRlIGJ1bGsgY29udGFpbmVyLCBjb21wb3NpdGUsIGZsZXhpYmxlIHBsYXN0aWMsIHByZXNzdXJpc2VkPC94c2w6d2hlbj4NCgkJCTx4c2w6d2hlbiB0ZXN0PSIkUGFja2FnaW5nVHlwZT0nWlEnIj5JbnRlcm1lZGlhdGUgYnVsayBjb250YWluZXIsIGNvbXBvc2l0ZSwgcmlnaWQgcGxhc3RpYywgbGlxdWlkczwveHNsOndoZW4+DQoJCQk8eHNsOndoZW4gdGVzdD0iJFBhY2thZ2luZ1R5cGU9J1pSJyI+SW50ZXJtZWRpYXRlIGJ1bGsgY29udGFpbmVyLCBjb21wb3NpdGUsIGZsZXhpYmxlIHBsYXN0aWMsIGxpcXVpZHM8L3hzbDp3aGVuPg0KCQkJPHhzbDp3aGVuIHRlc3Q9IiRQYWNrYWdpbmdUeXBlPSdaUyciPkludGVybWVkaWF0ZSBidWxrIGNvbnRhaW5lciwgY29tcG9zaXRlPC94c2w6d2hlbj4NCgkJCTx4c2w6d2hlbiB0ZXN0PSIkUGFja2FnaW5nVHlwZT0nWlQnIj5JbnRlcm1lZGlhdGUgYnVsayBjb250YWluZXIsIGZpYnJlYm9hcmQ8L3hzbDp3aGVuPg0KCQkJPHhzbDp3aGVuIHRlc3Q9IiRQYWNrYWdpbmdUeXBlPSdaVSciPkludGVybWVkaWF0ZSBidWxrIGNvbnRhaW5lciwgZmxleGlibGU8L3hzbDp3aGVuPg0KCQkJPHhzbDp3aGVuIHRlc3Q9IiRQYWNrYWdpbmdUeXBlPSdaViciPkludGVybWVkaWF0ZSBidWxrIGNvbnRhaW5lciwgbWV0YWwsIG90aGVyIHRoYW4gc3RlZWw8L3hzbDp3aGVuPg0KCQkJPHhzbDp3aGVuIHRlc3Q9IiRQYWNrYWdpbmdUeXBlPSdaVyciPkludGVybWVkaWF0ZSBidWxrIGNvbnRhaW5lciwgbmF0dXJhbCB3b29kPC94c2w6d2hlbj4NCgkJCTx4c2w6d2hlbiB0ZXN0PSIkUGFja2FnaW5nVHlwZT0nWlgnIj5JbnRlcm1lZGlhdGUgYnVsayBjb250YWluZXIsIHBseXdvb2Q8L3hzbDp3aGVuPg0KCQkJPHhzbDp3aGVuIHRlc3Q9IiRQYWNrYWdpbmdUeXBlPSdaWSciPkludGVybWVkaWF0ZSBidWxrIGNvbnRhaW5lciwgcmVjb25zdGl0dXRlZCB3b29kPC94c2w6d2hlbj4NCgkJCTx4c2w6b3RoZXJ3aXNlPg0KCQkJCTx4c2w6dmFsdWUtb2Ygc2VsZWN0PSIkUGFja2FnaW5nVHlwZSIvPg0KCQkJPC94c2w6b3RoZXJ3aXNlPg0KCQk8L3hzbDpjaG9vc2U+DQoJPC94c2w6dGVtcGxhdGU+DQoJPHhzbDp0ZW1wbGF0ZSBuYW1lPSJDb3VudHJ5Ij4NCgkJPHhzbDpwYXJhbSBuYW1lPSJDb3VudHJ5VHlwZSIgLz4NCgkJPHhzbDpjaG9vc2U+DQoJCQk8eHNsOndoZW4gdGVzdD0iJENvdW50cnlUeXBlPSdBRiciPkFmZ2FuaXN0YW48L3hzbDp3aGVuPg0KCQkJPHhzbDp3aGVuIHRlc3Q9IiRDb3VudHJ5VHlwZT0nREUnIj5BbG1hbnlhPC94c2w6d2hlbj4NCgkJCTx4c2w6d2hlbiB0ZXN0PSIkQ291bnRyeVR5cGU9J0FEJyI+QW5kb3JyYTwveHNsOndoZW4+DQoJCQk8eHNsOndoZW4gdGVzdD0iJENvdW50cnlUeXBlPSdBTyciPkFuZ29sYTwveHNsOndoZW4+DQoJCQk8eHNsOndoZW4gdGVzdD0iJENvdW50cnlUeXBlPSdBRyciPkFudGlndWEgdmUgQmFyYnVkYTwveHNsOndoZW4+DQoJCQk8eHNsOndoZW4gdGVzdD0iJENvdW50cnlUeXBlPSdBUiciPkFyamFudGluPC94c2w6d2hlbj4NCgkJCTx4c2w6d2hlbiB0ZXN0PSIkQ291bnRyeVR5cGU9J0FMJyI+QXJuYXZ1dGx1azwveHNsOndoZW4+DQoJCQk8eHNsOndoZW4gdGVzdD0iJENvdW50cnlUeXBlPSdBVyciPkFydWJhPC94c2w6d2hlbj4NCgkJCTx4c2w6d2hlbiB0ZXN0PSIkQ291bnRyeVR5cGU9J0FVJyI+QXZ1c3RyYWx5YTwveHNsOndoZW4+DQoJCQk8eHNsOndoZW4gdGVzdD0iJENvdW50cnlUeXBlPSdBVCciPkF2dXN0dXJ5YTwveHNsOndoZW4+DQoJCQk8eHNsOndoZW4gdGVzdD0iJENvdW50cnlUeXBlPSdBWiciPkF6ZXJiYXljYW48L3hzbDp3aGVuPg0KCQkJPHhzbDp3aGVuIHRlc3Q9IiRDb3VudHJ5VHlwZT0nQlMnIj5CYWhhbWFsYXI8L3hzbDp3aGVuPg0KCQkJPHhzbDp3aGVuIHRlc3Q9IiRDb3VudHJ5VHlwZT0nQkgnIj5CYWhyZXluPC94c2w6d2hlbj4NCgkJCTx4c2w6d2hlbiB0ZXN0PSIkQ291bnRyeVR5cGU9J0JEJyI+QmFuZ2xhZGXFnzwveHNsOndoZW4+DQoJCQk8eHNsOndoZW4gdGVzdD0iJENvdW50cnlUeXBlPSdCQiciPkJhcmJhZG9zPC94c2w6d2hlbj4NCgkJCTx4c2w6d2hlbiB0ZXN0PSIkQ291bnRyeVR5cGU9J0VIJyI+QmF0xLEgU2FocmEgKE1BKTwveHNsOndoZW4+DQoJCQk8eHNsOndoZW4gdGVzdD0iJENvdW50cnlUeXBlPSdCRSciPkJlbMOnaWthPC94c2w6d2hlbj4NCgkJCTx4c2w6d2hlbiB0ZXN0PSIkQ291bnRyeVR5cGU9J0JaJyI+QmVsaXplPC94c2w6d2hlbj4NCgkJCTx4c2w6d2hlbiB0ZXN0PSIkQ291bnRyeVR5cGU9J0JKJyI+QmVuaW48L3hzbDp3aGVuPg0KCQkJPHhzbDp3aGVuIHRlc3Q9IiRDb3VudHJ5VHlwZT0nQk0nIj5CZXJtdWRhPC94c2w6d2hlbj4NCgkJCTx4c2w6d2hlbiB0ZXN0PSIkQ291bnRyeVR5cGU9J0JZJyI+QmV5YXogUnVzeWE8L3hzbDp3aGVuPg0KCQkJPHhzbDp3aGVuIHRlc3Q9IiRDb3VudHJ5VHlwZT0nQlQnIj5CaHV0YW48L3hzbDp3aGVuPg0KCQkJPHhzbDp3aGVuIHRlc3Q9IiRDb3VudHJ5VHlwZT0nQUUnIj5CaXJsZcWfaWsgQXJhcCBFbWlybGlrbGVyaTwveHNsOndoZW4+DQoJCQk8eHNsOndoZW4gdGVzdD0iJENvdW50cnlUeXBlPSdVUyciPkJpcmxlxZ9payBEZXZsZXRsZXI8L3hzbDp3aGVuPg0KCQkJPHhzbDp3aGVuIHRlc3Q9IiRDb3VudHJ5VHlwZT0nR0InIj5CaXJsZcWfaWsgS3JhbGzEsWs8L3hzbDp3aGVuPg0KCQkJPHhzbDp3aGVuIHRlc3Q9IiRDb3VudHJ5VHlwZT0nQk8nIj5Cb2xpdnlhPC94c2w6d2hlbj4NCgkJCTx4c2w6d2hlbiB0ZXN0PSIkQ291bnRyeVR5cGU9J0JBJyI+Qm9zbmEtSGVyc2VrPC94c2w6d2hlbj4NCgkJCTx4c2w6d2hlbiB0ZXN0PSIkQ291bnRyeVR5cGU9J0JXJyI+Qm90c3ZhbmE8L3hzbDp3aGVuPg0KCQkJPHhzbDp3aGVuIHRlc3Q9IiRDb3VudHJ5VHlwZT0nQlInIj5CcmV6aWx5YTwveHNsOndoZW4+DQoJCQk8eHNsOndoZW4gdGVzdD0iJENvdW50cnlUeXBlPSdCTiciPkJydW5leTwveHNsOndoZW4+DQoJCQk8eHNsOndoZW4gdGVzdD0iJENvdW50cnlUeXBlPSdCRyciPkJ1bGdhcmlzdGFuPC94c2w6d2hlbj4NCgkJCTx4c2w6d2hlbiB0ZXN0PSIkQ291bnRyeVR5cGU9J0JGJyI+QnVya2luYSBGYXNvPC94c2w6d2hlbj4NCgkJCTx4c2w6d2hlbiB0ZXN0PSIkQ291bnRyeVR5cGU9J0JJJyI+QnVydW5kaTwveHNsOndoZW4+DQoJCQk8eHNsOndoZW4gdGVzdD0iJENvdW50cnlUeXBlPSdURCciPsOHYWQ8L3hzbDp3aGVuPg0KCQkJPHhzbDp3aGVuIHRlc3Q9IiRDb3VudHJ5VHlwZT0nS1knIj5DYXltYW4gQWRhbGFyxLE8L3hzbDp3aGVuPg0KCQkJPHhzbDp3aGVuIHRlc3Q9IiRDb3VudHJ5VHlwZT0nR0knIj5DZWJlbGl0YXLEsWsgKEdCKTwveHNsOndoZW4+DQoJCQk8eHNsOndoZW4gdGVzdD0iJENvdW50cnlUeXBlPSdDWiciPsOHZWsgQ3VtaHVyaXlldGk8L3hzbDp3aGVuPg0KCQkJPHhzbDp3aGVuIHRlc3Q9IiRDb3VudHJ5VHlwZT0nRFonIj5DZXpheWlyPC94c2w6d2hlbj4NCgkJCTx4c2w6d2hlbiB0ZXN0PSIkQ291bnRyeVR5cGU9J0RKJyI+Q2lidXRpPC94c2w6d2hlbj4NCgkJCTx4c2w6d2hlbiB0ZXN0PSIkQ291bnRyeVR5cGU9J0NOJyI+w4dpbjwveHNsOndoZW4+DQoJCQk8eHNsOndoZW4gdGVzdD0iJENvdW50cnlUeXBlPSdESyciPkRhbmltYXJrYTwveHNsOndoZW4+DQoJCQk8eHNsOndoZW4gdGVzdD0iJENvdW50cnlUeXBlPSdDRCciPkRlbW9rcmF0aWsgS29uZ28gQ3VtaHVyaXlldGk8L3hzbDp3aGVuPg0KCQkJPHhzbDp3aGVuIHRlc3Q9IiRDb3VudHJ5VHlwZT0nVEwnIj5Eb8SfdSBUaW1vcjwveHNsOndoZW4+DQoJCQk8eHNsOndoZW4gdGVzdD0iJENvdW50cnlUeXBlPSdETyciPkRvbWluaWsgQ3VtaHVyaXlldGk8L3hzbDp3aGVuPg0KCQkJPHhzbDp3aGVuIHRlc3Q9IiRDb3VudHJ5VHlwZT0nRE0nIj5Eb21pbmlrYTwveHNsOndoZW4+DQoJCQk8eHNsOndoZW4gdGVzdD0iJENvdW50cnlUeXBlPSdFQyciPkVrdmFkb3I8L3hzbDp3aGVuPg0KCQkJPHhzbDp3aGVuIHRlc3Q9IiRDb3VudHJ5VHlwZT0nR1EnIj5Fa3ZhdG9yIEdpbmVzaTwveHNsOndoZW4+DQoJCQk8eHNsOndoZW4gdGVzdD0iJENvdW50cnlUeXBlPSdTViciPkVsIFNhbHZhZG9yPC94c2w6d2hlbj4NCgkJCTx4c2w6d2hlbiB0ZXN0PSIkQ291bnRyeVR5cGU9J0lEJyI+RW5kb25lenlhPC94c2w6d2hlbj4NCgkJCTx4c2w6d2hlbiB0ZXN0PSIkQ291bnRyeVR5cGU9J0VSJyI+RXJpdHJlPC94c2w6d2hlbj4NCgkJCTx4c2w6d2hlbiB0ZXN0PSIkQ291bnRyeVR5cGU9J0FNJyI+RXJtZW5pc3RhbjwveHNsOndoZW4+DQoJCQk8eHNsOndoZW4gdGVzdD0iJENvdW50cnlUeXBlPSdNRiciPkVybWnFnyBNYXJ0aW4gKEZSKTwveHNsOndoZW4+DQoJCQk8eHNsOndoZW4gdGVzdD0iJENvdW50cnlUeXBlPSdFRSciPkVzdG9ueWE8L3hzbDp3aGVuPg0KCQkJPHhzbDp3aGVuIHRlc3Q9IiRDb3VudHJ5VHlwZT0nRVQnIj5FdGl5b3B5YTwveHNsOndoZW4+DQoJCQk8eHNsOndoZW4gdGVzdD0iJENvdW50cnlUeXBlPSdGSyciPkZhbGtsYW5kIEFkYWxhcsSxPC94c2w6d2hlbj4NCgkJCTx4c2w6d2hlbiB0ZXN0PSIkQ291bnRyeVR5cGU9J0ZPJyI+RmFyb2UgQWRhbGFyxLEgKERLKTwveHNsOndoZW4+DQoJCQk8eHNsOndoZW4gdGVzdD0iJENvdW50cnlUeXBlPSdNQSciPkZhczwveHNsOndoZW4+DQoJCQk8eHNsOndoZW4gdGVzdD0iJENvdW50cnlUeXBlPSdGSiciPkZpamk8L3hzbDp3aGVuPg0KCQkJPHhzbDp3aGVuIHRlc3Q9IiRDb3VudHJ5VHlwZT0nQ0knIj5GaWxkacWfaSBTYWhpbGk8L3hzbDp3aGVuPg0KCQkJPHhzbDp3aGVuIHRlc3Q9IiRDb3VudHJ5VHlwZT0nUEgnIj5GaWxpcGlubGVyPC94c2w6d2hlbj4NCgkJCTx4c2w6d2hlbiB0ZXN0PSIkQ291bnRyeVR5cGU9J0ZJJyI+RmlubGFuZGl5YTwveHNsOndoZW4+DQoJCQk8eHNsOndoZW4gdGVzdD0iJENvdW50cnlUeXBlPSdGUiciPkZyYW5zYTwveHNsOndoZW4+DQoJCQk8eHNsOndoZW4gdGVzdD0iJENvdW50cnlUeXBlPSdHRiciPkZyYW5zxLF6IEd1eWFuYXPEsSAoRlIpPC94c2w6d2hlbj4NCgkJCTx4c2w6d2hlbiB0ZXN0PSIkQ291bnRyeVR5cGU9J1BGJyI+RnJhbnPEsXogUG9saW5lenlhc8SxIChGUik8L3hzbDp3aGVuPg0KCQkJPHhzbDp3aGVuIHRlc3Q9IiRDb3VudHJ5VHlwZT0nR0EnIj5HYWJvbjwveHNsOndoZW4+DQoJCQk8eHNsOndoZW4gdGVzdD0iJENvdW50cnlUeXBlPSdHTSciPkdhbWJpeWE8L3hzbDp3aGVuPg0KCQkJPHhzbDp3aGVuIHRlc3Q9IiRDb3VudHJ5VHlwZT0nR0gnIj5HYW5hPC94c2w6d2hlbj4NCgkJCTx4c2w6d2hlbiB0ZXN0PSIkQ291bnRyeVR5cGU9J0dOJyI+R2luZTwveHNsOndoZW4+DQoJCQk8eHNsOndoZW4gdGVzdD0iJENvdW50cnlUeXBlPSdHVyciPkdpbmUgQmlzc2F1PC94c2w6d2hlbj4NCgkJCTx4c2w6d2hlbiB0ZXN0PSIkQ291bnRyeVR5cGU9J0dEJyI+R3JlbmFkYTwveHNsOndoZW4+DQoJCQk8eHNsOndoZW4gdGVzdD0iJENvdW50cnlUeXBlPSdHTCciPkdyw7ZubGFuZCAoREspPC94c2w6d2hlbj4NCgkJCTx4c2w6d2hlbiB0ZXN0PSIkQ291bnRyeVR5cGU9J0dQJyI+R3VhZGVsb3VwZSAoRlIpPC94c2w6d2hlbj4NCgkJCTx4c2w6d2hlbiB0ZXN0PSIkQ291bnRyeVR5cGU9J0dUJyI+R3VhdGVtYWxhPC94c2w6d2hlbj4NCgkJCTx4c2w6d2hlbiB0ZXN0PSIkQ291bnRyeVR5cGU9J0dHJyI+R3Vlcm5zZXkgKEdCKTwveHNsOndoZW4+DQoJCQk8eHNsOndoZW4gdGVzdD0iJENvdW50cnlUeXBlPSdaQSciPkfDvG5leSBBZnJpa2E8L3hzbDp3aGVuPg0KCQkJPHhzbDp3aGVuIHRlc3Q9IiRDb3VudHJ5VHlwZT0nS1InIj5Hw7xuZXkgS29yZTwveHNsOndoZW4+DQoJCQk8eHNsOndoZW4gdGVzdD0iJENvdW50cnlUeXBlPSdHRSciPkfDvHJjaXN0YW48L3hzbDp3aGVuPg0KCQkJPHhzbDp3aGVuIHRlc3Q9IiRDb3VudHJ5VHlwZT0nR1knIj5HdXlhbmE8L3hzbDp3aGVuPg0KCQkJPHhzbDp3aGVuIHRlc3Q9IiRDb3VudHJ5VHlwZT0nSFQnIj5IYWl0aTwveHNsOndoZW4+DQoJCQk8eHNsOndoZW4gdGVzdD0iJENvdW50cnlUeXBlPSdJTiciPkhpbmRpc3RhbjwveHNsOndoZW4+DQoJCQk8eHNsOndoZW4gdGVzdD0iJENvdW50cnlUeXBlPSdIUiciPkjEsXJ2YXRpc3RhbjwveHNsOndoZW4+DQoJCQk8eHNsOndoZW4gdGVzdD0iJENvdW50cnlUeXBlPSdOTCciPkhvbGxhbmRhPC94c2w6d2hlbj4NCgkJCTx4c2w6d2hlbiB0ZXN0PSIkQ291bnRyeVR5cGU9J0hOJyI+SG9uZHVyYXM8L3hzbDp3aGVuPg0KCQkJPHhzbDp3aGVuIHRlc3Q9IiRDb3VudHJ5VHlwZT0nSEsnIj5Ib25nIEtvbmcgKENOKTwveHNsOndoZW4+DQoJCQk8eHNsOndoZW4gdGVzdD0iJENvdW50cnlUeXBlPSdWRyciPsSwbmdpbGl6IFZpcmppbiBBZGFsYXLEsTwveHNsOndoZW4+DQoJCQk8eHNsOndoZW4gdGVzdD0iJENvdW50cnlUeXBlPSdJUSciPklyYWs8L3hzbDp3aGVuPg0KCQkJPHhzbDp3aGVuIHRlc3Q9IiRDb3VudHJ5VHlwZT0nSVInIj7EsHJhbjwveHNsOndoZW4+DQoJCQk8eHNsOndoZW4gdGVzdD0iJENvdW50cnlUeXBlPSdJRSciPsSwcmxhbmRhPC94c2w6d2hlbj4NCgkJCTx4c2w6d2hlbiB0ZXN0PSIkQ291bnRyeVR5cGU9J0VTJyI+xLBzcGFueWE8L3hzbDp3aGVuPg0KCQkJPHhzbDp3aGVuIHRlc3Q9IiRDb3VudHJ5VHlwZT0nSUwnIj7EsHNyYWlsPC94c2w6d2hlbj4NCgkJCTx4c2w6d2hlbiB0ZXN0PSIkQ291bnRyeVR5cGU9J1NFJyI+xLBzdmXDpzwveHNsOndoZW4+DQoJCQk8eHNsOndoZW4gdGVzdD0iJENvdW50cnlUeXBlPSdDSCciPsSwc3Zpw6dyZTwveHNsOndoZW4+DQoJCQk8eHNsOndoZW4gdGVzdD0iJENvdW50cnlUeXBlPSdJVCciPsSwdGFseWE8L3hzbDp3aGVuPg0KCQkJPHhzbDp3aGVuIHRlc3Q9IiRDb3VudHJ5VHlwZT0nSVMnIj7EsHpsYW5kYTwveHNsOndoZW4+DQoJCQk8eHNsOndoZW4gdGVzdD0iJENvdW50cnlUeXBlPSdKTSciPkphbWFpa2E8L3hzbDp3aGVuPg0KCQkJPHhzbDp3aGVuIHRlc3Q9IiRDb3VudHJ5VHlwZT0nSlAnIj5KYXBvbnlhPC94c2w6d2hlbj4NCgkJCTx4c2w6d2hlbiB0ZXN0PSIkQ291bnRyeVR5cGU9J0pFJyI+SmVyc2V5IChHQik8L3hzbDp3aGVuPg0KCQkJPHhzbDp3aGVuIHRlc3Q9IiRDb3VudHJ5VHlwZT0nS0gnIj5LYW1ib8OneWE8L3hzbDp3aGVuPg0KCQkJPHhzbDp3aGVuIHRlc3Q9IiRDb3VudHJ5VHlwZT0nQ00nIj5LYW1lcnVuPC94c2w6d2hlbj4NCgkJCTx4c2w6d2hlbiB0ZXN0PSIkQ291bnRyeVR5cGU9J0NBJyI+S2FuYWRhPC94c2w6d2hlbj4NCgkJCTx4c2w6d2hlbiB0ZXN0PSIkQ291bnRyeVR5cGU9J01FJyI+S2FyYWRhxJ88L3hzbDp3aGVuPg0KCQkJPHhzbDp3aGVuIHRlc3Q9IiRDb3VudHJ5VHlwZT0nUUEnIj5LYXRhcjwveHNsOndoZW4+DQoJCQk8eHNsOndoZW4gdGVzdD0iJENvdW50cnlUeXBlPSdLWiciPkthemFraXN0YW48L3hzbDp3aGVuPg0KCQkJPHhzbDp3aGVuIHRlc3Q9IiRDb3VudHJ5VHlwZT0nS0UnIj5LZW55YTwveHNsOndoZW4+DQoJCQk8eHNsOndoZW4gdGVzdD0iJENvdW50cnlUeXBlPSdDWSciPkvEsWJyxLFzPC94c2w6d2hlbj4NCgkJCTx4c2w6d2hlbiB0ZXN0PSIkQ291bnRyeVR5cGU9J0tHJyI+S8SxcmfEsXppc3RhbjwveHNsOndoZW4+DQoJCQk8eHNsOndoZW4gdGVzdD0iJENvdW50cnlUeXBlPSdLSSciPktpcmliYXRpPC94c2w6d2hlbj4NCgkJCTx4c2w6d2hlbiB0ZXN0PSIkQ291bnRyeVR5cGU9J0NPJyI+S29sb21iaXlhPC94c2w6d2hlbj4NCgkJCTx4c2w6d2hlbiB0ZXN0PSIkQ291bnRyeVR5cGU9J0tNJyI+S29tb3JsYXI8L3hzbDp3aGVuPg0KCQkJPHhzbDp3aGVuIHRlc3Q9IiRDb3VudHJ5VHlwZT0nQ0cnIj5Lb25nbyBDdW1odXJpeWV0aTwveHNsOndoZW4+DQoJCQk8eHNsOndoZW4gdGVzdD0iJENvdW50cnlUeXBlPSdLViciPktvc292YSAoUlMpPC94c2w6d2hlbj4NCgkJCTx4c2w6d2hlbiB0ZXN0PSIkQ291bnRyeVR5cGU9J0NSJyI+S29zdGEgUmlrYTwveHNsOndoZW4+DQoJCQk8eHNsOndoZW4gdGVzdD0iJENvdW50cnlUeXBlPSdDVSciPkvDvGJhPC94c2w6d2hlbj4NCgkJCTx4c2w6d2hlbiB0ZXN0PSIkQ291bnRyeVR5cGU9J0tXJyI+S3V2ZXl0PC94c2w6d2hlbj4NCgkJCTx4c2w6d2hlbiB0ZXN0PSIkQ291bnRyeVR5cGU9J0tQJyI+S3V6ZXkgS29yZTwveHNsOndoZW4+DQoJCQk8eHNsOndoZW4gdGVzdD0iJENvdW50cnlUeXBlPSdMQSciPkxhb3M8L3hzbDp3aGVuPg0KCQkJPHhzbDp3aGVuIHRlc3Q9IiRDb3VudHJ5VHlwZT0nTFMnIj5MZXNvdG88L3hzbDp3aGVuPg0KCQkJPHhzbDp3aGVuIHRlc3Q9IiRDb3VudHJ5VHlwZT0nTFYnIj5MZXRvbnlhPC94c2w6d2hlbj4NCgkJCTx4c2w6d2hlbiB0ZXN0PSIkQ291bnRyeVR5cGU9J0xSJyI+TGliZXJ5YTwveHNsOndoZW4+DQoJCQk8eHNsOndoZW4gdGVzdD0iJENvdW50cnlUeXBlPSdMWSciPkxpYnlhPC94c2w6d2hlbj4NCgkJCTx4c2w6d2hlbiB0ZXN0PSIkQ291bnRyeVR5cGU9J0xJJyI+TGlodGVuxZ90YXluPC94c2w6d2hlbj4NCgkJCTx4c2w6d2hlbiB0ZXN0PSIkQ291bnRyeVR5cGU9J0xUJyI+TGl0dmFueWE8L3hzbDp3aGVuPg0KCQkJPHhzbDp3aGVuIHRlc3Q9IiRDb3VudHJ5VHlwZT0nTEInIj5Mw7xibmFuPC94c2w6d2hlbj4NCgkJCTx4c2w6d2hlbiB0ZXN0PSIkQ291bnRyeVR5cGU9J0xVJyI+TMO8a3NlbWJ1cmc8L3hzbDp3aGVuPg0KCQkJPHhzbDp3aGVuIHRlc3Q9IiRDb3VudHJ5VHlwZT0nSFUnIj5NYWNhcmlzdGFuPC94c2w6d2hlbj4NCgkJCTx4c2w6d2hlbiB0ZXN0PSIkQ291bnRyeVR5cGU9J01HJyI+TWFkYWdhc2thcjwveHNsOndoZW4+DQoJCQk8eHNsOndoZW4gdGVzdD0iJENvdW50cnlUeXBlPSdNTyciPk1ha2FvIChDTik8L3hzbDp3aGVuPg0KCQkJPHhzbDp3aGVuIHRlc3Q9IiRDb3VudHJ5VHlwZT0nTUsnIj5NYWtlZG9ueWE8L3hzbDp3aGVuPg0KCQkJPHhzbDp3aGVuIHRlc3Q9IiRDb3VudHJ5VHlwZT0nTVcnIj5NYWxhdmk8L3hzbDp3aGVuPg0KCQkJPHhzbDp3aGVuIHRlc3Q9IiRDb3VudHJ5VHlwZT0nTVYnIj5NYWxkaXZsZXI8L3hzbDp3aGVuPg0KCQkJPHhzbDp3aGVuIHRlc3Q9IiRDb3VudHJ5VHlwZT0nTVknIj5NYWxlenlhPC94c2w6d2hlbj4NCgkJCTx4c2w6d2hlbiB0ZXN0PSIkQ291bnRyeVR5cGU9J01MJyI+TWFsaTwveHNsOndoZW4+DQoJCQk8eHNsOndoZW4gdGVzdD0iJENvdW50cnlUeXBlPSdNVCciPk1hbHRhPC94c2w6d2hlbj4NCgkJCTx4c2w6d2hlbiB0ZXN0PSIkQ291bnRyeVR5cGU9J0lNJyI+TWFuIEFkYXPEsSAoR0IpPC94c2w6d2hlbj4NCgkJCTx4c2w6d2hlbiB0ZXN0PSIkQ291bnRyeVR5cGU9J01IJyI+TWFyc2hhbGwgQWRhbGFyxLE8L3hzbDp3aGVuPg0KCQkJPHhzbDp3aGVuIHRlc3Q9IiRDb3VudHJ5VHlwZT0nTVEnIj5NYXJ0aW5pcXVlIChGUik8L3hzbDp3aGVuPg0KCQkJPHhzbDp3aGVuIHRlc3Q9IiRDb3VudHJ5VHlwZT0nTVUnIj5NYXVyaXRpdXM8L3hzbDp3aGVuPg0KCQkJPHhzbDp3aGVuIHRlc3Q9IiRDb3VudHJ5VHlwZT0nWVQnIj5NYXlvdHRlIChGUik8L3hzbDp3aGVuPg0KCQkJPHhzbDp3aGVuIHRlc3Q9IiRDb3VudHJ5VHlwZT0nTVgnIj5NZWtzaWthPC94c2w6d2hlbj4NCgkJCTx4c2w6d2hlbiB0ZXN0PSIkQ291bnRyeVR5cGU9J0ZNJyI+TWlrcm9uZXp5YTwveHNsOndoZW4+DQoJCQk8eHNsOndoZW4gdGVzdD0iJENvdW50cnlUeXBlPSdFRyciPk3EsXPEsXI8L3hzbDp3aGVuPg0KCQkJPHhzbDp3aGVuIHRlc3Q9IiRDb3VudHJ5VHlwZT0nTU4nIj5Nb8Sfb2xpc3RhbjwveHNsOndoZW4+DQoJCQk8eHNsOndoZW4gdGVzdD0iJENvdW50cnlUeXBlPSdNRCciPk1vbGRvdmE8L3hzbDp3aGVuPg0KCQkJPHhzbDp3aGVuIHRlc3Q9IiRDb3VudHJ5VHlwZT0nTUMnIj5Nb25ha288L3hzbDp3aGVuPg0KCQkJPHhzbDp3aGVuIHRlc3Q9IiRDb3VudHJ5VHlwZT0nTVInIj5Nb3JpdGFueWE8L3hzbDp3aGVuPg0KCQkJPHhzbDp3aGVuIHRlc3Q9IiRDb3VudHJ5VHlwZT0nTVonIj5Nb3phbWJpazwveHNsOndoZW4+DQoJCQk8eHNsOndoZW4gdGVzdD0iJENvdW50cnlUeXBlPSdNTSciPk15YW5tYXI8L3hzbDp3aGVuPg0KCQkJPHhzbDp3aGVuIHRlc3Q9IiRDb3VudHJ5VHlwZT0nTkEnIj5OYW1pYnlhPC94c2w6d2hlbj4NCgkJCTx4c2w6d2hlbiB0ZXN0PSIkQ291bnRyeVR5cGU9J05SJyI+TmF1cnU8L3hzbDp3aGVuPg0KCQkJPHhzbDp3aGVuIHRlc3Q9IiRDb3VudHJ5VHlwZT0nTlAnIj5OZXBhbDwveHNsOndoZW4+DQoJCQk8eHNsOndoZW4gdGVzdD0iJENvdW50cnlUeXBlPSdORSciPk5pamVyPC94c2w6d2hlbj4NCgkJCTx4c2w6d2hlbiB0ZXN0PSIkQ291bnRyeVR5cGU9J05HJyI+TmlqZXJ5YTwveHNsOndoZW4+DQoJCQk8eHNsOndoZW4gdGVzdD0iJENvdW50cnlUeXBlPSdOSSciPk5pa2FyYWd1YTwveHNsOndoZW4+DQoJCQk8eHNsOndoZW4gdGVzdD0iJENvdW50cnlUeXBlPSdOTyciPk5vcnZlw6c8L3hzbDp3aGVuPg0KCQkJPHhzbDp3aGVuIHRlc3Q9IiRDb3VudHJ5VHlwZT0nQ0YnIj5PcnRhIEFmcmlrYSBDdW1odXJpeWV0aTwveHNsOndoZW4+DQoJCQk8eHNsOndoZW4gdGVzdD0iJENvdW50cnlUeXBlPSdVWiciPsOWemJla2lzdGFuPC94c2w6d2hlbj4NCgkJCTx4c2w6d2hlbiB0ZXN0PSIkQ291bnRyeVR5cGU9J1BLJyI+UGFraXN0YW48L3hzbDp3aGVuPg0KCQkJPHhzbDp3aGVuIHRlc3Q9IiRDb3VudHJ5VHlwZT0nUFcnIj5QYWxhdTwveHNsOndoZW4+DQoJCQk8eHNsOndoZW4gdGVzdD0iJENvdW50cnlUeXBlPSdQQSciPlBhbmFtYTwveHNsOndoZW4+DQoJCQk8eHNsOndoZW4gdGVzdD0iJENvdW50cnlUeXBlPSdQRyciPlBhcHVhIFllbmkgR2luZTwveHNsOndoZW4+DQoJCQk8eHNsOndoZW4gdGVzdD0iJENvdW50cnlUeXBlPSdQWSciPlBhcmFndWF5PC94c2w6d2hlbj4NCgkJCTx4c2w6d2hlbiB0ZXN0PSIkQ291bnRyeVR5cGU9J1BFJyI+UGVydTwveHNsOndoZW4+DQoJCQk8eHNsOndoZW4gdGVzdD0iJENvdW50cnlUeXBlPSdQTCciPlBvbG9ueWE8L3hzbDp3aGVuPg0KCQkJPHhzbDp3aGVuIHRlc3Q9IiRDb3VudHJ5VHlwZT0nUFQnIj5Qb3J0ZWtpejwveHNsOndoZW4+DQoJCQk8eHNsOndoZW4gdGVzdD0iJENvdW50cnlUeXBlPSdQUiciPlBvcnRvIFJpa28gKFVTKTwveHNsOndoZW4+DQoJCQk8eHNsOndoZW4gdGVzdD0iJENvdW50cnlUeXBlPSdSRSciPlLDqXVuaW9uIChGUik8L3hzbDp3aGVuPg0KCQkJPHhzbDp3aGVuIHRlc3Q9IiRDb3VudHJ5VHlwZT0nUk8nIj5Sb21hbnlhPC94c2w6d2hlbj4NCgkJCTx4c2w6d2hlbiB0ZXN0PSIkQ291bnRyeVR5cGU9J1JXJyI+UnVhbmRhPC94c2w6d2hlbj4NCgkJCTx4c2w6d2hlbiB0ZXN0PSIkQ291bnRyeVR5cGU9J1JVJyI+UnVzeWE8L3hzbDp3aGVuPg0KCQkJPHhzbDp3aGVuIHRlc3Q9IiRDb3VudHJ5VHlwZT0nQkwnIj5TYWludCBCYXJ0aMOpbGVteSAoRlIpPC94c2w6d2hlbj4NCgkJCTx4c2w6d2hlbiB0ZXN0PSIkQ291bnRyeVR5cGU9J0tOJyI+U2FpbnQgS2l0dHMgdmUgTmV2aXM8L3hzbDp3aGVuPg0KCQkJPHhzbDp3aGVuIHRlc3Q9IiRDb3VudHJ5VHlwZT0nTEMnIj5TYWludCBMdWNpYTwveHNsOndoZW4+DQoJCQk8eHNsOndoZW4gdGVzdD0iJENvdW50cnlUeXBlPSdQTSciPlNhaW50IFBpZXJyZSB2ZSBNaXF1ZWxvbiAoRlIpPC94c2w6d2hlbj4NCgkJCTx4c2w6d2hlbiB0ZXN0PSIkQ291bnRyeVR5cGU9J1ZDJyI+U2FpbnQgVmluY2VudCB2ZSBHcmVuYWRpbmxlcjwveHNsOndoZW4+DQoJCQk8eHNsOndoZW4gdGVzdD0iJENvdW50cnlUeXBlPSdXUyciPlNhbW9hPC94c2w6d2hlbj4NCgkJCTx4c2w6d2hlbiB0ZXN0PSIkQ291bnRyeVR5cGU9J1NNJyI+U2FuIE1hcmlubzwveHNsOndoZW4+DQoJCQk8eHNsOndoZW4gdGVzdD0iJENvdW50cnlUeXBlPSdTVCciPlPDo28gVG9tw6kgdmUgUHLDrW5jaXBlPC94c2w6d2hlbj4NCgkJCTx4c2w6d2hlbiB0ZXN0PSIkQ291bnRyeVR5cGU9J1NOJyI+U2VuZWdhbDwveHNsOndoZW4+DQoJCQk8eHNsOndoZW4gdGVzdD0iJENvdW50cnlUeXBlPSdTQyciPlNlecWfZWxsZXI8L3hzbDp3aGVuPg0KCQkJPHhzbDp3aGVuIHRlc3Q9IiRDb3VudHJ5VHlwZT0nU0wnIj5TaWVycmEgTGVvbmU8L3hzbDp3aGVuPg0KCQkJPHhzbDp3aGVuIHRlc3Q9IiRDb3VudHJ5VHlwZT0nQ0wnIj7FnmlsaTwveHNsOndoZW4+DQoJCQk8eHNsOndoZW4gdGVzdD0iJENvdW50cnlUeXBlPSdTRyciPlNpbmdhcHVyPC94c2w6d2hlbj4NCgkJCTx4c2w6d2hlbiB0ZXN0PSIkQ291bnRyeVR5cGU9J1JTJyI+U8SxcmJpc3RhbjwveHNsOndoZW4+DQoJCQk8eHNsOndoZW4gdGVzdD0iJENvdW50cnlUeXBlPSdTSyciPlNsb3Zha3lhIEN1bWh1cml5ZXRpPC94c2w6d2hlbj4NCgkJCTx4c2w6d2hlbiB0ZXN0PSIkQ291bnRyeVR5cGU9J1NJJyI+U2xvdmVueWE8L3hzbDp3aGVuPg0KCQkJPHhzbDp3aGVuIHRlc3Q9IiRDb3VudHJ5VHlwZT0nU0InIj5Tb2xvbW9uIEFkYWxhcsSxPC94c2w6d2hlbj4NCgkJCTx4c2w6d2hlbiB0ZXN0PSIkQ291bnRyeVR5cGU9J1NPJyI+U29tYWxpPC94c2w6d2hlbj4NCgkJCTx4c2w6d2hlbiB0ZXN0PSIkQ291bnRyeVR5cGU9J1NTJyI+U291dGggU3VkYW48L3hzbDp3aGVuPg0KCQkJPHhzbDp3aGVuIHRlc3Q9IiRDb3VudHJ5VHlwZT0nU0onIj5TcGl0c2JlcmdlbiAoTk8pPC94c2w6d2hlbj4NCgkJCTx4c2w6d2hlbiB0ZXN0PSIkQ291bnRyeVR5cGU9J0xLJyI+U3JpIExhbmthPC94c2w6d2hlbj4NCgkJCTx4c2w6d2hlbiB0ZXN0PSIkQ291bnRyeVR5cGU9J1NEJyI+U3VkYW48L3hzbDp3aGVuPg0KCQkJPHhzbDp3aGVuIHRlc3Q9IiRDb3VudHJ5VHlwZT0nU1InIj5TdXJpbmFtPC94c2w6d2hlbj4NCgkJCTx4c2w6d2hlbiB0ZXN0PSIkQ291bnRyeVR5cGU9J1NZJyI+U3VyaXllPC94c2w6d2hlbj4NCgkJCTx4c2w6d2hlbiB0ZXN0PSIkQ291bnRyeVR5cGU9J1NBJyI+U3V1ZGkgQXJhYmlzdGFuPC94c2w6d2hlbj4NCgkJCTx4c2w6d2hlbiB0ZXN0PSIkQ291bnRyeVR5cGU9J1NaJyI+U3ZhemlsYW5kPC94c2w6d2hlbj4NCgkJCTx4c2w6d2hlbiB0ZXN0PSIkQ291bnRyeVR5cGU9J1RKJyI+VGFjaWtpc3RhbjwveHNsOndoZW4+DQoJCQk8eHNsOndoZW4gdGVzdD0iJENvdW50cnlUeXBlPSdUWiciPlRhbnphbnlhPC94c2w6d2hlbj4NCgkJCTx4c2w6d2hlbiB0ZXN0PSIkQ291bnRyeVR5cGU9J1RIJyI+VGF5bGFuZDwveHNsOndoZW4+DQoJCQk8eHNsOndoZW4gdGVzdD0iJENvdW50cnlUeXBlPSdUVyciPlRheXZhbjwveHNsOndoZW4+DQoJCQk8eHNsOndoZW4gdGVzdD0iJENvdW50cnlUeXBlPSdURyciPlRvZ288L3hzbDp3aGVuPg0KCQkJPHhzbDp3aGVuIHRlc3Q9IiRDb3VudHJ5VHlwZT0nVE8nIj5Ub25nYTwveHNsOndoZW4+DQoJCQk8eHNsOndoZW4gdGVzdD0iJENvdW50cnlUeXBlPSdUVCciPlRyaW5pZGFkIHZlIFRvYmFnbzwveHNsOndoZW4+DQoJCQk8eHNsOndoZW4gdGVzdD0iJENvdW50cnlUeXBlPSdUTiciPlR1bnVzPC94c2w6d2hlbj4NCgkJCTx4c2w6d2hlbiB0ZXN0PSIkQ291bnRyeVR5cGU9J1RSJyI+VMO8cmtpeWU8L3hzbDp3aGVuPg0KCQkJPHhzbDp3aGVuIHRlc3Q9IiRDb3VudHJ5VHlwZT0nVE0nIj5Uw7xya21lbmlzdGFuPC94c2w6d2hlbj4NCgkJCTx4c2w6d2hlbiB0ZXN0PSIkQ291bnRyeVR5cGU9J1RDJyI+VHVya3MgdmUgQ2FpY29zPC94c2w6d2hlbj4NCgkJCTx4c2w6d2hlbiB0ZXN0PSIkQ291bnRyeVR5cGU9J1RWJyI+VHV2YWx1PC94c2w6d2hlbj4NCgkJCTx4c2w6d2hlbiB0ZXN0PSIkQ291bnRyeVR5cGU9J1VHJyI+VWdhbmRhPC94c2w6d2hlbj4NCgkJCTx4c2w6d2hlbiB0ZXN0PSIkQ291bnRyeVR5cGU9J1VBJyI+VWtyYXluYTwveHNsOndoZW4+DQoJCQk8eHNsOndoZW4gdGVzdD0iJENvdW50cnlUeXBlPSdPTSciPlVtbWFuPC94c2w6d2hlbj4NCgkJCTx4c2w6d2hlbiB0ZXN0PSIkQ291bnRyeVR5cGU9J0pPJyI+w5xyZMO8bjwveHNsOndoZW4+DQoJCQk8eHNsOndoZW4gdGVzdD0iJENvdW50cnlUeXBlPSdVWSciPlVydWd1YXk8L3hzbDp3aGVuPg0KCQkJPHhzbDp3aGVuIHRlc3Q9IiRDb3VudHJ5VHlwZT0nVlUnIj5WYW51YXR1PC94c2w6d2hlbj4NCgkJCTx4c2w6d2hlbiB0ZXN0PSIkQ291bnRyeVR5cGU9J1ZBJyI+VmF0aWthbjwveHNsOndoZW4+DQoJCQk8eHNsOndoZW4gdGVzdD0iJENvdW50cnlUeXBlPSdWRSciPlZlbmV6dWVsYTwveHNsOndoZW4+DQoJCQk8eHNsOndoZW4gdGVzdD0iJENvdW50cnlUeXBlPSdWTiciPlZpZXRuYW08L3hzbDp3aGVuPg0KCQkJPHhzbDp3aGVuIHRlc3Q9IiRDb3VudHJ5VHlwZT0nV0YnIj5XYWxsaXMgdmUgRnV0dW5hIChGUik8L3hzbDp3aGVuPg0KCQkJPHhzbDp3aGVuIHRlc3Q9IiRDb3VudHJ5VHlwZT0nWUUnIj5ZZW1lbjwveHNsOndoZW4+DQoJCQk8eHNsOndoZW4gdGVzdD0iJENvdW50cnlUeXBlPSdOQyciPlllbmkgS2FsZWRvbnlhIChGUik8L3hzbDp3aGVuPg0KCQkJPHhzbDp3aGVuIHRlc3Q9IiRDb3VudHJ5VHlwZT0nTlonIj5ZZW5pIFplbGFuZGE8L3hzbDp3aGVuPg0KCQkJPHhzbDp3aGVuIHRlc3Q9IiRDb3VudHJ5VHlwZT0nQ1YnIj5ZZcWfaWwgQnVydW4gQWRhbGFyxLE8L3hzbDp3aGVuPg0KCQkJPHhzbDp3aGVuIHRlc3Q9IiRDb3VudHJ5VHlwZT0nR1InIj5ZdW5hbmlzdGFuPC94c2w6d2hlbj4NCgkJCTx4c2w6d2hlbiB0ZXN0PSIkQ291bnRyeVR5cGU9J1pNJyI+WmFtYml5YTwveHNsOndoZW4+DQoJCQk8eHNsOndoZW4gdGVzdD0iJENvdW50cnlUeXBlPSdaVyciPlppbWJhYnZlPC94c2w6d2hlbj4NCgkJCTx4c2w6b3RoZXJ3aXNlPg0KCQkJCTx4c2w6dmFsdWUtb2Ygc2VsZWN0PSIkQ291bnRyeVR5cGUiLz4NCgkJCTwveHNsOm90aGVyd2lzZT4NCgkJPC94c2w6Y2hvb3NlPg0KDQoJPC94c2w6dGVtcGxhdGU+DQoJPHhzbDp0ZW1wbGF0ZSBuYW1lPSdQYXJ0eV9PdGhlcic+DQoJCTx4c2w6cGFyYW0gbmFtZT0iUGFydHlUeXBlIiAvPg0KCQk8eHNsOmZvci1lYWNoIHNlbGVjdD0iY2JjOldlYnNpdGVVUkkiPg0KCQkJPHRyIGFsaWduPSJsZWZ0Ij4NCgkJCQk8dGQ+DQoJCQkJCTx4c2w6dGV4dD5XZWIgU2l0ZXNpOiA8L3hzbDp0ZXh0Pg0KCQkJCQk8eHNsOnZhbHVlLW9mIHNlbGVjdD0iLiIvPg0KCQkJCTwvdGQ+DQoJCQk8L3RyPg0KCQk8L3hzbDpmb3ItZWFjaD4NCgkJPHhzbDpmb3ItZWFjaCBzZWxlY3Q9ImNhYzpDb250YWN0L2NiYzpFbGVjdHJvbmljTWFpbCI+DQoJCQk8dHIgYWxpZ249ImxlZnQiPg0KCQkJCTx0ZD4NCgkJCQkJPHhzbDp0ZXh0PkUtUG9zdGE6IDwveHNsOnRleHQ+DQoJCQkJCTx4c2w6dmFsdWUtb2Ygc2VsZWN0PSIuIi8+DQoJCQkJPC90ZD4NCgkJCTwvdHI+DQoJCTwveHNsOmZvci1lYWNoPg0KCQk8eHNsOmZvci1lYWNoIHNlbGVjdD0iY2FjOkNvbnRhY3QiPg0KCQkJPHhzbDppZiB0ZXN0PSJjYmM6VGVsZXBob25lIG9yIGNiYzpUZWxlZmF4Ij4NCgkJCQk8dHIgYWxpZ249ImxlZnQiPg0KCQkJCQk8dGQgc3R5bGU9IndpZHRoOjQ2OXB4OyAiIGFsaWduPSJsZWZ0Ij4NCgkJCQkJCTx4c2w6Zm9yLWVhY2ggc2VsZWN0PSJjYmM6VGVsZXBob25lIj4NCgkJCQkJCQk8eHNsOnRleHQ+VGVsOiA8L3hzbDp0ZXh0Pg0KCQkJCQkJCTx4c2w6YXBwbHktdGVtcGxhdGVzLz4NCgkJCQkJCTwveHNsOmZvci1lYWNoPg0KCQkJCQkJPHhzbDpmb3ItZWFjaCBzZWxlY3Q9ImNiYzpUZWxlZmF4Ij4NCgkJCQkJCQk8eHNsOnRleHQ+IEZheDogPC94c2w6dGV4dD4NCgkJCQkJCQk8eHNsOmFwcGx5LXRlbXBsYXRlcy8+DQoJCQkJCQk8L3hzbDpmb3ItZWFjaD4NCgkJCQkJCTx4c2w6dGV4dD4mIzE2MDs8L3hzbDp0ZXh0Pg0KCQkJCQk8L3RkPg0KCQkJCTwvdHI+DQoJCQk8L3hzbDppZj4NCgkJPC94c2w6Zm9yLWVhY2g+DQoJCTx4c2w6aWYgdGVzdD0iJFBhcnR5VHlwZSE9J1RBWEZSRUUnIGFuZCAkUGFydHlUeXBlIT0nRVhQT1JUJyI+DQoJCQk8eHNsOmZvci1lYWNoIHNlbGVjdD0iY2FjOlBhcnR5VGF4U2NoZW1lL2NhYzpUYXhTY2hlbWUvY2JjOk5hbWUiPg0KCQkJCTx0ciBhbGlnbj0ibGVmdCI+DQoJCQkJCTx0ZD4NCgkJCQkJCTx4c2w6dGV4dD5WZXJnaSBEYWlyZXNpOiA8L3hzbDp0ZXh0Pg0KCQkJCQkJPHhzbDphcHBseS10ZW1wbGF0ZXMvPg0KCQkJCQk8L3RkPg0KCQkJCTwvdHI+DQoJCQk8L3hzbDpmb3ItZWFjaD4NCgkJCTx4c2w6Zm9yLWVhY2ggc2VsZWN0PSJjYWM6UGFydHlJZGVudGlmaWNhdGlvbiI+DQoJCQkJPHRyIGFsaWduPSJsZWZ0Ij4NCgkJCQkJPHRkPg0KCQkJCQkJPHhzbDp2YWx1ZS1vZiBzZWxlY3Q9ImNiYzpJRC9Ac2NoZW1lSUQiLz4NCgkJCQkJCTx4c2w6dGV4dD46IDwveHNsOnRleHQ+DQoJCQkJCQk8eHNsOnZhbHVlLW9mIHNlbGVjdD0iY2JjOklEIi8+DQoJCQkJCTwvdGQ+DQoJCQkJPC90cj4NCgkJCTwveHNsOmZvci1lYWNoPg0KCQk8L3hzbDppZj4NCgk8L3hzbDp0ZW1wbGF0ZT4NCjwveHNsOnN0eWxlc2hlZXQ+DQo=</cbc:EmbeddedDocumentBinaryObject></cac:Attachment></cac:AdditionalDocumentReference><cac:AdditionalDocumentReference><cbc:ID>1</cbc:ID><cbc:IssueDate>2020-03-12</cbc:IssueDate><cbc:DocumentTypeCode>SendingType</cbc:DocumentTypeCode><cbc:DocumentType>KAGIT</cbc:DocumentType></cac:AdditionalDocumentReference><cac:Signature><cbc:ID schemeID="VKN_TCKN">4840847211</cbc:ID><cac:SignatoryParty><cac:PartyIdentification><cbc:ID schemeID="VKN">4840847211</cbc:ID></cac:PartyIdentification><cac:PostalAddress><cbc:StreetName>Altay√ße≈üme Mh. √áamlƒ± Sk. DAP Royal Center</cbc:StreetName><cbc:BuildingName/><cbc:BuildingNumber>A Blok Kat15</cbc:BuildingNumber><cbc:CitySubdivisionName>MALTEPE</cbc:CitySubdivisionName><cbc:CityName>ISTANBUL</cbc:CityName><cbc:PostalZone>34843</cbc:PostalZone><cbc:Region>MALTEPE</cbc:Region><cac:Country><cbc:Name>TR</cbc:Name></cac:Country></cac:PostalAddress></cac:SignatoryParty><cac:DigitalSignatureAttachment><cac:ExternalReference><cbc:URI>#Signature_YEM2020000000992</cbc:URI></cac:ExternalReference></cac:DigitalSignatureAttachment></cac:Signature><cac:AccountingSupplierParty><cac:Party><cbc:WebsiteURI>www.izibiz.com.tr</cbc:WebsiteURI><cac:PartyIdentification><cbc:ID schemeID="VKN">4840847211</cbc:ID></cac:PartyIdentification><cac:PartyIdentification><cbc:ID schemeID="MERSISNO">0484084721100010</cbc:ID></cac:PartyIdentification><cac:PartyIdentification><cbc:ID schemeID="TICARETSICILNO">873195</cbc:ID></cac:PartyIdentification><cac:PartyName><cbc:Name>ƒ∞Zƒ∞Bƒ∞Z Bƒ∞Lƒ∞≈ûƒ∞M TEKNOLOJƒ∞LERƒ∞ ANONƒ∞M ≈ûƒ∞RKETƒ∞</cbc:Name></cac:PartyName><cac:PostalAddress><cbc:StreetName>Yƒ±ldƒ±z Teknik √úniversitesi Teknoloji Geli≈ütirme B√∂lgesi D2 Blok Z07</cbc:StreetName><cbc:BuildingName/><cbc:BuildingNumber>C-1 Blok</cbc:BuildingNumber><cbc:CitySubdivisionName>MALTEPE</cbc:CitySubdivisionName><cbc:CityName>ISTANBUL</cbc:CityName><cbc:PostalZone>34220</cbc:PostalZone><cbc:Region>MALTEPE</cbc:Region><cac:Country><cbc:Name>TR</cbc:Name></cac:Country></cac:PostalAddress><cac:PartyTaxScheme><cac:TaxScheme><cbc:Name>K√ú√á√úKYALI</cbc:Name></cac:TaxScheme></cac:PartyTaxScheme><cac:Contact><cbc:Telephone>(850) 811 11 99</cbc:Telephone><cbc:Telefax/><cbc:ElectronicMail>operasyon@izibiz.com.tr</cbc:ElectronicMail></cac:Contact></cac:Party></cac:AccountingSupplierParty><cac:AccountingCustomerParty><cac:Party><cac:PartyIdentification><cbc:ID schemeID="TCKN">48408472118</cbc:ID></cac:PartyIdentification><cac:PostalAddress><cbc:StreetName>ADRES BA≈ûLIƒûI</cbc:StreetName><cbc:BuildingName/><cbc:BuildingNumber/><cbc:CitySubdivisionName>ESENLER</cbc:CitySubdivisionName><cbc:CityName>ƒ∞STANBUL</cbc:CityName><cbc:PostalZone/><cbc:Region/><cac:Country><cbc:Name>T√úRKƒ∞YE</cbc:Name></cac:Country></cac:PostalAddress><cac:PartyTaxScheme><cac:TaxScheme><cbc:Name>ESENLER</cbc:Name></cac:TaxScheme></cac:PartyTaxScheme><cac:Contact><cbc:Telephone/><cbc:Telefax/><cbc:ElectronicMail/></cac:Contact><cac:Person><cbc:FirstName>DENEME</cbc:FirstName><cbc:FamilyName>DENEME</cbc:FamilyName></cac:Person></cac:Party></cac:AccountingCustomerParty><cac:AllowanceCharge><cbc:ChargeIndicator>false</cbc:ChargeIndicator><cbc:AllowanceChargeReason>ƒ∞skonto</cbc:AllowanceChargeReason><cbc:MultiplierFactorNumeric>5</cbc:MultiplierFactorNumeric><cbc:SequenceNumeric>1</cbc:SequenceNumeric><cbc:Amount currencyID="TRY">8.53</cbc:Amount><cbc:BaseAmount currencyID="TRY">170.5000000000</cbc:BaseAmount></cac:AllowanceCharge><cac:AllowanceCharge><cbc:ChargeIndicator>false</cbc:ChargeIndicator><cbc:AllowanceChargeReason>ƒ∞skonto</cbc:AllowanceChargeReason><cbc:MultiplierFactorNumeric>10</cbc:MultiplierFactorNumeric><cbc:SequenceNumeric>2</cbc:SequenceNumeric><cbc:Amount currencyID="TRY">17.05</cbc:Amount><cbc:BaseAmount currencyID="TRY">161.9700000000</cbc:BaseAmount></cac:AllowanceCharge><cac:AllowanceCharge><cbc:ChargeIndicator>false</cbc:ChargeIndicator><cbc:AllowanceChargeReason>ƒ∞skonto</cbc:AllowanceChargeReason><cbc:SequenceNumeric>3</cbc:SequenceNumeric><cbc:Amount currencyID="TRY">15</cbc:Amount><cbc:BaseAmount currencyID="TRY">144.9200000000</cbc:BaseAmount></cac:AllowanceCharge><cac:AllowanceCharge><cbc:ChargeIndicator>false</cbc:ChargeIndicator><cbc:AllowanceChargeReason>Nakit ƒ∞skontosu</cbc:AllowanceChargeReason><cbc:MultiplierFactorNumeric>11</cbc:MultiplierFactorNumeric><cbc:SequenceNumeric>4</cbc:SequenceNumeric><cbc:Amount currencyID="TRY">18.76</cbc:Amount><cbc:BaseAmount currencyID="TRY">129.9200000000</cbc:BaseAmount></cac:AllowanceCharge><cac:AllowanceCharge><cbc:ChargeIndicator>false</cbc:ChargeIndicator><cbc:AllowanceChargeReason>Satƒ±r ƒ∞skonto</cbc:AllowanceChargeReason><cbc:Amount currencyID="TRY">29.5000000000</cbc:Amount></cac:AllowanceCharge><cac:TaxTotal><cbc:TaxAmount currencyID="TRY">20.41</cbc:TaxAmount><cac:TaxSubtotal><cbc:TaxableAmount currencyID="TRY">113.37</cbc:TaxableAmount><cbc:TaxAmount currencyID="TRY">20.41</cbc:TaxAmount><cbc:CalculationSequenceNumeric>1</cbc:CalculationSequenceNumeric><cbc:Percent>18</cbc:Percent><cac:TaxCategory><cac:TaxScheme><cbc:Name>KDV</cbc:Name><cbc:TaxTypeCode>0015</cbc:TaxTypeCode></cac:TaxScheme></cac:TaxCategory></cac:TaxSubtotal></cac:TaxTotal><cac:LegalMonetaryTotal><cbc:LineExtensionAmount currencyID="TRY">200.00</cbc:LineExtensionAmount><cbc:TaxExclusiveAmount currencyID="TRY">111.16</cbc:TaxExclusiveAmount><cbc:TaxInclusiveAmount currencyID="TRY">131.57</cbc:TaxInclusiveAmount><cbc:AllowanceTotalAmount currencyID="TRY">88.84</cbc:AllowanceTotalAmount><cbc:ChargeTotalAmount currencyID="TRY">0.00</cbc:ChargeTotalAmount><cbc:PayableAmount currencyID="TRY">131.57</cbc:PayableAmount></cac:LegalMonetaryTotal><cac:InvoiceLine><cbc:ID>1</cbc:ID><cbc:Note/><cbc:InvoicedQuantity unitCode="C62">1</cbc:InvoicedQuantity><cbc:LineExtensionAmount currencyID="TRY">85.5000000000</cbc:LineExtensionAmount><cac:AllowanceCharge><cbc:ChargeIndicator>false</cbc:ChargeIndicator><cbc:AllowanceChargeReason>ƒ∞ndirim 1</cbc:AllowanceChargeReason><cbc:MultiplierFactorNumeric>0.05000</cbc:MultiplierFactorNumeric><cbc:Amount currencyID="TRY">5.00000</cbc:Amount><cbc:BaseAmount currencyID="TRY">95.00000</cbc:BaseAmount></cac:AllowanceCharge><cac:AllowanceCharge><cbc:ChargeIndicator>false</cbc:ChargeIndicator><cbc:AllowanceChargeReason>ƒ∞ndirim 2</cbc:AllowanceChargeReason><cbc:MultiplierFactorNumeric>0.10000</cbc:MultiplierFactorNumeric><cbc:Amount currencyID="TRY">9.5000000000</cbc:Amount><cbc:BaseAmount currencyID="TRY">85.5000000000</cbc:BaseAmount></cac:AllowanceCharge><cac:TaxTotal><cbc:TaxAmount currencyID="TRY">15.390000000000000</cbc:TaxAmount><cac:TaxSubtotal><cbc:TaxableAmount currencyID="TRY">85.5000000000</cbc:TaxableAmount><cbc:TaxAmount currencyID="TRY">15.390000000000000</cbc:TaxAmount><cbc:CalculationSequenceNumeric>1</cbc:CalculationSequenceNumeric><cbc:Percent>18</cbc:Percent><cac:TaxCategory><cac:TaxScheme><cbc:Name>KDV</cbc:Name><cbc:TaxTypeCode>0015</cbc:TaxTypeCode></cac:TaxScheme></cac:TaxCategory></cac:TaxSubtotal></cac:TaxTotal><cac:Item><cbc:Name>√ºr√ºn1</cbc:Name><cac:SellersItemIdentification><cbc:ID>kd1</cbc:ID></cac:SellersItemIdentification></cac:Item><cac:Price><cbc:PriceAmount currencyID="TRY">100</cbc:PriceAmount></cac:Price></cac:InvoiceLine><cac:InvoiceLine><cbc:ID>2</cbc:ID><cbc:Note/><cbc:InvoicedQuantity unitCode="C62">1</cbc:InvoicedQuantity><cbc:LineExtensionAmount currencyID="TRY">85</cbc:LineExtensionAmount><cac:AllowanceCharge><cbc:ChargeIndicator>false</cbc:ChargeIndicator><cbc:MultiplierFactorNumeric>0.00000</cbc:MultiplierFactorNumeric><cbc:Amount currencyID="TRY">15</cbc:Amount><cbc:BaseAmount currencyID="TRY">100</cbc:BaseAmount></cac:AllowanceCharge><cac:TaxTotal><cbc:TaxAmount currencyID="TRY">15.30000</cbc:TaxAmount><cac:TaxSubtotal><cbc:TaxableAmount currencyID="TRY">85</cbc:TaxableAmount><cbc:TaxAmount currencyID="TRY">15.30000</cbc:TaxAmount><cbc:CalculationSequenceNumeric>1</cbc:CalculationSequenceNumeric><cbc:Percent>18.00</cbc:Percent><cac:TaxCategory><cac:TaxScheme><cbc:Name>KDV</cbc:Name><cbc:TaxTypeCode>0015</cbc:TaxTypeCode></cac:TaxScheme></cac:TaxCategory></cac:TaxSubtotal></cac:TaxTotal><cac:Item><cbc:Name>√ºr√ºn2</cbc:Name><cac:SellersItemIdentification><cbc:ID>kd2</cbc:ID></cac:SellersItemIdentification></cac:Item><cac:Price><cbc:PriceAmount currencyID="TRY">100</cbc:PriceAmount></cac:Price></cac:InvoiceLine></Invoice>